>>>>>>>>>>>>>>>>>>>>>>>>>>>>>>>>>>>>>>>>>>>>>>>>>>>>>>>>>>>>>>>>>>>>>>>>>>>>>>
>>>> Toolkit for HEP Event Generation - ThePEG 2.0.2 <<<<<<<<<<<<<<<<<<<<<<<<<
<<<<<<<<<<<<<<<<<<<<<<<<<<<<<<<<<<<<<<<<<<<<<<<<<<<<<<<<<<<<<<<<<<<<<<<<<<<<<<

>> Herwig 7.0.2 / ThePEG 2.0.2

/Herwig/Cuts/Cuts:
MHat  = 0 .. 7000 GeV
Scale = 2 .. 1e+12 GeV2
YHat  = -100 .. 100
X1    = 1e-05 .. 1
X2    = 1e-05 .. 1

IdentifiedParticleCut 'PhotonCut' matching 'Photon' within:
pt  = 0 .. 1e+06 GeV
IdentifiedParticleCut 'LeptonCut' matching 'Lepton' within:
pt  = 0 .. 1e+06 GeV
IdentifiedParticleCut 'TopQuarkCut' matching 'Top' within:
pt  = 0 .. 1e+06 GeV
IdentifiedParticleCut 'WBosonCut' matching 'WBoson' within:
pt  = 0 .. 1e+06 GeV
IdentifiedParticleCut 'ZBosonCut' matching 'ZBoson' within:
pt  = 0 .. 1e+06 GeV
IdentifiedParticleCut 'HiggsBosonCut' matching 'HiggsBoson' within:
pt  = 0 .. 1e+06 GeV
IdentifiedParticleCut 'ChargedLeptonCut' matching 'ChargedLepton' within:
pt  = 0 .. 1e+06 GeV
/Herwig/Cuts/LeptonPairMassCut
matching distances between: 'Lepton' and 'Lepton':
M = 0 .. 1e+06 GeV
same flavour only = false 
opposite sign only = false 

/Herwig/Cuts/ChargedLeptonPairMassCut
matching distances between: 'ChargedLepton' and 'ChargedLepton':
M = 0 .. 1e+06 GeV
same flavour only = false 
opposite sign only = false 

/Herwig/Cuts/LeptonDeltaRCut
matching distances between: 'Lepton' and 'Lepton':
DeltaRMin = 0 
DeltaRMax = 100 
DeltaPhiMin = 0 
DeltaPhiMax = 6.28319 
DeltaYMin = 0 
DeltaYMax = 100 

/Herwig/Cuts/ChargedLeptonDeltaRCut
matching distances between: 'ChargedLepton' and 'ChargedLepton':
DeltaRMin = 0 
DeltaRMax = 100 
DeltaPhiMin = 0 
DeltaPhiMax = 6.28319 
DeltaYMin = 0 
DeltaYMax = 100 

/Herwig/Cuts/PhotonIsolationCut matching unresolved particles from 'MatchboxJetMatcher':
DeltaZero = 0 
Exponent n = 1 
Efficiency = 0 
Cut Type = 1 

MissingPtCut 'MissingPtCut' matching 'Neutrino' within:
ptMiss  = 0 .. 1e+06 GeV
******************************************************************************
Event number 1 (id: emubB_LAST) performed by EventHandler
==============================================================================

--- Colliding particles:
  1        p+    2212  (3,16)   
                                 0.000     0.000  3500.000  3500.000     0.938
  2        p+    2212  (4,17)   
                                 0.000     0.000 -3500.000  3500.000     0.938
------------------------------------------------------------------------------
Primary sub-process performed by MEMadGraph[g,g->nu_mubar,e+,bbar,b,nu_e,mu-]
--- incoming:
  3         g      21 [1] (9)   {+1,-2}
                                 0.000     0.000   140.424   140.424     0.000
  4         g      21 [2] (9)   {+2,-3}
                                 0.000     0.000  -258.981   258.981     0.000
--- intermediates:
  5        W+      24 [6] (11,14)   
                              -109.115    46.882   -77.921   162.684    79.313
  6         t       6 [9] (5,13)   {+1}
                               -73.213    37.057   -67.327   201.612   171.410
  7        W-     -24 [8] (10,15)   
                                80.939    33.638   -37.975   125.330    81.135
  8      tbar      -6 [9] (7,12)   {-3}
                                73.213   -37.057   -51.230   197.792   172.522
  9         g      21 [3,4] (6,8)   {+1,-3}
                                 0.000    -0.000  -118.557   399.404   381.403
--- outgoing:
 10  nu_mubar     -14 [7]    
                                22.851   -19.178    12.120    32.200    -0.000
 11        e+     -11 [5]    
                               -16.479     4.023    16.482    23.651     0.001
 12      bbar      -5 [8]   17> {-3}
                                -7.726   -70.695   -13.255    72.462     4.200
 13         b       5 [6]   >16 {+1}
                                35.902    -9.826    10.594    38.928     4.200
 14      nu_e      12 [5]    
                               -92.636    42.859   -94.403   139.033     0.000
 15       mu-      13 [7]    
                                58.088    52.816   -50.095    93.130     0.106
------------------------------------------------------------------------------
Step 1
--- intermediates:
  3         g      21 [1] (9)   {+1,-2}
                                 0.000     0.000   140.424   140.424     0.000
  4         g      21 [2] (9)   {+2,-3}
                                 0.000     0.000  -258.981   258.981     0.000
  5        W+      24 [6] (11,14)   
                              -109.115    46.882   -77.921   162.684    79.313
  6         t       6 [9] (5,13)   {+1}
                               -73.213    37.057   -67.327   201.612   171.410
  7        W-     -24 [8] (10,15)   
                                80.939    33.638   -37.975   125.330    81.135
  8      tbar      -6 [9] (7,12)   {-3}
                                73.213   -37.057   -51.230   197.792   172.522
  9         g      21 [3,4] (6,8)   {+1,-3}
                                 0.000    -0.000  -118.557   399.404   381.403
--- final:
 10  nu_mubar     -14 [7]    
                                22.851   -19.178    12.120    32.200    -0.000
 11        e+     -11 [5]    
                               -16.479     4.023    16.482    23.651     0.001
 12      bbar      -5 [8]   17> {-3}
                                -7.726   -70.695   -13.255    72.462     4.200
 13         b       5 [6]   >16 {+1}
                                35.902    -9.826    10.594    38.928     4.200
 14      nu_e      12 [5]    
                               -92.636    42.859   -94.403   139.033     0.000
 15       mu-      13 [7]    
                                58.088    52.816   -50.095    93.130     0.106
 16    Rem:p+      82 [1]   13>>17 {+2,-1}
                                 0.000     0.000  3359.576  3359.576     0.919
 17    Rem:p+      82 [2]   16>>12 {+3,-2}
                                -0.000     0.000 -3241.019  3241.019     0.903
------------------------------------------------------------------------------
     Sum of momenta:                 0         0         0     7e+03     7e+03
******************************************************************************
Event number 2 (id: emubB_LAST) performed by EventHandler
==============================================================================

--- Colliding particles:
  1        p+    2212  (3,16)   
                                 0.000     0.000  3500.000  3500.000     0.938
  2        p+    2212  (4,17)   
                                 0.000     0.000 -3500.000  3500.000     0.938
------------------------------------------------------------------------------
Primary sub-process performed by MEMadGraph[g,g->nu_mubar,e+,bbar,b,nu_e,mu-]
--- incoming:
  3         g      21 [1] (5,7)   {+1,-2}
                                 0.000     0.000    84.988    84.988     0.000
  4         g      21 [2] (9)   {+2,-3}
                                 0.000     0.000  -838.503   838.503     0.000
--- intermediates:
  5      tbar      -6 [3] (9)   {-2}
                              -196.786   -55.694   495.190  -404.318  -351.519
  6        W+      24 [7] (11,14)   
                               149.236   -14.189  -198.727   261.526    80.194
  7         t       6 [3] (6,13)   {+1}
                               196.786    55.694  -410.202   489.307   171.258
  8        W-     -24 [9] (10,15)   
                               -31.191   -21.991  -171.456   193.124    80.271
  9      tbar      -6 [4,5] (8,12)   {-3}
                              -196.786   -55.694  -343.313   434.184   169.781
--- outgoing:
 10  nu_mubar     -14 [8]    
                               -55.565   -24.598   -94.434   112.296     0.000
 11        e+     -11 [6]    
                               142.292   -12.317  -132.214   194.626     0.001
 12      bbar      -5 [9]   17> {-3}
                              -165.594   -33.703  -171.857   241.060     4.200
 13         b       5 [7]   >16 {+1}
                                47.550    69.883  -211.475   227.780     4.200
 14      nu_e      12 [6]    
                                 6.944    -1.872   -66.513    66.901     0.000
 15       mu-      13 [8]    
                                24.374     2.607   -77.021    80.828     0.106
------------------------------------------------------------------------------
Step 1
--- intermediates:
  3         g      21 [1] (5,7)   {+1,-2}
                                 0.000     0.000    84.988    84.988     0.000
  4         g      21 [2] (9)   {+2,-3}
                                 0.000     0.000  -838.503   838.503     0.000
  5      tbar      -6 [3] (9)   {-2}
                              -196.786   -55.694   495.190  -404.318  -351.519
  6        W+      24 [7] (11,14)   
                               149.236   -14.189  -198.727   261.526    80.194
  7         t       6 [3] (6,13)   {+1}
                               196.786    55.694  -410.202   489.307   171.258
  8        W-     -24 [9] (10,15)   
                               -31.191   -21.991  -171.456   193.124    80.271
  9      tbar      -6 [4,5] (8,12)   {-3}
                              -196.786   -55.694  -343.313   434.184   169.781
--- final:
 10  nu_mubar     -14 [8]    
                               -55.565   -24.598   -94.434   112.296     0.000
 11        e+     -11 [6]    
                               142.292   -12.317  -132.214   194.626     0.001
 12      bbar      -5 [9]   17> {-3}
                              -165.594   -33.703  -171.857   241.060     4.200
 13         b       5 [7]   >16 {+1}
                                47.550    69.883  -211.475   227.780     4.200
 14      nu_e      12 [6]    
                                 6.944    -1.872   -66.513    66.901     0.000
 15       mu-      13 [8]    
                                24.374     2.607   -77.021    80.828     0.106
 16    Rem:p+      82 [1]   13>>17 {+2,-1}
                                 0.000     0.000  3415.012  3415.012     0.927
 17    Rem:p+      82 [2]   16>>12 {+3,-2}
                                -0.000     0.000 -2661.497  2661.497     0.818
------------------------------------------------------------------------------
     Sum of momenta:                 0         0         0     7e+03     7e+03
******************************************************************************
Event number 3 (id: emubB_LAST) performed by EventHandler
==============================================================================

--- Colliding particles:
  1        p+    2212  (3,16)   
                                 0.000     0.000  3500.000  3500.000     0.938
  2        p+    2212  (4,17)   
                                 0.000     0.000 -3500.000  3500.000     0.938
------------------------------------------------------------------------------
Primary sub-process performed by MEMadGraph[d,dbar->nu_mubar,e+,bbar,b,nu_e,mu-]
--- incoming:
  3         d       1 [1] (9)   {+1}
                                -0.000     0.000   712.936   712.936     0.000
  4      dbar      -1 [2] (9)   {-2}
                                 0.000    -0.000   -37.390    37.390     0.000
--- intermediates:
  5        W+      24 [6] (11,14)   
                                19.732   -34.762   108.919   139.752    77.906
  6         t       6 [9] (5,13)   {+1}
                               -10.757   -23.928   343.412   376.503   152.101
  7        W-     -24 [8] (10,15)   
                               -39.968    52.856   265.192   284.892    80.283
  8      tbar      -6 [9] (7,12)   {-2}
                                10.757    23.928   332.134   373.823   169.536
  9         g      21 [3,4] (6,8)   {+1,-2}
                                -0.000     0.000   675.546   750.326   326.538
--- outgoing:
 10  nu_mubar     -14 [7]    
                               -22.917    29.388   248.794   251.570    -0.000
 11        e+     -11 [5]    
                                20.878   -55.543   101.661   117.710     0.001
 12      bbar      -5 [8]   17> {-2}
                                50.725   -28.928    66.942    88.931     4.200
 13         b       5 [6]   >16 {+1}
                               -30.489    10.834   234.492   236.751     4.200
 14      nu_e      12 [5]    
                                -1.146    20.780     7.259    22.041    -0.000
 15       mu-      13 [7]    
                               -17.051    23.467    16.398    33.322     0.106
------------------------------------------------------------------------------
Step 1
--- intermediates:
  3         d       1 [1] (9)   {+1}
                                -0.000     0.000   712.936   712.936     0.000
  4      dbar      -1 [2] (9)   {-2}
                                 0.000    -0.000   -37.390    37.390     0.000
  5        W+      24 [6] (11,14)   
                                19.732   -34.762   108.919   139.752    77.906
  6         t       6 [9] (5,13)   {+1}
                               -10.757   -23.928   343.412   376.503   152.101
  7        W-     -24 [8] (10,15)   
                               -39.968    52.856   265.192   284.892    80.283
  8      tbar      -6 [9] (7,12)   {-2}
                                10.757    23.928   332.134   373.823   169.536
  9         g      21 [3,4] (6,8)   {+1,-2}
                                -0.000     0.000   675.546   750.326   326.538
--- final:
 10  nu_mubar     -14 [7]    
                               -22.917    29.388   248.794   251.570    -0.000
 11        e+     -11 [5]    
                                20.878   -55.543   101.661   117.710     0.001
 12      bbar      -5 [8]   17> {-2}
                                50.725   -28.928    66.942    88.931     4.200
 13         b       5 [6]   >16 {+1}
                               -30.489    10.834   234.492   236.751     4.200
 14      nu_e      12 [5]    
                                -1.146    20.780     7.259    22.041    -0.000
 15       mu-      13 [7]    
                               -17.051    23.467    16.398    33.322     0.106
 16    Rem:p+      82 [1]   13> {-1}
                                 0.000     0.000  2787.064  2787.064     0.837
 17    Rem:p+      82 [2]   >12 {+2}
                                -0.000     0.000 -3462.610  3462.610     0.933
------------------------------------------------------------------------------
     Sum of momenta:                 0         0         0     7e+03     7e+03
******************************************************************************
Event number 4 (id: emubB_LAST) performed by EventHandler
==============================================================================

--- Colliding particles:
  1        p+    2212  (3,16)   
                                 0.000     0.000  3500.000  3500.000     0.938
  2        p+    2212  (4,17)   
                                 0.000     0.000 -3500.000  3500.000     0.938
------------------------------------------------------------------------------
Primary sub-process performed by MEMadGraph[g,g->nu_mubar,e+,bbar,b,nu_e,mu-]
--- incoming:
  3         g      21 [1] (5,7)   {+1,-2}
                                 0.000     0.000   169.839   169.839     0.000
  4         g      21 [2] (9)   {+2,-3}
                                 0.000    -0.000  -288.064   288.064     0.000
--- intermediates:
  5      tbar      -6 [3] (9)   {-2}
                              -139.965    -4.373   225.614   -59.734  -258.733
  6        W+      24 [7] (11,14)   
                               170.926    -3.562   -36.414   191.969    79.357
  7         t       6 [3] (6,13)   {+1}
                               139.965     4.373   -55.775   229.573   173.157
  8        W-     -24 [9] (10,15)   
                               -21.530     1.050    17.273    85.398    80.807
  9      tbar      -6 [4,5] (8,12)   {-3}
                              -139.965    -4.373   -62.451   228.331   169.191
--- outgoing:
 10  nu_mubar     -14 [8]    
                               -30.451   -23.899    36.071    52.910     0.000
 11        e+     -11 [6]    
                               122.474     6.303   -60.750   136.858     0.001
 12      bbar      -5 [9]   17> {-3}
                              -118.435    -5.423   -79.724   142.933     4.200
 13         b       5 [7]   >16 {+1}
                               -30.961     7.935   -19.361    37.604     4.200
 14      nu_e      12 [6]    
                                48.453    -9.864    24.336    55.111    -0.000
 15       mu-      13 [8]    
                                 8.921    24.949   -18.798    32.487     0.106
------------------------------------------------------------------------------
Step 1
--- intermediates:
  3         g      21 [1] (5,7)   {+1,-2}
                                 0.000     0.000   169.839   169.839     0.000
  4         g      21 [2] (9)   {+2,-3}
                                 0.000    -0.000  -288.064   288.064     0.000
  5      tbar      -6 [3] (9)   {-2}
                              -139.965    -4.373   225.614   -59.734  -258.733
  6        W+      24 [7] (11,14)   
                               170.926    -3.562   -36.414   191.969    79.357
  7         t       6 [3] (6,13)   {+1}
                               139.965     4.373   -55.775   229.573   173.157
  8        W-     -24 [9] (10,15)   
                               -21.530     1.050    17.273    85.398    80.807
  9      tbar      -6 [4,5] (8,12)   {-3}
                              -139.965    -4.373   -62.451   228.331   169.191
--- final:
 10  nu_mubar     -14 [8]    
                               -30.451   -23.899    36.071    52.910     0.000
 11        e+     -11 [6]    
                               122.474     6.303   -60.750   136.858     0.001
 12      bbar      -5 [9]   17> {-3}
                              -118.435    -5.423   -79.724   142.933     4.200
 13         b       5 [7]   >16 {+1}
                               -30.961     7.935   -19.361    37.604     4.200
 14      nu_e      12 [6]    
                                48.453    -9.864    24.336    55.111    -0.000
 15       mu-      13 [8]    
                                 8.921    24.949   -18.798    32.487     0.106
 16    Rem:p+      82 [1]   13>>17 {+2,-1}
                                 0.000     0.000  3330.161  3330.161     0.915
 17    Rem:p+      82 [2]   16>>12 {+3,-2}
                                -0.000     0.000 -3211.935  3211.936     0.899
------------------------------------------------------------------------------
     Sum of momenta:                 0         0         0     7e+03     7e+03
******************************************************************************
Event number 5 (id: emubB_LAST) performed by EventHandler
==============================================================================

--- Colliding particles:
  1        p+    2212  (3,16)   
                                 0.000     0.000  3500.000  3500.000     0.938
  2        p+    2212  (4,17)   
                                 0.000     0.000 -3500.000  3500.000     0.938
------------------------------------------------------------------------------
Primary sub-process performed by MEMadGraph[g,g->nu_mubar,e+,bbar,b,nu_e,mu-]
--- incoming:
  3         g      21 [1] (5,7)   {+1,-2}
                                -0.000     0.000   204.118   204.118     0.000
  4         g      21 [2] (9)   {+2,-3}
                                 0.000    -0.000  -230.258   230.258     0.000
--- intermediates:
  5      tbar      -6 [3] (9)   {-2}
                                40.485   -58.368   107.347    -6.508  -128.557
  6        W+      24 [7] (11,14)   
                                37.520    32.086    87.270   127.661    79.020
  7         t       6 [3] (6,13)   {+1}
                               -40.485    58.368    96.771   210.627   173.070
  8        W-     -24 [9] (10,15)   
                                45.577    31.696   -72.307   120.233    78.395
  9      tbar      -6 [4,5] (8,12)   {-3}
                                40.485   -58.368  -122.911   223.750   172.948
--- outgoing:
 10  nu_mubar     -14 [8]    
                                24.621   -15.912     2.163    29.395    -0.000
 11        e+     -11 [6]    
                                15.293   -16.990    -2.470    22.992     0.001
 12      bbar      -5 [9]   17> {-3}
                                -5.092   -90.063   -50.604   103.517     4.200
 13         b       5 [7]   >16 {+1}
                               -78.004    26.281     9.501    82.966     4.200
 14      nu_e      12 [6]    
                                22.226    49.076    89.740   104.669     0.000
 15       mu-      13 [8]    
                                20.955    47.608   -74.470    90.838     0.106
------------------------------------------------------------------------------
Step 1
--- intermediates:
  3         g      21 [1] (5,7)   {+1,-2}
                                -0.000     0.000   204.118   204.118     0.000
  4         g      21 [2] (9)   {+2,-3}
                                 0.000    -0.000  -230.258   230.258     0.000
  5      tbar      -6 [3] (9)   {-2}
                                40.485   -58.368   107.347    -6.508  -128.557
  6        W+      24 [7] (11,14)   
                                37.520    32.086    87.270   127.661    79.020
  7         t       6 [3] (6,13)   {+1}
                               -40.485    58.368    96.771   210.627   173.070
  8        W-     -24 [9] (10,15)   
                                45.577    31.696   -72.307   120.233    78.395
  9      tbar      -6 [4,5] (8,12)   {-3}
                                40.485   -58.368  -122.911   223.750   172.948
--- final:
 10  nu_mubar     -14 [8]    
                                24.621   -15.912     2.163    29.395    -0.000
 11        e+     -11 [6]    
                                15.293   -16.990    -2.470    22.992     0.001
 12      bbar      -5 [9]   17> {-3}
                                -5.092   -90.063   -50.604   103.517     4.200
 13         b       5 [7]   >16 {+1}
                               -78.004    26.281     9.501    82.966     4.200
 14      nu_e      12 [6]    
                                22.226    49.076    89.740   104.669     0.000
 15       mu-      13 [8]    
                                20.955    47.608   -74.470    90.838     0.106
 16    Rem:p+      82 [1]   13>>17 {+2,-1}
                                 0.000     0.000  3295.882  3295.882     0.911
 17    Rem:p+      82 [2]   16>>12 {+3,-2}
                                -0.000     0.000 -3269.741  3269.742     0.907
------------------------------------------------------------------------------
     Sum of momenta:                 0         0         0     7e+03     7e+03
******************************************************************************
Event number 6 (id: emubB_LAST) performed by EventHandler
==============================================================================

--- Colliding particles:
  1        p+    2212  (3,16)   
                                 0.000     0.000  3500.000  3500.000     0.938
  2        p+    2212  (4,17)   
                                 0.000     0.000 -3500.000  3500.000     0.938
------------------------------------------------------------------------------
Primary sub-process performed by MEMadGraph[dbar,d->nu_mubar,e+,bbar,b,nu_e,mu-]
--- incoming:
  3      dbar      -1 [1] (9)   {-1}
                                 0.000     0.000   596.078   596.078     0.000
  4         d       1 [2] (9)   {+2}
                                 0.000     0.000 -1398.054  1398.054     0.000
--- intermediates:
  5        W+      24 [6] (11,14)   
                               372.021  -534.023   172.502   677.841    78.305
  6         t       6 [9] (5,13)   {+2}
                               366.107  -598.377   208.535   751.953   172.790
  7        W-     -24 [8] (10,15)   
                              -127.412   196.577  -267.973   364.797    79.943
  8      tbar      -6 [9] (7,12)   {-1}
                              -366.107   598.377 -1010.512  1242.179   172.586
  9         g      21 [3,4] (6,8)   {+2,-1}
                                 0.000    -0.000  -801.977  1994.132  1825.759
--- outgoing:
 10  nu_mubar     -14 [7]    
                              -109.726   142.260  -151.267   234.861     0.000
 11        e+     -11 [5]    
                                80.681   -66.050    28.309   108.043     0.001
 12      bbar      -5 [8]   16> {-1}
                              -238.695   401.801  -742.538   877.382     4.200
 13         b       5 [6]   >17 {+2}
                                -5.914   -64.355    36.033    74.111     4.200
 14      nu_e      12 [5]    
                               291.341  -467.973   144.193   569.798     0.000
 15       mu-      13 [7]    
                               -17.686    54.316  -116.706   129.936     0.106
------------------------------------------------------------------------------
Step 1
--- intermediates:
  3      dbar      -1 [1] (9)   {-1}
                                 0.000     0.000   596.078   596.078     0.000
  4         d       1 [2] (9)   {+2}
                                 0.000     0.000 -1398.054  1398.054     0.000
  5        W+      24 [6] (11,14)   
                               372.021  -534.023   172.502   677.841    78.305
  6         t       6 [9] (5,13)   {+2}
                               366.107  -598.377   208.535   751.953   172.790
  7        W-     -24 [8] (10,15)   
                              -127.412   196.577  -267.973   364.797    79.943
  8      tbar      -6 [9] (7,12)   {-1}
                              -366.107   598.377 -1010.512  1242.179   172.586
  9         g      21 [3,4] (6,8)   {+2,-1}
                                 0.000    -0.000  -801.977  1994.132  1825.759
--- final:
 10  nu_mubar     -14 [7]    
                              -109.726   142.260  -151.267   234.861     0.000
 11        e+     -11 [5]    
                                80.681   -66.050    28.309   108.043     0.001
 12      bbar      -5 [8]   16> {-1}
                              -238.695   401.801  -742.538   877.382     4.200
 13         b       5 [6]   >17 {+2}
                                -5.914   -64.355    36.033    74.111     4.200
 14      nu_e      12 [5]    
                               291.341  -467.973   144.193   569.798     0.000
 15       mu-      13 [7]    
                               -17.686    54.316  -116.706   129.936     0.106
 16    Rem:p+      82 [1]   >12 {+1}
                                 0.000     0.000  2903.922  2903.922     0.855
 17    Rem:p+      82 [2]   13> {-2}
                                -0.000     0.000 -2101.946  2101.946     0.727
------------------------------------------------------------------------------
     Sum of momenta:                 0         0         0     7e+03     7e+03
******************************************************************************
Event number 7 (id: emubB_LAST) performed by EventHandler
==============================================================================

--- Colliding particles:
  1        p+    2212  (3,16)   
                                 0.000     0.000  3500.000  3500.000     0.938
  2        p+    2212  (4,17)   
                                 0.000     0.000 -3500.000  3500.000     0.938
------------------------------------------------------------------------------
Primary sub-process performed by MEMadGraph[g,g->nu_mubar,e+,bbar,b,nu_e,mu-]
--- incoming:
  3         g      21 [1] (5,7)   {+1,-2}
                                -0.000     0.000   649.966   649.966     0.000
  4         g      21 [2] (9)   {+2,-3}
                                 0.000     0.000  -139.019   139.019     0.000
--- intermediates:
  5      tbar      -6 [3] (9)   {-2}
                               161.551   133.334   224.730   145.071  -270.803
  6        W+      24 [7] (11,14)   
                               -60.583   -87.499   338.999   364.361    80.698
  7         t       6 [3] (6,13)   {+1}
                              -161.551  -133.334   425.237   504.895   173.828
  8        W-     -24 [9] (10,15)   
                               130.195    18.552    60.215   162.330    73.690
  9      tbar      -6 [4,5] (8,12)   {-3}
                               161.551   133.334    85.711   284.090   171.710
--- outgoing:
 10  nu_mubar     -14 [8]    
                                19.608    28.681    33.170    48.035     0.000
 11        e+     -11 [6]    
                               -57.152   -26.789   240.154   248.310     0.001
 12      bbar      -5 [9]   17> {-3}
                                31.356   114.781    25.496   121.761     4.200
 13         b       5 [7]   >16 {+1}
                              -100.968   -45.835    86.238   140.535     4.200
 14      nu_e      12 [6]    
                                -3.430   -60.709    98.845   116.050    -0.000
 15       mu-      13 [8]    
                               110.586   -10.128    27.044   114.295     0.106
------------------------------------------------------------------------------
Step 1
--- intermediates:
  3         g      21 [1] (5,7)   {+1,-2}
                                -0.000     0.000   649.966   649.966     0.000
  4         g      21 [2] (9)   {+2,-3}
                                 0.000     0.000  -139.019   139.019     0.000
  5      tbar      -6 [3] (9)   {-2}
                               161.551   133.334   224.730   145.071  -270.803
  6        W+      24 [7] (11,14)   
                               -60.583   -87.499   338.999   364.361    80.698
  7         t       6 [3] (6,13)   {+1}
                              -161.551  -133.334   425.237   504.895   173.828
  8        W-     -24 [9] (10,15)   
                               130.195    18.552    60.215   162.330    73.690
  9      tbar      -6 [4,5] (8,12)   {-3}
                               161.551   133.334    85.711   284.090   171.710
--- final:
 10  nu_mubar     -14 [8]    
                                19.608    28.681    33.170    48.035     0.000
 11        e+     -11 [6]    
                               -57.152   -26.789   240.154   248.310     0.001
 12      bbar      -5 [9]   17> {-3}
                                31.356   114.781    25.496   121.761     4.200
 13         b       5 [7]   >16 {+1}
                              -100.968   -45.835    86.238   140.535     4.200
 14      nu_e      12 [6]    
                                -3.430   -60.709    98.845   116.050    -0.000
 15       mu-      13 [8]    
                               110.586   -10.128    27.044   114.295     0.106
 16    Rem:p+      82 [1]   13>>17 {+2,-1}
                                 0.000     0.000  2850.033  2850.034     0.847
 17    Rem:p+      82 [2]   16>>12 {+3,-2}
                                -0.000     0.000 -3360.981  3360.981     0.919
------------------------------------------------------------------------------
     Sum of momenta:                 0         0         0     7e+03     7e+03
******************************************************************************
Event number 8 (id: emubB_LAST) performed by EventHandler
==============================================================================

--- Colliding particles:
  1        p+    2212  (3,16)   
                                 0.000     0.000  3500.000  3500.000     0.938
  2        p+    2212  (4,17)   
                                 0.000     0.000 -3500.000  3500.000     0.938
------------------------------------------------------------------------------
Primary sub-process performed by MEMadGraph[g,g->nu_mubar,e+,bbar,b,nu_e,mu-]
--- incoming:
  3         g      21 [1] (5,7)   {+1,-2}
                                 0.000    -0.000   209.602   209.602     0.000
  4         g      21 [2] (9)   {+2,-3}
                                 0.000    -0.000  -413.543   413.543     0.000
--- intermediates:
  5      tbar      -6 [3] (9)   {-2}
                               153.500  -162.107   401.040  -131.206  -439.840
  6        W+      24 [7] (11,14)   
                              -166.729    87.912  -123.973   239.571    80.609
  7         t       6 [3] (6,13)   {+1}
                              -153.500   162.107  -191.438   340.808   172.223
  8        W-     -24 [9] (10,15)   
                                71.795  -105.773    55.893   161.735    81.802
  9      tbar      -6 [4,5] (8,12)   {-3}
                               153.500  -162.107   -12.503   282.337   172.386
--- outgoing:
 10  nu_mubar     -14 [8]    
                                72.688   -38.781    44.943    93.848    -0.000
 11        e+     -11 [6]    
                              -156.697    92.432  -132.983   225.349     0.001
 12      bbar      -5 [9]   17> {-3}
                                81.705   -56.334   -68.397   120.603     4.200
 13         b       5 [7]   >16 {+1}
                                13.229    74.195   -67.465   101.237     4.200
 14      nu_e      12 [6]    
                               -10.032    -4.520     9.010    14.222    -0.000
 15       mu-      13 [8]    
                                -0.893   -66.992    10.951    67.887     0.106
------------------------------------------------------------------------------
Step 1
--- intermediates:
  3         g      21 [1] (5,7)   {+1,-2}
                                 0.000    -0.000   209.602   209.602     0.000
  4         g      21 [2] (9)   {+2,-3}
                                 0.000    -0.000  -413.543   413.543     0.000
  5      tbar      -6 [3] (9)   {-2}
                               153.500  -162.107   401.040  -131.206  -439.840
  6        W+      24 [7] (11,14)   
                              -166.729    87.912  -123.973   239.571    80.609
  7         t       6 [3] (6,13)   {+1}
                              -153.500   162.107  -191.438   340.808   172.223
  8        W-     -24 [9] (10,15)   
                                71.795  -105.773    55.893   161.735    81.802
  9      tbar      -6 [4,5] (8,12)   {-3}
                               153.500  -162.107   -12.503   282.337   172.386
--- final:
 10  nu_mubar     -14 [8]    
                                72.688   -38.781    44.943    93.848    -0.000
 11        e+     -11 [6]    
                              -156.697    92.432  -132.983   225.349     0.001
 12      bbar      -5 [9]   17> {-3}
                                81.705   -56.334   -68.397   120.603     4.200
 13         b       5 [7]   >16 {+1}
                                13.229    74.195   -67.465   101.237     4.200
 14      nu_e      12 [6]    
                               -10.032    -4.520     9.010    14.222    -0.000
 15       mu-      13 [8]    
                                -0.893   -66.992    10.951    67.887     0.106
 16    Rem:p+      82 [1]   13>>17 {+2,-1}
                                 0.000     0.000  3290.398  3290.398     0.910
 17    Rem:p+      82 [2]   16>>12 {+3,-2}
                                -0.000     0.000 -3086.457  3086.457     0.881
------------------------------------------------------------------------------
     Sum of momenta:                 0         0         0     7e+03     7e+03
******************************************************************************
Event number 9 (id: emubB_LAST) performed by EventHandler
==============================================================================

--- Colliding particles:
  1        p+    2212  (3,16)   
                                 0.000     0.000  3500.000  3500.000     0.938
  2        p+    2212  (4,17)   
                                 0.000     0.000 -3500.000  3500.000     0.938
------------------------------------------------------------------------------
Primary sub-process performed by MEMadGraph[g,g->nu_mubar,e+,bbar,b,nu_e,mu-]
--- incoming:
  3         g      21 [1] (5,7)   {+1,-2}
                                 0.000    -0.000   448.771   448.771     0.000
  4         g      21 [2] (9)   {+2,-3}
                                 0.000     0.000   -66.752    66.752     0.000
--- intermediates:
  5      tbar      -6 [3] (9)   {-2}
                                 8.179    10.349   260.921   192.859  -176.237
  6        W+      24 [7] (11,14)   
                               -70.373   -23.645   127.389   168.060    80.653
  7         t       6 [3] (6,13)   {+1}
                                -8.179   -10.349   187.850   255.913   173.291
  8        W-     -24 [9] (10,15)   
                               -45.413   -35.431    90.641   134.296    80.633
  9      tbar      -6 [4,5] (8,12)   {-3}
                                 8.179    10.349   194.170   259.610   171.818
--- outgoing:
 10  nu_mubar     -14 [8]    
                                 7.039   -45.058    37.977    59.347    -0.000
 11        e+     -11 [6]    
                               -61.743    17.816    95.233   114.886     0.001
 12      bbar      -5 [9]   17> {-3}
                                53.592    45.780   103.528   125.314     4.200
 13         b       5 [7]   >16 {+1}
                                62.194    13.296    60.461    87.852     4.200
 14      nu_e      12 [6]    
                                -8.630   -41.461    32.157    53.174     0.000
 15       mu-      13 [8]    
                               -52.452     9.626    52.664    74.949     0.106
------------------------------------------------------------------------------
Step 1
--- intermediates:
  3         g      21 [1] (5,7)   {+1,-2}
                                 0.000    -0.000   448.771   448.771     0.000
  4         g      21 [2] (9)   {+2,-3}
                                 0.000     0.000   -66.752    66.752     0.000
  5      tbar      -6 [3] (9)   {-2}
                                 8.179    10.349   260.921   192.859  -176.237
  6        W+      24 [7] (11,14)   
                               -70.373   -23.645   127.389   168.060    80.653
  7         t       6 [3] (6,13)   {+1}
                                -8.179   -10.349   187.850   255.913   173.291
  8        W-     -24 [9] (10,15)   
                               -45.413   -35.431    90.641   134.296    80.633
  9      tbar      -6 [4,5] (8,12)   {-3}
                                 8.179    10.349   194.170   259.610   171.818
--- final:
 10  nu_mubar     -14 [8]    
                                 7.039   -45.058    37.977    59.347    -0.000
 11        e+     -11 [6]    
                               -61.743    17.816    95.233   114.886     0.001
 12      bbar      -5 [9]   17> {-3}
                                53.592    45.780   103.528   125.314     4.200
 13         b       5 [7]   >16 {+1}
                                62.194    13.296    60.461    87.852     4.200
 14      nu_e      12 [6]    
                                -8.630   -41.461    32.157    53.174     0.000
 15       mu-      13 [8]    
                               -52.452     9.626    52.664    74.949     0.106
 16    Rem:p+      82 [1]   13>>17 {+2,-1}
                                 0.000     0.000  3051.229  3051.229     0.876
 17    Rem:p+      82 [2]   16>>12 {+3,-2}
                                -0.000     0.000 -3433.248  3433.248     0.929
------------------------------------------------------------------------------
     Sum of momenta:                 0         0         0     7e+03     7e+03
final integrated cross section is ( 0.00205322 +/- 3.85363e-05 ) nb
No exceptions reported in this run.
