>>>>>>>>>>>>>>>>>>>>>>>>>>>>>>>>>>>>>>>>>>>>>>>>>>>>>>>>>>>>>>>>>>>>>>>>>>>>>>
>>>> Toolkit for HEP Event Generation - ThePEG 2.0.2 <<<<<<<<<<<<<<<<<<<<<<<<<
<<<<<<<<<<<<<<<<<<<<<<<<<<<<<<<<<<<<<<<<<<<<<<<<<<<<<<<<<<<<<<<<<<<<<<<<<<<<<<

>> Herwig 7.0.2 / ThePEG 2.0.2

/Herwig/Cuts/Cuts:
MHat  = 0 .. 7000 GeV
Scale = 2 .. 1e+12 GeV2
YHat  = -100 .. 100
X1    = 1e-05 .. 1
X2    = 1e-05 .. 1

IdentifiedParticleCut 'PhotonCut' matching 'Photon' within:
pt  = 0 .. 1e+06 GeV
IdentifiedParticleCut 'LeptonCut' matching 'Lepton' within:
pt  = 0 .. 1e+06 GeV
IdentifiedParticleCut 'TopQuarkCut' matching 'Top' within:
pt  = 0 .. 1e+06 GeV
IdentifiedParticleCut 'WBosonCut' matching 'WBoson' within:
pt  = 0 .. 1e+06 GeV
IdentifiedParticleCut 'ZBosonCut' matching 'ZBoson' within:
pt  = 0 .. 1e+06 GeV
IdentifiedParticleCut 'HiggsBosonCut' matching 'HiggsBoson' within:
pt  = 0 .. 1e+06 GeV
IdentifiedParticleCut 'ChargedLeptonCut' matching 'ChargedLepton' within:
pt  = 0 .. 1e+06 GeV
/Herwig/Cuts/LeptonPairMassCut
matching distances between: 'Lepton' and 'Lepton':
M = 0 .. 1e+06 GeV
same flavour only = false 
opposite sign only = false 

/Herwig/Cuts/ChargedLeptonPairMassCut
matching distances between: 'ChargedLepton' and 'ChargedLepton':
M = 0 .. 1e+06 GeV
same flavour only = false 
opposite sign only = false 

/Herwig/Cuts/LeptonDeltaRCut
matching distances between: 'Lepton' and 'Lepton':
DeltaRMin = 0 
DeltaRMax = 100 
DeltaPhiMin = 0 
DeltaPhiMax = 6.28319 
DeltaYMin = 0 
DeltaYMax = 100 

/Herwig/Cuts/ChargedLeptonDeltaRCut
matching distances between: 'ChargedLepton' and 'ChargedLepton':
DeltaRMin = 0 
DeltaRMax = 100 
DeltaPhiMin = 0 
DeltaPhiMax = 6.28319 
DeltaYMin = 0 
DeltaYMax = 100 

/Herwig/Cuts/PhotonIsolationCut matching unresolved particles from 'MatchboxJetMatcher':
DeltaZero = 0 
Exponent n = 1 
Efficiency = 0 
Cut Type = 1 

MissingPtCut 'MissingPtCut' matching 'Neutrino' within:
ptMiss  = 0 .. 1e+06 GeV
******************************************************************************
Event number 1 (id: emubB) performed by EventHandler
==============================================================================

--- Colliding particles:
  1        p+    2212  (3,16)   
                                 0.000     0.000  3500.000  3500.000     0.938
  2        p+    2212  (4,17)   
                                 0.000     0.000 -3500.000  3500.000     0.938
------------------------------------------------------------------------------
Primary sub-process performed by MEMadGraph[g,g->nu_mubar,e+,bbar,b,nu_e,mu-]
--- incoming:
  3         g      21 [1] (6,8)   {+1,-2}
                                 0.000    -0.000   352.059   352.059     0.000
  4         g      21 [2] (12)   {+2,-3}
                                 0.000    -0.000   -42.351    42.351     0.000
--- intermediates:
  5      bbar      -5 [6] (12)   {-2}
                                 0.015    -0.737    46.000   -36.739   -27.692
  6      tbar      -6 [3] (5,9)   {-2}
                                 4.362    -8.660   163.283   106.985  -123.733
  7        W+      24 [8] (11,14)   
                                10.385     7.957   206.391   221.709    79.914
  8         t       6 [3] (7,13)   {+1}
                                -4.362     8.660   188.775   245.074   155.984
  9        W-     -24 [6] (10,15)   
                                 4.347    -7.924   117.283   143.724    82.580
--- outgoing:
 10  nu_mubar     -14 [9]    
                               -28.450   -25.731    88.946    96.865    -0.000
 11        e+     -11 [7]    
                                33.114    32.804   105.276   115.134     0.001
 12      bbar      -5 [4,5]   17> {-3}
                                 0.015    -0.737     3.649     5.612     4.200
 13         b       5 [8]   >16 {+1}
                               -14.747     0.704   -17.616    23.365     4.200
 14      nu_e      12 [7]    
                               -22.729   -24.847   101.115   106.575     0.000
 15       mu-      13 [9]    
                                32.797    17.807    28.337    46.859     0.106
------------------------------------------------------------------------------
Step 1
--- intermediates:
  3         g      21 [1] (6,8)   {+1,-2}
                                 0.000    -0.000   352.059   352.059     0.000
  4         g      21 [2] (12)   {+2,-3}
                                 0.000    -0.000   -42.351    42.351     0.000
  5      bbar      -5 [6] (12)   {-2}
                                 0.015    -0.737    46.000   -36.739   -27.692
  6      tbar      -6 [3] (5,9)   {-2}
                                 4.362    -8.660   163.283   106.985  -123.733
  7        W+      24 [8] (11,14)   
                                10.385     7.957   206.391   221.709    79.914
  8         t       6 [3] (7,13)   {+1}
                                -4.362     8.660   188.775   245.074   155.984
  9        W-     -24 [6] (10,15)   
                                 4.347    -7.924   117.283   143.724    82.580
--- final:
 10  nu_mubar     -14 [9]    
                               -28.450   -25.731    88.946    96.865    -0.000
 11        e+     -11 [7]    
                                33.114    32.804   105.276   115.134     0.001
 12      bbar      -5 [4,5]   17> {-3}
                                 0.015    -0.737     3.649     5.612     4.200
 13         b       5 [8]   >16 {+1}
                               -14.747     0.704   -17.616    23.365     4.200
 14      nu_e      12 [7]    
                               -22.729   -24.847   101.115   106.575     0.000
 15       mu-      13 [9]    
                                32.797    17.807    28.337    46.859     0.106
 16    Rem:p+      82 [1]   13>>17 {+2,-1}
                                 0.000     0.000  3147.941  3147.941     0.890
 17    Rem:p+      82 [2]   16>>12 {+3,-2}
                                -0.000     0.000 -3457.649  3457.649     0.933
------------------------------------------------------------------------------
     Sum of momenta:                 0         0         0     7e+03     7e+03
******************************************************************************
Event number 2 (id: emubB) performed by EventHandler
==============================================================================

--- Colliding particles:
  1        p+    2212  (3,16)   
                                 0.000     0.000  3500.000  3500.000     0.938
  2        p+    2212  (4,17)   
                                 0.000     0.000 -3500.000  3500.000     0.938
------------------------------------------------------------------------------
Primary sub-process performed by MEMadGraph[g,g->nu_mubar,e+,bbar,b,nu_e,mu-]
--- incoming:
  3         g      21 [1] (5,7)   {+1,-2}
                                 0.000    -0.000   230.602   230.602     0.000
  4         g      21 [2] (9)   {+2,-3}
                                 0.000     0.000  -224.948   224.948     0.000
--- intermediates:
  5      tbar      -6 [3] (9)   {-2}
                               -89.429   -16.031   105.673     3.232  -139.323
  6        W+      24 [7] (11,14)   
                               101.564    28.400    37.559   138.199    81.033
  7         t       6 [3] (6,13)   {+1}
                                89.429    16.031   124.929   227.369   166.838
  8        W-     -24 [9] (10,15)   
                               -12.247   -57.663   -30.809   103.544    79.355
  9      tbar      -6 [4,5] (8,12)   {-3}
                               -89.429   -16.031  -119.275   228.180   172.003
--- outgoing:
 10  nu_mubar     -14 [8]    
                               -30.008   -57.399   -46.588    79.785     0.000
 11        e+     -11 [6]    
                                11.676    40.596    13.579    44.371     0.001
 12      bbar      -5 [9]   17> {-3}
                               -77.182    41.632   -88.466   124.636     4.200
 13         b       5 [7]   >16 {+1}
                               -12.135   -12.369    87.370    89.170     4.200
 14      nu_e      12 [6]    
                                89.889   -12.196    23.980    93.828     0.000
 15       mu-      13 [8]    
                                17.761    -0.263    15.779    23.760     0.106
------------------------------------------------------------------------------
Step 1
--- intermediates:
  3         g      21 [1] (5,7)   {+1,-2}
                                 0.000    -0.000   230.602   230.602     0.000
  4         g      21 [2] (9)   {+2,-3}
                                 0.000     0.000  -224.948   224.948     0.000
  5      tbar      -6 [3] (9)   {-2}
                               -89.429   -16.031   105.673     3.232  -139.323
  6        W+      24 [7] (11,14)   
                               101.564    28.400    37.559   138.199    81.033
  7         t       6 [3] (6,13)   {+1}
                                89.429    16.031   124.929   227.369   166.838
  8        W-     -24 [9] (10,15)   
                               -12.247   -57.663   -30.809   103.544    79.355
  9      tbar      -6 [4,5] (8,12)   {-3}
                               -89.429   -16.031  -119.275   228.180   172.003
--- final:
 10  nu_mubar     -14 [8]    
                               -30.008   -57.399   -46.588    79.785     0.000
 11        e+     -11 [6]    
                                11.676    40.596    13.579    44.371     0.001
 12      bbar      -5 [9]   17> {-3}
                               -77.182    41.632   -88.466   124.636     4.200
 13         b       5 [7]   >16 {+1}
                               -12.135   -12.369    87.370    89.170     4.200
 14      nu_e      12 [6]    
                                89.889   -12.196    23.980    93.828     0.000
 15       mu-      13 [8]    
                                17.761    -0.263    15.779    23.760     0.106
 16    Rem:p+      82 [1]   13>>17 {+2,-1}
                                 0.000     0.000  3269.398  3269.398     0.907
 17    Rem:p+      82 [2]   16>>12 {+3,-2}
                                -0.000     0.000 -3275.052  3275.052     0.908
------------------------------------------------------------------------------
     Sum of momenta:                 0         0         0     7e+03     7e+03
******************************************************************************
Event number 3 (id: emubB) performed by EventHandler
==============================================================================

--- Colliding particles:
  1        p+    2212  (3,16)   
                                 0.000     0.000  3500.000  3500.000     0.938
  2        p+    2212  (4,17)   
                                 0.000     0.000 -3500.000  3500.000     0.938
------------------------------------------------------------------------------
Primary sub-process performed by MEMadGraph[g,g->nu_mubar,e+,bbar,b,nu_e,mu-]
--- incoming:
  3         g      21 [1] (6,13)   {+1,-2}
                                -0.000    -0.000   567.839   567.839     0.000
  4         g      21 [2] (12)   {+2,-3}
                                 0.000    -0.000   -11.564    11.564     0.000
--- intermediates:
  5      bbar      -5 [6] (12)   {-2}
                               -55.732     1.791   179.990   165.902   -89.343
  6      bbar      -5 [3] (5,9)   {-2}
                                 0.411     1.099   547.254   546.797   -22.386
  7        W-     -24 [8] (10,15)   
                                56.487    -3.005   358.476   371.481    79.332
  8   nu_ebar     -12 [9] (7,11)   
                                55.987    -0.988   367.310   380.557    82.287
  9        Z0      23 [6] (8,14)   
                                56.143    -0.692   367.263   380.895    83.940
--- outgoing:
 10  nu_mubar     -14 [7]    
                                 2.670   -32.379    80.191    86.522    -0.000
 11        e+     -11 [8]    
                                -0.500     2.017     8.835     9.076     0.001
 12      bbar      -5 [4,5]   17> {-3}
                               -55.732     1.791   168.426   177.466     4.200
 13         b       5 [3]   >16 {+1}
                                -0.411    -1.099    20.585    21.042     4.200
 14      nu_e      12 [9]    
                                 0.156     0.296    -0.047     0.338     0.000
 15       mu-      13 [7]    
                                53.817    29.374   278.285   284.959     0.106
------------------------------------------------------------------------------
Step 1
--- intermediates:
  3         g      21 [1] (6,13)   {+1,-2}
                                -0.000    -0.000   567.839   567.839     0.000
  4         g      21 [2] (12)   {+2,-3}
                                 0.000    -0.000   -11.564    11.564     0.000
  5      bbar      -5 [6] (12)   {-2}
                               -55.732     1.791   179.990   165.902   -89.343
  6      bbar      -5 [3] (5,9)   {-2}
                                 0.411     1.099   547.254   546.797   -22.386
  7        W-     -24 [8] (10,15)   
                                56.487    -3.005   358.476   371.481    79.332
  8   nu_ebar     -12 [9] (7,11)   
                                55.987    -0.988   367.310   380.557    82.287
  9        Z0      23 [6] (8,14)   
                                56.143    -0.692   367.263   380.895    83.940
--- final:
 10  nu_mubar     -14 [7]    
                                 2.670   -32.379    80.191    86.522    -0.000
 11        e+     -11 [8]    
                                -0.500     2.017     8.835     9.076     0.001
 12      bbar      -5 [4,5]   17> {-3}
                               -55.732     1.791   168.426   177.466     4.200
 13         b       5 [3]   >16 {+1}
                                -0.411    -1.099    20.585    21.042     4.200
 14      nu_e      12 [9]    
                                 0.156     0.296    -0.047     0.338     0.000
 15       mu-      13 [7]    
                                53.817    29.374   278.285   284.959     0.106
 16    Rem:p+      82 [1]   13>>17 {+2,-1}
                                 0.000     0.000  2932.161  2932.161     0.859
 17    Rem:p+      82 [2]   16>>12 {+3,-2}
                                -0.000     0.000 -3488.436  3488.436     0.937
------------------------------------------------------------------------------
     Sum of momenta:                 0         0         0     7e+03     7e+03
******************************************************************************
Event number 4 (id: emubB) performed by EventHandler
==============================================================================

--- Colliding particles:
  1        p+    2212  (3,16)   
                                 0.000     0.000  3500.000  3500.000     0.938
  2        p+    2212  (4,17)   
                                 0.000     0.000 -3500.000  3500.000     0.938
------------------------------------------------------------------------------
Primary sub-process performed by MEMadGraph[u,ubar->nu_mubar,e+,bbar,b,nu_e,mu-]
--- incoming:
  3         u       2 [1] (9)   {+1}
                                -0.000     0.000  1528.559  1528.559     0.000
  4      ubar      -2 [2] (9)   {-2}
                                 0.000     0.000  -193.790   193.790     0.000
--- intermediates:
  5        W+      24 [6] (11,14)   
                              -175.239  -305.182   409.399   545.487    78.127
  6         t       6 [9] (5,13)   {+1}
                              -204.676  -471.982   745.374   921.765   171.494
  7        W-     -24 [8] (10,15)   
                                89.882   242.988   211.482   344.018    80.635
  8      tbar      -6 [9] (7,12)   {-2}
                               204.676   471.982   589.395   800.584   169.965
  9         g      21 [3,4] (6,8)   {+1,-2}
                                 0.000    -0.000  1334.769  1722.349  1088.521
--- outgoing:
 10  nu_mubar     -14 [7]    
                                42.433   143.711   169.525   226.256    -0.000
 11        e+     -11 [5]    
                              -136.059  -286.300   358.975   478.897     0.001
 12      bbar      -5 [8]   17> {-2}
                               114.795   228.994   377.914   456.566     4.200
 13         b       5 [6]   >16 {+1}
                               -29.438  -166.799   335.975   376.279     4.200
 14      nu_e      12 [5]    
                               -39.180   -18.882    50.423    66.589     0.000
 15       mu-      13 [7]    
                                47.449    99.277    41.957   117.761     0.106
------------------------------------------------------------------------------
Step 1
--- intermediates:
  3         u       2 [1] (9)   {+1}
                                -0.000     0.000  1528.559  1528.559     0.000
  4      ubar      -2 [2] (9)   {-2}
                                 0.000     0.000  -193.790   193.790     0.000
  5        W+      24 [6] (11,14)   
                              -175.239  -305.182   409.399   545.487    78.127
  6         t       6 [9] (5,13)   {+1}
                              -204.676  -471.982   745.374   921.765   171.494
  7        W-     -24 [8] (10,15)   
                                89.882   242.988   211.482   344.018    80.635
  8      tbar      -6 [9] (7,12)   {-2}
                               204.676   471.982   589.395   800.584   169.965
  9         g      21 [3,4] (6,8)   {+1,-2}
                                 0.000    -0.000  1334.769  1722.349  1088.521
--- final:
 10  nu_mubar     -14 [7]    
                                42.433   143.711   169.525   226.256    -0.000
 11        e+     -11 [5]    
                              -136.059  -286.300   358.975   478.897     0.001
 12      bbar      -5 [8]   17> {-2}
                               114.795   228.994   377.914   456.566     4.200
 13         b       5 [6]   >16 {+1}
                               -29.438  -166.799   335.975   376.279     4.200
 14      nu_e      12 [5]    
                               -39.180   -18.882    50.423    66.589     0.000
 15       mu-      13 [7]    
                                47.449    99.277    41.957   117.761     0.106
 16    Rem:p+      82 [1]   13> {-1}
                                 0.000     0.000  1971.441  1971.441     0.704
 17    Rem:p+      82 [2]   >12 {+2}
                                -0.000     0.000 -3306.210  3306.210     0.912
------------------------------------------------------------------------------
     Sum of momenta:                 0         0         0     7e+03     7e+03
******************************************************************************
Event number 5 (id: emubB) performed by EventHandler
==============================================================================

--- Colliding particles:
  1        p+    2212  (3,16)   
                                 0.000     0.000  3500.000  3500.000     0.938
  2        p+    2212  (4,17)   
                                 0.000     0.000 -3500.000  3500.000     0.938
------------------------------------------------------------------------------
Primary sub-process performed by MEMadGraph[s,sbar->nu_mubar,e+,bbar,b,nu_e,mu-]
--- incoming:
  3         s       3 [1] (9)   {+1}
                                 0.000    -0.000   142.281   142.281     0.000
  4      sbar      -3 [2] (9)   {-2}
                                 0.000     0.000  -574.647   574.647     0.000
--- intermediates:
  5        W+      24 [6] (11,14)   
                               111.062  -160.066  -266.168   339.570    80.663
  6         t       6 [9] (5,13)   {+1}
                               139.389  -131.045  -371.037   452.086   173.525
  7        W-     -24 [8] (10,15)   
                               -70.989   138.494    -4.925   175.774    81.561
  8      tbar      -6 [9] (7,12)   {-2}
                              -139.389   131.045   -61.329   264.842   172.563
  9         g      21 [3,4] (6,8)   {+1,-2}
                                 0.000     0.000  -432.366   716.927   571.878
--- outgoing:
 10  nu_mubar     -14 [7]    
                               -34.101    79.580    37.488    94.346    -0.000
 11        e+     -11 [5]    
                                96.201   -81.377  -196.488   233.419     0.001
 12      bbar      -5 [8]   17> {-2}
                               -68.400    -7.449   -56.404    89.068     4.200
 13         b       5 [6]   >16 {+1}
                                28.327    29.021  -104.869   112.515     4.200
 14      nu_e      12 [5]    
                                14.861   -78.689   -69.681   106.152     0.000
 15       mu-      13 [7]    
                               -36.888    58.913   -42.413    81.427     0.106
------------------------------------------------------------------------------
Step 1
--- intermediates:
  3         s       3 [1] (9)   {+1}
                                 0.000    -0.000   142.281   142.281     0.000
  4      sbar      -3 [2] (9)   {-2}
                                 0.000     0.000  -574.647   574.647     0.000
  5        W+      24 [6] (11,14)   
                               111.062  -160.066  -266.168   339.570    80.663
  6         t       6 [9] (5,13)   {+1}
                               139.389  -131.045  -371.037   452.086   173.525
  7        W-     -24 [8] (10,15)   
                               -70.989   138.494    -4.925   175.774    81.561
  8      tbar      -6 [9] (7,12)   {-2}
                              -139.389   131.045   -61.329   264.842   172.563
  9         g      21 [3,4] (6,8)   {+1,-2}
                                 0.000     0.000  -432.366   716.927   571.878
--- final:
 10  nu_mubar     -14 [7]    
                               -34.101    79.580    37.488    94.346    -0.000
 11        e+     -11 [5]    
                                96.201   -81.377  -196.488   233.419     0.001
 12      bbar      -5 [8]   17> {-2}
                               -68.400    -7.449   -56.404    89.068     4.200
 13         b       5 [6]   >16 {+1}
                                28.327    29.021  -104.869   112.515     4.200
 14      nu_e      12 [5]    
                                14.861   -78.689   -69.681   106.152     0.000
 15       mu-      13 [7]    
                               -36.888    58.913   -42.413    81.427     0.106
 16    Rem:p+      82 [1]   13> {-1}
                                 0.000     0.000  3357.719  3357.719     0.919
 17    Rem:p+      82 [2]   >12 {+2}
                                -0.000     0.000 -2925.353  2925.353     0.858
------------------------------------------------------------------------------
     Sum of momenta:                 0         0         0     7e+03     7e+03
******************************************************************************
Event number 6 (id: emubB) performed by EventHandler
==============================================================================

--- Colliding particles:
  1        p+    2212  (3,16)   
                                 0.000     0.000  3500.000  3500.000     0.938
  2        p+    2212  (4,17)   
                                 0.000     0.000 -3500.000  3500.000     0.938
------------------------------------------------------------------------------
Primary sub-process performed by MEMadGraph[dbar,d->nu_mubar,e+,bbar,b,nu_e,mu-]
--- incoming:
  3      dbar      -1 [1] (6,7)   {-1}
                                -0.000     0.000   247.138   247.138     0.000
  4         d       1 [2] (9)   {+2}
                                 0.000    -0.000  -466.919   466.919     0.000
--- intermediates:
  5      dbar      -1 [6] (9)   {-1}
                                70.588   112.523   145.559     1.860  -197.048
  6      ubar      -2 [3] (5,8)   {-1}
                                29.404    50.967   155.437   111.477  -123.271
  7        W+      24 [3] (11,14)   
                               -29.404   -50.967    91.701   135.660    80.824
  8        W-     -24 [6] (10,15)   
                               -41.184   -61.556     9.878   109.617    80.206
  9         g      21 [4,5] (12,13)   {+2,-1}
                                70.588   112.523  -321.360   468.779   314.384
--- outgoing:
 10  nu_mubar     -14 [8]    
                               -27.980    12.744    14.536    34.009    -0.000
 11        e+     -11 [7]    
                                12.102   -43.057    13.406    46.692     0.001
 12      bbar      -5 [9]   16> {-1}
                               -89.075    -5.360     1.989    89.357     4.200
 13         b       5 [9]   >17 {+2}
                               159.663   117.883  -323.349   379.422     4.200
 14      nu_e      12 [7]    
                               -41.506    -7.910    78.295    88.969     0.000
 15       mu-      13 [8]    
                               -13.204   -74.300    -4.658    75.608     0.106
------------------------------------------------------------------------------
Step 1
--- intermediates:
  3      dbar      -1 [1] (6,7)   {-1}
                                -0.000     0.000   247.138   247.138     0.000
  4         d       1 [2] (9)   {+2}
                                 0.000    -0.000  -466.919   466.919     0.000
  5      dbar      -1 [6] (9)   {-1}
                                70.588   112.523   145.559     1.860  -197.048
  6      ubar      -2 [3] (5,8)   {-1}
                                29.404    50.967   155.437   111.477  -123.271
  7        W+      24 [3] (11,14)   
                               -29.404   -50.967    91.701   135.660    80.824
  8        W-     -24 [6] (10,15)   
                               -41.184   -61.556     9.878   109.617    80.206
  9         g      21 [4,5] (12,13)   {+2,-1}
                                70.588   112.523  -321.360   468.779   314.384
--- final:
 10  nu_mubar     -14 [8]    
                               -27.980    12.744    14.536    34.009    -0.000
 11        e+     -11 [7]    
                                12.102   -43.057    13.406    46.692     0.001
 12      bbar      -5 [9]   16> {-1}
                               -89.075    -5.360     1.989    89.357     4.200
 13         b       5 [9]   >17 {+2}
                               159.663   117.883  -323.349   379.422     4.200
 14      nu_e      12 [7]    
                               -41.506    -7.910    78.295    88.969     0.000
 15       mu-      13 [8]    
                               -13.204   -74.300    -4.658    75.608     0.106
 16    Rem:p+      82 [1]   >12 {+1}
                                 0.000     0.000  3252.862  3252.862     0.905
 17    Rem:p+      82 [2]   13> {-2}
                                -0.000     0.000 -3033.081  3033.081     0.873
------------------------------------------------------------------------------
     Sum of momenta:                 0         0         0     7e+03     7e+03
******************************************************************************
Event number 7 (id: emubB) performed by EventHandler
==============================================================================

--- Colliding particles:
  1        p+    2212  (3,16)   
                                 0.000     0.000  3500.000  3500.000     0.938
  2        p+    2212  (4,17)   
                                 0.000     0.000 -3500.000  3500.000     0.938
------------------------------------------------------------------------------
Primary sub-process performed by MEMadGraph[d,dbar->nu_mubar,e+,bbar,b,nu_e,mu-]
--- incoming:
  3         d       1 [1] (6,7)   {+1}
                                 0.000    -0.000   260.536   260.536     0.000
  4      dbar      -1 [2] (9)   {-2}
                                 0.000     0.000   -84.584    84.584     0.000
--- intermediates:
  5         d       1 [6] (9)   {+1}
                               -33.469   -18.326    65.252   -13.704   -74.338
  6         u       2 [3] (5,8)   {+1}
                               -53.942    39.982   150.888   109.119  -123.970
  7        W-     -24 [3] (10,15)   
                                53.942   -39.982   109.648   151.417    79.976
  8        W+      24 [6] (11,14)   
                               -20.473    58.309    85.636   122.823    62.714
  9         g      21 [4,5] (12,13)   {+1,-2}
                               -33.469   -18.326   -19.331    70.879    56.517
--- outgoing:
 10  nu_mubar     -14 [7]    
                               -16.952    -2.016     2.209    17.214    -0.000
 11        e+     -11 [8]    
                               -21.603    -4.968    10.330    24.456     0.001
 12      bbar      -5 [9]   17> {-2}
                               -31.961   -30.154   -30.790    53.818     4.200
 13         b       5 [9]   >16 {+1}
                                -1.509    11.827    11.458    17.061     4.200
 14      nu_e      12 [8]    
                                 1.131    63.277    75.305    98.367     0.000
 15       mu-      13 [7]    
                                70.894   -37.966   107.439   134.203     0.106
------------------------------------------------------------------------------
Step 1
--- intermediates:
  3         d       1 [1] (6,7)   {+1}
                                 0.000    -0.000   260.536   260.536     0.000
  4      dbar      -1 [2] (9)   {-2}
                                 0.000     0.000   -84.584    84.584     0.000
  5         d       1 [6] (9)   {+1}
                               -33.469   -18.326    65.252   -13.704   -74.338
  6         u       2 [3] (5,8)   {+1}
                               -53.942    39.982   150.888   109.119  -123.970
  7        W-     -24 [3] (10,15)   
                                53.942   -39.982   109.648   151.417    79.976
  8        W+      24 [6] (11,14)   
                               -20.473    58.309    85.636   122.823    62.714
  9         g      21 [4,5] (12,13)   {+1,-2}
                               -33.469   -18.326   -19.331    70.879    56.517
--- final:
 10  nu_mubar     -14 [7]    
                               -16.952    -2.016     2.209    17.214    -0.000
 11        e+     -11 [8]    
                               -21.603    -4.968    10.330    24.456     0.001
 12      bbar      -5 [9]   17> {-2}
                               -31.961   -30.154   -30.790    53.818     4.200
 13         b       5 [9]   >16 {+1}
                                -1.509    11.827    11.458    17.061     4.200
 14      nu_e      12 [8]    
                                 1.131    63.277    75.305    98.367     0.000
 15       mu-      13 [7]    
                                70.894   -37.966   107.439   134.203     0.106
 16    Rem:p+      82 [1]   13> {-1}
                                 0.000     0.000  3239.464  3239.464     0.903
 17    Rem:p+      82 [2]   >12 {+2}
                                -0.000     0.000 -3415.416  3415.416     0.927
------------------------------------------------------------------------------
     Sum of momenta:                 0         0         0     7e+03     7e+03
******************************************************************************
Event number 8 (id: emubB) performed by EventHandler
==============================================================================

--- Colliding particles:
  1        p+    2212  (3,16)   
                                 0.000     0.000  3500.000  3500.000     0.938
  2        p+    2212  (4,17)   
                                 0.000     0.000 -3500.000  3500.000     0.938
------------------------------------------------------------------------------
Primary sub-process performed by MEMadGraph[bbar,b->nu_mubar,e+,bbar,b,nu_e,mu-]
--- incoming:
  3      bbar      -5 [1] (5,6)   {-1}
                                -0.000    -0.000   382.043   382.043     0.000
  4         b       5 [2] (9)   {+2}
                                 0.000     0.000  -200.272   200.272     0.000
--- intermediates:
  5      bbar      -5 [3] (9)   {-2}
                               -66.427   200.354   117.530    43.521  -237.641
  6         g      21 [3] (12,13)   {+2,-1}
                                66.427  -200.354   264.513   338.522     8.717
  7        W-     -24 [8] (10,15)   
                               -61.422   194.323   -79.211   233.421    81.712
  8   nu_ebar     -12 [9] (7,11)   
                               -66.480   198.859   -84.085   241.782    86.162
  9        Z0      23 [4,5] (8,14)   
                               -66.427   200.354   -82.741   243.793    89.636
--- outgoing:
 10  nu_mubar     -14 [7]    
                               -60.639    61.861   -23.810    89.838    -0.000
 11        e+     -11 [8]    
                                -5.058     4.535    -4.874     8.361     0.001
 12      bbar      -5 [6]   16> {-1}
                                37.881  -116.956   153.466   196.680     4.200
 13         b       5 [6]   >17 {+2}
                                28.546   -83.398   111.047   141.842     4.200
 14      nu_e      12 [9]    
                                 0.053     1.495     1.343     2.011     0.000
 15       mu-      13 [7]    
                                -0.783   132.462   -55.400   143.583     0.106
------------------------------------------------------------------------------
Step 1
--- intermediates:
  3      bbar      -5 [1] (5,6)   {-1}
                                -0.000    -0.000   382.043   382.043     0.000
  4         b       5 [2] (9)   {+2}
                                 0.000     0.000  -200.272   200.272     0.000
  5      bbar      -5 [3] (9)   {-2}
                               -66.427   200.354   117.530    43.521  -237.641
  6         g      21 [3] (12,13)   {+2,-1}
                                66.427  -200.354   264.513   338.522     8.717
  7        W-     -24 [8] (10,15)   
                               -61.422   194.323   -79.211   233.421    81.712
  8   nu_ebar     -12 [9] (7,11)   
                               -66.480   198.859   -84.085   241.782    86.162
  9        Z0      23 [4,5] (8,14)   
                               -66.427   200.354   -82.741   243.793    89.636
--- final:
 10  nu_mubar     -14 [7]    
                               -60.639    61.861   -23.810    89.838    -0.000
 11        e+     -11 [8]    
                                -5.058     4.535    -4.874     8.361     0.001
 12      bbar      -5 [6]   16> {-1}
                                37.881  -116.956   153.466   196.680     4.200
 13         b       5 [6]   >17 {+2}
                                28.546   -83.398   111.047   141.842     4.200
 14      nu_e      12 [9]    
                                 0.053     1.495     1.343     2.011     0.000
 15       mu-      13 [7]    
                                -0.783   132.462   -55.400   143.583     0.106
 16    Rem:p+      82 [1]   >12 {+1}
                                 0.000     0.000  3117.957  3117.957     0.886
 17    Rem:p+      82 [2]   13> {-2}
                                -0.000     0.000 -3299.728  3299.728     0.911
------------------------------------------------------------------------------
     Sum of momenta:                 0         0         0     7e+03     7e+03
******************************************************************************
Event number 9 (id: emubB) performed by EventHandler
==============================================================================

--- Colliding particles:
  1        p+    2212  (3,16)   
                                 0.000     0.000  3500.000  3500.000     0.938
  2        p+    2212  (4,17)   
                                 0.000     0.000 -3500.000  3500.000     0.938
------------------------------------------------------------------------------
Primary sub-process performed by MEMadGraph[bbar,b->nu_mubar,e+,bbar,b,nu_e,mu-]
--- incoming:
  3      bbar      -5 [1] (9)   {-1}
                                 0.000     0.000   154.527   154.527     0.000
  4         b       5 [2] (9)   {+2}
                                 0.000    -0.000  -551.658   551.658     0.000
--- intermediates:
  5        W+      24 [6] (11,14)   
                               108.568   126.143  -156.649   242.313    80.482
  6         t       6 [9] (5,13)   {+2}
                                98.405   182.872  -334.100   428.935   170.988
  7        W-     -24 [8] (10,15)   
                               -25.673  -157.633   -84.909   197.106    78.319
  8      tbar      -6 [9] (7,12)   {-1}
                               -98.405  -182.872   -63.032   277.251   172.539
  9         g      21 [3,4] (6,8)   {+2,-1}
                                 0.000    -0.000  -397.131   706.186   583.939
--- outgoing:
 10  nu_mubar     -14 [7]    
                                11.907   -32.022   -51.504    61.805     0.000
 11        e+     -11 [5]    
                                 4.546   -10.301   -20.080    23.022     0.001
 12      bbar      -5 [8]   16> {-1}
                               -72.732   -25.238    21.878    80.145     4.200
 13         b       5 [6]   >17 {+2}
                               -10.163    56.728  -177.451   186.622     4.200
 14      nu_e      12 [5]    
                               104.022   136.444  -136.568   219.291     0.000
 15       mu-      13 [7]    
                               -37.580  -125.612   -33.405   135.301     0.106
------------------------------------------------------------------------------
Step 1
--- intermediates:
  3      bbar      -5 [1] (9)   {-1}
                                 0.000     0.000   154.527   154.527     0.000
  4         b       5 [2] (9)   {+2}
                                 0.000    -0.000  -551.658   551.658     0.000
  5        W+      24 [6] (11,14)   
                               108.568   126.143  -156.649   242.313    80.482
  6         t       6 [9] (5,13)   {+2}
                                98.405   182.872  -334.100   428.935   170.988
  7        W-     -24 [8] (10,15)   
                               -25.673  -157.633   -84.909   197.106    78.319
  8      tbar      -6 [9] (7,12)   {-1}
                               -98.405  -182.872   -63.032   277.251   172.539
  9         g      21 [3,4] (6,8)   {+2,-1}
                                 0.000    -0.000  -397.131   706.186   583.939
--- final:
 10  nu_mubar     -14 [7]    
                                11.907   -32.022   -51.504    61.805     0.000
 11        e+     -11 [5]    
                                 4.546   -10.301   -20.080    23.022     0.001
 12      bbar      -5 [8]   16> {-1}
                               -72.732   -25.238    21.878    80.145     4.200
 13         b       5 [6]   >17 {+2}
                               -10.163    56.728  -177.451   186.622     4.200
 14      nu_e      12 [5]    
                               104.022   136.444  -136.568   219.291     0.000
 15       mu-      13 [7]    
                               -37.580  -125.612   -33.405   135.301     0.106
 16    Rem:p+      82 [1]   >12 {+1}
                                 0.000     0.000  3345.473  3345.473     0.917
 17    Rem:p+      82 [2]   13> {-2}
                                -0.000     0.000 -2948.341  2948.342     0.861
------------------------------------------------------------------------------
     Sum of momenta:                 0         0         0     7e+03     7e+03
final integrated cross section is ( 0.00261861 +/- 4.48637e-05 ) nb
No exceptions reported in this run.
