>>>>>>>>>>>>>>>>>>>>>>>>>>>>>>>>>>>>>>>>>>>>>>>>>>>>>>>>>>>>>>>>>>>>>>>>>>>>>>
>>>> Toolkit for HEP Event Generation - ThePEG 2.0.2 <<<<<<<<<<<<<<<<<<<<<<<<<
<<<<<<<<<<<<<<<<<<<<<<<<<<<<<<<<<<<<<<<<<<<<<<<<<<<<<<<<<<<<<<<<<<<<<<<<<<<<<<

>> Herwig 7.0.2 / ThePEG 2.0.2

==============================================================================
Statistics for event handler 'EventHandler':
                                       generated    number of    Cross-section
                                          events     attempts             (nb)
==============================================================================
Total (from   weighted events): including vetoed events          0.1496(4)e+00
==============================================================================
Total (from unweighted events):           100000       100011      6.99(2)e-03
==============================================================================
Per matrix element breakdown:
MEAmplitudeqqbarttbar[d,dbar->tbar,t]       4008         4008     0.280(4)e-03
MEAmplitudeqqbarttbar[dbar,d->tbar,t]       3991         3991     0.279(4)e-03
MEAmplitudeqqbarttbar[ubar,u->tbar,t]       6707         6707     0.469(6)e-03
MEAmplitudeqqbarttbar[u,ubar->tbar,t]       6643         6643     0.464(6)e-03
MEAmplitudeqqbarttbar[c,cbar->tbar,t]        205          205        14(1)e-06
MEAmplitudeqqbarttbar[cbar,c->tbar,t]        198          198        14(1)e-06
MEAmplitudeqqbarttbar[sbar,s->tbar,t]        404          404        28(1)e-06
MEAmplitudeqqbarttbar[s,sbar->tbar,t]        402          402        28(1)e-06
MEAmplitudeqqbarttbar[b,bbar->tbar,t]         57           57       4.0(5)e-06
MEAmplitudeqqbarttbar[bbar,b->tbar,t]         61           61       4.3(5)e-06
MEAmplitudeggttbar[g,g->tbar,t]            77324        77335      5.40(2)e-03
==============================================================================
