>>>>>>>>>>>>>>>>>>>>>>>>>>>>>>>>>>>>>>>>>>>>>>>>>>>>>>>>>>>>>>>>>>>>>>>>>>>>>>
>>>> Toolkit for HEP Event Generation - ThePEG 2.0.2 <<<<<<<<<<<<<<<<<<<<<<<<<
<<<<<<<<<<<<<<<<<<<<<<<<<<<<<<<<<<<<<<<<<<<<<<<<<<<<<<<<<<<<<<<<<<<<<<<<<<<<<<

>> Herwig 7.0.2 / ThePEG 2.0.2

==============================================================================
Statistics for event handler 'EventHandler':
                                       generated    number of    Cross-section
                                          events     attempts             (nb)
==============================================================================
Total (from   weighted events): including vetoed events              13(1)e-03
==============================================================================
Total (from unweighted events):               93           93        13(1)e-03
==============================================================================
Per matrix element breakdown:
MEGenericProcesses[d,d->nu_mubar,e+,d          0            0                0
MEGenericProcesses[d,dbar->nu_mubar,e          0            0                0
MEGenericProcesses[d,dbar->nu_mubar,e          0            0                0
MEGenericProcesses[d,dbar->nu_mubar,e          0            0                0
MEGenericProcesses[d,dbar->nu_mubar,e          0            0                0
MEGenericProcesses[d,dbar->nu_mubar,e          0            0                0
MEGenericProcesses[d,dbar->nu_mubar,e          0            0                0
MEGenericProcesses[d,ubar->nu_mubar,e          0            0                0
MEGenericProcesses[d,ubar->nu_mubar,e          0            0                0
MEGenericProcesses[d,u->nu_mubar,e+,d          0            0                0
MEGenericProcesses[d,c->nu_mubar,e+,d          0            0                0
MEGenericProcesses[d,c->nu_mubar,e+,u          0            0                0
MEGenericProcesses[d,cbar->nu_mubar,e          0            0                0
MEGenericProcesses[d,sbar->nu_mubar,e          0            0                0
MEGenericProcesses[d,sbar->nu_mubar,e          0            0                0
MEGenericProcesses[d,s->nu_mubar,e+,d          0            0                0
MEGenericProcesses[d,b->nu_mubar,e+,d          0            0                0
MEGenericProcesses[d,bbar->nu_mubar,e          0            0                0
MEGenericProcesses[d,g->nu_mubar,e+,d          8            8       1.2(4)e-03
MEGenericProcesses[dbar,d->nu_mubar,e          7            7       1.0(4)e-03
MEGenericProcesses[dbar,d->nu_mubar,e          0            0                0
MEGenericProcesses[dbar,d->nu_mubar,e          0            0                0
MEGenericProcesses[dbar,d->nu_mubar,e          0            0                0
MEGenericProcesses[dbar,d->nu_mubar,e          0            0                0
MEGenericProcesses[dbar,d->nu_mubar,e          0            0                0
MEGenericProcesses[dbar,dbar->nu_muba          0            0                0
MEGenericProcesses[dbar,ubar->nu_muba          0            0                0
MEGenericProcesses[dbar,u->nu_mubar,e          0            0                0
MEGenericProcesses[dbar,u->nu_mubar,e          0            0                0
MEGenericProcesses[dbar,c->nu_mubar,e          0            0                0
MEGenericProcesses[dbar,cbar->nu_muba          0            0                0
MEGenericProcesses[dbar,cbar->nu_muba          0            0                0
MEGenericProcesses[dbar,sbar->nu_muba          0            0                0
MEGenericProcesses[dbar,s->nu_mubar,e          0            0                0
MEGenericProcesses[dbar,s->nu_mubar,e          0            0                0
MEGenericProcesses[dbar,b->nu_mubar,e          0            0                0
MEGenericProcesses[dbar,bbar->nu_muba          1            1       0.1(1)e-03
MEGenericProcesses[dbar,g->nu_mubar,e          0            0                0
MEGenericProcesses[ubar,d->nu_mubar,e          0            0                0
MEGenericProcesses[ubar,d->nu_mubar,e          0            0                0
MEGenericProcesses[ubar,dbar->nu_muba          0            0                0
MEGenericProcesses[ubar,ubar->nu_muba          0            0                0
MEGenericProcesses[ubar,u->nu_mubar,e          0            0                0
MEGenericProcesses[ubar,u->nu_mubar,e          0            0                0
MEGenericProcesses[ubar,u->nu_mubar,e          0            0                0
MEGenericProcesses[ubar,u->nu_mubar,e          0            0                0
MEGenericProcesses[ubar,u->nu_mubar,e          0            0                0
MEGenericProcesses[ubar,u->nu_mubar,e          0            0                0
MEGenericProcesses[ubar,c->nu_mubar,e          0            0                0
MEGenericProcesses[ubar,c->nu_mubar,e          0            0                0
MEGenericProcesses[ubar,cbar->nu_muba          0            0                0
MEGenericProcesses[ubar,sbar->nu_muba          0            0                0
MEGenericProcesses[ubar,sbar->nu_muba          0            0                0
MEGenericProcesses[ubar,s->nu_mubar,e          0            0                0
MEGenericProcesses[ubar,b->nu_mubar,e          0            0                0
MEGenericProcesses[ubar,bbar->nu_muba          0            0                0
MEGenericProcesses[ubar,g->nu_mubar,e          1            1       0.1(1)e-03
MEGenericProcesses[u,d->nu_mubar,e+,d          0            0                0
MEGenericProcesses[u,dbar->nu_mubar,e          0            0                0
MEGenericProcesses[u,dbar->nu_mubar,e          0            0                0
MEGenericProcesses[u,ubar->nu_mubar,e         15           15       2.2(6)e-03
MEGenericProcesses[u,ubar->nu_mubar,e          0            0                0
MEGenericProcesses[u,ubar->nu_mubar,e          0            0                0
MEGenericProcesses[u,ubar->nu_mubar,e          0            0                0
MEGenericProcesses[u,ubar->nu_mubar,e          0            0                0
MEGenericProcesses[u,ubar->nu_mubar,e          1            1       0.1(1)e-03
MEGenericProcesses[u,u->nu_mubar,e+,u          0            0                0
MEGenericProcesses[u,c->nu_mubar,e+,u          0            0                0
MEGenericProcesses[u,cbar->nu_mubar,e          0            0                0
MEGenericProcesses[u,cbar->nu_mubar,e          0            0                0
MEGenericProcesses[u,sbar->nu_mubar,e          0            0                0
MEGenericProcesses[u,s->nu_mubar,e+,d          0            0                0
MEGenericProcesses[u,s->nu_mubar,e+,u          0            0                0
MEGenericProcesses[u,b->nu_mubar,e+,u          0            0                0
MEGenericProcesses[u,bbar->nu_mubar,e          0            0                0
MEGenericProcesses[u,g->nu_mubar,e+,u         11           11       1.6(5)e-03
MEGenericProcesses[c,d->nu_mubar,e+,d          0            0                0
MEGenericProcesses[c,d->nu_mubar,e+,u          0            0                0
MEGenericProcesses[c,dbar->nu_mubar,e          0            0                0
MEGenericProcesses[c,ubar->nu_mubar,e          0            0                0
MEGenericProcesses[c,ubar->nu_mubar,e          0            0                0
MEGenericProcesses[c,u->nu_mubar,e+,u          0            0                0
MEGenericProcesses[c,c->nu_mubar,e+,c          0            0                0
MEGenericProcesses[c,cbar->nu_mubar,e          0            0                0
MEGenericProcesses[c,cbar->nu_mubar,e          0            0                0
MEGenericProcesses[c,cbar->nu_mubar,e          0            0                0
MEGenericProcesses[c,cbar->nu_mubar,e          0            0                0
MEGenericProcesses[c,cbar->nu_mubar,e          0            0                0
MEGenericProcesses[c,cbar->nu_mubar,e          0            0                0
MEGenericProcesses[c,sbar->nu_mubar,e          0            0                0
MEGenericProcesses[c,sbar->nu_mubar,e          0            0                0
MEGenericProcesses[c,s->nu_mubar,e+,s          0            0                0
MEGenericProcesses[c,b->nu_mubar,e+,c          0            0                0
MEGenericProcesses[c,bbar->nu_mubar,e          0            0                0
MEGenericProcesses[c,g->nu_mubar,e+,c          1            1       0.1(1)e-03
MEGenericProcesses[cbar,d->nu_mubar,e          0            0                0
MEGenericProcesses[cbar,dbar->nu_muba          0            0                0
MEGenericProcesses[cbar,dbar->nu_muba          0            0                0
MEGenericProcesses[cbar,ubar->nu_muba          0            0                0
MEGenericProcesses[cbar,u->nu_mubar,e          0            0                0
MEGenericProcesses[cbar,u->nu_mubar,e          0            0                0
MEGenericProcesses[cbar,c->nu_mubar,e          0            0                0
MEGenericProcesses[cbar,c->nu_mubar,e          0            0                0
MEGenericProcesses[cbar,c->nu_mubar,e          0            0                0
MEGenericProcesses[cbar,c->nu_mubar,e          0            0                0
MEGenericProcesses[cbar,c->nu_mubar,e          0            0                0
MEGenericProcesses[cbar,c->nu_mubar,e          0            0                0
MEGenericProcesses[cbar,cbar->nu_muba          0            0                0
MEGenericProcesses[cbar,sbar->nu_muba          0            0                0
MEGenericProcesses[cbar,s->nu_mubar,e          0            0                0
MEGenericProcesses[cbar,s->nu_mubar,e          0            0                0
MEGenericProcesses[cbar,b->nu_mubar,e          0            0                0
MEGenericProcesses[cbar,bbar->nu_muba          0            0                0
MEGenericProcesses[cbar,g->nu_mubar,e          0            0                0
MEGenericProcesses[sbar,d->nu_mubar,e          0            0                0
MEGenericProcesses[sbar,d->nu_mubar,e          0            0                0
MEGenericProcesses[sbar,dbar->nu_muba          0            0                0
MEGenericProcesses[sbar,ubar->nu_muba          0            0                0
MEGenericProcesses[sbar,ubar->nu_muba          0            0                0
MEGenericProcesses[sbar,u->nu_mubar,e          0            0                0
MEGenericProcesses[sbar,c->nu_mubar,e          0            0                0
MEGenericProcesses[sbar,c->nu_mubar,e          0            0                0
MEGenericProcesses[sbar,cbar->nu_muba          0            0                0
MEGenericProcesses[sbar,sbar->nu_muba          0            0                0
MEGenericProcesses[sbar,s->nu_mubar,e          0            0                0
MEGenericProcesses[sbar,s->nu_mubar,e          0            0                0
MEGenericProcesses[sbar,s->nu_mubar,e          0            0                0
MEGenericProcesses[sbar,s->nu_mubar,e          0            0                0
MEGenericProcesses[sbar,s->nu_mubar,e          0            0                0
MEGenericProcesses[sbar,s->nu_mubar,e          0            0                0
MEGenericProcesses[sbar,b->nu_mubar,e          0            0                0
MEGenericProcesses[sbar,bbar->nu_muba          1            1       0.1(1)e-03
MEGenericProcesses[sbar,g->nu_mubar,e          0            0                0
MEGenericProcesses[s,d->nu_mubar,e+,d          0            0                0
MEGenericProcesses[s,dbar->nu_mubar,e          0            0                0
MEGenericProcesses[s,dbar->nu_mubar,e          0            0                0
MEGenericProcesses[s,ubar->nu_mubar,e          0            0                0
MEGenericProcesses[s,u->nu_mubar,e+,d          0            0                0
MEGenericProcesses[s,u->nu_mubar,e+,u          0            0                0
MEGenericProcesses[s,c->nu_mubar,e+,s          0            0                0
MEGenericProcesses[s,cbar->nu_mubar,e          0            0                0
MEGenericProcesses[s,cbar->nu_mubar,e          0            0                0
MEGenericProcesses[s,sbar->nu_mubar,e          0            0                0
MEGenericProcesses[s,sbar->nu_mubar,e          0            0                0
MEGenericProcesses[s,sbar->nu_mubar,e          0            0                0
MEGenericProcesses[s,sbar->nu_mubar,e          0            0                0
MEGenericProcesses[s,sbar->nu_mubar,e          0            0                0
MEGenericProcesses[s,sbar->nu_mubar,e          0            0                0
MEGenericProcesses[s,s->nu_mubar,e+,s          0            0                0
MEGenericProcesses[s,b->nu_mubar,e+,s          0            0                0
MEGenericProcesses[s,bbar->nu_mubar,e          0            0                0
MEGenericProcesses[s,g->nu_mubar,e+,s          0            0                0
MEGenericProcesses[b,d->nu_mubar,e+,d          0            0                0
MEGenericProcesses[b,dbar->nu_mubar,e          0            0                0
MEGenericProcesses[b,ubar->nu_mubar,e          0            0                0
MEGenericProcesses[b,u->nu_mubar,e+,u          0            0                0
MEGenericProcesses[b,c->nu_mubar,e+,c          0            0                0
MEGenericProcesses[b,cbar->nu_mubar,e          0            0                0
MEGenericProcesses[b,sbar->nu_mubar,e          0            0                0
MEGenericProcesses[b,s->nu_mubar,e+,s          0            0                0
MEGenericProcesses[b,b->nu_mubar,e+,b          0            0                0
MEGenericProcesses[b,bbar->nu_mubar,e          0            0                0
MEGenericProcesses[b,bbar->nu_mubar,e          0            0                0
MEGenericProcesses[b,bbar->nu_mubar,e          0            0                0
MEGenericProcesses[b,bbar->nu_mubar,e          0            0                0
MEGenericProcesses[b,bbar->nu_mubar,e          0            0                0
MEGenericProcesses[b,bbar->nu_mubar,e          0            0                0
MEGenericProcesses[b,g->nu_mubar,e+,b          5            5       0.7(3)e-03
MEGenericProcesses[bbar,d->nu_mubar,e          1            1       0.1(1)e-03
MEGenericProcesses[bbar,dbar->nu_muba          0            0                0
MEGenericProcesses[bbar,ubar->nu_muba          0            0                0
MEGenericProcesses[bbar,u->nu_mubar,e          0            0                0
MEGenericProcesses[bbar,c->nu_mubar,e          0            0                0
MEGenericProcesses[bbar,cbar->nu_muba          0            0                0
MEGenericProcesses[bbar,sbar->nu_muba          0            0                0
MEGenericProcesses[bbar,s->nu_mubar,e          0            0                0
MEGenericProcesses[bbar,b->nu_mubar,e          0            0                0
MEGenericProcesses[bbar,b->nu_mubar,e          0            0                0
MEGenericProcesses[bbar,b->nu_mubar,e          0            0                0
MEGenericProcesses[bbar,b->nu_mubar,e          0            0                0
MEGenericProcesses[bbar,b->nu_mubar,e          0            0                0
MEGenericProcesses[bbar,b->nu_mubar,e          0            0                0
MEGenericProcesses[bbar,bbar->nu_muba          0            0                0
MEGenericProcesses[bbar,g->nu_mubar,e          3            3       0.4(2)e-03
MEGenericProcesses[g,d->nu_mubar,e+,d          7            7       1.0(4)e-03
MEGenericProcesses[g,dbar->nu_mubar,e          2            2       0.3(2)e-03
MEGenericProcesses[g,ubar->nu_mubar,e          0            0                0
MEGenericProcesses[g,u->nu_mubar,e+,u          3            3       0.4(2)e-03
MEGenericProcesses[g,c->nu_mubar,e+,c          0            0                0
MEGenericProcesses[g,cbar->nu_mubar,e          2            2       0.3(2)e-03
MEGenericProcesses[g,sbar->nu_mubar,e          0            0                0
MEGenericProcesses[g,s->nu_mubar,e+,s          1            1       0.1(1)e-03
MEGenericProcesses[g,b->nu_mubar,e+,b          5            5       0.7(3)e-03
MEGenericProcesses[g,bbar->nu_mubar,e         12           12       1.7(5)e-03
MEGenericProcesses[g,g->nu_mubar,e+,d          0            0                0
MEGenericProcesses[g,g->nu_mubar,e+,u          0            0                0
MEGenericProcesses[g,g->nu_mubar,e+,c          0            0                0
MEGenericProcesses[g,g->nu_mubar,e+,s          0            0                0
MEGenericProcesses[g,g->nu_mubar,e+,b          6            6       0.9(4)e-03
==============================================================================
