>>>>>>>>>>>>>>>>>>>>>>>>>>>>>>>>>>>>>>>>>>>>>>>>>>>>>>>>>>>>>>>>>>>>>>>>>>>>>>
>>>> Toolkit for HEP Event Generation - ThePEG 2.0.2 <<<<<<<<<<<<<<<<<<<<<<<<<
<<<<<<<<<<<<<<<<<<<<<<<<<<<<<<<<<<<<<<<<<<<<<<<<<<<<<<<<<<<<<<<<<<<<<<<<<<<<<<

>> Herwig 7.0.2 / ThePEG 2.0.2

==============================================================================
Statistics for event handler 'EventHandler':
                                       generated    number of    Cross-section
                                          events     attempts             (nb)
==============================================================================
Total (from   weighted events): including vetoed events           0.107(3)e+00
==============================================================================
Total (from unweighted events):             1000         1000       5.0(2)e-03
==============================================================================
Per matrix element breakdown:
MEGenericProcesses[d,dbar->tbar,t]            46           46      0.23(3)e-03
MEGenericProcesses[dbar,d->tbar,t]            35           35      0.17(3)e-03
MEGenericProcesses[ubar,u->tbar,t]            74           74      0.37(4)e-03
MEGenericProcesses[u,ubar->tbar,t]            69           69      0.34(4)e-03
MEGenericProcesses[c,cbar->tbar,t]             0            0                0
MEGenericProcesses[cbar,c->tbar,t]             3            3        15(9)e-06
MEGenericProcesses[sbar,s->tbar,t]             5            5       20(10)e-06
MEGenericProcesses[s,sbar->tbar,t]             7            7       30(10)e-06
MEGenericProcesses[b,bbar->tbar,t]             1            1         5(5)e-06
MEGenericProcesses[bbar,b->tbar,t]             1            1         5(5)e-06
MEGenericProcesses[g,g->tbar,t]              759          759       3.8(1)e-03
==============================================================================
