>>>>>>>>>>>>>>>>>>>>>>>>>>>>>>>>>>>>>>>>>>>>>>>>>>>>>>>>>>>>>>>>>>>>>>>>>>>>>>
>>>> Toolkit for HEP Event Generation - ThePEG 2.0.2 <<<<<<<<<<<<<<<<<<<<<<<<<
<<<<<<<<<<<<<<<<<<<<<<<<<<<<<<<<<<<<<<<<<<<<<<<<<<<<<<<<<<<<<<<<<<<<<<<<<<<<<<

>> Herwig 7.0.2 / ThePEG 2.0.2

==============================================================================
Statistics for event handler 'EventHandler':
                                       generated    number of    Cross-section
                                          events     attempts             (nb)
==============================================================================
Total (from   weighted events): including vetoed events           2.640(8)e-03
==============================================================================
Total (from unweighted events):           100000       100045     2.639(8)e-03
==============================================================================
Per matrix element breakdown:
MEGenericProcesses[d,dbar->nu_mubar,e       3497         3497        92(2)e-06
MEGenericProcesses[dbar,d->nu_mubar,e       3528         3529        93(2)e-06
MEGenericProcesses[ubar,u->nu_mubar,e       5995         5998     0.158(2)e-03
MEGenericProcesses[u,ubar->nu_mubar,e       5731         5731     0.151(2)e-03
MEGenericProcesses[c,cbar->nu_mubar,e        146          146       3.9(3)e-06
MEGenericProcesses[cbar,c->nu_mubar,e        149          149       3.9(3)e-06
MEGenericProcesses[sbar,s->nu_mubar,e        305          305       8.0(5)e-06
MEGenericProcesses[s,sbar->nu_mubar,e        322          322       8.5(5)e-06
MEGenericProcesses[b,bbar->nu_mubar,e        412          412      10.9(5)e-06
MEGenericProcesses[bbar,b->nu_mubar,e        636          636      16.8(7)e-06
MEGenericProcesses[g,g->nu_mubar,e+,b      79279        79320     2.092(7)e-03
==============================================================================
