>>>>>>>>>>>>>>>>>>>>>>>>>>>>>>>>>>>>>>>>>>>>>>>>>>>>>>>>>>>>>>>>>>>>>>>>>>>>>>
>>>> Toolkit for HEP Event Generation - ThePEG 2.0.2 <<<<<<<<<<<<<<<<<<<<<<<<<
<<<<<<<<<<<<<<<<<<<<<<<<<<<<<<<<<<<<<<<<<<<<<<<<<<<<<<<<<<<<<<<<<<<<<<<<<<<<<<

>> Herwig 7.0.2 / ThePEG 2.0.2

#--------------------------------------------------------------------------
#                         FastJet release 3.1.3
#                 M. Cacciari, G.P. Salam and G. Soyez                  
#     A software package for jet finding and analysis at colliders      
#                           http://fastjet.fr                           
#	                                                                      
# Please cite EPJC72(2012)1896 [arXiv:1111.6097] if you use this package
# for scientific work and optionally PLB641(2006)57 [hep-ph/0512210].   
#                                                                       
# FastJet is provided without warranty under the terms of the GNU GPLv2.
# It uses T. Chan's closest pair algorithm, S. Fortune's Voronoi code
# and 3rd party plugin jet algorithms. See COPYING file for details.
#--------------------------------------------------------------------------
/Herwig/Cuts/Cuts:
MHat  = 0 .. 7000 GeV
Scale = 2 .. 1e+12 GeV2
YHat  = -100 .. 100
X1    = 1e-05 .. 1
X2    = 1e-05 .. 1

IdentifiedParticleCut 'PhotonCut' matching 'Photon' within:
pt  = 0 .. 1e+06 GeV
IdentifiedParticleCut 'LeptonCut' matching 'Lepton' within:
pt  = 0 .. 1e+06 GeV
IdentifiedParticleCut 'TopQuarkCut' matching 'Top' within:
pt  = 0 .. 1e+06 GeV
IdentifiedParticleCut 'WBosonCut' matching 'WBoson' within:
pt  = 0 .. 1e+06 GeV
IdentifiedParticleCut 'ZBosonCut' matching 'ZBoson' within:
pt  = 0 .. 1e+06 GeV
IdentifiedParticleCut 'HiggsBosonCut' matching 'HiggsBoson' within:
pt  = 0 .. 1e+06 GeV
IdentifiedParticleCut 'ChargedLeptonCut' matching 'ChargedLepton' within:
pt  = 0 .. 1e+06 GeV
/Herwig/Cuts/LeptonPairMassCut
matching distances between: 'Lepton' and 'Lepton':
M = 0 .. 1e+06 GeV
same flavour only = false 
opposite sign only = false 

/Herwig/Cuts/ChargedLeptonPairMassCut
matching distances between: 'ChargedLepton' and 'ChargedLepton':
M = 0 .. 1e+06 GeV
same flavour only = false 
opposite sign only = false 

/Herwig/Cuts/LeptonDeltaRCut
matching distances between: 'Lepton' and 'Lepton':
DeltaRMin = 0 
DeltaRMax = 100 
DeltaPhiMin = 0 
DeltaPhiMax = 6.28319 
DeltaYMin = 0 
DeltaYMax = 100 

/Herwig/Cuts/ChargedLeptonDeltaRCut
matching distances between: 'ChargedLepton' and 'ChargedLepton':
DeltaRMin = 0 
DeltaRMax = 100 
DeltaPhiMin = 0 
DeltaPhiMax = 6.28319 
DeltaYMin = 0 
DeltaYMax = 100 

/Herwig/Cuts/PhotonIsolationCut matching unresolved particles from 'MatchboxJetMatcher':
DeltaZero = 0 
Exponent n = 1 
Efficiency = 0 
Cut Type = 1 

MissingPtCut 'MissingPtCut' matching 'Neutrino' within:
ptMiss  = 0 .. 1e+06 GeV
******************************************************************************
Event number 1 (id: LHC-Matchbox-emubbBar_LO_HThalf) performed by EventHandler
==============================================================================

--- Colliding particles:
  1        p+    2212  (3,16)   
                                 0.000     0.000  3500.000  3500.000     0.938
  2        p+    2212  (4,17)   
                                 0.000     0.000 -3500.000  3500.000     0.938
------------------------------------------------------------------------------
Primary sub-process performed by MEGenericProcesses[g,g->nu_mubar,e+,bbar,b,nu_e,mu-]
--- incoming:
  3         g      21 [1] (5,7)   {+1,-2}
                                -0.000     0.000   201.670   201.670     0.000
  4         g      21 [2] (9)   {+3,-1}
                                 0.000    -0.000  -336.322   336.322     0.000
--- intermediates:
  5         t       6 [3] (9)   {+1}
                               -70.679   172.234   243.587   -55.499  -301.520
  6        W-     -24 [7] (10,15)   
                               104.398  -172.098   -50.302   222.170    79.450
  7      tbar      -6 [3] (6,12)   {-2}
                                70.679  -172.234   -41.916   257.170   172.393
  8        W+      24 [9] (11,14)   
                                36.314    52.650   -16.680   103.199    79.254
  9         t       6 [4,5] (8,13)   {+3}
                               -70.679   172.234   -92.735   280.822   188.683
--- outgoing:
 10  nu_mubar     -14 [6]    
                                40.804   -15.300   -27.265    51.405     0.000
 11        e+     -11 [8]    
                                10.398    53.740   -40.415    68.040     0.001
 12      bbar      -5 [7]   16> {-2}
                               -33.720    -0.136     8.386    35.000     4.200
 13         b       5 [9]   >17 {+3}
                              -106.993   119.584   -76.055   177.623     4.200
 14      nu_e      12 [8]    
                                25.916    -1.090    23.735    35.159    -0.000
 15       mu-      13 [6]    
                                63.594  -156.799   -23.037   170.765     0.000
------------------------------------------------------------------------------
Step 1
--- intermediates:
  3         g      21 [1] (5,7)   {+1,-2}
                                -0.000     0.000   201.670   201.670     0.000
  4         g      21 [2] (9)   {+3,-1}
                                 0.000    -0.000  -336.322   336.322     0.000
  5         t       6 [3] (9)   {+1}
                               -70.679   172.234   243.587   -55.499  -301.520
  6        W-     -24 [7] (10,15)   
                               104.398  -172.098   -50.302   222.170    79.450
  7      tbar      -6 [3] (6,12)   {-2}
                                70.679  -172.234   -41.916   257.170   172.393
  8        W+      24 [9] (11,14)   
                                36.314    52.650   -16.680   103.199    79.254
  9         t       6 [4,5] (8,13)   {+3}
                               -70.679   172.234   -92.735   280.822   188.683
--- final:
 10  nu_mubar     -14 [6]    
                                40.804   -15.300   -27.265    51.405     0.000
 11        e+     -11 [8]    
                                10.398    53.740   -40.415    68.040     0.001
 12      bbar      -5 [7]   16> {-2}
                               -33.720    -0.136     8.386    35.000     4.200
 13         b       5 [9]   >17 {+3}
                              -106.993   119.584   -76.055   177.623     4.200
 14      nu_e      12 [8]    
                                25.916    -1.090    23.735    35.159    -0.000
 15       mu-      13 [6]    
                                63.594  -156.799   -23.037   170.765     0.000
 16    Rem:p+      82 [1]   17>>12 {+2,-1}
                                 0.000     0.000  3298.329  3298.330     0.911
 17    Rem:p+      82 [2]   13>>16 {+1,-3}
                                -0.000     0.000 -3163.678  3163.678     0.892
------------------------------------------------------------------------------
     Sum of momenta:                 0         0         0     7e+03     7e+03
******************************************************************************
Event number 2 (id: LHC-Matchbox-emubbBar_LO_HThalf) performed by EventHandler
==============================================================================

--- Colliding particles:
  1        p+    2212  (3,16)   
                                 0.000     0.000  3500.000  3500.000     0.938
  2        p+    2212  (4,17)   
                                 0.000     0.000 -3500.000  3500.000     0.938
------------------------------------------------------------------------------
Primary sub-process performed by MEGenericProcesses[g,g->nu_mubar,e+,bbar,b,nu_e,mu-]
--- incoming:
  3         g      21 [1] (5,9)   {+1,-2}
                                -0.000     0.000   229.512   229.512     0.000
  4         g      21 [2] (12)   {+2,-3}
                                 0.000    -0.000  -312.805   312.805     0.000
--- intermediates:
  5      bbar      -5 [3] (12)   {-2}
                                -0.087     0.419   131.109  -131.060    -3.611
  6        W+      24 [7] (11,14)   
                                36.405  -127.294   116.163   192.667    78.087
  7         t       6 [9] (6,13)   {+1}
                                18.952   -91.280   129.290   234.994   172.670
  8        W-     -24 [9] (10,15)   
                               -18.865    90.862   -30.887   125.578    78.766
  9         b       5 [3] (7,8)   {+1}
                                 0.087    -0.419    98.403   360.572   346.885
--- outgoing:
 10  nu_mubar     -14 [8]    
                               -21.088     7.791    18.321    29.001     0.000
 11        e+     -11 [6]    
                                 7.449   -47.554    93.014   104.731     0.001
 12      bbar      -5 [4,5]   17> {-3}
                                -0.087     0.419  -181.696   181.745     4.200
 13         b       5 [7]   >16 {+1}
                               -17.453    36.014    13.127    42.327     4.200
 14      nu_e      12 [6]    
                                28.956   -79.740    23.149    87.936    -0.000
 15       mu-      13 [8]    
                                 2.223    83.070   -49.208    96.577    -0.000
------------------------------------------------------------------------------
Step 1
--- intermediates:
  3         g      21 [1] (5,9)   {+1,-2}
                                -0.000     0.000   229.512   229.512     0.000
  4         g      21 [2] (12)   {+2,-3}
                                 0.000    -0.000  -312.805   312.805     0.000
  5      bbar      -5 [3] (12)   {-2}
                                -0.087     0.419   131.109  -131.060    -3.611
  6        W+      24 [7] (11,14)   
                                36.405  -127.294   116.163   192.667    78.087
  7         t       6 [9] (6,13)   {+1}
                                18.952   -91.280   129.290   234.994   172.670
  8        W-     -24 [9] (10,15)   
                               -18.865    90.862   -30.887   125.578    78.766
  9         b       5 [3] (7,8)   {+1}
                                 0.087    -0.419    98.403   360.572   346.885
--- final:
 10  nu_mubar     -14 [8]    
                               -21.088     7.791    18.321    29.001     0.000
 11        e+     -11 [6]    
                                 7.449   -47.554    93.014   104.731     0.001
 12      bbar      -5 [4,5]   17> {-3}
                                -0.087     0.419  -181.696   181.745     4.200
 13         b       5 [7]   >16 {+1}
                               -17.453    36.014    13.127    42.327     4.200
 14      nu_e      12 [6]    
                                28.956   -79.740    23.149    87.936    -0.000
 15       mu-      13 [8]    
                                 2.223    83.070   -49.208    96.577    -0.000
 16    Rem:p+      82 [1]   13>>17 {+2,-1}
                                 0.000     0.000  3270.488  3270.488     0.907
 17    Rem:p+      82 [2]   16>>12 {+3,-2}
                                -0.000     0.000 -3187.195  3187.195     0.895
------------------------------------------------------------------------------
     Sum of momenta:                 0         0         0     7e+03     7e+03
******************************************************************************
Event number 3 (id: LHC-Matchbox-emubbBar_LO_HThalf) performed by EventHandler
==============================================================================

--- Colliding particles:
  1        p+    2212  (3,16)   
                                 0.000     0.000  3500.000  3500.000     0.938
  2        p+    2212  (4,17)   
                                 0.000     0.000 -3500.000  3500.000     0.938
------------------------------------------------------------------------------
Primary sub-process performed by MEGenericProcesses[g,g->nu_mubar,e+,bbar,b,nu_e,mu-]
--- incoming:
  3         g      21 [1] (5,7)   {+1,-2}
                                -0.000     0.000  1262.743  1262.743     0.000
  4         g      21 [2] (9)   {+2,-3}
                                 0.000     0.000   -36.395    36.395     0.000
--- intermediates:
  5      tbar      -6 [3] (9)   {-2}
                               124.693    22.383   629.370   594.478  -242.387
  6        W+      24 [7] (11,14)   
                               -76.260    -7.299   593.022   603.310    80.239
  7         t       6 [3] (6,13)   {+1}
                              -124.693   -22.383   633.373   668.264   171.368
  8        W-     -24 [9] (10,15)   
                                55.428    24.072    72.532   105.821    47.807
  9      tbar      -6 [4,5] (8,12)   {-3}
                               124.693    22.383   592.975   630.873   174.160
--- outgoing:
 10  nu_mubar     -14 [8]    
                                15.684    21.247     4.228    26.746     0.000
 11        e+     -11 [6]    
                                -3.572     1.764   336.765   336.789     0.001
 12      bbar      -5 [9]   17> {-3}
                                69.265    -1.689   520.444   525.052     4.200
 13         b       5 [7]   >16 {+1}
                               -48.433   -15.084    40.350    64.955     4.200
 14      nu_e      12 [6]    
                               -72.688    -9.064   256.257   266.521    -0.000
 15       mu-      13 [8]    
                                39.744     2.825    68.303    79.075    -0.000
------------------------------------------------------------------------------
Step 1
--- intermediates:
  3         g      21 [1] (5,7)   {+1,-2}
                                -0.000     0.000  1262.743  1262.743     0.000
  4         g      21 [2] (9)   {+2,-3}
                                 0.000     0.000   -36.395    36.395     0.000
  5      tbar      -6 [3] (9)   {-2}
                               124.693    22.383   629.370   594.478  -242.387
  6        W+      24 [7] (11,14)   
                               -76.260    -7.299   593.022   603.310    80.239
  7         t       6 [3] (6,13)   {+1}
                              -124.693   -22.383   633.373   668.264   171.368
  8        W-     -24 [9] (10,15)   
                                55.428    24.072    72.532   105.821    47.807
  9      tbar      -6 [4,5] (8,12)   {-3}
                               124.693    22.383   592.975   630.873   174.160
--- final:
 10  nu_mubar     -14 [8]    
                                15.684    21.247     4.228    26.746     0.000
 11        e+     -11 [6]    
                                -3.572     1.764   336.765   336.789     0.001
 12      bbar      -5 [9]   17> {-3}
                                69.265    -1.689   520.444   525.052     4.200
 13         b       5 [7]   >16 {+1}
                               -48.433   -15.084    40.350    64.955     4.200
 14      nu_e      12 [6]    
                               -72.688    -9.064   256.257   266.521    -0.000
 15       mu-      13 [8]    
                                39.744     2.825    68.303    79.075    -0.000
 16    Rem:p+      82 [1]   13>>17 {+2,-1}
                                 0.000     0.000  2237.257  2237.257     0.750
 17    Rem:p+      82 [2]   16>>12 {+3,-2}
                                -0.000     0.000 -3463.605  3463.605     0.933
------------------------------------------------------------------------------
     Sum of momenta:                 0         0         0     7e+03     7e+03
******************************************************************************
Event number 4 (id: LHC-Matchbox-emubbBar_LO_HThalf) performed by EventHandler
==============================================================================

--- Colliding particles:
  1        p+    2212  (3,16)   
                                 0.000     0.000  3500.000  3500.000     0.938
  2        p+    2212  (4,17)   
                                 0.000     0.000 -3500.000  3500.000     0.938
------------------------------------------------------------------------------
Primary sub-process performed by MEGenericProcesses[g,g->nu_mubar,e+,bbar,b,nu_e,mu-]
--- incoming:
  3         g      21 [1] (5,7)   {+1,-2}
                                -0.000     0.000   237.830   237.830     0.000
  4         g      21 [2] (9)   {+2,-3}
                                 0.000     0.000  -414.269   414.269     0.000
--- intermediates:
  5      tbar      -6 [3] (9)   {-2}
                                25.137    17.905    52.698   -12.114   -59.857
  6        W+      24 [7] (11,14)   
                               -46.893    19.859   183.291   206.121    79.355
  7         t       6 [3] (6,13)   {+1}
                               -25.137   -17.905   185.132   249.944   165.063
  8        W-     -24 [9] (10,15)   
                                82.162    26.214  -245.346   272.360    80.918
  9      tbar      -6 [4,5] (8,12)   {-3}
                                25.137    17.905  -361.570   402.155   173.330
--- outgoing:
 10  nu_mubar     -14 [8]    
                                43.982   -16.124   -48.519    67.443    -0.000
 11        e+     -11 [6]    
                               -52.697    44.170   124.232   141.992     0.001
 12      bbar      -5 [9]   17> {-3}
                               -57.025    -8.310  -116.224   129.795     4.200
 13         b       5 [7]   >16 {+1}
                                21.755   -37.764     1.841    43.823     4.200
 14      nu_e      12 [6]    
                                 5.805   -24.311    59.058    64.130     0.000
 15       mu-      13 [8]    
                                38.180    42.339  -196.827   204.918    -0.000
------------------------------------------------------------------------------
Step 1
--- intermediates:
  3         g      21 [1] (5,7)   {+1,-2}
                                -0.000     0.000   237.830   237.830     0.000
  4         g      21 [2] (9)   {+2,-3}
                                 0.000     0.000  -414.269   414.269     0.000
  5      tbar      -6 [3] (9)   {-2}
                                25.137    17.905    52.698   -12.114   -59.857
  6        W+      24 [7] (11,14)   
                               -46.893    19.859   183.291   206.121    79.355
  7         t       6 [3] (6,13)   {+1}
                               -25.137   -17.905   185.132   249.944   165.063
  8        W-     -24 [9] (10,15)   
                                82.162    26.214  -245.346   272.360    80.918
  9      tbar      -6 [4,5] (8,12)   {-3}
                                25.137    17.905  -361.570   402.155   173.330
--- final:
 10  nu_mubar     -14 [8]    
                                43.982   -16.124   -48.519    67.443    -0.000
 11        e+     -11 [6]    
                               -52.697    44.170   124.232   141.992     0.001
 12      bbar      -5 [9]   17> {-3}
                               -57.025    -8.310  -116.224   129.795     4.200
 13         b       5 [7]   >16 {+1}
                                21.755   -37.764     1.841    43.823     4.200
 14      nu_e      12 [6]    
                                 5.805   -24.311    59.058    64.130     0.000
 15       mu-      13 [8]    
                                38.180    42.339  -196.827   204.918    -0.000
 16    Rem:p+      82 [1]   13>>17 {+2,-1}
                                 0.000     0.000  3262.169  3262.170     0.906
 17    Rem:p+      82 [2]   16>>12 {+3,-2}
                                -0.000     0.000 -3085.731  3085.731     0.881
------------------------------------------------------------------------------
     Sum of momenta:                 0         0         0     7e+03     7e+03
******************************************************************************
Event number 5 (id: LHC-Matchbox-emubbBar_LO_HThalf) performed by EventHandler
==============================================================================

--- Colliding particles:
  1        p+    2212  (3,16)   
                                 0.000     0.000  3500.000  3500.000     0.938
  2        p+    2212  (4,17)   
                                 0.000     0.000 -3500.000  3500.000     0.938
------------------------------------------------------------------------------
Primary sub-process performed by MEGenericProcesses[g,g->nu_mubar,e+,bbar,b,nu_e,mu-]
--- incoming:
  3         g      21 [1] (9)   {+1,-2}
                                -0.000    -0.000   280.424   280.424     0.000
  4         g      21 [2] (9)   {+2,-3}
                                 0.000    -0.000  -303.585   303.585     0.000
--- intermediates:
  5        W+      24 [6] (11,14)   
                               146.634    71.306   127.626   222.175    80.543
  6         t       6 [9] (5,13)   {+1}
                               142.521    30.512   174.358   284.485   171.136
  7        W-     -24 [8] (10,15)   
                              -166.653    -4.155  -185.462   261.577    78.968
  8      tbar      -6 [9] (7,12)   {-3}
                              -142.521   -30.512  -197.519   299.525   171.633
  9         g      21 [3,4] (6,8)   {+1,-3}
                                 0.000    -0.000   -23.161   584.009   583.550
--- outgoing:
 10  nu_mubar     -14 [7]    
                               -43.087   -26.071   -92.785   105.571    -0.000
 11        e+     -11 [5]    
                                24.338    31.845    -1.357    40.103     0.001
 12      bbar      -5 [8]   17> {-3}
                                24.131   -26.357   -12.057    37.948     4.200
 13         b       5 [6]   >16 {+1}
                                -4.113   -40.793    46.732    62.310     4.200
 14      nu_e      12 [5]    
                               122.296    39.461   128.983   182.072    -0.000
 15       mu-      13 [7]    
                              -123.566    21.916   -92.677   156.006    -0.000
------------------------------------------------------------------------------
Step 1
--- intermediates:
  3         g      21 [1] (9)   {+1,-2}
                                -0.000    -0.000   280.424   280.424     0.000
  4         g      21 [2] (9)   {+2,-3}
                                 0.000    -0.000  -303.585   303.585     0.000
  5        W+      24 [6] (11,14)   
                               146.634    71.306   127.626   222.175    80.543
  6         t       6 [9] (5,13)   {+1}
                               142.521    30.512   174.358   284.485   171.136
  7        W-     -24 [8] (10,15)   
                              -166.653    -4.155  -185.462   261.577    78.968
  8      tbar      -6 [9] (7,12)   {-3}
                              -142.521   -30.512  -197.519   299.525   171.633
  9         g      21 [3,4] (6,8)   {+1,-3}
                                 0.000    -0.000   -23.161   584.009   583.550
--- final:
 10  nu_mubar     -14 [7]    
                               -43.087   -26.071   -92.785   105.571    -0.000
 11        e+     -11 [5]    
                                24.338    31.845    -1.357    40.103     0.001
 12      bbar      -5 [8]   17> {-3}
                                24.131   -26.357   -12.057    37.948     4.200
 13         b       5 [6]   >16 {+1}
                                -4.113   -40.793    46.732    62.310     4.200
 14      nu_e      12 [5]    
                               122.296    39.461   128.983   182.072    -0.000
 15       mu-      13 [7]    
                              -123.566    21.916   -92.677   156.006    -0.000
 16    Rem:p+      82 [1]   13>>17 {+2,-1}
                                 0.000     0.000  3219.576  3219.576     0.900
 17    Rem:p+      82 [2]   16>>12 {+3,-2}
                                -0.000     0.000 -3196.415  3196.415     0.897
------------------------------------------------------------------------------
     Sum of momenta:                 0         0         0     7e+03     7e+03
******************************************************************************
Event number 6 (id: LHC-Matchbox-emubbBar_LO_HThalf) performed by EventHandler
==============================================================================

--- Colliding particles:
  1        p+    2212  (3,16)   
                                 0.000     0.000  3500.000  3500.000     0.938
  2        p+    2212  (4,17)   
                                 0.000     0.000 -3500.000  3500.000     0.938
------------------------------------------------------------------------------
Primary sub-process performed by MEGenericProcesses[b,bbar->nu_mubar,e+,bbar,b,nu_e,mu-]
--- incoming:
  3         b       5 [1] (6,13)   {+1}
                                -0.000     0.000   453.553   453.553     0.000
  4      bbar      -5 [2] (9)   {-1}
                                 0.000     0.000  -116.022   116.022     0.000
--- intermediates:
  5         t       6 [6] (9)   {+1}
                                44.013    87.265    96.367    13.383  -136.600
  6         g      21 [3] (5,8)   {+1,-2}
                                -0.006    -0.013   290.197   290.143    -5.597
  7        W-     -24 [8] (10,15)   
                               -73.743   -64.525   201.827   238.253    80.183
  8      tbar      -6 [6] (7,12)   {-2}
                               -44.019   -87.277   193.830   276.760   171.671
  9        W+      24 [4,5] (11,14)   
                                44.013    87.265   -19.655   129.405    82.505
--- outgoing:
 10  nu_mubar     -14 [7]    
                               -23.684    -8.831   136.680   138.997     0.000
 11        e+     -11 [9]    
                               -22.293    18.876   -17.651    34.129     0.001
 12      bbar      -5 [8]   13> {-2}
                                29.724   -22.753    -7.996    38.507     4.200
 13         b       5 [3]   >12 {+2}
                                 0.006     0.013   163.356   163.410     4.200
 14      nu_e      12 [9]    
                                66.305    68.389    -2.004    95.276     0.000
 15       mu-      13 [7]    
                               -50.059   -55.694    65.147    99.256     0.000
------------------------------------------------------------------------------
Step 1
--- intermediates:
  3         b       5 [1] (6,13)   {+1}
                                -0.000     0.000   453.553   453.553     0.000
  4      bbar      -5 [2] (9)   {-1}
                                 0.000     0.000  -116.022   116.022     0.000
  5         t       6 [6] (9)   {+1}
                                44.013    87.265    96.367    13.383  -136.600
  6         g      21 [3] (5,8)   {+1,-2}
                                -0.006    -0.013   290.197   290.143    -5.597
  7        W-     -24 [8] (10,15)   
                               -73.743   -64.525   201.827   238.253    80.183
  8      tbar      -6 [6] (7,12)   {-2}
                               -44.019   -87.277   193.830   276.760   171.671
  9        W+      24 [4,5] (11,14)   
                                44.013    87.265   -19.655   129.405    82.505
--- final:
 10  nu_mubar     -14 [7]    
                               -23.684    -8.831   136.680   138.997     0.000
 11        e+     -11 [9]    
                               -22.293    18.876   -17.651    34.129     0.001
 12      bbar      -5 [8]   13> {-2}
                                29.724   -22.753    -7.996    38.507     4.200
 13         b       5 [3]   >12 {+2}
                                 0.006     0.013   163.356   163.410     4.200
 14      nu_e      12 [9]    
                                66.305    68.389    -2.004    95.276     0.000
 15       mu-      13 [7]    
                               -50.059   -55.694    65.147    99.256     0.000
 16    Rem:p+      82 [1]   17> {-1}
                                 0.000     0.000  3046.447  3046.447     0.875
 17    Rem:p+      82 [2]   >16 {+1}
                                -0.000     0.000 -3383.978  3383.978     0.923
------------------------------------------------------------------------------
     Sum of momenta:                 0         0         0     7e+03     7e+03
******************************************************************************
Event number 7 (id: LHC-Matchbox-emubbBar_LO_HThalf) performed by EventHandler
==============================================================================

--- Colliding particles:
  1        p+    2212  (3,16)   
                                 0.000     0.000  3500.000  3500.000     0.938
  2        p+    2212  (4,17)   
                                 0.000     0.000 -3500.000  3500.000     0.938
------------------------------------------------------------------------------
Primary sub-process performed by MEGenericProcesses[g,g->nu_mubar,e+,bbar,b,nu_e,mu-]
--- incoming:
  3         g      21 [1] (5,7)   {+1,-2}
                                 0.000     0.000   717.640   717.640     0.000
  4         g      21 [2] (9)   {+2,-3}
                                 0.000    -0.000  -161.016   161.016     0.000
--- intermediates:
  5      tbar      -6 [3] (9)   {-2}
                               -64.770   -68.088    76.520    47.456  -111.509
  6        W+      24 [7] (11,14)   
                                41.928   -25.827   292.926   308.800    84.418
  7         t       6 [3] (6,13)   {+1}
                                64.770    68.088   641.120   670.183   171.114
  8        W-     -24 [9] (10,15)   
                               -55.833  -109.545   -64.622   161.450    82.297
  9      tbar      -6 [4,5] (8,12)   {-3}
                               -64.770   -68.088   -84.496   208.473   165.801
--- outgoing:
 10  nu_mubar     -14 [8]    
                               -74.334  -105.251   -58.337   141.444     0.000
 11        e+     -11 [6]    
                                42.659    21.217   185.519   191.539     0.001
 12      bbar      -5 [9]   17> {-3}
                                -8.937    41.456   -19.874    47.023     4.200
 13         b       5 [7]   >16 {+1}
                                22.842    93.915   348.193   361.383     4.200
 14      nu_e      12 [6]    
                                -0.731   -47.044   107.407   117.260     0.000
 15       mu-      13 [8]    
                                18.501    -4.294    -6.285    20.006     0.000
------------------------------------------------------------------------------
Step 1
--- intermediates:
  3         g      21 [1] (5,7)   {+1,-2}
                                 0.000     0.000   717.640   717.640     0.000
  4         g      21 [2] (9)   {+2,-3}
                                 0.000    -0.000  -161.016   161.016     0.000
  5      tbar      -6 [3] (9)   {-2}
                               -64.770   -68.088    76.520    47.456  -111.509
  6        W+      24 [7] (11,14)   
                                41.928   -25.827   292.926   308.800    84.418
  7         t       6 [3] (6,13)   {+1}
                                64.770    68.088   641.120   670.183   171.114
  8        W-     -24 [9] (10,15)   
                               -55.833  -109.545   -64.622   161.450    82.297
  9      tbar      -6 [4,5] (8,12)   {-3}
                               -64.770   -68.088   -84.496   208.473   165.801
--- final:
 10  nu_mubar     -14 [8]    
                               -74.334  -105.251   -58.337   141.444     0.000
 11        e+     -11 [6]    
                                42.659    21.217   185.519   191.539     0.001
 12      bbar      -5 [9]   17> {-3}
                                -8.937    41.456   -19.874    47.023     4.200
 13         b       5 [7]   >16 {+1}
                                22.842    93.915   348.193   361.383     4.200
 14      nu_e      12 [6]    
                                -0.731   -47.044   107.407   117.260     0.000
 15       mu-      13 [8]    
                                18.501    -4.294    -6.285    20.006     0.000
 16    Rem:p+      82 [1]   13>>17 {+2,-1}
                                 0.000     0.000  2782.360  2782.360     0.837
 17    Rem:p+      82 [2]   16>>12 {+3,-2}
                                -0.000     0.000 -3338.984  3338.984     0.916
------------------------------------------------------------------------------
     Sum of momenta:                 0         0         0     7e+03     7e+03
******************************************************************************
Event number 8 (id: LHC-Matchbox-emubbBar_LO_HThalf) performed by EventHandler
==============================================================================

--- Colliding particles:
  1        p+    2212  (3,16)   
                                 0.000     0.000  3500.000  3500.000     0.938
  2        p+    2212  (4,17)   
                                 0.000     0.000 -3500.000  3500.000     0.938
------------------------------------------------------------------------------
Primary sub-process performed by MEGenericProcesses[g,g->nu_mubar,e+,bbar,b,nu_e,mu-]
--- incoming:
  3         g      21 [1] (6,12)   {+1,-2}
                                 0.000     0.000   557.655   557.655     0.000
  4         g      21 [2] (9)   {+3,-1}
                                 0.000    -0.000   -84.360    84.360     0.000
--- intermediates:
  5         t       6 [6] (9)   {+1}
                                34.793   -69.511   132.618   108.560  -108.833
  6         b       5 [3] (5,7)   {+1}
                                -0.041    -0.015   380.173   380.123    -6.147
  7        W-     -24 [6] (10,15)   
                               -34.834    69.496   247.555   271.563    80.125
  8        W+      24 [9] (11,14)   
                               -43.726   -40.754     4.797    98.588    78.254
  9         t       6 [4,5] (8,13)   {+3}
                                34.793   -69.511    48.258   192.920   169.844
--- outgoing:
 10  nu_mubar     -14 [7]    
                               -32.214    -3.433   123.093   127.284    -0.000
 11        e+     -11 [8]    
                               -48.396     6.496    12.698    50.454     0.001
 12      bbar      -5 [3]   16> {-2}
                                 0.041     0.015   177.482   177.532     4.200
 13         b       5 [9]   >17 {+3}
                                78.519   -28.757    43.461    94.333     4.200
 14      nu_e      12 [8]    
                                 4.670   -47.250    -7.901    48.134    -0.000
 15       mu-      13 [7]    
                                -2.620    72.929   124.463   144.279    -0.000
------------------------------------------------------------------------------
Step 1
--- intermediates:
  3         g      21 [1] (6,12)   {+1,-2}
                                 0.000     0.000   557.655   557.655     0.000
  4         g      21 [2] (9)   {+3,-1}
                                 0.000    -0.000   -84.360    84.360     0.000
  5         t       6 [6] (9)   {+1}
                                34.793   -69.511   132.618   108.560  -108.833
  6         b       5 [3] (5,7)   {+1}
                                -0.041    -0.015   380.173   380.123    -6.147
  7        W-     -24 [6] (10,15)   
                               -34.834    69.496   247.555   271.563    80.125
  8        W+      24 [9] (11,14)   
                               -43.726   -40.754     4.797    98.588    78.254
  9         t       6 [4,5] (8,13)   {+3}
                                34.793   -69.511    48.258   192.920   169.844
--- final:
 10  nu_mubar     -14 [7]    
                               -32.214    -3.433   123.093   127.284    -0.000
 11        e+     -11 [8]    
                               -48.396     6.496    12.698    50.454     0.001
 12      bbar      -5 [3]   16> {-2}
                                 0.041     0.015   177.482   177.532     4.200
 13         b       5 [9]   >17 {+3}
                                78.519   -28.757    43.461    94.333     4.200
 14      nu_e      12 [8]    
                                 4.670   -47.250    -7.901    48.134    -0.000
 15       mu-      13 [7]    
                                -2.620    72.929   124.463   144.279    -0.000
 16    Rem:p+      82 [1]   17>>12 {+2,-1}
                                 0.000     0.000  2942.345  2942.345     0.860
 17    Rem:p+      82 [2]   13>>16 {+1,-3}
                                -0.000     0.000 -3415.640  3415.640     0.927
------------------------------------------------------------------------------
     Sum of momenta:                 0         0         0     7e+03     7e+03
******************************************************************************
Event number 9 (id: LHC-Matchbox-emubbBar_LO_HThalf) performed by EventHandler
==============================================================================

--- Colliding particles:
  1        p+    2212  (3,16)   
                                 0.000     0.000  3500.000  3500.000     0.938
  2        p+    2212  (4,17)   
                                 0.000     0.000 -3500.000  3500.000     0.938
------------------------------------------------------------------------------
Primary sub-process performed by MEGenericProcesses[g,g->nu_mubar,e+,bbar,b,nu_e,mu-]
--- incoming:
  3         g      21 [1] (5,7)   {+1,-2}
                                -0.000     0.000   232.491   232.491     0.000
  4         g      21 [2] (9)   {+2,-3}
                                 0.000     0.000  -228.544   228.544     0.000
--- intermediates:
  5      tbar      -6 [3] (9)   {-2}
                                -0.020    93.946   352.253     3.294  -364.551
  6        W+      24 [7] (11,14)   
                               -31.216   -70.501    -9.514   112.162    80.901
  7         t       6 [3] (6,13)   {+1}
                                 0.020   -93.946  -119.761   229.198   171.356
  8        W-     -24 [9] (10,15)   
                               -24.771   126.261   112.425   189.390    81.694
  9      tbar      -6 [4,5] (8,12)   {-3}
                                -0.020    93.946   123.709   231.838   172.101
--- outgoing:
 10  nu_mubar     -14 [8]    
                               -30.068    74.114    18.908    82.186    -0.000
 11        e+     -11 [6]    
                                19.783    -2.321   -17.673    26.629     0.001
 12      bbar      -5 [9]   17> {-3}
                                24.751   -32.314    11.284    42.448     4.200
 13         b       5 [7]   >16 {+1}
                                31.236   -23.446  -110.247   117.036     4.200
 14      nu_e      12 [6]    
                               -50.999   -68.179     8.159    85.533     0.000
 15       mu-      13 [8]    
                                 5.297    52.147    93.517   107.204     0.000
------------------------------------------------------------------------------
Step 1
--- intermediates:
  3         g      21 [1] (5,7)   {+1,-2}
                                -0.000     0.000   232.491   232.491     0.000
  4         g      21 [2] (9)   {+2,-3}
                                 0.000     0.000  -228.544   228.544     0.000
  5      tbar      -6 [3] (9)   {-2}
                                -0.020    93.946   352.253     3.294  -364.551
  6        W+      24 [7] (11,14)   
                               -31.216   -70.501    -9.514   112.162    80.901
  7         t       6 [3] (6,13)   {+1}
                                 0.020   -93.946  -119.761   229.198   171.356
  8        W-     -24 [9] (10,15)   
                               -24.771   126.261   112.425   189.390    81.694
  9      tbar      -6 [4,5] (8,12)   {-3}
                                -0.020    93.946   123.709   231.838   172.101
--- final:
 10  nu_mubar     -14 [8]    
                               -30.068    74.114    18.908    82.186    -0.000
 11        e+     -11 [6]    
                                19.783    -2.321   -17.673    26.629     0.001
 12      bbar      -5 [9]   17> {-3}
                                24.751   -32.314    11.284    42.448     4.200
 13         b       5 [7]   >16 {+1}
                                31.236   -23.446  -110.247   117.036     4.200
 14      nu_e      12 [6]    
                               -50.999   -68.179     8.159    85.533     0.000
 15       mu-      13 [8]    
                                 5.297    52.147    93.517   107.204     0.000
 16    Rem:p+      82 [1]   13>>17 {+2,-1}
                                 0.000     0.000  3267.509  3267.509     0.907
 17    Rem:p+      82 [2]   16>>12 {+3,-2}
                                -0.000     0.000 -3271.456  3271.456     0.907
------------------------------------------------------------------------------
     Sum of momenta:                 0         0         0     7e+03     7e+03
final integrated cross section is ( 0.00148256 +/- 4.68767e-05 ) nb



Note: In this run 16 of the 1000 accepted events
were found with a weight W larger than the expected Wmax.
This corresponds to a cross section difference between:
   UnitWeights:       0.00148256nb
   AlmostUnweighted:  0.00172657nb
 use 'set Sampler:AlmostUnweighted On' to switch to non-unit weights.

The maximum weight determined in the read/integrate step has been enhanced by 
   set /Herwig/Samplers/Sampler:MaxEnhancement 1.1.
If the rate of excessions (1.6%) or the change of the cross section is large,
you can try to:

Enhance the number of points used in the read/integrate step
   set /Herwig/Samplers/Sampler:BinSampler:InitialPoints ...

and/or enhance the reference weight found in the read/integrate step
   set /Herwig/Samplers/Sampler:MaxEnhancement 1.x

If this does not help (and your process is well defined by cuts)
don't hesitate to contact herwig@projects.hepforge.org.

No exceptions reported in this run.
