>>>>>>>>>>>>>>>>>>>>>>>>>>>>>>>>>>>>>>>>>>>>>>>>>>>>>>>>>>>>>>>>>>>>>>>>>>>>>>
>>>> Toolkit for HEP Event Generation - ThePEG 2.0.2 <<<<<<<<<<<<<<<<<<<<<<<<<
<<<<<<<<<<<<<<<<<<<<<<<<<<<<<<<<<<<<<<<<<<<<<<<<<<<<<<<<<<<<<<<<<<<<<<<<<<<<<<

>> Herwig 7.0.2 / ThePEG 2.0.2

==============================================================================
Statistics for event handler 'EventHandler':
                                       generated    number of    Cross-section
                                          events     attempts             (nb)
==============================================================================
Total (from   weighted events): including vetoed events          0.2059(7)e+00
==============================================================================
Total (from unweighted events):           100000       100078      9.61(4)e-03
==============================================================================
Per matrix element breakdown:
MEGenericProcesses[d,dbar->W-,bbar,b,       3755         3763      0.36(1)e-03
MEGenericProcesses[dbar,d->W-,bbar,b,       3599         3609      0.35(1)e-03
MEGenericProcesses[ubar,u->W-,bbar,b,       6147         6166      0.59(1)e-03
MEGenericProcesses[u,ubar->W-,bbar,b,       6163         6175      0.59(1)e-03
MEGenericProcesses[c,cbar->W-,bbar,b,        235          235        23(1)e-06
MEGenericProcesses[cbar,c->W-,bbar,b,        181          182        17(3)e-06
MEGenericProcesses[sbar,s->W-,bbar,b,        377          383        36(7)e-06
MEGenericProcesses[s,sbar->W-,bbar,b,        411          412        39(4)e-06
MEGenericProcesses[b,bbar->W-,bbar,b,       3037         3043     0.292(9)e-03
MEGenericProcesses[bbar,b->W-,bbar,b,       1674         1674     0.161(4)e-03
MEGenericProcesses[g,g->W-,bbar,b,W+]      74421        74436      7.15(3)e-03
==============================================================================
