>>>>>>>>>>>>>>>>>>>>>>>>>>>>>>>>>>>>>>>>>>>>>>>>>>>>>>>>>>>>>>>>>>>>>>>>>>>>>>
>>>> Toolkit for HEP Event Generation - ThePEG 2.0.2 <<<<<<<<<<<<<<<<<<<<<<<<<
<<<<<<<<<<<<<<<<<<<<<<<<<<<<<<<<<<<<<<<<<<<<<<<<<<<<<<<<<<<<<<<<<<<<<<<<<<<<<<

>> Herwig 7.0.2 / ThePEG 2.0.2

/Herwig/Cuts/Cuts:
MHat  = 0 .. 7000 GeV
Scale = 2 .. 1e+12 GeV2
YHat  = -100 .. 100
X1    = 1e-05 .. 1
X2    = 1e-05 .. 1

IdentifiedParticleCut 'BJetCut' matching 'BJetMatcher' within:
pt  = 30 .. 1e+06 GeV
IdentifiedParticleCut 'PhotonCut' matching 'Photon' within:
pt  = 0 .. 1e+06 GeV
IdentifiedParticleCut 'LeptonCut' matching 'Lepton' within:
pt  = 20 .. 1e+06 GeV
IdentifiedParticleCut 'TopQuarkCut' matching 'Top' within:
pt  = 0 .. 1e+06 GeV
IdentifiedParticleCut 'WBosonCut' matching 'WBoson' within:
pt  = 0 .. 1e+06 GeV
IdentifiedParticleCut 'ZBosonCut' matching 'ZBoson' within:
pt  = 0 .. 1e+06 GeV
IdentifiedParticleCut 'HiggsBosonCut' matching 'HiggsBoson' within:
pt  = 0 .. 1e+06 GeV
IdentifiedParticleCut 'ChargedLeptonCut' matching 'ChargedLepton' within:
pt  = 0 .. 1e+06 GeV
/Herwig/Cuts/LeptonPairMassCut
matching distances between: 'Lepton' and 'Lepton':
M = 0 .. 1e+06 GeV
same flavour only = false 
opposite sign only = false 

/Herwig/Cuts/ChargedLeptonPairMassCut
matching distances between: 'ChargedLepton' and 'ChargedLepton':
M = 0 .. 1e+06 GeV
same flavour only = false 
opposite sign only = false 

/Herwig/Cuts/LeptonDeltaRCut
matching distances between: 'Lepton' and 'Lepton':
DeltaRMin = 0 
DeltaRMax = 100 
DeltaPhiMin = 0 
DeltaPhiMax = 6.28319 
DeltaYMin = 0 
DeltaYMax = 100 

/Herwig/Cuts/ChargedLeptonDeltaRCut
matching distances between: 'ChargedLepton' and 'ChargedLepton':
DeltaRMin = 0 
DeltaRMax = 100 
DeltaPhiMin = 0 
DeltaPhiMax = 6.28319 
DeltaYMin = 0 
DeltaYMax = 100 

/Herwig/Cuts/PhotonIsolationCut matching unresolved particles from 'MatchboxJetMatcher':
DeltaZero = 0 
Exponent n = 1 
Efficiency = 0 
Cut Type = 1 

MissingPtCut 'MissingPtCut' matching 'Neutrino' within:
ptMiss  = 20 .. 1e+06 GeV
******************************************************************************
Event number 1 (id: LHC-Matchbox-emubbBar_LO_HThalfPrime) performed by EventHandler
==============================================================================

--- Colliding particles:
  1        p+    2212  (3,16)   
                                 0.000     0.000  3500.000  3500.000     0.938
  2        p+    2212  (4,17)   
                                 0.000     0.000 -3500.000  3500.000     0.938
------------------------------------------------------------------------------
Primary sub-process performed by MEGenericProcesses[g,g->nu_mubar,e+,bbar,b,nu_e,mu-]
--- incoming:
  3         g      21 [1] (9)   {+1,-2}
                                 0.000    -0.000   182.620   182.620     0.000
  4         g      21 [2] (9)   {+2,-3}
                                 0.000     0.000  -182.338   182.338     0.000
--- intermediates:
  5        W+      24 [6] (11,14)   
                               -10.401   -40.106    12.149    91.441    80.605
  6         t       6 [9] (5,13)   {+1}
                               -26.880    40.195   -27.495   182.596   173.917
  7        W-     -24 [8] (10,15)   
                                81.919   -16.849     1.804   117.042    81.859
  8      tbar      -6 [9] (7,12)   {-3}
                                26.880   -40.195    27.777   182.361   173.626
  9         g      21 [3,4] (6,8)   {+1,-3}
                                 0.000    -0.000     0.282   364.957   364.957
--- outgoing:
 10  nu_mubar     -14 [7]    
                                55.969   -40.337   -24.551    73.228    -0.000
 11        e+     -11 [5]    
                               -12.927    22.965    -3.009    26.525     0.001
 12      bbar      -5 [8]   17> {-3}
                               -55.040   -23.346    25.973    65.319     4.200
 13         b       5 [6]   >16 {+1}
                               -16.479    80.301   -39.644    91.154     4.200
 14      nu_e      12 [5]    
                                 2.526   -63.072    15.159    64.917     0.000
 15       mu-      13 [7]    
                                25.951    23.488    26.354    43.814    -0.000
------------------------------------------------------------------------------
Step 1
--- intermediates:
  3         g      21 [1] (9)   {+1,-2}
                                 0.000    -0.000   182.620   182.620     0.000
  4         g      21 [2] (9)   {+2,-3}
                                 0.000     0.000  -182.338   182.338     0.000
  5        W+      24 [6] (11,14)   
                               -10.401   -40.106    12.149    91.441    80.605
  6         t       6 [9] (5,13)   {+1}
                               -26.880    40.195   -27.495   182.596   173.917
  7        W-     -24 [8] (10,15)   
                                81.919   -16.849     1.804   117.042    81.859
  8      tbar      -6 [9] (7,12)   {-3}
                                26.880   -40.195    27.777   182.361   173.626
  9         g      21 [3,4] (6,8)   {+1,-3}
                                 0.000    -0.000     0.282   364.957   364.957
--- final:
 10  nu_mubar     -14 [7]    
                                55.969   -40.337   -24.551    73.228    -0.000
 11        e+     -11 [5]    
                               -12.927    22.965    -3.009    26.525     0.001
 12      bbar      -5 [8]   17> {-3}
                               -55.040   -23.346    25.973    65.319     4.200
 13         b       5 [6]   >16 {+1}
                               -16.479    80.301   -39.644    91.154     4.200
 14      nu_e      12 [5]    
                                 2.526   -63.072    15.159    64.917     0.000
 15       mu-      13 [7]    
                                25.951    23.488    26.354    43.814    -0.000
 16    Rem:p+      82 [1]   13>>17 {+2,-1}
                                 0.000     0.000  3317.380  3317.380     0.913
 17    Rem:p+      82 [2]   16>>12 {+3,-2}
                                -0.000     0.000 -3317.662  3317.662     0.914
------------------------------------------------------------------------------
     Sum of momenta:                 0         0         0     7e+03     7e+03
******************************************************************************
Event number 2 (id: LHC-Matchbox-emubbBar_LO_HThalfPrime) performed by EventHandler
==============================================================================

--- Colliding particles:
  1        p+    2212  (3,16)   
                                 0.000     0.000  3500.000  3500.000     0.938
  2        p+    2212  (4,17)   
                                 0.000     0.000 -3500.000  3500.000     0.938
------------------------------------------------------------------------------
Primary sub-process performed by MEGenericProcesses[g,g->nu_mubar,e+,bbar,b,nu_e,mu-]
--- incoming:
  3         g      21 [1] (9)   {+1,-2}
                                -0.000     0.000   289.464   289.464     0.000
  4         g      21 [2] (9)   {+2,-3}
                                 0.000    -0.000  -197.518   197.518     0.000
--- intermediates:
  5        W+      24 [6] (11,14)   
                                98.701   -17.983   166.639   210.397    80.206
  6         t       6 [9] (5,13)   {+1}
                                48.041    -4.735   204.517   275.161   177.640
  7        W-     -24 [8] (10,15)   
                                -7.195    49.837  -116.068   150.728    81.924
  8      tbar      -6 [9] (7,12)   {-3}
                               -48.041     4.735  -112.570   211.821   172.818
  9         g      21 [3,4] (6,8)   {+1,-3}
                                 0.000    -0.000    91.946   486.982   478.223
--- outgoing:
 10  nu_mubar     -14 [7]    
                                27.447    14.505    -8.287    32.131    -0.000
 11        e+     -11 [5]    
                                61.831    19.246    47.702    80.430     0.001
 12      bbar      -5 [8]   17> {-3}
                               -40.846   -45.102     3.498    61.093     4.200
 13         b       5 [6]   >16 {+1}
                               -50.660    13.247    37.878    64.764     4.200
 14      nu_e      12 [5]    
                                36.870   -37.229   118.937   129.967     0.000
 15       mu-      13 [7]    
                               -34.642    35.332  -107.781   118.597    -0.000
------------------------------------------------------------------------------
Step 1
--- intermediates:
  3         g      21 [1] (9)   {+1,-2}
                                -0.000     0.000   289.464   289.464     0.000
  4         g      21 [2] (9)   {+2,-3}
                                 0.000    -0.000  -197.518   197.518     0.000
  5        W+      24 [6] (11,14)   
                                98.701   -17.983   166.639   210.397    80.206
  6         t       6 [9] (5,13)   {+1}
                                48.041    -4.735   204.517   275.161   177.640
  7        W-     -24 [8] (10,15)   
                                -7.195    49.837  -116.068   150.728    81.924
  8      tbar      -6 [9] (7,12)   {-3}
                               -48.041     4.735  -112.570   211.821   172.818
  9         g      21 [3,4] (6,8)   {+1,-3}
                                 0.000    -0.000    91.946   486.982   478.223
--- final:
 10  nu_mubar     -14 [7]    
                                27.447    14.505    -8.287    32.131    -0.000
 11        e+     -11 [5]    
                                61.831    19.246    47.702    80.430     0.001
 12      bbar      -5 [8]   17> {-3}
                               -40.846   -45.102     3.498    61.093     4.200
 13         b       5 [6]   >16 {+1}
                               -50.660    13.247    37.878    64.764     4.200
 14      nu_e      12 [5]    
                                36.870   -37.229   118.937   129.967     0.000
 15       mu-      13 [7]    
                               -34.642    35.332  -107.781   118.597    -0.000
 16    Rem:p+      82 [1]   13>>17 {+2,-1}
                                 0.000     0.000  3210.536  3210.536     0.899
 17    Rem:p+      82 [2]   16>>12 {+3,-2}
                                -0.000     0.000 -3302.482  3302.482     0.911
------------------------------------------------------------------------------
     Sum of momenta:                 0         0         0     7e+03     7e+03
******************************************************************************
Event number 3 (id: LHC-Matchbox-emubbBar_LO_HThalfPrime) performed by EventHandler
==============================================================================

--- Colliding particles:
  1        p+    2212  (3,16)   
                                 0.000     0.000  3500.000  3500.000     0.938
  2        p+    2212  (4,17)   
                                 0.000     0.000 -3500.000  3500.000     0.938
------------------------------------------------------------------------------
Primary sub-process performed by MEGenericProcesses[g,g->nu_mubar,e+,bbar,b,nu_e,mu-]
--- incoming:
  3         g      21 [1] (9)   {+1,-2}
                                 0.000     0.000   313.551   313.551     0.000
  4         g      21 [2] (9)   {+2,-3}
                                 0.000    -0.000  -689.178   689.178     0.000
--- intermediates:
  5        W+      24 [6] (11,14)   
                                91.795   307.191  -107.478   347.791    81.329
  6         t       6 [9] (5,13)   {+1}
                                61.562   414.866   -82.956   462.364   176.053
  7        W-     -24 [8] (10,15)   
                               -63.064  -151.458   -69.124   194.855    79.207
  8      tbar      -6 [9] (7,12)   {-3}
                               -61.562  -414.866  -292.672   540.365   174.453
  9         g      21 [3,4] (6,8)   {+1,-3}
                                 0.000     0.000  -375.628  1002.729   929.714
--- outgoing:
 10  nu_mubar     -14 [7]    
                                 9.649   -31.848     9.105    34.500     0.000
 11        e+     -11 [5]    
                                 7.144   165.544   -57.034   175.239     0.001
 12      bbar      -5 [8]   17> {-3}
                                 1.502  -263.408  -223.547   345.510     4.200
 13         b       5 [6]   >16 {+1}
                               -30.233   107.675    24.522   114.573     4.200
 14      nu_e      12 [5]    
                                84.650   141.648   -50.443   172.552    -0.000
 15       mu-      13 [7]    
                               -72.713  -119.611   -78.229   160.355     0.000
------------------------------------------------------------------------------
Step 1
--- intermediates:
  3         g      21 [1] (9)   {+1,-2}
                                 0.000     0.000   313.551   313.551     0.000
  4         g      21 [2] (9)   {+2,-3}
                                 0.000    -0.000  -689.178   689.178     0.000
  5        W+      24 [6] (11,14)   
                                91.795   307.191  -107.478   347.791    81.329
  6         t       6 [9] (5,13)   {+1}
                                61.562   414.866   -82.956   462.364   176.053
  7        W-     -24 [8] (10,15)   
                               -63.064  -151.458   -69.124   194.855    79.207
  8      tbar      -6 [9] (7,12)   {-3}
                               -61.562  -414.866  -292.672   540.365   174.453
  9         g      21 [3,4] (6,8)   {+1,-3}
                                 0.000     0.000  -375.628  1002.729   929.714
--- final:
 10  nu_mubar     -14 [7]    
                                 9.649   -31.848     9.105    34.500     0.000
 11        e+     -11 [5]    
                                 7.144   165.544   -57.034   175.239     0.001
 12      bbar      -5 [8]   17> {-3}
                                 1.502  -263.408  -223.547   345.510     4.200
 13         b       5 [6]   >16 {+1}
                               -30.233   107.675    24.522   114.573     4.200
 14      nu_e      12 [5]    
                                84.650   141.648   -50.443   172.552    -0.000
 15       mu-      13 [7]    
                               -72.713  -119.611   -78.229   160.355     0.000
 16    Rem:p+      82 [1]   13>>17 {+2,-1}
                                 0.000     0.000  3186.449  3186.449     0.895
 17    Rem:p+      82 [2]   16>>12 {+3,-2}
                                -0.000     0.000 -2810.821  2810.822     0.841
------------------------------------------------------------------------------
     Sum of momenta:                 0         0         0     7e+03     7e+03
******************************************************************************
Event number 4 (id: LHC-Matchbox-emubbBar_LO_HThalfPrime) performed by EventHandler
==============================================================================

--- Colliding particles:
  1        p+    2212  (3,16)   
                                 0.000     0.000  3500.000  3500.000     0.938
  2        p+    2212  (4,17)   
                                 0.000     0.000 -3500.000  3500.000     0.938
------------------------------------------------------------------------------
Primary sub-process performed by MEGenericProcesses[g,g->nu_mubar,e+,bbar,b,nu_e,mu-]
--- incoming:
  3         g      21 [1] (9)   {+1,-2}
                                 0.000    -0.000   210.483   210.483     0.000
  4         g      21 [2] (9)   {+3,-1}
                                 0.000     0.000  -211.481   211.481     0.000
--- intermediates:
  5        W+      24 [6] (11,14)   
                                62.179    -0.250    10.382   105.558    84.667
  6         t       6 [9] (5,13)   {+3}
                                64.573   -43.148   -87.213   212.275   177.265
  7        W-     -24 [8] (10,15)   
                                14.611   -13.947    72.746   111.054    81.443
  8      tbar      -6 [9] (7,12)   {-2}
                               -64.573    43.148    86.215   209.689   174.658
  9         g      21 [3,4] (6,8)   {+3,-2}
                                 0.000     0.000    -0.999   421.964   421.963
--- outgoing:
 10  nu_mubar     -14 [7]    
                               -22.294   -32.361    51.139    64.494    -0.000
 11        e+     -11 [5]    
                                62.551    33.098     0.478    70.769     0.001
 12      bbar      -5 [8]   16> {-2}
                               -79.184    57.095    13.469    98.635     4.200
 13         b       5 [6]   >17 {+3}
                                 2.395   -42.898   -97.595   106.716     4.200
 14      nu_e      12 [5]    
                                -0.372   -33.348     9.903    34.789     0.000
 15       mu-      13 [7]    
                                36.905    18.414    21.607    46.560    -0.000
------------------------------------------------------------------------------
Step 1
--- intermediates:
  3         g      21 [1] (9)   {+1,-2}
                                 0.000    -0.000   210.483   210.483     0.000
  4         g      21 [2] (9)   {+3,-1}
                                 0.000     0.000  -211.481   211.481     0.000
  5        W+      24 [6] (11,14)   
                                62.179    -0.250    10.382   105.558    84.667
  6         t       6 [9] (5,13)   {+3}
                                64.573   -43.148   -87.213   212.275   177.265
  7        W-     -24 [8] (10,15)   
                                14.611   -13.947    72.746   111.054    81.443
  8      tbar      -6 [9] (7,12)   {-2}
                               -64.573    43.148    86.215   209.689   174.658
  9         g      21 [3,4] (6,8)   {+3,-2}
                                 0.000     0.000    -0.999   421.964   421.963
--- final:
 10  nu_mubar     -14 [7]    
                               -22.294   -32.361    51.139    64.494    -0.000
 11        e+     -11 [5]    
                                62.551    33.098     0.478    70.769     0.001
 12      bbar      -5 [8]   16> {-2}
                               -79.184    57.095    13.469    98.635     4.200
 13         b       5 [6]   >17 {+3}
                                 2.395   -42.898   -97.595   106.716     4.200
 14      nu_e      12 [5]    
                                -0.372   -33.348     9.903    34.789     0.000
 15       mu-      13 [7]    
                                36.905    18.414    21.607    46.560    -0.000
 16    Rem:p+      82 [1]   17>>12 {+2,-1}
                                 0.000     0.000  3289.517  3289.517     0.910
 17    Rem:p+      82 [2]   13>>16 {+1,-3}
                                -0.000     0.000 -3288.518  3288.519     0.909
------------------------------------------------------------------------------
     Sum of momenta:                 0         0         0     7e+03     7e+03
******************************************************************************
Event number 5 (id: LHC-Matchbox-emubbBar_LO_HThalfPrime) performed by EventHandler
==============================================================================

--- Colliding particles:
  1        p+    2212  (3,16)   
                                 0.000     0.000  3500.000  3500.000     0.938
  2        p+    2212  (4,17)   
                                 0.000     0.000 -3500.000  3500.000     0.938
------------------------------------------------------------------------------
Primary sub-process performed by MEGenericProcesses[g,g->nu_mubar,e+,bbar,b,nu_e,mu-]
--- incoming:
  3         g      21 [1] (9)   {+1,-2}
                                 0.000    -0.000   332.857   332.857     0.000
  4         g      21 [2] (9)   {+3,-1}
                                 0.000     0.000  -137.133   137.133     0.000
--- intermediates:
  5        W+      24 [6] (11,14)   
                                86.081   -78.771   105.096   174.506    76.108
  6         t       6 [9] (5,13)   {+3}
                                52.909  -109.377    78.453   227.085   175.071
  7        W-     -24 [8] (10,15)   
                               -71.541   139.641    88.434   196.945    79.681
  8      tbar      -6 [9] (7,12)   {-2}
                               -52.909   109.377   117.272   242.905   174.607
  9         g      21 [3,4] (6,8)   {+3,-2}
                                 0.000    -0.000   195.724   469.990   427.297
--- outgoing:
 10  nu_mubar     -14 [7]    
                                -3.300    39.164    60.774    72.376     0.000
 11        e+     -11 [5]    
                                51.724     1.670    36.084    63.088     0.001
 12      bbar      -5 [8]   16> {-2}
                                18.632   -30.264    28.838    45.960     4.200
 13         b       5 [6]   >17 {+3}
                               -33.172   -30.606   -26.643    52.579     4.200
 14      nu_e      12 [5]    
                                34.357   -80.441    69.012   111.417     0.000
 15       mu-      13 [7]    
                               -68.241   100.477    27.660   124.569     0.000
------------------------------------------------------------------------------
Step 1
--- intermediates:
  3         g      21 [1] (9)   {+1,-2}
                                 0.000    -0.000   332.857   332.857     0.000
  4         g      21 [2] (9)   {+3,-1}
                                 0.000     0.000  -137.133   137.133     0.000
  5        W+      24 [6] (11,14)   
                                86.081   -78.771   105.096   174.506    76.108
  6         t       6 [9] (5,13)   {+3}
                                52.909  -109.377    78.453   227.085   175.071
  7        W-     -24 [8] (10,15)   
                               -71.541   139.641    88.434   196.945    79.681
  8      tbar      -6 [9] (7,12)   {-2}
                               -52.909   109.377   117.272   242.905   174.607
  9         g      21 [3,4] (6,8)   {+3,-2}
                                 0.000    -0.000   195.724   469.990   427.297
--- final:
 10  nu_mubar     -14 [7]    
                                -3.300    39.164    60.774    72.376     0.000
 11        e+     -11 [5]    
                                51.724     1.670    36.084    63.088     0.001
 12      bbar      -5 [8]   16> {-2}
                                18.632   -30.264    28.838    45.960     4.200
 13         b       5 [6]   >17 {+3}
                               -33.172   -30.606   -26.643    52.579     4.200
 14      nu_e      12 [5]    
                                34.357   -80.441    69.012   111.417     0.000
 15       mu-      13 [7]    
                               -68.241   100.477    27.660   124.569     0.000
 16    Rem:p+      82 [1]   17>>12 {+2,-1}
                                 0.000     0.000  3167.143  3167.143     0.893
 17    Rem:p+      82 [2]   13>>16 {+1,-3}
                                -0.000     0.000 -3362.867  3362.867     0.920
------------------------------------------------------------------------------
     Sum of momenta:                 0         0         0     7e+03     7e+03
******************************************************************************
Event number 6 (id: LHC-Matchbox-emubbBar_LO_HThalfPrime) performed by EventHandler
==============================================================================

--- Colliding particles:
  1        p+    2212  (3,16)   
                                 0.000     0.000  3500.000  3500.000     0.938
  2        p+    2212  (4,17)   
                                 0.000     0.000 -3500.000  3500.000     0.938
------------------------------------------------------------------------------
Primary sub-process performed by MEGenericProcesses[g,g->nu_mubar,e+,bbar,b,nu_e,mu-]
--- incoming:
  3         g      21 [1] (9)   {+1,-2}
                                 0.000     0.000   187.516   187.516     0.000
  4         g      21 [2] (9)   {+2,-3}
                                 0.000     0.000  -336.152   336.152     0.000
--- intermediates:
  5        W+      24 [6] (11,14)   
                               111.375     0.876   -25.790   139.714    80.309
  6         t       6 [9] (5,13)   {+1}
                               130.582   -24.928    53.652   225.524   174.096
  7        W-     -24 [8] (10,15)   
                               -68.828    27.051  -197.502   236.026   105.982
  8      tbar      -6 [9] (7,12)   {-3}
                              -130.582    24.928  -202.287   298.144   174.059
  9         g      21 [3,4] (6,8)   {+1,-3}
                                 0.000    -0.000  -148.635   523.668   502.131
--- outgoing:
 10  nu_mubar     -14 [7]    
                                25.708    17.459   -28.618    42.246    -0.000
 11        e+     -11 [5]    
                                17.667     7.269   -40.370    44.662     0.001
 12      bbar      -5 [8]   17> {-3}
                               -61.754    -2.123    -4.785    62.118     4.200
 13         b       5 [6]   >16 {+1}
                                19.207   -25.804    79.442    85.811     4.200
 14      nu_e      12 [5]    
                                93.708    -6.392    14.580    95.051    -0.000
 15       mu-      13 [7]    
                               -94.536     9.592  -168.884   193.780     0.000
------------------------------------------------------------------------------
Step 1
--- intermediates:
  3         g      21 [1] (9)   {+1,-2}
                                 0.000     0.000   187.516   187.516     0.000
  4         g      21 [2] (9)   {+2,-3}
                                 0.000     0.000  -336.152   336.152     0.000
  5        W+      24 [6] (11,14)   
                               111.375     0.876   -25.790   139.714    80.309
  6         t       6 [9] (5,13)   {+1}
                               130.582   -24.928    53.652   225.524   174.096
  7        W-     -24 [8] (10,15)   
                               -68.828    27.051  -197.502   236.026   105.982
  8      tbar      -6 [9] (7,12)   {-3}
                              -130.582    24.928  -202.287   298.144   174.059
  9         g      21 [3,4] (6,8)   {+1,-3}
                                 0.000    -0.000  -148.635   523.668   502.131
--- final:
 10  nu_mubar     -14 [7]    
                                25.708    17.459   -28.618    42.246    -0.000
 11        e+     -11 [5]    
                                17.667     7.269   -40.370    44.662     0.001
 12      bbar      -5 [8]   17> {-3}
                               -61.754    -2.123    -4.785    62.118     4.200
 13         b       5 [6]   >16 {+1}
                                19.207   -25.804    79.442    85.811     4.200
 14      nu_e      12 [5]    
                                93.708    -6.392    14.580    95.051    -0.000
 15       mu-      13 [7]    
                               -94.536     9.592  -168.884   193.780     0.000
 16    Rem:p+      82 [1]   13>>17 {+2,-1}
                                 0.000     0.000  3312.483  3312.484     0.913
 17    Rem:p+      82 [2]   16>>12 {+3,-2}
                                -0.000     0.000 -3163.848  3163.848     0.892
------------------------------------------------------------------------------
     Sum of momenta:                 0         0         0     7e+03     7e+03
******************************************************************************
Event number 7 (id: LHC-Matchbox-emubbBar_LO_HThalfPrime) performed by EventHandler
==============================================================================

--- Colliding particles:
  1        p+    2212  (3,16)   
                                 0.000     0.000  3500.000  3500.000     0.938
  2        p+    2212  (4,17)   
                                 0.000     0.000 -3500.000  3500.000     0.938
------------------------------------------------------------------------------
Primary sub-process performed by MEGenericProcesses[ubar,u->nu_mubar,e+,bbar,b,nu_e,mu-]
--- incoming:
  3      ubar      -2 [1] (9)   {-1}
                                 0.000     0.000    52.346    52.346     0.000
  4         u       2 [2] (9)   {+2}
                                 0.000    -0.000  -647.609   647.609     0.000
--- intermediates:
  5        W+      24 [6] (11,14)   
                               -40.020     6.719   -61.519   108.497    79.626
  6         t       6 [9] (5,13)   {+2}
                               -40.550   -24.862  -333.800   382.636   180.901
  7        W-     -24 [8] (10,15)   
                               -31.152    -2.938   -69.823   110.783    80.116
  8      tbar      -6 [9] (7,12)   {-1}
                                40.550    24.862  -261.463   317.320   173.398
  9         g      21 [3,4] (6,8)   {+2,-1}
                                 0.000     0.000  -595.263   699.956   368.239
--- outgoing:
 10  nu_mubar     -14 [7]    
                               -44.110   -31.416   -38.002    66.158    -0.000
 11        e+     -11 [5]    
                               -18.902    -7.934    16.524    26.330     0.001
 12      bbar      -5 [8]   16> {-1}
                                71.703    27.800  -191.640   206.537     4.200
 13         b       5 [6]   >17 {+2}
                                -0.530   -31.581  -272.281   274.139     4.200
 14      nu_e      12 [5]    
                               -21.118    14.653   -78.043    82.167    -0.000
 15       mu-      13 [7]    
                                12.958    28.477   -31.821    44.626     0.000
------------------------------------------------------------------------------
Step 1
--- intermediates:
  3      ubar      -2 [1] (9)   {-1}
                                 0.000     0.000    52.346    52.346     0.000
  4         u       2 [2] (9)   {+2}
                                 0.000    -0.000  -647.609   647.609     0.000
  5        W+      24 [6] (11,14)   
                               -40.020     6.719   -61.519   108.497    79.626
  6         t       6 [9] (5,13)   {+2}
                               -40.550   -24.862  -333.800   382.636   180.901
  7        W-     -24 [8] (10,15)   
                               -31.152    -2.938   -69.823   110.783    80.116
  8      tbar      -6 [9] (7,12)   {-1}
                                40.550    24.862  -261.463   317.320   173.398
  9         g      21 [3,4] (6,8)   {+2,-1}
                                 0.000     0.000  -595.263   699.956   368.239
--- final:
 10  nu_mubar     -14 [7]    
                               -44.110   -31.416   -38.002    66.158    -0.000
 11        e+     -11 [5]    
                               -18.902    -7.934    16.524    26.330     0.001
 12      bbar      -5 [8]   16> {-1}
                                71.703    27.800  -191.640   206.537     4.200
 13         b       5 [6]   >17 {+2}
                                -0.530   -31.581  -272.281   274.139     4.200
 14      nu_e      12 [5]    
                               -21.118    14.653   -78.043    82.167    -0.000
 15       mu-      13 [7]    
                                12.958    28.477   -31.821    44.626     0.000
 16    Rem:p+      82 [1]   >12 {+1}
                                 0.000     0.000  3447.653  3447.654     0.931
 17    Rem:p+      82 [2]   13> {-2}
                                -0.000     0.000 -2852.391  2852.391     0.847
------------------------------------------------------------------------------
     Sum of momenta:                 0         0         0     7e+03     7e+03
******************************************************************************
Event number 8 (id: LHC-Matchbox-emubbBar_LO_HThalfPrime) performed by EventHandler
==============================================================================

--- Colliding particles:
  1        p+    2212  (3,16)   
                                 0.000     0.000  3500.000  3500.000     0.938
  2        p+    2212  (4,17)   
                                 0.000     0.000 -3500.000  3500.000     0.938
------------------------------------------------------------------------------
Primary sub-process performed by MEGenericProcesses[g,g->nu_mubar,e+,bbar,b,nu_e,mu-]
--- incoming:
  3         g      21 [1] (5,7)   {+1,-2}
                                 0.000    -0.000   402.529   402.529     0.000
  4         g      21 [2] (9)   {+2,-3}
                                 0.000     0.000  -136.981   136.981     0.000
--- intermediates:
  5      tbar      -6 [3] (9)   {-2}
                               120.545   -98.905   283.062   139.199  -291.652
  6        W+      24 [7] (11,14)   
                               -96.975   134.196   128.541   219.730    65.919
  7         t       6 [3] (6,13)   {+1}
                              -120.545    98.905   119.467   263.330   175.377
  8        W-     -24 [9] (10,15)   
                               153.619   -59.940   117.218   217.334    79.387
  9      tbar      -6 [4,5] (8,12)   {-3}
                               120.545   -98.905   146.081   276.180   174.993
--- outgoing:
 10  nu_mubar     -14 [8]    
                                95.059     5.071    67.517   116.707     0.000
 11        e+     -11 [6]    
                               -23.198    72.084    28.880    81.045     0.001
 12      bbar      -5 [9]   17> {-3}
                               -33.074   -38.965    28.863    58.846     4.200
 13         b       5 [7]   >16 {+1}
                               -23.570   -35.292    -9.074    43.601     4.200
 14      nu_e      12 [6]    
                               -73.777    62.112    99.661   138.684     0.000
 15       mu-      13 [8]    
                                58.560   -65.010    49.700   100.627    -0.000
------------------------------------------------------------------------------
Step 1
--- intermediates:
  3         g      21 [1] (5,7)   {+1,-2}
                                 0.000    -0.000   402.529   402.529     0.000
  4         g      21 [2] (9)   {+2,-3}
                                 0.000     0.000  -136.981   136.981     0.000
  5      tbar      -6 [3] (9)   {-2}
                               120.545   -98.905   283.062   139.199  -291.652
  6        W+      24 [7] (11,14)   
                               -96.975   134.196   128.541   219.730    65.919
  7         t       6 [3] (6,13)   {+1}
                              -120.545    98.905   119.467   263.330   175.377
  8        W-     -24 [9] (10,15)   
                               153.619   -59.940   117.218   217.334    79.387
  9      tbar      -6 [4,5] (8,12)   {-3}
                               120.545   -98.905   146.081   276.180   174.993
--- final:
 10  nu_mubar     -14 [8]    
                                95.059     5.071    67.517   116.707     0.000
 11        e+     -11 [6]    
                               -23.198    72.084    28.880    81.045     0.001
 12      bbar      -5 [9]   17> {-3}
                               -33.074   -38.965    28.863    58.846     4.200
 13         b       5 [7]   >16 {+1}
                               -23.570   -35.292    -9.074    43.601     4.200
 14      nu_e      12 [6]    
                               -73.777    62.112    99.661   138.684     0.000
 15       mu-      13 [8]    
                                58.560   -65.010    49.700   100.627    -0.000
 16    Rem:p+      82 [1]   13>>17 {+2,-1}
                                 0.000     0.000  3097.471  3097.471     0.883
 17    Rem:p+      82 [2]   16>>12 {+3,-2}
                                -0.000     0.000 -3363.019  3363.019     0.920
------------------------------------------------------------------------------
     Sum of momenta:                 0         0         0     7e+03     7e+03
******************************************************************************
Event number 9 (id: LHC-Matchbox-emubbBar_LO_HThalfPrime) performed by EventHandler
==============================================================================

--- Colliding particles:
  1        p+    2212  (3,16)   
                                 0.000     0.000  3500.000  3500.000     0.938
  2        p+    2212  (4,17)   
                                 0.000     0.000 -3500.000  3500.000     0.938
------------------------------------------------------------------------------
Primary sub-process performed by MEGenericProcesses[g,g->nu_mubar,e+,bbar,b,nu_e,mu-]
--- incoming:
  3         g      21 [1] (9)   {+1,-2}
                                 0.000     0.000   273.144   273.144     0.000
  4         g      21 [2] (9)   {+2,-3}
                                 0.000    -0.000  -171.068   171.068     0.000
--- intermediates:
  5        W+      24 [6] (11,14)   
                                19.123    14.452    88.637   123.762    82.982
  6         t       6 [9] (5,13)   {+1}
                               -36.872   -59.386   116.264   220.552   173.895
  7        W-     -24 [8] (10,15)   
                                62.644   -38.742   -52.873   114.999    70.738
  8      tbar      -6 [9] (7,12)   {-3}
                                36.872    59.386   -14.188   223.661   211.983
  9         g      21 [3,4] (6,8)   {+1,-3}
                                 0.000    -0.000   102.076   444.212   432.325
--- outgoing:
 10  nu_mubar     -14 [7]    
                                34.260   -58.306   -33.858    75.629    -0.000
 11        e+     -11 [5]    
                                44.040   -10.585    71.160    84.352     0.001
 12      bbar      -5 [8]   17> {-3}
                               -25.772    98.128    38.685   108.662     4.200
 13         b       5 [6]   >16 {+1}
                               -55.995   -73.837    27.627    96.790     4.200
 14      nu_e      12 [5]    
                               -24.917    25.037    17.477    39.410    -0.000
 15       mu-      13 [7]    
                                28.384    19.564   -19.015    39.370    -0.000
------------------------------------------------------------------------------
Step 1
--- intermediates:
  3         g      21 [1] (9)   {+1,-2}
                                 0.000     0.000   273.144   273.144     0.000
  4         g      21 [2] (9)   {+2,-3}
                                 0.000    -0.000  -171.068   171.068     0.000
  5        W+      24 [6] (11,14)   
                                19.123    14.452    88.637   123.762    82.982
  6         t       6 [9] (5,13)   {+1}
                               -36.872   -59.386   116.264   220.552   173.895
  7        W-     -24 [8] (10,15)   
                                62.644   -38.742   -52.873   114.999    70.738
  8      tbar      -6 [9] (7,12)   {-3}
                                36.872    59.386   -14.188   223.661   211.983
  9         g      21 [3,4] (6,8)   {+1,-3}
                                 0.000    -0.000   102.076   444.212   432.325
--- final:
 10  nu_mubar     -14 [7]    
                                34.260   -58.306   -33.858    75.629    -0.000
 11        e+     -11 [5]    
                                44.040   -10.585    71.160    84.352     0.001
 12      bbar      -5 [8]   17> {-3}
                               -25.772    98.128    38.685   108.662     4.200
 13         b       5 [6]   >16 {+1}
                               -55.995   -73.837    27.627    96.790     4.200
 14      nu_e      12 [5]    
                               -24.917    25.037    17.477    39.410    -0.000
 15       mu-      13 [7]    
                                28.384    19.564   -19.015    39.370    -0.000
 16    Rem:p+      82 [1]   13>>17 {+2,-1}
                                 0.000     0.000  3226.856  3226.856     0.901
 17    Rem:p+      82 [2]   16>>12 {+3,-2}
                                -0.000     0.000 -3328.932  3328.932     0.915
------------------------------------------------------------------------------
     Sum of momenta:                 0         0         0     7e+03     7e+03
final integrated cross section is ( 0.000757613 +/- 7.5694e-06 ) nb



Note: In this run 38 of the 10000 accepted events
were found with a weight W larger than the expected Wmax.
This corresponds to a cross section difference between:
   UnitWeights:       0.000757613nb
   AlmostUnweighted:  0.000762621nb
 use 'set Sampler:AlmostUnweighted On' to switch to non-unit weights.

The maximum weight determined in the read/integrate step has been enhanced by 
   set /Herwig/Samplers/Sampler:MaxEnhancement 1.1.
If the rate of excessions (0.38%) or the change of the cross section is large,
you can try to:

Enhance the number of points used in the read/integrate step
   set /Herwig/Samplers/Sampler:BinSampler:InitialPoints ...

and/or enhance the reference weight found in the read/integrate step
   set /Herwig/Samplers/Sampler:MaxEnhancement 1.x

If this does not help (and your process is well defined by cuts)
don't hesitate to contact herwig@projects.hepforge.org.

No exceptions reported in this run.
