>>>>>>>>>>>>>>>>>>>>>>>>>>>>>>>>>>>>>>>>>>>>>>>>>>>>>>>>>>>>>>>>>>>>>>>>>>>>>>
>>>> Toolkit for HEP Event Generation - ThePEG 2.0.2 <<<<<<<<<<<<<<<<<<<<<<<<<
<<<<<<<<<<<<<<<<<<<<<<<<<<<<<<<<<<<<<<<<<<<<<<<<<<<<<<<<<<<<<<<<<<<<<<<<<<<<<<

>> Herwig 7.0.2 / ThePEG 2.0.2

==============================================================================
Statistics for event handler 'EventHandler':
                                       generated    number of    Cross-section
                                          events     attempts             (nb)
==============================================================================
Total (from   weighted events): including vetoed events            0.75(1)e-03
==============================================================================
Total (from unweighted events):             5000         5000      0.75(1)e-03
==============================================================================
Per matrix element breakdown:
MEGenericProcesses[d,dbar->nu_mubar,e        222          222        33(2)e-06
MEGenericProcesses[dbar,d->nu_mubar,e        205          205        31(2)e-06
MEGenericProcesses[ubar,u->nu_mubar,e        331          331        50(3)e-06
MEGenericProcesses[u,ubar->nu_mubar,e        334          334        50(3)e-06
MEGenericProcesses[c,cbar->nu_mubar,e         11           11       1.6(5)e-06
MEGenericProcesses[cbar,c->nu_mubar,e         11           11       1.6(5)e-06
MEGenericProcesses[sbar,s->nu_mubar,e         22           22       3.3(7)e-06
MEGenericProcesses[s,sbar->nu_mubar,e         14           14       2.1(6)e-06
MEGenericProcesses[b,bbar->nu_mubar,e          4            4       0.6(3)e-06
MEGenericProcesses[bbar,b->nu_mubar,e          6            6       0.9(4)e-06
MEGenericProcesses[g,g->nu_mubar,e+,b       3840         3840     0.576(9)e-03
==============================================================================
