>>>>>>>>>>>>>>>>>>>>>>>>>>>>>>>>>>>>>>>>>>>>>>>>>>>>>>>>>>>>>>>>>>>>>>>>>>>>>>
>>>> Toolkit for HEP Event Generation - ThePEG 2.0.2 <<<<<<<<<<<<<<<<<<<<<<<<<
<<<<<<<<<<<<<<<<<<<<<<<<<<<<<<<<<<<<<<<<<<<<<<<<<<<<<<<<<<<<<<<<<<<<<<<<<<<<<<

>> Herwig 7.0.2 / ThePEG 2.0.2

#--------------------------------------------------------------------------
#                         FastJet release 3.1.3
#                 M. Cacciari, G.P. Salam and G. Soyez                  
#     A software package for jet finding and analysis at colliders      
#                           http://fastjet.fr                           
#	                                                                      
# Please cite EPJC72(2012)1896 [arXiv:1111.6097] if you use this package
# for scientific work and optionally PLB641(2006)57 [hep-ph/0512210].   
#                                                                       
# FastJet is provided without warranty under the terms of the GNU GPLv2.
# It uses T. Chan's closest pair algorithm, S. Fortune's Voronoi code
# and 3rd party plugin jet algorithms. See COPYING file for details.
#--------------------------------------------------------------------------
/Herwig/Cuts/Cuts:
MHat  = 0 .. 7000 GeV
Scale = 2 .. 1e+12 GeV2
YHat  = -100 .. 100
X1    = 1e-05 .. 1
X2    = 1e-05 .. 1

IdentifiedParticleCut 'PhotonCut' matching 'Photon' within:
pt  = 0 .. 1e+06 GeV
IdentifiedParticleCut 'LeptonCut' matching 'Lepton' within:
pt  = 20 .. 1e+06 GeV
IdentifiedParticleCut 'TopQuarkCut' matching 'Top' within:
pt  = 0 .. 1e+06 GeV
IdentifiedParticleCut 'WBosonCut' matching 'WBoson' within:
pt  = 0 .. 1e+06 GeV
IdentifiedParticleCut 'ZBosonCut' matching 'ZBoson' within:
pt  = 0 .. 1e+06 GeV
IdentifiedParticleCut 'HiggsBosonCut' matching 'HiggsBoson' within:
pt  = 0 .. 1e+06 GeV
IdentifiedParticleCut 'ChargedLeptonCut' matching 'ChargedLepton' within:
pt  = 0 .. 1e+06 GeV
/Herwig/Cuts/LeptonPairMassCut
matching distances between: 'Lepton' and 'Lepton':
M = 0 .. 1e+06 GeV
same flavour only = false 
opposite sign only = false 

/Herwig/Cuts/ChargedLeptonPairMassCut
matching distances between: 'ChargedLepton' and 'ChargedLepton':
M = 0 .. 1e+06 GeV
same flavour only = false 
opposite sign only = false 

/Herwig/Cuts/LeptonDeltaRCut
matching distances between: 'Lepton' and 'Lepton':
DeltaRMin = 0 
DeltaRMax = 100 
DeltaPhiMin = 0 
DeltaPhiMax = 6.28319 
DeltaYMin = 0 
DeltaYMax = 100 

/Herwig/Cuts/ChargedLeptonDeltaRCut
matching distances between: 'ChargedLepton' and 'ChargedLepton':
DeltaRMin = 0 
DeltaRMax = 100 
DeltaPhiMin = 0 
DeltaPhiMax = 6.28319 
DeltaYMin = 0 
DeltaYMax = 100 

/Herwig/Cuts/PhotonIsolationCut matching unresolved particles from 'MatchboxJetMatcher':
DeltaZero = 0 
Exponent n = 1 
Efficiency = 0 
Cut Type = 1 

MissingPtCut 'MissingPtCut' matching 'Neutrino' within:
ptMiss  = 20 .. 1e+06 GeV
******************************************************************************
Event number 1 (id: LHC-Matchbox-emubbBar_LO_HThalf_cuts) performed by EventHandler
==============================================================================

--- Colliding particles:
  1        p+    2212  (3,16)   
                                 0.000     0.000  3500.000  3500.000     0.938
  2        p+    2212  (4,17)   
                                 0.000     0.000 -3500.000  3500.000     0.938
------------------------------------------------------------------------------
Primary sub-process performed by MEGenericProcesses[u,ubar->nu_mubar,e+,bbar,b,nu_e,mu-]
--- incoming:
  3         u       2 [1] (6,7)   {+1}
                                -0.000     0.000  1415.065  1415.065     0.000
  4      ubar      -2 [2] (9)   {-2}
                                 0.000     0.000    -5.430     5.430     0.000
--- intermediates:
  5         d       1 [6] (9)   {+2}
                                20.741    10.038   821.244   814.062  -110.795
  6         u       2 [3] (5,8)   {+2}
                                -0.699     0.885  1306.339  1306.001   -29.727
  7         g      21 [3] (12,13)   {+1,-2}
                                 0.699    -0.885   108.726   109.064     8.503
  8        W+      24 [6] (11,14)   
                               -21.440    -9.153   485.095   491.939    78.380
  9        W-     -24 [4,5] (10,15)   
                                20.741    10.038   815.814   819.493    74.058
--- outgoing:
 10  nu_mubar     -14 [9]    
                               -26.651    12.363   259.139   260.799     0.000
 11        e+     -11 [8]    
                                13.792    22.714   286.992   288.219     0.001
 12      bbar      -5 [7]   17> {-2}
                                 0.780    -0.442    48.456    48.646     4.200
 13         b       5 [7]   >16 {+1}
                                -0.081    -0.443    60.271    60.418     4.200
 14      nu_e      12 [8]    
                               -35.232   -31.867   198.103   203.720    -0.000
 15       mu-      13 [9]    
                                47.392    -2.325   556.675   558.693    -0.000
------------------------------------------------------------------------------
Step 1
--- intermediates:
  3         u       2 [1] (6,7)   {+1}
                                -0.000     0.000  1415.065  1415.065     0.000
  4      ubar      -2 [2] (9)   {-2}
                                 0.000     0.000    -5.430     5.430     0.000
  5         d       1 [6] (9)   {+2}
                                20.741    10.038   821.244   814.062  -110.795
  6         u       2 [3] (5,8)   {+2}
                                -0.699     0.885  1306.339  1306.001   -29.727
  7         g      21 [3] (12,13)   {+1,-2}
                                 0.699    -0.885   108.726   109.064     8.503
  8        W+      24 [6] (11,14)   
                               -21.440    -9.153   485.095   491.939    78.380
  9        W-     -24 [4,5] (10,15)   
                                20.741    10.038   815.814   819.493    74.058
--- final:
 10  nu_mubar     -14 [9]    
                               -26.651    12.363   259.139   260.799     0.000
 11        e+     -11 [8]    
                                13.792    22.714   286.992   288.219     0.001
 12      bbar      -5 [7]   17> {-2}
                                 0.780    -0.442    48.456    48.646     4.200
 13         b       5 [7]   >16 {+1}
                                -0.081    -0.443    60.271    60.418     4.200
 14      nu_e      12 [8]    
                               -35.232   -31.867   198.103   203.720    -0.000
 15       mu-      13 [9]    
                                47.392    -2.325   556.675   558.693    -0.000
 16    Rem:p+      82 [1]   13> {-1}
                                 0.000     0.000  2084.935  2084.935     0.724
 17    Rem:p+      82 [2]   >12 {+2}
                                -0.000     0.000 -3494.570  3494.570     0.938
------------------------------------------------------------------------------
     Sum of momenta:                 0         0         0     7e+03     7e+03
******************************************************************************
Event number 2 (id: LHC-Matchbox-emubbBar_LO_HThalf_cuts) performed by EventHandler
==============================================================================

--- Colliding particles:
  1        p+    2212  (3,16)   
                                 0.000     0.000  3500.000  3500.000     0.938
  2        p+    2212  (4,17)   
                                 0.000     0.000 -3500.000  3500.000     0.938
------------------------------------------------------------------------------
Primary sub-process performed by MEGenericProcesses[g,g->nu_mubar,e+,bbar,b,nu_e,mu-]
--- incoming:
  3         g      21 [1] (6,8)   {+1,-2}
                                -0.000     0.000   554.942   554.942     0.000
  4         g      21 [2] (12)   {+2,-3}
                                 0.000    -0.000  -112.557   112.557     0.000
--- intermediates:
  5      bbar      -5 [6] (12)   {-2}
                                 0.209    -0.576    72.003   -71.782    -5.677
  6      tbar      -6 [3] (5,9)   {-2}
                               -77.251     3.612    74.367    38.622  -100.097
  7        W+      24 [8] (11,14)   
                                79.848   -42.998   207.873   240.744    80.758
  8         t       6 [3] (7,13)   {+1}
                                77.251    -3.612   480.576   516.320   172.200
  9        W-     -24 [6] (10,15)   
                               -77.460     4.188     2.363   110.404    78.523
--- outgoing:
 10  nu_mubar     -14 [9]    
                               -24.492    39.624     2.912    46.673    -0.000
 11        e+     -11 [7]    
                                21.790   -28.568    15.227    39.023     0.001
 12      bbar      -5 [4,5]   17> {-3}
                                 0.209    -0.576   -40.554    40.775     4.200
 13         b       5 [8]   >16 {+1}
                                -2.597    39.386   272.702   275.576     4.200
 14      nu_e      12 [7]    
                                58.057   -14.430   192.646   201.721     0.000
 15       mu-      13 [9]    
                               -52.968   -35.436    -0.549    63.731    -0.000
------------------------------------------------------------------------------
Step 1
--- intermediates:
  3         g      21 [1] (6,8)   {+1,-2}
                                -0.000     0.000   554.942   554.942     0.000
  4         g      21 [2] (12)   {+2,-3}
                                 0.000    -0.000  -112.557   112.557     0.000
  5      bbar      -5 [6] (12)   {-2}
                                 0.209    -0.576    72.003   -71.782    -5.677
  6      tbar      -6 [3] (5,9)   {-2}
                               -77.251     3.612    74.367    38.622  -100.097
  7        W+      24 [8] (11,14)   
                                79.848   -42.998   207.873   240.744    80.758
  8         t       6 [3] (7,13)   {+1}
                                77.251    -3.612   480.576   516.320   172.200
  9        W-     -24 [6] (10,15)   
                               -77.460     4.188     2.363   110.404    78.523
--- final:
 10  nu_mubar     -14 [9]    
                               -24.492    39.624     2.912    46.673    -0.000
 11        e+     -11 [7]    
                                21.790   -28.568    15.227    39.023     0.001
 12      bbar      -5 [4,5]   17> {-3}
                                 0.209    -0.576   -40.554    40.775     4.200
 13         b       5 [8]   >16 {+1}
                                -2.597    39.386   272.702   275.576     4.200
 14      nu_e      12 [7]    
                                58.057   -14.430   192.646   201.721     0.000
 15       mu-      13 [9]    
                               -52.968   -35.436    -0.549    63.731    -0.000
 16    Rem:p+      82 [1]   13>>17 {+2,-1}
                                 0.000     0.000  2945.058  2945.058     0.861
 17    Rem:p+      82 [2]   16>>12 {+3,-2}
                                -0.000     0.000 -3387.443  3387.443     0.923
------------------------------------------------------------------------------
     Sum of momenta:                 0         0         0     7e+03     7e+03
******************************************************************************
Event number 3 (id: LHC-Matchbox-emubbBar_LO_HThalf_cuts) performed by EventHandler
==============================================================================

--- Colliding particles:
  1        p+    2212  (3,16)   
                                 0.000     0.000  3500.000  3500.000     0.938
  2        p+    2212  (4,17)   
                                 0.000     0.000 -3500.000  3500.000     0.938
------------------------------------------------------------------------------
Primary sub-process performed by MEGenericProcesses[g,g->nu_mubar,e+,bbar,b,nu_e,mu-]
--- incoming:
  3         g      21 [1] (9)   {+1,-2}
                                 0.000    -0.000    19.486    19.486     0.000
  4         g      21 [2] (9)   {+3,-1}
                                 0.000    -0.000 -2215.635  2215.635     0.000
--- intermediates:
  5        W+      24 [6] (11,14)   
                               -94.373    -3.317 -1433.653  1439.627    90.809
  6         t       6 [9] (5,13)   {+3}
                               -94.660   -14.763 -1439.820  1453.293   172.630
  7        W-     -24 [8] (10,15)   
                                89.435    64.458  -424.201   445.936    82.214
  8      tbar      -6 [9] (7,12)   {-2}
                                94.660    14.763  -756.328   781.828   173.331
  9         g      21 [3,4] (6,8)   {+3,-2}
                                 0.000     0.000 -2196.148  2235.121   415.570
--- outgoing:
 10  nu_mubar     -14 [7]    
                                35.163   -16.960  -141.158   146.457    -0.000
 11        e+     -11 [5]    
                                 7.416   -22.227  -151.607   153.407     0.001
 12      bbar      -5 [8]   16> {-2}
                                 5.225   -49.695  -332.127   335.892     4.200
 13         b       5 [6]   >17 {+3}
                                -0.287   -11.447    -6.167    13.667     4.200
 14      nu_e      12 [5]    
                              -101.789    18.910 -1282.046  1286.220     0.000
 15       mu-      13 [7]    
                                54.272    81.419  -283.043   299.479    -0.000
------------------------------------------------------------------------------
Step 1
--- intermediates:
  3         g      21 [1] (9)   {+1,-2}
                                 0.000    -0.000    19.486    19.486     0.000
  4         g      21 [2] (9)   {+3,-1}
                                 0.000    -0.000 -2215.635  2215.635     0.000
  5        W+      24 [6] (11,14)   
                               -94.373    -3.317 -1433.653  1439.627    90.809
  6         t       6 [9] (5,13)   {+3}
                               -94.660   -14.763 -1439.820  1453.293   172.630
  7        W-     -24 [8] (10,15)   
                                89.435    64.458  -424.201   445.936    82.214
  8      tbar      -6 [9] (7,12)   {-2}
                                94.660    14.763  -756.328   781.828   173.331
  9         g      21 [3,4] (6,8)   {+3,-2}
                                 0.000     0.000 -2196.148  2235.121   415.570
--- final:
 10  nu_mubar     -14 [7]    
                                35.163   -16.960  -141.158   146.457    -0.000
 11        e+     -11 [5]    
                                 7.416   -22.227  -151.607   153.407     0.001
 12      bbar      -5 [8]   16> {-2}
                                 5.225   -49.695  -332.127   335.892     4.200
 13         b       5 [6]   >17 {+3}
                                -0.287   -11.447    -6.167    13.667     4.200
 14      nu_e      12 [5]    
                              -101.789    18.910 -1282.046  1286.220     0.000
 15       mu-      13 [7]    
                                54.272    81.419  -283.043   299.479    -0.000
 16    Rem:p+      82 [1]   17>>12 {+2,-1}
                                 0.000     0.000  3480.514  3480.514     0.936
 17    Rem:p+      82 [2]   13>>16 {+1,-3}
                                -0.000     0.000 -1284.365  1284.365     0.568
------------------------------------------------------------------------------
     Sum of momenta:                 0         0         0     7e+03     7e+03
******************************************************************************
Event number 4 (id: LHC-Matchbox-emubbBar_LO_HThalf_cuts) performed by EventHandler
==============================================================================

--- Colliding particles:
  1        p+    2212  (3,16)   
                                 0.000     0.000  3500.000  3500.000     0.938
  2        p+    2212  (4,17)   
                                 0.000     0.000 -3500.000  3500.000     0.938
------------------------------------------------------------------------------
Primary sub-process performed by MEGenericProcesses[sbar,s->nu_mubar,e+,bbar,b,nu_e,mu-]
--- incoming:
  3      sbar      -3 [1] (9)   {-1}
                                 0.000     0.000   140.665   140.665     0.000
  4         s       3 [2] (9)   {+2}
                                 0.000    -0.000  -251.752   251.752     0.000
--- intermediates:
  5        W+      24 [6] (11,14)   
                               -44.388    44.888   -39.886   110.345    81.239
  6         t       6 [9] (5,13)   {+2}
                                16.363    30.495  -121.368   213.081   171.684
  7        W-     -24 [8] (10,15)   
                                22.732    38.921    28.413    97.522    81.680
  8      tbar      -6 [9] (7,12)   {-1}
                               -16.363   -30.495    10.281   179.336   175.664
  9         g      21 [3,4] (6,8)   {+2,-1}
                                 0.000    -0.000  -111.088   392.417   376.365
--- outgoing:
 10  nu_mubar     -14 [7]    
                                12.541    59.054    39.737    72.275     0.000
 11        e+     -11 [5]    
                               -50.029     2.923     2.835    50.194     0.001
 12      bbar      -5 [8]   16> {-1}
                               -39.095   -69.416   -18.132    81.813     4.200
 13         b       5 [6]   >17 {+2}
                                60.751   -14.394   -81.482   102.736     4.200
 14      nu_e      12 [5]    
                                 5.641    41.966   -42.721    60.150    -0.000
 15       mu-      13 [7]    
                                10.191   -20.133   -11.324    25.247     0.000
------------------------------------------------------------------------------
Step 1
--- intermediates:
  3      sbar      -3 [1] (9)   {-1}
                                 0.000     0.000   140.665   140.665     0.000
  4         s       3 [2] (9)   {+2}
                                 0.000    -0.000  -251.752   251.752     0.000
  5        W+      24 [6] (11,14)   
                               -44.388    44.888   -39.886   110.345    81.239
  6         t       6 [9] (5,13)   {+2}
                                16.363    30.495  -121.368   213.081   171.684
  7        W-     -24 [8] (10,15)   
                                22.732    38.921    28.413    97.522    81.680
  8      tbar      -6 [9] (7,12)   {-1}
                               -16.363   -30.495    10.281   179.336   175.664
  9         g      21 [3,4] (6,8)   {+2,-1}
                                 0.000    -0.000  -111.088   392.417   376.365
--- final:
 10  nu_mubar     -14 [7]    
                                12.541    59.054    39.737    72.275     0.000
 11        e+     -11 [5]    
                               -50.029     2.923     2.835    50.194     0.001
 12      bbar      -5 [8]   16> {-1}
                               -39.095   -69.416   -18.132    81.813     4.200
 13         b       5 [6]   >17 {+2}
                                60.751   -14.394   -81.482   102.736     4.200
 14      nu_e      12 [5]    
                                 5.641    41.966   -42.721    60.150    -0.000
 15       mu-      13 [7]    
                                10.191   -20.133   -11.324    25.247     0.000
 16    Rem:p+      82 [1]   >12 {+1}
                                 0.000     0.000  3359.335  3359.335     0.919
 17    Rem:p+      82 [2]   13> {-2}
                                -0.000     0.000 -3248.248  3248.248     0.904
------------------------------------------------------------------------------
     Sum of momenta:                 0         0         0     7e+03     7e+03
******************************************************************************
Event number 5 (id: LHC-Matchbox-emubbBar_LO_HThalf_cuts) performed by EventHandler
==============================================================================

--- Colliding particles:
  1        p+    2212  (3,16)   
                                 0.000     0.000  3500.000  3500.000     0.938
  2        p+    2212  (4,17)   
                                 0.000     0.000 -3500.000  3500.000     0.938
------------------------------------------------------------------------------
Primary sub-process performed by MEGenericProcesses[g,g->nu_mubar,e+,bbar,b,nu_e,mu-]
--- incoming:
  3         g      21 [1] (9)   {+1,-2}
                                 0.000    -0.000   278.946   278.946     0.000
  4         g      21 [2] (9)   {+3,-1}
                                 0.000     0.000  -168.798   168.798     0.000
--- intermediates:
  5        W+      24 [6] (11,14)   
                               -44.777    79.513   -15.490   123.185    81.286
  6         t       6 [9] (5,13)   {+3}
                                23.904    85.215   -47.053   199.103   172.031
  7        W-     -24 [8] (10,15)   
                                22.678   -85.231    46.229   128.215    80.767
  8      tbar      -6 [9] (7,12)   {-2}
                               -23.904   -85.215   157.201   248.641   171.105
  9         g      21 [3,4] (6,8)   {+3,-2}
                                -0.000    -0.000   110.148   447.743   433.983
--- outgoing:
 10  nu_mubar     -14 [7]    
                                40.410   -61.259    60.545    95.138     0.000
 11        e+     -11 [5]    
                               -53.719    37.225   -36.789    74.999     0.001
 12      bbar      -5 [8]   16> {-2}
                               -46.582     0.016   110.972   120.426     4.200
 13         b       5 [6]   >17 {+3}
                                68.681     5.702   -31.563    75.917     4.200
 14      nu_e      12 [5]    
                                 8.942    42.288    21.300    48.186     0.000
 15       mu-      13 [7]    
                               -17.732   -23.973   -14.316    33.077     0.000
------------------------------------------------------------------------------
Step 1
--- intermediates:
  3         g      21 [1] (9)   {+1,-2}
                                 0.000    -0.000   278.946   278.946     0.000
  4         g      21 [2] (9)   {+3,-1}
                                 0.000     0.000  -168.798   168.798     0.000
  5        W+      24 [6] (11,14)   
                               -44.777    79.513   -15.490   123.185    81.286
  6         t       6 [9] (5,13)   {+3}
                                23.904    85.215   -47.053   199.103   172.031
  7        W-     -24 [8] (10,15)   
                                22.678   -85.231    46.229   128.215    80.767
  8      tbar      -6 [9] (7,12)   {-2}
                               -23.904   -85.215   157.201   248.641   171.105
  9         g      21 [3,4] (6,8)   {+3,-2}
                                -0.000    -0.000   110.148   447.743   433.983
--- final:
 10  nu_mubar     -14 [7]    
                                40.410   -61.259    60.545    95.138     0.000
 11        e+     -11 [5]    
                               -53.719    37.225   -36.789    74.999     0.001
 12      bbar      -5 [8]   16> {-2}
                               -46.582     0.016   110.972   120.426     4.200
 13         b       5 [6]   >17 {+3}
                                68.681     5.702   -31.563    75.917     4.200
 14      nu_e      12 [5]    
                                 8.942    42.288    21.300    48.186     0.000
 15       mu-      13 [7]    
                               -17.732   -23.973   -14.316    33.077     0.000
 16    Rem:p+      82 [1]   17>>12 {+2,-1}
                                 0.000     0.000  3221.054  3221.054     0.900
 17    Rem:p+      82 [2]   13>>16 {+1,-3}
                                -0.000     0.000 -3331.202  3331.202     0.915
------------------------------------------------------------------------------
     Sum of momenta:                 0         0         0     7e+03     7e+03
******************************************************************************
Event number 6 (id: LHC-Matchbox-emubbBar_LO_HThalf_cuts) performed by EventHandler
==============================================================================

--- Colliding particles:
  1        p+    2212  (3,16)   
                                 0.000     0.000  3500.000  3500.000     0.938
  2        p+    2212  (4,17)   
                                 0.000     0.000 -3500.000  3500.000     0.938
------------------------------------------------------------------------------
Primary sub-process performed by MEGenericProcesses[g,g->nu_mubar,e+,bbar,b,nu_e,mu-]
--- incoming:
  3         g      21 [1] (5,7)   {+1,-2}
                                -0.000    -0.000   629.271   629.271     0.000
  4         g      21 [2] (9)   {+2,-3}
                                 0.000    -0.000   -57.621    57.621     0.000
--- intermediates:
  5      tbar      -6 [3] (9)   {-2}
                               -14.567   -26.885   205.811   171.791  -117.392
  6        W+      24 [7] (11,14)   
                                68.819    43.144   316.173   336.089    79.955
  7         t       6 [3] (6,13)   {+1}
                                14.567    26.885   423.461   457.480   170.395
  8        W-     -24 [9] (10,15)   
                                56.102     7.623    50.343   103.807    70.965
  9      tbar      -6 [4,5] (8,12)   {-3}
                               -14.567   -26.885   148.190   229.412   172.437
--- outgoing:
 10  nu_mubar     -14 [8]    
                                21.031    38.450    20.432    48.355    -0.000
 11        e+     -11 [6]    
                                -5.938    26.283    32.353    42.104     0.001
 12      bbar      -5 [9]   17> {-3}
                               -70.668   -34.508    97.847   125.604     4.200
 13         b       5 [7]   >16 {+1}
                               -54.252   -16.258   107.287   121.391     4.200
 14      nu_e      12 [6]    
                                74.757    16.860   283.821   293.985    -0.000
 15       mu-      13 [8]    
                                35.071   -30.827    29.911    55.452    -0.000
------------------------------------------------------------------------------
Step 1
--- intermediates:
  3         g      21 [1] (5,7)   {+1,-2}
                                -0.000    -0.000   629.271   629.271     0.000
  4         g      21 [2] (9)   {+2,-3}
                                 0.000    -0.000   -57.621    57.621     0.000
  5      tbar      -6 [3] (9)   {-2}
                               -14.567   -26.885   205.811   171.791  -117.392
  6        W+      24 [7] (11,14)   
                                68.819    43.144   316.173   336.089    79.955
  7         t       6 [3] (6,13)   {+1}
                                14.567    26.885   423.461   457.480   170.395
  8        W-     -24 [9] (10,15)   
                                56.102     7.623    50.343   103.807    70.965
  9      tbar      -6 [4,5] (8,12)   {-3}
                               -14.567   -26.885   148.190   229.412   172.437
--- final:
 10  nu_mubar     -14 [8]    
                                21.031    38.450    20.432    48.355    -0.000
 11        e+     -11 [6]    
                                -5.938    26.283    32.353    42.104     0.001
 12      bbar      -5 [9]   17> {-3}
                               -70.668   -34.508    97.847   125.604     4.200
 13         b       5 [7]   >16 {+1}
                               -54.252   -16.258   107.287   121.391     4.200
 14      nu_e      12 [6]    
                                74.757    16.860   283.821   293.985    -0.000
 15       mu-      13 [8]    
                                35.071   -30.827    29.911    55.452    -0.000
 16    Rem:p+      82 [1]   13>>17 {+2,-1}
                                 0.000     0.000  2870.729  2870.729     0.850
 17    Rem:p+      82 [2]   16>>12 {+3,-2}
                                -0.000     0.000 -3442.379  3442.379     0.931
------------------------------------------------------------------------------
     Sum of momenta:                 0         0         0     7e+03     7e+03
******************************************************************************
Event number 7 (id: LHC-Matchbox-emubbBar_LO_HThalf_cuts) performed by EventHandler
==============================================================================

--- Colliding particles:
  1        p+    2212  (3,16)   
                                 0.000     0.000  3500.000  3500.000     0.938
  2        p+    2212  (4,17)   
                                 0.000     0.000 -3500.000  3500.000     0.938
------------------------------------------------------------------------------
Primary sub-process performed by MEGenericProcesses[g,g->nu_mubar,e+,bbar,b,nu_e,mu-]
--- incoming:
  3         g      21 [1] (5,7)   {+1,-2}
                                 0.000    -0.000   231.668   231.668     0.000
  4         g      21 [2] (9)   {+2,-3}
                                 0.000     0.000  -190.352   190.352     0.000
--- intermediates:
  5      tbar      -6 [3] (9)   {-2}
                                59.406   -85.075   144.218    12.791  -177.206
  6        W+      24 [7] (11,14)   
                               -11.341   111.935    35.076   142.770    80.590
  7         t       6 [3] (6,13)   {+1}
                               -59.406    85.075    87.450   218.877   171.734
  8        W-     -24 [9] (10,15)   
                               -15.546   -80.461   -56.215   127.259    79.493
  9      tbar      -6 [4,5] (8,12)   {-3}
                                59.406   -85.075   -46.133   203.143   168.439
--- outgoing:
 10  nu_mubar     -14 [8]    
                                21.241   -61.899   -55.879    86.053     0.000
 11        e+     -11 [6]    
                               -21.656    24.486   -20.554    38.614     0.001
 12      bbar      -5 [9]   17> {-3}
                                74.952    -4.614    10.082    75.884     4.200
 13         b       5 [7]   >16 {+1}
                               -48.065   -26.860    52.373    76.107     4.200
 14      nu_e      12 [6]    
                                10.315    87.449    55.630   104.156    -0.000
 15       mu-      13 [8]    
                               -36.787   -18.562    -0.337    41.206    -0.000
------------------------------------------------------------------------------
Step 1
--- intermediates:
  3         g      21 [1] (5,7)   {+1,-2}
                                 0.000    -0.000   231.668   231.668     0.000
  4         g      21 [2] (9)   {+2,-3}
                                 0.000     0.000  -190.352   190.352     0.000
  5      tbar      -6 [3] (9)   {-2}
                                59.406   -85.075   144.218    12.791  -177.206
  6        W+      24 [7] (11,14)   
                               -11.341   111.935    35.076   142.770    80.590
  7         t       6 [3] (6,13)   {+1}
                               -59.406    85.075    87.450   218.877   171.734
  8        W-     -24 [9] (10,15)   
                               -15.546   -80.461   -56.215   127.259    79.493
  9      tbar      -6 [4,5] (8,12)   {-3}
                                59.406   -85.075   -46.133   203.143   168.439
--- final:
 10  nu_mubar     -14 [8]    
                                21.241   -61.899   -55.879    86.053     0.000
 11        e+     -11 [6]    
                               -21.656    24.486   -20.554    38.614     0.001
 12      bbar      -5 [9]   17> {-3}
                                74.952    -4.614    10.082    75.884     4.200
 13         b       5 [7]   >16 {+1}
                               -48.065   -26.860    52.373    76.107     4.200
 14      nu_e      12 [6]    
                                10.315    87.449    55.630   104.156    -0.000
 15       mu-      13 [8]    
                               -36.787   -18.562    -0.337    41.206    -0.000
 16    Rem:p+      82 [1]   13>>17 {+2,-1}
                                 0.000     0.000  3268.332  3268.332     0.907
 17    Rem:p+      82 [2]   16>>12 {+3,-2}
                                -0.000     0.000 -3309.648  3309.648     0.912
------------------------------------------------------------------------------
     Sum of momenta:                 0         0         0     7e+03     7e+03
******************************************************************************
Event number 8 (id: LHC-Matchbox-emubbBar_LO_HThalf_cuts) performed by EventHandler
==============================================================================

--- Colliding particles:
  1        p+    2212  (3,16)   
                                 0.000     0.000  3500.000  3500.000     0.938
  2        p+    2212  (4,17)   
                                 0.000     0.000 -3500.000  3500.000     0.938
------------------------------------------------------------------------------
Primary sub-process performed by MEGenericProcesses[g,g->nu_mubar,e+,bbar,b,nu_e,mu-]
--- incoming:
  3         g      21 [1] (5,7)   {+1,-2}
                                 0.000     0.000    24.457    24.457     0.000
  4         g      21 [2] (9)   {+2,-3}
                                 0.000     0.000 -1376.779  1376.779     0.000
--- intermediates:
  5      tbar      -6 [3] (9)   {-2}
                               -55.888   -27.434   793.896  -765.731  -218.639
  6        W+      24 [7] (11,14)   
                                75.747    25.845  -303.927   324.231    79.679
  7         t       6 [3] (6,13)   {+1}
                                55.888    27.434  -769.439   790.189   168.775
  8        W-     -24 [9] (10,15)   
                               -84.101    11.674  -268.028   292.494    80.649
  9      tbar      -6 [4,5] (8,12)   {-3}
                               -55.888   -27.434  -582.882   611.047   172.484
--- outgoing:
 10  nu_mubar     -14 [8]    
                               -40.896   -34.745  -126.001   136.953     0.000
 11        e+     -11 [6]    
                                24.544    40.986   -73.225    87.431     0.001
 12      bbar      -5 [9]   17> {-3}
                                28.213   -39.108  -314.854   318.553     4.200
 13         b       5 [7]   >16 {+1}
                               -19.859     1.589  -465.512   465.957     4.200
 14      nu_e      12 [6]    
                                51.202   -15.141  -230.702   236.800     0.000
 15       mu-      13 [8]    
                               -43.205    46.419  -142.027   155.541     0.000
------------------------------------------------------------------------------
Step 1
--- intermediates:
  3         g      21 [1] (5,7)   {+1,-2}
                                 0.000     0.000    24.457    24.457     0.000
  4         g      21 [2] (9)   {+2,-3}
                                 0.000     0.000 -1376.779  1376.779     0.000
  5      tbar      -6 [3] (9)   {-2}
                               -55.888   -27.434   793.896  -765.731  -218.639
  6        W+      24 [7] (11,14)   
                                75.747    25.845  -303.927   324.231    79.679
  7         t       6 [3] (6,13)   {+1}
                                55.888    27.434  -769.439   790.189   168.775
  8        W-     -24 [9] (10,15)   
                               -84.101    11.674  -268.028   292.494    80.649
  9      tbar      -6 [4,5] (8,12)   {-3}
                               -55.888   -27.434  -582.882   611.047   172.484
--- final:
 10  nu_mubar     -14 [8]    
                               -40.896   -34.745  -126.001   136.953     0.000
 11        e+     -11 [6]    
                                24.544    40.986   -73.225    87.431     0.001
 12      bbar      -5 [9]   17> {-3}
                                28.213   -39.108  -314.854   318.553     4.200
 13         b       5 [7]   >16 {+1}
                               -19.859     1.589  -465.512   465.957     4.200
 14      nu_e      12 [6]    
                                51.202   -15.141  -230.702   236.800     0.000
 15       mu-      13 [8]    
                               -43.205    46.419  -142.027   155.541     0.000
 16    Rem:p+      82 [1]   13>>17 {+2,-1}
                                 0.000     0.000  3475.543  3475.543     0.935
 17    Rem:p+      82 [2]   16>>12 {+3,-2}
                                -0.000     0.000 -2123.221  2123.221     0.731
------------------------------------------------------------------------------
     Sum of momenta:                 0         0         0     7e+03     7e+03
******************************************************************************
Event number 9 (id: LHC-Matchbox-emubbBar_LO_HThalf_cuts) performed by EventHandler
==============================================================================

--- Colliding particles:
  1        p+    2212  (3,16)   
                                 0.000     0.000  3500.000  3500.000     0.938
  2        p+    2212  (4,17)   
                                 0.000     0.000 -3500.000  3500.000     0.938
------------------------------------------------------------------------------
Primary sub-process performed by MEGenericProcesses[g,g->nu_mubar,e+,bbar,b,nu_e,mu-]
--- incoming:
  3         g      21 [1] (5,7)   {+1,-2}
                                 0.000     0.000    56.648    56.648     0.000
  4         g      21 [2] (9)   {+2,-3}
                                 0.000     0.000  -973.366   973.366     0.000
--- intermediates:
  5      tbar      -6 [3] (9)   {-2}
                               -11.861  -117.444   752.875  -669.870  -363.358
  6        W+      24 [7] (11,14)   
                                56.808   121.744  -600.041   620.178    80.764
  7         t       6 [3] (6,13)   {+1}
                                11.861   117.444  -696.227   726.518   170.769
  8        W-     -24 [9] (10,15)   
                                16.075   -20.872  -160.911   186.560    90.655
  9      tbar      -6 [4,5] (8,12)   {-3}
                               -11.861  -117.444  -220.491   303.496   171.930
--- outgoing:
 10  nu_mubar     -14 [8]    
                                -3.393   -54.226  -109.716   122.432     0.000
 11        e+     -11 [6]    
                                -6.366    53.632  -125.477   136.607     0.001
 12      bbar      -5 [9]   17> {-3}
                               -27.936   -96.572   -59.580   116.936     4.200
 13         b       5 [7]   >16 {+1}
                               -44.947    -4.300   -96.186   106.340     4.200
 14      nu_e      12 [6]    
                                63.174    68.112  -474.564   483.571     0.000
 15       mu-      13 [8]    
                                19.468    33.354   -51.195    64.128     0.000
------------------------------------------------------------------------------
Step 1
--- intermediates:
  3         g      21 [1] (5,7)   {+1,-2}
                                 0.000     0.000    56.648    56.648     0.000
  4         g      21 [2] (9)   {+2,-3}
                                 0.000     0.000  -973.366   973.366     0.000
  5      tbar      -6 [3] (9)   {-2}
                               -11.861  -117.444   752.875  -669.870  -363.358
  6        W+      24 [7] (11,14)   
                                56.808   121.744  -600.041   620.178    80.764
  7         t       6 [3] (6,13)   {+1}
                                11.861   117.444  -696.227   726.518   170.769
  8        W-     -24 [9] (10,15)   
                                16.075   -20.872  -160.911   186.560    90.655
  9      tbar      -6 [4,5] (8,12)   {-3}
                               -11.861  -117.444  -220.491   303.496   171.930
--- final:
 10  nu_mubar     -14 [8]    
                                -3.393   -54.226  -109.716   122.432     0.000
 11        e+     -11 [6]    
                                -6.366    53.632  -125.477   136.607     0.001
 12      bbar      -5 [9]   17> {-3}
                               -27.936   -96.572   -59.580   116.936     4.200
 13         b       5 [7]   >16 {+1}
                               -44.947    -4.300   -96.186   106.340     4.200
 14      nu_e      12 [6]    
                                63.174    68.112  -474.564   483.571     0.000
 15       mu-      13 [8]    
                                19.468    33.354   -51.195    64.128     0.000
 16    Rem:p+      82 [1]   13>>17 {+2,-1}
                                 0.000     0.000  3443.352  3443.352     0.931
 17    Rem:p+      82 [2]   16>>12 {+3,-2}
                                -0.000     0.000 -2526.634  2526.634     0.797
------------------------------------------------------------------------------
     Sum of momenta:                 0         0         0     7e+03     7e+03
final integrated cross section is ( 0.000771546 +/- 1.0911e-05 ) nb



Note: In this run 81 of the 5000 accepted events
were found with a weight W larger than the expected Wmax.
This corresponds to a cross section difference between:
   UnitWeights:       0.000771546nb
   AlmostUnweighted:  0.000800037nb
 use 'set Sampler:AlmostUnweighted On' to switch to non-unit weights.

The maximum weight determined in the read/integrate step has been enhanced by 
   set /Herwig/Samplers/Sampler:MaxEnhancement 1.1.
If the rate of excessions (1.62%) or the change of the cross section is large,
you can try to:

Enhance the number of points used in the read/integrate step
   set /Herwig/Samplers/Sampler:BinSampler:InitialPoints ...

and/or enhance the reference weight found in the read/integrate step
   set /Herwig/Samplers/Sampler:MaxEnhancement 1.x

If this does not help (and your process is well defined by cuts)
don't hesitate to contact herwig@projects.hepforge.org.

No exceptions reported in this run.
