>>>>>>>>>>>>>>>>>>>>>>>>>>>>>>>>>>>>>>>>>>>>>>>>>>>>>>>>>>>>>>>>>>>>>>>>>>>>>>
>>>> Toolkit for HEP Event Generation - ThePEG 2.0.2 <<<<<<<<<<<<<<<<<<<<<<<<<
<<<<<<<<<<<<<<<<<<<<<<<<<<<<<<<<<<<<<<<<<<<<<<<<<<<<<<<<<<<<<<<<<<<<<<<<<<<<<<

>> Herwig 7.0.2 / ThePEG 2.0.2

==============================================================================
Statistics for event handler 'EventHandler':
                                       generated    number of    Cross-section
                                          events     attempts             (nb)
==============================================================================
Total (from   weighted events): including vetoed events            2.12(3)e-03
==============================================================================
Total (from unweighted events):             5000         5000      2.12(3)e-03
==============================================================================
Per matrix element breakdown:
MEGenericProcesses[d,dbar->nu_mubar,e        196          196        83(6)e-06
MEGenericProcesses[dbar,d->nu_mubar,e        203          203        86(6)e-06
MEGenericProcesses[ubar,u->nu_mubar,e        334          334     0.142(8)e-03
MEGenericProcesses[u,ubar->nu_mubar,e        297          297     0.126(7)e-03
MEGenericProcesses[c,cbar->nu_mubar,e         12           12         5(1)e-06
MEGenericProcesses[cbar,c->nu_mubar,e          9            9         4(1)e-06
MEGenericProcesses[sbar,s->nu_mubar,e         21           21         9(2)e-06
MEGenericProcesses[s,sbar->nu_mubar,e         15           15         6(2)e-06
MEGenericProcesses[b,bbar->nu_mubar,e         49           49        21(3)e-06
MEGenericProcesses[bbar,b->nu_mubar,e         55           55        23(3)e-06
MEGenericProcesses[g,g->nu_mubar,e+,b       3809         3809      1.62(3)e-03
==============================================================================
