>>>>>>>>>>>>>>>>>>>>>>>>>>>>>>>>>>>>>>>>>>>>>>>>>>>>>>>>>>>>>>>>>>>>>>>>>>>>>>
>>>> Toolkit for HEP Event Generation - ThePEG 2.0.2 <<<<<<<<<<<<<<<<<<<<<<<<<
<<<<<<<<<<<<<<<<<<<<<<<<<<<<<<<<<<<<<<<<<<<<<<<<<<<<<<<<<<<<<<<<<<<<<<<<<<<<<<

>> Herwig 7.0.2 / ThePEG 2.0.2

==============================================================================
Statistics for event handler 'EventHandler':
                                       generated    number of    Cross-section
                                          events     attempts             (nb)
==============================================================================
Total (from   weighted events): including vetoed events            2.06(5)e-03
==============================================================================
Total (from unweighted events):             2000         2001      2.06(5)e-03
==============================================================================
Per matrix element breakdown:
MEGenericProcesses[d,dbar->nu_mubar,e         83           83        85(9)e-06
MEGenericProcesses[dbar,d->nu_mubar,e         70           70        72(9)e-06
MEGenericProcesses[ubar,u->nu_mubar,e        125          126      0.13(1)e-03
MEGenericProcesses[u,ubar->nu_mubar,e        126          126      0.13(1)e-03
MEGenericProcesses[c,cbar->nu_mubar,e          7            7         7(3)e-06
MEGenericProcesses[cbar,c->nu_mubar,e          4            4         4(2)e-06
MEGenericProcesses[sbar,s->nu_mubar,e         12           12        12(4)e-06
MEGenericProcesses[s,sbar->nu_mubar,e         10           10        10(3)e-06
MEGenericProcesses[b,bbar->nu_mubar,e         32           32        33(6)e-06
MEGenericProcesses[bbar,b->nu_mubar,e         23           23        24(5)e-06
MEGenericProcesses[g,g->nu_mubar,e+,b       1508         1508      1.55(4)e-03
==============================================================================
