>>>>>>>>>>>>>>>>>>>>>>>>>>>>>>>>>>>>>>>>>>>>>>>>>>>>>>>>>>>>>>>>>>>>>>>>>>>>>>
>>>> Toolkit for HEP Event Generation - ThePEG 2.0.2 <<<<<<<<<<<<<<<<<<<<<<<<<
<<<<<<<<<<<<<<<<<<<<<<<<<<<<<<<<<<<<<<<<<<<<<<<<<<<<<<<<<<<<<<<<<<<<<<<<<<<<<<

>> Herwig 7.0.2 / ThePEG 2.0.2

/Herwig/Cuts/Cuts:
MHat  = 0 .. 7000 GeV
Scale = 2 .. 1e+12 GeV2
YHat  = -100 .. 100
X1    = 1e-05 .. 1
X2    = 1e-05 .. 1

IdentifiedParticleCut 'PhotonCut' matching 'Photon' within:
pt  = 0 .. 1e+06 GeV
IdentifiedParticleCut 'LeptonCut' matching 'Lepton' within:
pt  = 0 .. 1e+06 GeV
IdentifiedParticleCut 'TopQuarkCut' matching 'Top' within:
pt  = 0 .. 1e+06 GeV
IdentifiedParticleCut 'WBosonCut' matching 'WBoson' within:
pt  = 0 .. 1e+06 GeV
IdentifiedParticleCut 'ZBosonCut' matching 'ZBoson' within:
pt  = 0 .. 1e+06 GeV
IdentifiedParticleCut 'HiggsBosonCut' matching 'HiggsBoson' within:
pt  = 0 .. 1e+06 GeV
IdentifiedParticleCut 'ChargedLeptonCut' matching 'ChargedLepton' within:
pt  = 0 .. 1e+06 GeV
/Herwig/Cuts/LeptonPairMassCut
matching distances between: 'Lepton' and 'Lepton':
M = 0 .. 1e+06 GeV
same flavour only = false 
opposite sign only = false 

/Herwig/Cuts/ChargedLeptonPairMassCut
matching distances between: 'ChargedLepton' and 'ChargedLepton':
M = 0 .. 1e+06 GeV
same flavour only = false 
opposite sign only = false 

/Herwig/Cuts/LeptonDeltaRCut
matching distances between: 'Lepton' and 'Lepton':
DeltaRMin = 0 
DeltaRMax = 100 
DeltaPhiMin = 0 
DeltaPhiMax = 6.28319 
DeltaYMin = 0 
DeltaYMax = 100 

/Herwig/Cuts/ChargedLeptonDeltaRCut
matching distances between: 'ChargedLepton' and 'ChargedLepton':
DeltaRMin = 0 
DeltaRMax = 100 
DeltaPhiMin = 0 
DeltaPhiMax = 6.28319 
DeltaYMin = 0 
DeltaYMax = 100 

/Herwig/Cuts/PhotonIsolationCut matching unresolved particles from 'MatchboxJetMatcher':
DeltaZero = 0 
Exponent n = 1 
Efficiency = 0 
Cut Type = 1 

MissingPtCut 'MissingPtCut' matching 'Neutrino' within:
ptMiss  = 0 .. 1e+06 GeV
******************************************************************************
Event number 1 (id: MThalf_BR) performed by EventHandler
==============================================================================

--- Colliding particles:
  1        p+    2212  (3,16)   
                                 0.000     0.000  3500.000  3500.000     0.938
  2        p+    2212  (4,17)   
                                 0.000     0.000 -3500.000  3500.000     0.938
------------------------------------------------------------------------------
Primary sub-process performed by MEGenericProcesses[d,dbar->nu_mubar,e+,bbar,b,nu_e,mu-]
--- incoming:
  3         d       1 [1] (9)   {+1}
                                -0.000     0.000   377.724   377.724     0.000
  4      dbar      -1 [2] (9)   {-2}
                                 0.000    -0.000   -94.481    94.481     0.000
--- intermediates:
  5        W+      24 [6] (11,14)   
                               -79.074    40.283    47.184   128.029    79.307
  6         t       6 [9] (5,13)   {+1}
                               -73.063    12.298   164.890   249.238   171.584
  7        W-     -24 [8] (10,15)   
                                97.272    39.056    77.874   153.114    79.952
  8      tbar      -6 [9] (7,12)   {-2}
                                73.063   -12.298   118.352   222.967   173.832
  9         g      21 [3,4] (6,8)   {+1,-2}
                                 0.000    -0.000   283.243   472.205   377.824
--- outgoing:
 10  nu_mubar     -14 [7]    
                                62.237     1.428     3.049    62.328    -0.000
 11        e+     -11 [5]    
                               -55.094   -14.167    36.476    67.576     0.001
 12      bbar      -5 [8]   17> {-2}
                               -24.209   -51.354    40.479    69.853     4.200
 13         b       5 [6]   >16 {+1}
                                 6.011   -27.984   117.706   121.209     4.200
 14      nu_e      12 [5]    
                               -23.981    54.450    10.708    60.453    -0.000
 15       mu-      13 [7]    
                                35.034    37.628    74.825    90.786    -0.000
------------------------------------------------------------------------------
Step 1
--- intermediates:
  3         d       1 [1] (9)   {+1}
                                -0.000     0.000   377.724   377.724     0.000
  4      dbar      -1 [2] (9)   {-2}
                                 0.000    -0.000   -94.481    94.481     0.000
  5        W+      24 [6] (11,14)   
                               -79.074    40.283    47.184   128.029    79.307
  6         t       6 [9] (5,13)   {+1}
                               -73.063    12.298   164.890   249.238   171.584
  7        W-     -24 [8] (10,15)   
                                97.272    39.056    77.874   153.114    79.952
  8      tbar      -6 [9] (7,12)   {-2}
                                73.063   -12.298   118.352   222.967   173.832
  9         g      21 [3,4] (6,8)   {+1,-2}
                                 0.000    -0.000   283.243   472.205   377.824
--- final:
 10  nu_mubar     -14 [7]    
                                62.237     1.428     3.049    62.328    -0.000
 11        e+     -11 [5]    
                               -55.094   -14.167    36.476    67.576     0.001
 12      bbar      -5 [8]   17> {-2}
                               -24.209   -51.354    40.479    69.853     4.200
 13         b       5 [6]   >16 {+1}
                                 6.011   -27.984   117.706   121.209     4.200
 14      nu_e      12 [5]    
                               -23.981    54.450    10.708    60.453    -0.000
 15       mu-      13 [7]    
                                35.034    37.628    74.825    90.786    -0.000
 16    Rem:p+      82 [1]   13> {-1}
                                 0.000     0.000  3122.276  3122.276     0.886
 17    Rem:p+      82 [2]   >12 {+2}
                                -0.000     0.000 -3405.519  3405.519     0.926
------------------------------------------------------------------------------
     Sum of momenta:                 0         0         0     7e+03     7e+03
******************************************************************************
Event number 2 (id: MThalf_BR) performed by EventHandler
==============================================================================

--- Colliding particles:
  1        p+    2212  (3,16)   
                                 0.000     0.000  3500.000  3500.000     0.938
  2        p+    2212  (4,17)   
                                 0.000     0.000 -3500.000  3500.000     0.938
------------------------------------------------------------------------------
Primary sub-process performed by MEGenericProcesses[dbar,d->nu_mubar,e+,bbar,b,nu_e,mu-]
--- incoming:
  3      dbar      -1 [1] (6,7)   {-1}
                                 0.000    -0.000    14.216    14.216     0.000
  4         d       1 [2] (9)   {+2}
                                 0.000    -0.000  -550.288   550.288     0.000
--- intermediates:
  5      ubar      -2 [6] (9)   {-2}
                                -6.882    39.623   363.764  -348.056  -113.131
  6      dbar      -1 [3] (5,8)   {-2}
                                -0.197    -0.208    39.969   -12.875   -37.839
  7         g      21 [3] (12,13)   {+2,-1}
                                 0.197     0.208   -25.753    27.090     8.402
  8        W+      24 [6] (11,14)   
                                 6.684   -39.831  -323.796   335.182    76.628
  9        W-     -24 [4,5] (10,15)   
                                -6.882    39.623  -186.524   202.232    67.001
--- outgoing:
 10  nu_mubar     -14 [9]    
                               -25.468    39.444   -70.338    84.568     0.000
 11        e+     -11 [8]    
                                 1.643     5.306     2.246     5.991     0.001
 12      bbar      -5 [7]   16> {-1}
                                 0.140     0.169   -12.978    13.643     4.200
 13         b       5 [7]   >17 {+2}
                                 0.057     0.039   -12.775    13.448     4.200
 14      nu_e      12 [8]    
                                 5.041   -45.137  -326.042   329.190    -0.000
 15       mu-      13 [9]    
                                18.586     0.180  -116.186   117.663     0.000
------------------------------------------------------------------------------
Step 1
--- intermediates:
  3      dbar      -1 [1] (6,7)   {-1}
                                 0.000    -0.000    14.216    14.216     0.000
  4         d       1 [2] (9)   {+2}
                                 0.000    -0.000  -550.288   550.288     0.000
  5      ubar      -2 [6] (9)   {-2}
                                -6.882    39.623   363.764  -348.056  -113.131
  6      dbar      -1 [3] (5,8)   {-2}
                                -0.197    -0.208    39.969   -12.875   -37.839
  7         g      21 [3] (12,13)   {+2,-1}
                                 0.197     0.208   -25.753    27.090     8.402
  8        W+      24 [6] (11,14)   
                                 6.684   -39.831  -323.796   335.182    76.628
  9        W-     -24 [4,5] (10,15)   
                                -6.882    39.623  -186.524   202.232    67.001
--- final:
 10  nu_mubar     -14 [9]    
                               -25.468    39.444   -70.338    84.568     0.000
 11        e+     -11 [8]    
                                 1.643     5.306     2.246     5.991     0.001
 12      bbar      -5 [7]   16> {-1}
                                 0.140     0.169   -12.978    13.643     4.200
 13         b       5 [7]   >17 {+2}
                                 0.057     0.039   -12.775    13.448     4.200
 14      nu_e      12 [8]    
                                 5.041   -45.137  -326.042   329.190    -0.000
 15       mu-      13 [9]    
                                18.586     0.180  -116.186   117.663     0.000
 16    Rem:p+      82 [1]   >12 {+1}
                                 0.000     0.000  3485.784  3485.784     0.936
 17    Rem:p+      82 [2]   13> {-2}
                                -0.000     0.000 -2949.712  2949.712     0.861
------------------------------------------------------------------------------
     Sum of momenta:                 0         0         0     7e+03     7e+03
******************************************************************************
Event number 3 (id: MThalf_BR) performed by EventHandler
==============================================================================

--- Colliding particles:
  1        p+    2212  (3,16)   
                                 0.000     0.000  3500.000  3500.000     0.938
  2        p+    2212  (4,17)   
                                 0.000     0.000 -3500.000  3500.000     0.938
------------------------------------------------------------------------------
Primary sub-process performed by MEGenericProcesses[g,g->nu_mubar,e+,bbar,b,nu_e,mu-]
--- incoming:
  3         g      21 [1] (5,13)   {+1,-2}
                                 0.000    -0.000  1717.931  1717.931     0.000
  4         g      21 [2] (9)   {+2,-3}
                                 0.000     0.000   -29.677    29.677     0.000
--- intermediates:
  5      bbar      -5 [3] (9)   {-2}
                                -0.445     0.049  1519.123  1519.078   -11.683
  6        W+      24 [9] (11,14)   
                                44.246  -146.010   411.730   446.796    82.631
  7        W-     -24 [8] (10,15)   
                               -17.443     9.318   294.435   306.355    82.283
  8      tbar      -6 [9] (7,12)   {-3}
                               -44.691   146.059  1077.715  1101.959   171.796
  9      bbar      -5 [4,5] (6,8)   {-3}
                                -0.445     0.049  1489.445  1548.755   424.493
--- outgoing:
 10  nu_mubar     -14 [7]    
                               -50.397     3.175   158.593   166.438    -0.000
 11        e+     -11 [6]    
                                21.685  -111.954   192.089   223.387     0.001
 12      bbar      -5 [8]   17> {-3}
                               -27.248   136.741   783.280   795.604     4.200
 13         b       5 [3]   >16 {+1}
                                 0.445    -0.049   198.808   198.853     4.200
 14      nu_e      12 [6]    
                                22.561   -34.057   219.642   223.408    -0.000
 15       mu-      13 [7]    
                                32.954     6.143   135.842   139.917     0.000
------------------------------------------------------------------------------
Step 1
--- intermediates:
  3         g      21 [1] (5,13)   {+1,-2}
                                 0.000    -0.000  1717.931  1717.931     0.000
  4         g      21 [2] (9)   {+2,-3}
                                 0.000     0.000   -29.677    29.677     0.000
  5      bbar      -5 [3] (9)   {-2}
                                -0.445     0.049  1519.123  1519.078   -11.683
  6        W+      24 [9] (11,14)   
                                44.246  -146.010   411.730   446.796    82.631
  7        W-     -24 [8] (10,15)   
                               -17.443     9.318   294.435   306.355    82.283
  8      tbar      -6 [9] (7,12)   {-3}
                               -44.691   146.059  1077.715  1101.959   171.796
  9      bbar      -5 [4,5] (6,8)   {-3}
                                -0.445     0.049  1489.445  1548.755   424.493
--- final:
 10  nu_mubar     -14 [7]    
                               -50.397     3.175   158.593   166.438    -0.000
 11        e+     -11 [6]    
                                21.685  -111.954   192.089   223.387     0.001
 12      bbar      -5 [8]   17> {-3}
                               -27.248   136.741   783.280   795.604     4.200
 13         b       5 [3]   >16 {+1}
                                 0.445    -0.049   198.808   198.853     4.200
 14      nu_e      12 [6]    
                                22.561   -34.057   219.642   223.408    -0.000
 15       mu-      13 [7]    
                                32.954     6.143   135.842   139.917     0.000
 16    Rem:p+      82 [1]   13>>17 {+2,-1}
                                 0.000     0.000  1782.069  1782.069     0.670
 17    Rem:p+      82 [2]   16>>12 {+3,-2}
                                -0.000     0.000 -3470.323  3470.323     0.934
------------------------------------------------------------------------------
     Sum of momenta:                 0         0         0     7e+03     7e+03
******************************************************************************
Event number 4 (id: MThalf_BR) performed by EventHandler
==============================================================================

--- Colliding particles:
  1        p+    2212  (3,16)   
                                 0.000     0.000  3500.000  3500.000     0.938
  2        p+    2212  (4,17)   
                                 0.000     0.000 -3500.000  3500.000     0.938
------------------------------------------------------------------------------
Primary sub-process performed by MEGenericProcesses[g,g->nu_mubar,e+,bbar,b,nu_e,mu-]
--- incoming:
  3         g      21 [1] (5,7)   {+1,-2}
                                 0.000    -0.000   292.176   292.176     0.000
  4         g      21 [2] (9)   {+3,-1}
                                 0.000    -0.000  -139.998   139.998     0.000
--- intermediates:
  5         t       6 [3] (9)   {+1}
                                74.503    59.265   265.252    93.731  -265.775
  6        W-     -24 [7] (10,15)   
                               -34.273    -1.223   -44.526    97.896    80.156
  7      tbar      -6 [3] (6,12)   {-2}
                               -74.503   -59.265    26.924   198.445   172.024
  8        W+      24 [9] (11,14)   
                                -7.438    35.510   118.360   148.033    81.170
  9         t       6 [4,5] (8,13)   {+3}
                                74.503    59.265   125.255   233.729   172.851
--- outgoing:
 10  nu_mubar     -14 [6]    
                               -41.155    10.447     8.383    43.280    -0.000
 11        e+     -11 [8]    
                                20.229    16.030     0.931    25.827     0.001
 12      bbar      -5 [7]   16> {-2}
                               -40.230   -58.043    71.450   100.549     4.200
 13         b       5 [9]   >17 {+3}
                                81.940    23.755     6.895    85.695     4.200
 14      nu_e      12 [8]    
                               -27.666    19.480   117.429   122.206     0.000
 15       mu-      13 [6]    
                                 6.883   -11.670   -52.908    54.616     0.000
------------------------------------------------------------------------------
Step 1
--- intermediates:
  3         g      21 [1] (5,7)   {+1,-2}
                                 0.000    -0.000   292.176   292.176     0.000
  4         g      21 [2] (9)   {+3,-1}
                                 0.000    -0.000  -139.998   139.998     0.000
  5         t       6 [3] (9)   {+1}
                                74.503    59.265   265.252    93.731  -265.775
  6        W-     -24 [7] (10,15)   
                               -34.273    -1.223   -44.526    97.896    80.156
  7      tbar      -6 [3] (6,12)   {-2}
                               -74.503   -59.265    26.924   198.445   172.024
  8        W+      24 [9] (11,14)   
                                -7.438    35.510   118.360   148.033    81.170
  9         t       6 [4,5] (8,13)   {+3}
                                74.503    59.265   125.255   233.729   172.851
--- final:
 10  nu_mubar     -14 [6]    
                               -41.155    10.447     8.383    43.280    -0.000
 11        e+     -11 [8]    
                                20.229    16.030     0.931    25.827     0.001
 12      bbar      -5 [7]   16> {-2}
                               -40.230   -58.043    71.450   100.549     4.200
 13         b       5 [9]   >17 {+3}
                                81.940    23.755     6.895    85.695     4.200
 14      nu_e      12 [8]    
                               -27.666    19.480   117.429   122.206     0.000
 15       mu-      13 [6]    
                                 6.883   -11.670   -52.908    54.616     0.000
 16    Rem:p+      82 [1]   17>>12 {+2,-1}
                                 0.000     0.000  3207.824  3207.824     0.898
 17    Rem:p+      82 [2]   13>>16 {+1,-3}
                                -0.000     0.000 -3360.002  3360.002     0.919
------------------------------------------------------------------------------
     Sum of momenta:                 0         0         0     7e+03     7e+03
******************************************************************************
Event number 5 (id: MThalf_BR) performed by EventHandler
==============================================================================

--- Colliding particles:
  1        p+    2212  (3,16)   
                                 0.000     0.000  3500.000  3500.000     0.938
  2        p+    2212  (4,17)   
                                 0.000     0.000 -3500.000  3500.000     0.938
------------------------------------------------------------------------------
Primary sub-process performed by MEGenericProcesses[g,g->nu_mubar,e+,bbar,b,nu_e,mu-]
--- incoming:
  3         g      21 [1] (5,7)   {+1,-2}
                                -0.000     0.000    67.969    67.969     0.000
  4         g      21 [2] (9)   {+3,-1}
                                 0.000    -0.000  -661.653   661.653     0.000
--- intermediates:
  5         t       6 [3] (9)   {+1}
                               -66.665    42.265   531.535  -432.970  -318.272
  6        W-     -24 [7] (10,15)   
                               109.543   -19.817  -294.087   324.636    80.677
  7      tbar      -6 [3] (6,12)   {-2}
                                66.665   -42.265  -463.565   500.939   172.675
  8        W+      24 [9] (11,14)   
                               -19.123    -1.230    -2.256    85.441    83.234
  9         t       6 [4,5] (8,13)   {+3}
                               -66.665    42.265  -130.119   228.684   170.689
--- outgoing:
 10  nu_mubar     -14 [6]    
                                44.963   -32.250  -213.839   220.882     0.000
 11        e+     -11 [8]    
                                24.391    12.131   -22.779    35.510     0.001
 12      bbar      -5 [7]   16> {-2}
                               -42.877   -22.448  -169.478   176.303     4.200
 13         b       5 [9]   >17 {+3}
                               -47.543    43.494  -127.863   143.243     4.200
 14      nu_e      12 [8]    
                               -43.513   -13.361    20.523    49.931     0.000
 15       mu-      13 [6]    
                                64.579    12.433   -80.248   103.754    -0.000
------------------------------------------------------------------------------
Step 1
--- intermediates:
  3         g      21 [1] (5,7)   {+1,-2}
                                -0.000     0.000    67.969    67.969     0.000
  4         g      21 [2] (9)   {+3,-1}
                                 0.000    -0.000  -661.653   661.653     0.000
  5         t       6 [3] (9)   {+1}
                               -66.665    42.265   531.535  -432.970  -318.272
  6        W-     -24 [7] (10,15)   
                               109.543   -19.817  -294.087   324.636    80.677
  7      tbar      -6 [3] (6,12)   {-2}
                                66.665   -42.265  -463.565   500.939   172.675
  8        W+      24 [9] (11,14)   
                               -19.123    -1.230    -2.256    85.441    83.234
  9         t       6 [4,5] (8,13)   {+3}
                               -66.665    42.265  -130.119   228.684   170.689
--- final:
 10  nu_mubar     -14 [6]    
                                44.963   -32.250  -213.839   220.882     0.000
 11        e+     -11 [8]    
                                24.391    12.131   -22.779    35.510     0.001
 12      bbar      -5 [7]   16> {-2}
                               -42.877   -22.448  -169.478   176.303     4.200
 13         b       5 [9]   >17 {+3}
                               -47.543    43.494  -127.863   143.243     4.200
 14      nu_e      12 [8]    
                               -43.513   -13.361    20.523    49.931     0.000
 15       mu-      13 [6]    
                                64.579    12.433   -80.248   103.754    -0.000
 16    Rem:p+      82 [1]   17>>12 {+2,-1}
                                 0.000     0.000  3432.030  3432.031     0.929
 17    Rem:p+      82 [2]   13>>16 {+1,-3}
                                -0.000     0.000 -2838.346  2838.347     0.845
------------------------------------------------------------------------------
     Sum of momenta:                 0         0         0     7e+03     7e+03
******************************************************************************
Event number 6 (id: MThalf_BR) performed by EventHandler
==============================================================================

--- Colliding particles:
  1        p+    2212  (3,16)   
                                 0.000     0.000  3500.000  3500.000     0.938
  2        p+    2212  (4,17)   
                                 0.000     0.000 -3500.000  3500.000     0.938
------------------------------------------------------------------------------
Primary sub-process performed by MEGenericProcesses[g,g->nu_mubar,e+,bbar,b,nu_e,mu-]
--- incoming:
  3         g      21 [1] (9)   {+1,-2}
                                 0.000     0.000    99.677    99.677     0.000
  4         g      21 [2] (9)   {+3,-1}
                                 0.000    -0.000  -509.956   509.956     0.000
--- intermediates:
  5        W+      24 [6] (11,14)   
                               -65.399    40.695  -322.676   341.165    79.627
  6         t       6 [9] (5,13)   {+3}
                               -38.158    -9.752  -398.023   435.937   173.400
  7        W-     -24 [8] (10,15)   
                                13.963   -17.292   -67.974   107.070    79.685
  8      tbar      -6 [9] (7,12)   {-2}
                                38.158     9.752   -12.256   173.695   168.727
  9         g      21 [3,4] (6,8)   {+3,-2}
                                 0.000     0.000  -410.279   609.633   450.914
--- outgoing:
 10  nu_mubar     -14 [7]    
                                12.072    11.253   -75.668    77.447    -0.000
 11        e+     -11 [5]    
                               -29.000    62.088  -195.199   206.879     0.001
 12      bbar      -5 [8]   16> {-2}
                                24.195    27.044    55.718    66.625     4.200
 13         b       5 [6]   >17 {+3}
                                27.241   -50.447   -75.347    94.772     4.200
 14      nu_e      12 [5]    
                               -36.398   -21.393  -127.477   134.287    -0.000
 15       mu-      13 [7]    
                                 1.891   -28.545     7.694    29.624     0.000
------------------------------------------------------------------------------
Step 1
--- intermediates:
  3         g      21 [1] (9)   {+1,-2}
                                 0.000     0.000    99.677    99.677     0.000
  4         g      21 [2] (9)   {+3,-1}
                                 0.000    -0.000  -509.956   509.956     0.000
  5        W+      24 [6] (11,14)   
                               -65.399    40.695  -322.676   341.165    79.627
  6         t       6 [9] (5,13)   {+3}
                               -38.158    -9.752  -398.023   435.937   173.400
  7        W-     -24 [8] (10,15)   
                                13.963   -17.292   -67.974   107.070    79.685
  8      tbar      -6 [9] (7,12)   {-2}
                                38.158     9.752   -12.256   173.695   168.727
  9         g      21 [3,4] (6,8)   {+3,-2}
                                 0.000     0.000  -410.279   609.633   450.914
--- final:
 10  nu_mubar     -14 [7]    
                                12.072    11.253   -75.668    77.447    -0.000
 11        e+     -11 [5]    
                               -29.000    62.088  -195.199   206.879     0.001
 12      bbar      -5 [8]   16> {-2}
                                24.195    27.044    55.718    66.625     4.200
 13         b       5 [6]   >17 {+3}
                                27.241   -50.447   -75.347    94.772     4.200
 14      nu_e      12 [5]    
                               -36.398   -21.393  -127.477   134.287    -0.000
 15       mu-      13 [7]    
                                 1.891   -28.545     7.694    29.624     0.000
 16    Rem:p+      82 [1]   17>>12 {+2,-1}
                                 0.000     0.000  3400.323  3400.323     0.925
 17    Rem:p+      82 [2]   13>>16 {+1,-3}
                                -0.000     0.000 -2990.044  2990.044     0.867
------------------------------------------------------------------------------
     Sum of momenta:                 0         0         0     7e+03     7e+03
******************************************************************************
Event number 7 (id: MThalf_BR) performed by EventHandler
==============================================================================

--- Colliding particles:
  1        p+    2212  (3,16)   
                                 0.000     0.000  3500.000  3500.000     0.938
  2        p+    2212  (4,17)   
                                 0.000     0.000 -3500.000  3500.000     0.938
------------------------------------------------------------------------------
Primary sub-process performed by MEGenericProcesses[g,g->nu_mubar,e+,bbar,b,nu_e,mu-]
--- incoming:
  3         g      21 [1] (5,12)   {+1,-2}
                                 0.000     0.000    52.724    52.724     0.000
  4         g      21 [2] (9)   {+3,-1}
                                 0.000     0.000  -750.219   750.219     0.000
--- intermediates:
  5         b       5 [3] (9)   {+1}
                                10.672   -36.218    50.467    14.666   -61.298
  6        W+      24 [7] (11,14)   
                                42.715    42.742  -539.261   548.678    81.202
  7         t       6 [9] (6,13)   {+3}
                                49.513    36.056  -531.827   561.478   169.312
  8        W-     -24 [9] (10,15)   
                               -38.841   -72.274  -167.925   203.407    80.270
  9         b       5 [4,5] (7,8)   {+3}
                                10.672   -36.218  -699.752   764.885   306.546
--- outgoing:
 10  nu_mubar     -14 [8]    
                                22.930   -20.801   -26.636    40.840     0.000
 11        e+     -11 [6]    
                                -9.086    -9.983   -19.672    23.858     0.001
 12      bbar      -5 [3]   16> {-2}
                               -10.672    36.218     2.257    38.057     4.200
 13         b       5 [7]   >17 {+3}
                                 6.799    -6.686     7.435    12.800     4.200
 14      nu_e      12 [6]    
                                51.801    52.725  -519.589   524.820     0.000
 15       mu-      13 [8]    
                               -61.771   -51.473  -141.289   162.566     0.000
------------------------------------------------------------------------------
Step 1
--- intermediates:
  3         g      21 [1] (5,12)   {+1,-2}
                                 0.000     0.000    52.724    52.724     0.000
  4         g      21 [2] (9)   {+3,-1}
                                 0.000     0.000  -750.219   750.219     0.000
  5         b       5 [3] (9)   {+1}
                                10.672   -36.218    50.467    14.666   -61.298
  6        W+      24 [7] (11,14)   
                                42.715    42.742  -539.261   548.678    81.202
  7         t       6 [9] (6,13)   {+3}
                                49.513    36.056  -531.827   561.478   169.312
  8        W-     -24 [9] (10,15)   
                               -38.841   -72.274  -167.925   203.407    80.270
  9         b       5 [4,5] (7,8)   {+3}
                                10.672   -36.218  -699.752   764.885   306.546
--- final:
 10  nu_mubar     -14 [8]    
                                22.930   -20.801   -26.636    40.840     0.000
 11        e+     -11 [6]    
                                -9.086    -9.983   -19.672    23.858     0.001
 12      bbar      -5 [3]   16> {-2}
                               -10.672    36.218     2.257    38.057     4.200
 13         b       5 [7]   >17 {+3}
                                 6.799    -6.686     7.435    12.800     4.200
 14      nu_e      12 [6]    
                                51.801    52.725  -519.589   524.820     0.000
 15       mu-      13 [8]    
                               -61.771   -51.473  -141.289   162.566     0.000
 16    Rem:p+      82 [1]   17>>12 {+2,-1}
                                 0.000     0.000  3447.276  3447.276     0.931
 17    Rem:p+      82 [2]   13>>16 {+1,-3}
                                -0.000     0.000 -2749.781  2749.781     0.832
------------------------------------------------------------------------------
     Sum of momenta:                 0         0         0     7e+03     7e+03
******************************************************************************
Event number 8 (id: MThalf_BR) performed by EventHandler
==============================================================================

--- Colliding particles:
  1        p+    2212  (3,16)   
                                 0.000     0.000  3500.000  3500.000     0.938
  2        p+    2212  (4,17)   
                                 0.000     0.000 -3500.000  3500.000     0.938
------------------------------------------------------------------------------
Primary sub-process performed by MEGenericProcesses[g,g->nu_mubar,e+,bbar,b,nu_e,mu-]
--- incoming:
  3         g      21 [1] (5,7)   {+1,-2}
                                -0.000     0.000   344.597   344.597     0.000
  4         g      21 [2] (9)   {+3,-1}
                                 0.000    -0.000  -151.550   151.550     0.000
--- intermediates:
  5         t       6 [3] (9)   {+1}
                              -120.007   -85.606   320.026   130.903  -327.126
  6        W-     -24 [7] (10,15)   
                                80.780   116.944    19.015   163.005    77.511
  7      tbar      -6 [3] (6,12)   {-2}
                               120.007    85.606    24.571   213.694   152.745
  8        W+      24 [9] (11,14)   
                              -154.677   -70.053   147.334   238.766    80.434
  9         t       6 [4,5] (8,13)   {+3}
                              -120.007   -85.606   168.476   282.453   172.236
--- outgoing:
 10  nu_mubar     -14 [6]    
                                53.226    94.672    46.520   118.152     0.000
 11        e+     -11 [8]    
                              -129.125   -44.731    70.142   153.603     0.001
 12      bbar      -5 [7]   16> {-2}
                                39.228   -31.337     5.556    50.689     4.200
 13         b       5 [9]   >17 {+3}
                                34.670   -15.554    21.142    43.687     4.200
 14      nu_e      12 [8]    
                               -25.552   -25.322    77.192    85.163    -0.000
 15       mu-      13 [6]    
                                27.554    22.272   -27.505    44.853    -0.000
------------------------------------------------------------------------------
Step 1
--- intermediates:
  3         g      21 [1] (5,7)   {+1,-2}
                                -0.000     0.000   344.597   344.597     0.000
  4         g      21 [2] (9)   {+3,-1}
                                 0.000    -0.000  -151.550   151.550     0.000
  5         t       6 [3] (9)   {+1}
                              -120.007   -85.606   320.026   130.903  -327.126
  6        W-     -24 [7] (10,15)   
                                80.780   116.944    19.015   163.005    77.511
  7      tbar      -6 [3] (6,12)   {-2}
                               120.007    85.606    24.571   213.694   152.745
  8        W+      24 [9] (11,14)   
                              -154.677   -70.053   147.334   238.766    80.434
  9         t       6 [4,5] (8,13)   {+3}
                              -120.007   -85.606   168.476   282.453   172.236
--- final:
 10  nu_mubar     -14 [6]    
                                53.226    94.672    46.520   118.152     0.000
 11        e+     -11 [8]    
                              -129.125   -44.731    70.142   153.603     0.001
 12      bbar      -5 [7]   16> {-2}
                                39.228   -31.337     5.556    50.689     4.200
 13         b       5 [9]   >17 {+3}
                                34.670   -15.554    21.142    43.687     4.200
 14      nu_e      12 [8]    
                               -25.552   -25.322    77.192    85.163    -0.000
 15       mu-      13 [6]    
                                27.554    22.272   -27.505    44.853    -0.000
 16    Rem:p+      82 [1]   17>>12 {+2,-1}
                                 0.000     0.000  3155.403  3155.403     0.891
 17    Rem:p+      82 [2]   13>>16 {+1,-3}
                                -0.000     0.000 -3348.450  3348.450     0.918
------------------------------------------------------------------------------
     Sum of momenta:                 0         0         0     7e+03     7e+03
******************************************************************************
Event number 9 (id: MThalf_BR) performed by EventHandler
==============================================================================

--- Colliding particles:
  1        p+    2212  (3,16)   
                                 0.000     0.000  3500.000  3500.000     0.938
  2        p+    2212  (4,17)   
                                 0.000     0.000 -3500.000  3500.000     0.938
------------------------------------------------------------------------------
Primary sub-process performed by MEGenericProcesses[g,g->nu_mubar,e+,bbar,b,nu_e,mu-]
--- incoming:
  3         g      21 [1] (9)   {+1,-2}
                                -0.000     0.000   744.151   744.151     0.000
  4         g      21 [2] (9)   {+3,-1}
                                 0.000     0.000   -61.654    61.654     0.000
--- intermediates:
  5        W+      24 [6] (11,14)   
                               -65.279   -43.145   149.117   186.210    79.470
  6         t       6 [9] (5,13)   {+3}
                               -85.570    22.946   171.305   258.940   172.788
  7        W-     -24 [8] (10,15)   
                               107.052   -21.399   204.645   239.533    59.823
  8      tbar      -6 [9] (7,12)   {-2}
                                85.570   -22.946   511.192   546.865   172.902
  9         g      21 [3,4] (6,8)   {+3,-2}
                                 0.000     0.000   682.497   805.805   428.392
--- outgoing:
 10  nu_mubar     -14 [7]    
                               107.632   -31.784   172.913   206.140     0.000
 11        e+     -11 [5]    
                               -13.140     1.652    -7.466    15.203     0.001
 12      bbar      -5 [8]   16> {-2}
                               -21.482    -1.547   306.547   307.331     4.200
 13         b       5 [6]   >17 {+3}
                               -20.291    66.091    22.188    72.730     4.200
 14      nu_e      12 [5]    
                               -52.140   -44.797   156.583   171.008     0.000
 15       mu-      13 [7]    
                                -0.580    10.385    31.732    33.394     0.000
------------------------------------------------------------------------------
Step 1
--- intermediates:
  3         g      21 [1] (9)   {+1,-2}
                                -0.000     0.000   744.151   744.151     0.000
  4         g      21 [2] (9)   {+3,-1}
                                 0.000     0.000   -61.654    61.654     0.000
  5        W+      24 [6] (11,14)   
                               -65.279   -43.145   149.117   186.210    79.470
  6         t       6 [9] (5,13)   {+3}
                               -85.570    22.946   171.305   258.940   172.788
  7        W-     -24 [8] (10,15)   
                               107.052   -21.399   204.645   239.533    59.823
  8      tbar      -6 [9] (7,12)   {-2}
                                85.570   -22.946   511.192   546.865   172.902
  9         g      21 [3,4] (6,8)   {+3,-2}
                                 0.000     0.000   682.497   805.805   428.392
--- final:
 10  nu_mubar     -14 [7]    
                               107.632   -31.784   172.913   206.140     0.000
 11        e+     -11 [5]    
                               -13.140     1.652    -7.466    15.203     0.001
 12      bbar      -5 [8]   16> {-2}
                               -21.482    -1.547   306.547   307.331     4.200
 13         b       5 [6]   >17 {+3}
                               -20.291    66.091    22.188    72.730     4.200
 14      nu_e      12 [5]    
                               -52.140   -44.797   156.583   171.008     0.000
 15       mu-      13 [7]    
                                -0.580    10.385    31.732    33.394     0.000
 16    Rem:p+      82 [1]   17>>12 {+2,-1}
                                 0.000     0.000  2755.849  2755.849     0.833
 17    Rem:p+      82 [2]   13>>16 {+1,-3}
                                -0.000     0.000 -3438.346  3438.346     0.930
------------------------------------------------------------------------------
     Sum of momenta:                 0         0         0     7e+03     7e+03
final integrated cross section is ( 0.00208194 +/- 4.65505e-05 ) nb



Note: In this run 39 of the 2000 accepted events
were found with a weight W larger than the expected Wmax.
This corresponds to a cross section difference between:
   UnitWeights:       0.00208194nb
   AlmostUnweighted:  0.00217275nb
 use 'set Sampler:AlmostUnweighted On' to switch to non-unit weights.

The maximum weight determined in the read/integrate step has been enhanced by 
   set /Herwig/Samplers/Sampler:MaxEnhancement 1.1.
If the rate of excessions (1.95%) or the change of the cross section is large,
you can try to:

Enhance the number of points used in the read/integrate step
   set /Herwig/Samplers/Sampler:BinSampler:InitialPoints ...

and/or enhance the reference weight found in the read/integrate step
   set /Herwig/Samplers/Sampler:MaxEnhancement 1.x

If this does not help (and your process is well defined by cuts)
don't hesitate to contact herwig@projects.hepforge.org.

No exceptions reported in this run.
