>>>>>>>>>>>>>>>>>>>>>>>>>>>>>>>>>>>>>>>>>>>>>>>>>>>>>>>>>>>>>>>>>>>>>>>>>>>>>>
>>>> Toolkit for HEP Event Generation - ThePEG 2.0.2 <<<<<<<<<<<<<<<<<<<<<<<<<
<<<<<<<<<<<<<<<<<<<<<<<<<<<<<<<<<<<<<<<<<<<<<<<<<<<<<<<<<<<<<<<<<<<<<<<<<<<<<<

>> Herwig 7.0.2 / ThePEG 2.0.2

==============================================================================
Statistics for event handler 'EventHandler':
                                       generated    number of    Cross-section
                                          events     attempts             (nb)
==============================================================================
Total (from   weighted events): including vetoed events            0.70(2)e-03
==============================================================================
Total (from unweighted events):             2000         2000      0.70(2)e-03
==============================================================================
Per matrix element breakdown:
MEGenericProcesses[d,dbar->nu_mubar,e         88           88        31(3)e-06
MEGenericProcesses[dbar,d->nu_mubar,e         87           87        30(3)e-06
MEGenericProcesses[ubar,u->nu_mubar,e        148          148        52(4)e-06
MEGenericProcesses[u,ubar->nu_mubar,e        138          138        48(4)e-06
MEGenericProcesses[c,cbar->nu_mubar,e          4            4       1.4(7)e-06
MEGenericProcesses[cbar,c->nu_mubar,e          3            3       1.0(6)e-06
MEGenericProcesses[sbar,s->nu_mubar,e         10           10         3(1)e-06
MEGenericProcesses[s,sbar->nu_mubar,e          9            9         3(1)e-06
MEGenericProcesses[b,bbar->nu_mubar,e          0            0                0
MEGenericProcesses[bbar,b->nu_mubar,e          1            1       0.3(3)e-06
MEGenericProcesses[g,g->nu_mubar,e+,b       1512         1512      0.53(1)e-03
==============================================================================
