>>>>>>>>>>>>>>>>>>>>>>>>>>>>>>>>>>>>>>>>>>>>>>>>>>>>>>>>>>>>>>>>>>>>>>>>>>>>>>
>>>> Toolkit for HEP Event Generation - ThePEG 2.0.2 <<<<<<<<<<<<<<<<<<<<<<<<<
<<<<<<<<<<<<<<<<<<<<<<<<<<<<<<<<<<<<<<<<<<<<<<<<<<<<<<<<<<<<<<<<<<<<<<<<<<<<<<

>> Herwig 7.0.2 / ThePEG 2.0.2

/Herwig/Cuts/Cuts:
MHat  = 0 .. 7000 GeV
Scale = 2 .. 1e+12 GeV2
YHat  = -100 .. 100
X1    = 1e-05 .. 1
X2    = 1e-05 .. 1

IdentifiedParticleCut 'BJetCut' matching 'BJetMatcher' within:
pt  = 30 .. 1e+06 GeV
IdentifiedParticleCut 'PhotonCut' matching 'Photon' within:
pt  = 0 .. 1e+06 GeV
IdentifiedParticleCut 'LeptonCut' matching 'Lepton' within:
pt  = 0 .. 1e+06 GeV
IdentifiedParticleCut 'TopQuarkCut' matching 'Top' within:
pt  = 0 .. 1e+06 GeV
IdentifiedParticleCut 'WBosonCut' matching 'WBoson' within:
pt  = 0 .. 1e+06 GeV
IdentifiedParticleCut 'ZBosonCut' matching 'ZBoson' within:
pt  = 0 .. 1e+06 GeV
IdentifiedParticleCut 'HiggsBosonCut' matching 'HiggsBoson' within:
pt  = 0 .. 1e+06 GeV
IdentifiedParticleCut 'ChargedLeptonCut' matching 'ChargedLepton' within:
pt  = 20 .. 1e+06 GeV
/Herwig/Cuts/LeptonPairMassCut
matching distances between: 'Lepton' and 'Lepton':
M = 0 .. 1e+06 GeV
same flavour only = false 
opposite sign only = false 

/Herwig/Cuts/ChargedLeptonPairMassCut
matching distances between: 'ChargedLepton' and 'ChargedLepton':
M = 0 .. 1e+06 GeV
same flavour only = false 
opposite sign only = false 

/Herwig/Cuts/LeptonDeltaRCut
matching distances between: 'Lepton' and 'Lepton':
DeltaRMin = 0 
DeltaRMax = 100 
DeltaPhiMin = 0 
DeltaPhiMax = 6.28319 
DeltaYMin = 0 
DeltaYMax = 100 

/Herwig/Cuts/ChargedLeptonDeltaRCut
matching distances between: 'ChargedLepton' and 'ChargedLepton':
DeltaRMin = 0 
DeltaRMax = 100 
DeltaPhiMin = 0 
DeltaPhiMax = 6.28319 
DeltaYMin = 0 
DeltaYMax = 100 

/Herwig/Cuts/PhotonIsolationCut matching unresolved particles from 'MatchboxJetMatcher':
DeltaZero = 0 
Exponent n = 1 
Efficiency = 0 
Cut Type = 1 

MissingPtCut 'MissingPtCut' matching 'Neutrino' within:
ptMiss  = 20 .. 1e+06 GeV
******************************************************************************
Event number 1 (id: MThalf2) performed by EventHandler
==============================================================================

--- Colliding particles:
  1        p+    2212  (3,16)   
                                 0.000     0.000  3500.000  3500.000     0.938
  2        p+    2212  (4,17)   
                                 0.000     0.000 -3500.000  3500.000     0.938
------------------------------------------------------------------------------
Primary sub-process performed by MEGenericProcesses[bbar,b->nu_mubar,e+,bbar,b,nu_e,mu-]
--- incoming:
  3      bbar      -5 [1] (5,9)   {-1}
                                 0.000     0.000   524.816   524.816     0.000
  4         b       5 [2] (13)   {+1}
                                 0.000     0.000  -187.213   187.213     0.000
--- intermediates:
  5         g      21 [3] (13)   {+2,-1}
                               138.134   -31.575   531.883   185.471  -518.245
  6        W+      24 [9] (11,14)   
                               -81.042    69.439   -58.082   146.527    81.895
  7        W-     -24 [8] (10,15)   
                              -100.421   -24.193    63.957   145.389    79.862
  8      tbar      -6 [9] (7,12)   {-2}
                               -57.092   -37.864    51.014   192.818   172.867
  9      bbar      -5 [3] (6,8)   {-2}
                              -138.134    31.575    -7.068   339.344   308.263
--- outgoing:
 10  nu_mubar     -14 [7]    
                                11.632     7.836     6.709    15.547    -0.000
 11        e+     -11 [6]    
                               -56.868    30.017     9.123    64.947     0.001
 12      bbar      -5 [8]   13> {-2}
                                43.329   -13.671   -12.942    47.428     4.200
 13         b       5 [4,5]   >12 {+2}
                               138.134   -31.575   344.671   372.684     4.200
 14      nu_e      12 [6]    
                               -24.174    39.423   -67.206    81.579     0.000
 15       mu-      13 [7]    
                              -112.053   -32.029    57.248   129.842     0.106
------------------------------------------------------------------------------
Step 1
--- intermediates:
  3      bbar      -5 [1] (5,9)   {-1}
                                 0.000     0.000   524.816   524.816     0.000
  4         b       5 [2] (13)   {+1}
                                 0.000     0.000  -187.213   187.213     0.000
  5         g      21 [3] (13)   {+2,-1}
                               138.134   -31.575   531.883   185.471  -518.245
  6        W+      24 [9] (11,14)   
                               -81.042    69.439   -58.082   146.527    81.895
  7        W-     -24 [8] (10,15)   
                              -100.421   -24.193    63.957   145.389    79.862
  8      tbar      -6 [9] (7,12)   {-2}
                               -57.092   -37.864    51.014   192.818   172.867
  9      bbar      -5 [3] (6,8)   {-2}
                              -138.134    31.575    -7.068   339.344   308.263
--- final:
 10  nu_mubar     -14 [7]    
                                11.632     7.836     6.709    15.547    -0.000
 11        e+     -11 [6]    
                               -56.868    30.017     9.123    64.947     0.001
 12      bbar      -5 [8]   13> {-2}
                                43.329   -13.671   -12.942    47.428     4.200
 13         b       5 [4,5]   >12 {+2}
                               138.134   -31.575   344.671   372.684     4.200
 14      nu_e      12 [6]    
                               -24.174    39.423   -67.206    81.579     0.000
 15       mu-      13 [7]    
                              -112.053   -32.029    57.248   129.842     0.106
 16    Rem:p+      82 [1]   >17 {+1}
                                 0.000     0.000  2975.184  2975.184     0.865
 17    Rem:p+      82 [2]   16> {-1}
                                -0.000     0.000 -3312.787  3312.787     0.913
------------------------------------------------------------------------------
     Sum of momenta:                 0         0         0     7e+03     7e+03
******************************************************************************
Event number 2 (id: MThalf2) performed by EventHandler
==============================================================================

--- Colliding particles:
  1        p+    2212  (3,16)   
                                 0.000     0.000  3500.000  3500.000     0.938
  2        p+    2212  (4,17)   
                                 0.000     0.000 -3500.000  3500.000     0.938
------------------------------------------------------------------------------
Primary sub-process performed by MEGenericProcesses[g,g->nu_mubar,e+,bbar,b,nu_e,mu-]
--- incoming:
  3         g      21 [1] (5,7)   {+1,-2}
                                 0.000     0.000   102.925   102.925     0.000
  4         g      21 [2] (9)   {+2,-3}
                                 0.000    -0.000  -527.530   527.530     0.000
--- intermediates:
  5      tbar      -6 [3] (9)   {-2}
                                33.756    71.512   492.072  -330.666  -372.892
  6        W+      24 [7] (11,14)   
                               -54.716  -102.264  -358.666   385.303    79.781
  7         t       6 [3] (6,13)   {+1}
                               -33.756   -71.512  -389.147   433.591   174.103
  8        W-     -24 [9] (10,15)   
                                11.316    42.272    46.713   106.707    85.377
  9      tbar      -6 [4,5] (8,12)   {-3}
                                33.756    71.512   -35.458   196.864   176.762
--- outgoing:
 10  nu_mubar     -14 [8]    
                                 2.228    62.701     9.732    63.491     0.000
 11        e+     -11 [6]    
                                 2.942   -78.108  -206.293   220.604     0.001
 12      bbar      -5 [9]   17> {-3}
                                22.440    29.240   -82.171    90.157     4.200
 13         b       5 [7]   >16 {+1}
                                20.960    30.752   -30.481    48.288     4.200
 14      nu_e      12 [6]    
                               -57.658   -24.156  -152.374   164.699     0.000
 15       mu-      13 [8]    
                                 9.088   -20.429    36.982    43.216     0.106
------------------------------------------------------------------------------
Step 1
--- intermediates:
  3         g      21 [1] (5,7)   {+1,-2}
                                 0.000     0.000   102.925   102.925     0.000
  4         g      21 [2] (9)   {+2,-3}
                                 0.000    -0.000  -527.530   527.530     0.000
  5      tbar      -6 [3] (9)   {-2}
                                33.756    71.512   492.072  -330.666  -372.892
  6        W+      24 [7] (11,14)   
                               -54.716  -102.264  -358.666   385.303    79.781
  7         t       6 [3] (6,13)   {+1}
                               -33.756   -71.512  -389.147   433.591   174.103
  8        W-     -24 [9] (10,15)   
                                11.316    42.272    46.713   106.707    85.377
  9      tbar      -6 [4,5] (8,12)   {-3}
                                33.756    71.512   -35.458   196.864   176.762
--- final:
 10  nu_mubar     -14 [8]    
                                 2.228    62.701     9.732    63.491     0.000
 11        e+     -11 [6]    
                                 2.942   -78.108  -206.293   220.604     0.001
 12      bbar      -5 [9]   17> {-3}
                                22.440    29.240   -82.171    90.157     4.200
 13         b       5 [7]   >16 {+1}
                                20.960    30.752   -30.481    48.288     4.200
 14      nu_e      12 [6]    
                               -57.658   -24.156  -152.374   164.699     0.000
 15       mu-      13 [8]    
                                 9.088   -20.429    36.982    43.216     0.106
 16    Rem:p+      82 [1]   13>>17 {+2,-1}
                                 0.000     0.000  3397.075  3397.075     0.924
 17    Rem:p+      82 [2]   16>>12 {+3,-2}
                                -0.000     0.000 -2972.470  2972.470     0.865
------------------------------------------------------------------------------
     Sum of momenta:                 0         0         0     7e+03     7e+03
******************************************************************************
Event number 3 (id: MThalf2) performed by EventHandler
==============================================================================

--- Colliding particles:
  1        p+    2212  (3,16)   
                                 0.000     0.000  3500.000  3500.000     0.938
  2        p+    2212  (4,17)   
                                 0.000     0.000 -3500.000  3500.000     0.938
------------------------------------------------------------------------------
Primary sub-process performed by MEGenericProcesses[g,g->nu_mubar,e+,bbar,b,nu_e,mu-]
--- incoming:
  3         g      21 [1] (9)   {+1,-2}
                                 0.000     0.000   303.906   303.906     0.000
  4         g      21 [2] (9)   {+3,-1}
                                 0.000    -0.000  -121.496   121.496     0.000
--- intermediates:
  5        W+      24 [6] (11,14)   
                               -21.891     6.987   -54.646   100.061    80.610
  6         t       6 [9] (5,13)   {+3}
                                20.551   -17.313     0.562   173.935   171.846
  7        W-     -24 [8] (10,15)   
                                43.863   -17.038   139.802   167.118    78.548
  8      tbar      -6 [9] (7,12)   {-2}
                               -20.551    17.313   181.847   251.466   171.595
  9         g      21 [3,4] (6,8)   {+3,-2}
                                 0.000    -0.000   182.410   425.401   384.308
--- outgoing:
 10  nu_mubar     -14 [7]    
                                43.171    23.174    57.718    75.711    -0.000
 11        e+     -11 [5]    
                                22.914     3.024     6.634    24.046     0.001
 12      bbar      -5 [8]   16> {-2}
                               -64.414    34.351    42.046    84.348     4.200
 13         b       5 [6]   >17 {+3}
                                42.442   -24.300    55.208    73.874     4.200
 14      nu_e      12 [5]    
                               -44.804     3.963   -61.280    76.016    -0.000
 15       mu-      13 [7]    
                                 0.691   -40.213    82.083    91.407     0.106
------------------------------------------------------------------------------
Step 1
--- intermediates:
  3         g      21 [1] (9)   {+1,-2}
                                 0.000     0.000   303.906   303.906     0.000
  4         g      21 [2] (9)   {+3,-1}
                                 0.000    -0.000  -121.496   121.496     0.000
  5        W+      24 [6] (11,14)   
                               -21.891     6.987   -54.646   100.061    80.610
  6         t       6 [9] (5,13)   {+3}
                                20.551   -17.313     0.562   173.935   171.846
  7        W-     -24 [8] (10,15)   
                                43.863   -17.038   139.802   167.118    78.548
  8      tbar      -6 [9] (7,12)   {-2}
                               -20.551    17.313   181.847   251.466   171.595
  9         g      21 [3,4] (6,8)   {+3,-2}
                                 0.000    -0.000   182.410   425.401   384.308
--- final:
 10  nu_mubar     -14 [7]    
                                43.171    23.174    57.718    75.711    -0.000
 11        e+     -11 [5]    
                                22.914     3.024     6.634    24.046     0.001
 12      bbar      -5 [8]   16> {-2}
                               -64.414    34.351    42.046    84.348     4.200
 13         b       5 [6]   >17 {+3}
                                42.442   -24.300    55.208    73.874     4.200
 14      nu_e      12 [5]    
                               -44.804     3.963   -61.280    76.016    -0.000
 15       mu-      13 [7]    
                                 0.691   -40.213    82.083    91.407     0.106
 16    Rem:p+      82 [1]   17>>12 {+2,-1}
                                 0.000     0.000  3196.094  3196.094     0.897
 17    Rem:p+      82 [2]   13>>16 {+1,-3}
                                -0.000     0.000 -3378.504  3378.504     0.922
------------------------------------------------------------------------------
     Sum of momenta:                 0         0         0     7e+03     7e+03
******************************************************************************
Event number 4 (id: MThalf2) performed by EventHandler
==============================================================================

--- Colliding particles:
  1        p+    2212  (3,16)   
                                 0.000     0.000  3500.000  3500.000     0.938
  2        p+    2212  (4,17)   
                                 0.000     0.000 -3500.000  3500.000     0.938
------------------------------------------------------------------------------
Primary sub-process performed by MEGenericProcesses[dbar,d->nu_mubar,e+,bbar,b,nu_e,mu-]
--- incoming:
  3      dbar      -1 [1] (9)   {-1}
                                -0.000    -0.000    46.120    46.120     0.000
  4         d       1 [2] (9)   {+2}
                                 0.000     0.000 -1044.843  1044.843     0.000
--- intermediates:
  5        W+      24 [6] (11,14)   
                                40.473    -7.200   -58.274   107.879    80.944
  6         t       6 [9] (5,13)   {+2}
                               107.279   -47.290  -336.798   397.125   174.728
  7        W-     -24 [8] (10,15)   
                              -134.978    66.271  -593.219   617.251    80.491
  8      tbar      -6 [9] (7,12)   {-1}
                              -107.279    47.290  -661.925   693.838   171.820
  9         g      21 [3,4] (6,8)   {+2,-1}
                                 0.000     0.000  -998.723  1090.963   439.037
--- outgoing:
 10  nu_mubar     -14 [7]    
                               -12.956    30.603   -55.331    64.544    -0.000
 11        e+     -11 [5]    
                                49.522   -25.554   -11.608    56.923     0.001
 12      bbar      -5 [8]   16> {-1}
                                27.700   -18.980   -68.706    76.588     4.200
 13         b       5 [6]   >17 {+2}
                                66.806   -40.091  -278.524   289.246     4.200
 14      nu_e      12 [5]    
                                -9.049    18.355   -46.666    50.956    -0.000
 15       mu-      13 [7]    
                              -122.023    35.668  -537.887   552.707     0.106
------------------------------------------------------------------------------
Step 1
--- intermediates:
  3      dbar      -1 [1] (9)   {-1}
                                -0.000    -0.000    46.120    46.120     0.000
  4         d       1 [2] (9)   {+2}
                                 0.000     0.000 -1044.843  1044.843     0.000
  5        W+      24 [6] (11,14)   
                                40.473    -7.200   -58.274   107.879    80.944
  6         t       6 [9] (5,13)   {+2}
                               107.279   -47.290  -336.798   397.125   174.728
  7        W-     -24 [8] (10,15)   
                              -134.978    66.271  -593.219   617.251    80.491
  8      tbar      -6 [9] (7,12)   {-1}
                              -107.279    47.290  -661.925   693.838   171.820
  9         g      21 [3,4] (6,8)   {+2,-1}
                                 0.000     0.000  -998.723  1090.963   439.037
--- final:
 10  nu_mubar     -14 [7]    
                               -12.956    30.603   -55.331    64.544    -0.000
 11        e+     -11 [5]    
                                49.522   -25.554   -11.608    56.923     0.001
 12      bbar      -5 [8]   16> {-1}
                                27.700   -18.980   -68.706    76.588     4.200
 13         b       5 [6]   >17 {+2}
                                66.806   -40.091  -278.524   289.246     4.200
 14      nu_e      12 [5]    
                                -9.049    18.355   -46.666    50.956    -0.000
 15       mu-      13 [7]    
                              -122.023    35.668  -537.887   552.707     0.106
 16    Rem:p+      82 [1]   >12 {+1}
                                 0.000     0.000  3453.880  3453.880     0.932
 17    Rem:p+      82 [2]   13> {-2}
                                -0.000     0.000 -2455.157  2455.157     0.786
------------------------------------------------------------------------------
     Sum of momenta:                 0         0         0     7e+03     7e+03
******************************************************************************
Event number 5 (id: MThalf2) performed by EventHandler
==============================================================================

--- Colliding particles:
  1        p+    2212  (3,16)   
                                 0.000     0.000  3500.000  3500.000     0.938
  2        p+    2212  (4,17)   
                                 0.000     0.000 -3500.000  3500.000     0.938
------------------------------------------------------------------------------
Primary sub-process performed by MEGenericProcesses[g,g->nu_mubar,e+,bbar,b,nu_e,mu-]
--- incoming:
  3         g      21 [1] (5,7)   {+1,-2}
                                 0.000     0.000   807.457   807.457     0.000
  4         g      21 [2] (9)   {+2,-3}
                                 0.000     0.000  -123.083   123.083     0.000
--- intermediates:
  5      tbar      -6 [3] (9)   {-2}
                                42.369  -126.307   127.698    94.285  -158.638
  6        W+      24 [7] (11,14)   
                               -35.707    10.971   413.995   423.354    80.258
  7         t       6 [3] (6,13)   {+1}
                               -42.369   126.307   679.758   713.172   169.688
  8        W-     -24 [9] (10,15)   
                                72.642  -137.958   -12.065   180.652    90.444
  9      tbar      -6 [4,5] (8,12)   {-3}
                                42.369  -126.307     4.615   217.368   171.695
--- outgoing:
 10  nu_mubar     -14 [8]    
                                92.681  -101.615   -18.077   138.716     0.000
 11        e+     -11 [6]    
                               -43.193     7.782    99.453   108.707     0.001
 12      bbar      -5 [9]   17> {-3}
                               -30.273    11.651    16.681    36.716     4.200
 13         b       5 [7]   >16 {+1}
                                -6.662   115.336   265.763   289.817     4.200
 14      nu_e      12 [6]    
                                 7.487     3.190   314.542   314.647    -0.000
 15       mu-      13 [8]    
                               -20.040   -36.343     6.012    41.936     0.106
------------------------------------------------------------------------------
Step 1
--- intermediates:
  3         g      21 [1] (5,7)   {+1,-2}
                                 0.000     0.000   807.457   807.457     0.000
  4         g      21 [2] (9)   {+2,-3}
                                 0.000     0.000  -123.083   123.083     0.000
  5      tbar      -6 [3] (9)   {-2}
                                42.369  -126.307   127.698    94.285  -158.638
  6        W+      24 [7] (11,14)   
                               -35.707    10.971   413.995   423.354    80.258
  7         t       6 [3] (6,13)   {+1}
                               -42.369   126.307   679.758   713.172   169.688
  8        W-     -24 [9] (10,15)   
                                72.642  -137.958   -12.065   180.652    90.444
  9      tbar      -6 [4,5] (8,12)   {-3}
                                42.369  -126.307     4.615   217.368   171.695
--- final:
 10  nu_mubar     -14 [8]    
                                92.681  -101.615   -18.077   138.716     0.000
 11        e+     -11 [6]    
                               -43.193     7.782    99.453   108.707     0.001
 12      bbar      -5 [9]   17> {-3}
                               -30.273    11.651    16.681    36.716     4.200
 13         b       5 [7]   >16 {+1}
                                -6.662   115.336   265.763   289.817     4.200
 14      nu_e      12 [6]    
                                 7.487     3.190   314.542   314.647    -0.000
 15       mu-      13 [8]    
                               -20.040   -36.343     6.012    41.936     0.106
 16    Rem:p+      82 [1]   13>>17 {+2,-1}
                                 0.000     0.000  2692.543  2692.543     0.823
 17    Rem:p+      82 [2]   16>>12 {+3,-2}
                                -0.000     0.000 -3376.917  3376.917     0.922
------------------------------------------------------------------------------
     Sum of momenta:                 0         0         0     7e+03     7e+03
******************************************************************************
Event number 6 (id: MThalf2) performed by EventHandler
==============================================================================

--- Colliding particles:
  1        p+    2212  (3,16)   
                                 0.000     0.000  3500.000  3500.000     0.938
  2        p+    2212  (4,17)   
                                 0.000     0.000 -3500.000  3500.000     0.938
------------------------------------------------------------------------------
Primary sub-process performed by MEGenericProcesses[g,g->nu_mubar,e+,bbar,b,nu_e,mu-]
--- incoming:
  3         g      21 [1] (5,7)   {+1,-2}
                                 0.000     0.000   174.839   174.839     0.000
  4         g      21 [2] (9)   {+2,-3}
                                 0.000    -0.000 -1116.437  1116.437     0.000
--- intermediates:
  5      tbar      -6 [3] (9)   {-2}
                               203.425    13.765   131.287   -96.478  -222.485
  6        W+      24 [7] (11,14)   
                              -206.956   -51.222    49.890   232.933    79.464
  7         t       6 [3] (6,13)   {+1}
                              -203.425   -13.765    43.552   271.317   173.624
  8        W-     -24 [9] (10,15)   
                               139.060   -31.700  -827.189   843.383    81.919
  9      tbar      -6 [4,5] (8,12)   {-3}
                               203.425    13.765  -985.149  1019.959   168.004
--- outgoing:
 10  nu_mubar     -14 [8]    
                               102.960   -21.313  -369.878   384.532    -0.000
 11        e+     -11 [6]    
                               -74.293     8.427   -10.377    75.486     0.001
 12      bbar      -5 [9]   17> {-3}
                                64.365    45.465  -157.960   176.576     4.200
 13         b       5 [7]   >16 {+1}
                                 3.531    37.457    -6.338    38.384     4.200
 14      nu_e      12 [6]    
                              -132.663   -59.649    60.267   157.447    -0.000
 15       mu-      13 [8]    
                                36.100   -10.386  -457.311   458.852     0.106
------------------------------------------------------------------------------
Step 1
--- intermediates:
  3         g      21 [1] (5,7)   {+1,-2}
                                 0.000     0.000   174.839   174.839     0.000
  4         g      21 [2] (9)   {+2,-3}
                                 0.000    -0.000 -1116.437  1116.437     0.000
  5      tbar      -6 [3] (9)   {-2}
                               203.425    13.765   131.287   -96.478  -222.485
  6        W+      24 [7] (11,14)   
                              -206.956   -51.222    49.890   232.933    79.464
  7         t       6 [3] (6,13)   {+1}
                              -203.425   -13.765    43.552   271.317   173.624
  8        W-     -24 [9] (10,15)   
                               139.060   -31.700  -827.189   843.383    81.919
  9      tbar      -6 [4,5] (8,12)   {-3}
                               203.425    13.765  -985.149  1019.959   168.004
--- final:
 10  nu_mubar     -14 [8]    
                               102.960   -21.313  -369.878   384.532    -0.000
 11        e+     -11 [6]    
                               -74.293     8.427   -10.377    75.486     0.001
 12      bbar      -5 [9]   17> {-3}
                                64.365    45.465  -157.960   176.576     4.200
 13         b       5 [7]   >16 {+1}
                                 3.531    37.457    -6.338    38.384     4.200
 14      nu_e      12 [6]    
                              -132.663   -59.649    60.267   157.447    -0.000
 15       mu-      13 [8]    
                                36.100   -10.386  -457.311   458.852     0.106
 16    Rem:p+      82 [1]   13>>17 {+2,-1}
                                 0.000     0.000  3325.161  3325.161     0.915
 17    Rem:p+      82 [2]   16>>12 {+3,-2}
                                -0.000     0.000 -2383.563  2383.563     0.774
------------------------------------------------------------------------------
     Sum of momenta:                 0         0         0     7e+03     7e+03
******************************************************************************
Event number 7 (id: MThalf2) performed by EventHandler
==============================================================================

--- Colliding particles:
  1        p+    2212  (3,16)   
                                 0.000     0.000  3500.000  3500.000     0.938
  2        p+    2212  (4,17)   
                                 0.000     0.000 -3500.000  3500.000     0.938
------------------------------------------------------------------------------
Primary sub-process performed by MEGenericProcesses[u,ubar->nu_mubar,e+,bbar,b,nu_e,mu-]
--- incoming:
  3         u       2 [1] (9)   {+1}
                                 0.000    -0.000  1117.563  1117.563     0.000
  4      ubar      -2 [2] (9)   {-2}
                                 0.000     0.000   -39.245    39.245     0.000
--- intermediates:
  5        W+      24 [6] (11,14)   
                               -21.329   110.905   539.587   556.947    79.252
  6         t       6 [9] (5,13)   {+1}
                                24.512    83.018   771.158   794.691   171.333
  7        W-     -24 [8] (10,15)   
                                23.152   -82.264   287.287   310.301    80.308
  8      tbar      -6 [9] (7,12)   {-2}
                               -24.512   -83.018   307.160   362.118   171.142
  9         g      21 [3,4] (6,8)   {+1,-2}
                                 0.000    -0.000  1078.318  1156.808   418.851
--- outgoing:
 10  nu_mubar     -14 [7]    
                                48.264   -72.352   183.619   203.175    -0.000
 11        e+     -11 [5]    
                               -32.808    49.140   132.981   145.516     0.001
 12      bbar      -5 [8]   17> {-2}
                               -47.664    -0.754    19.873    51.817     4.200
 13         b       5 [6]   >16 {+1}
                                45.842   -27.887   231.571   237.743     4.200
 14      nu_e      12 [5]    
                                11.479    61.765   406.606   411.431     0.000
 15       mu-      13 [7]    
                               -25.112    -9.912   103.668   107.125     0.106
------------------------------------------------------------------------------
Step 1
--- intermediates:
  3         u       2 [1] (9)   {+1}
                                 0.000    -0.000  1117.563  1117.563     0.000
  4      ubar      -2 [2] (9)   {-2}
                                 0.000     0.000   -39.245    39.245     0.000
  5        W+      24 [6] (11,14)   
                               -21.329   110.905   539.587   556.947    79.252
  6         t       6 [9] (5,13)   {+1}
                                24.512    83.018   771.158   794.691   171.333
  7        W-     -24 [8] (10,15)   
                                23.152   -82.264   287.287   310.301    80.308
  8      tbar      -6 [9] (7,12)   {-2}
                               -24.512   -83.018   307.160   362.118   171.142
  9         g      21 [3,4] (6,8)   {+1,-2}
                                 0.000    -0.000  1078.318  1156.808   418.851
--- final:
 10  nu_mubar     -14 [7]    
                                48.264   -72.352   183.619   203.175    -0.000
 11        e+     -11 [5]    
                               -32.808    49.140   132.981   145.516     0.001
 12      bbar      -5 [8]   17> {-2}
                               -47.664    -0.754    19.873    51.817     4.200
 13         b       5 [6]   >16 {+1}
                                45.842   -27.887   231.571   237.743     4.200
 14      nu_e      12 [5]    
                                11.479    61.765   406.606   411.431     0.000
 15       mu-      13 [7]    
                               -25.112    -9.912   103.668   107.125     0.106
 16    Rem:p+      82 [1]   13> {-1}
                                 0.000     0.000  2382.437  2382.437     0.774
 17    Rem:p+      82 [2]   >12 {+2}
                                -0.000     0.000 -3460.755  3460.755     0.933
------------------------------------------------------------------------------
     Sum of momenta:                 0         0         0     7e+03     7e+03
******************************************************************************
Event number 8 (id: MThalf2) performed by EventHandler
==============================================================================

--- Colliding particles:
  1        p+    2212  (3,16)   
                                 0.000     0.000  3500.000  3500.000     0.938
  2        p+    2212  (4,17)   
                                 0.000     0.000 -3500.000  3500.000     0.938
------------------------------------------------------------------------------
Primary sub-process performed by MEGenericProcesses[g,g->nu_mubar,e+,bbar,b,nu_e,mu-]
--- incoming:
  3         g      21 [1] (5,7)   {+1,-2}
                                 0.000     0.000   206.797   206.797     0.000
  4         g      21 [2] (9)   {+2,-3}
                                 0.000     0.000  -265.509   265.509     0.000
--- intermediates:
  5      tbar      -6 [3] (9)   {-2}
                               108.300   -45.820   343.617   -42.583  -360.677
  6        W+      24 [7] (11,14)   
                               -77.629    95.608   -98.618   179.405    85.403
  7         t       6 [3] (6,13)   {+1}
                              -108.300    45.820  -136.820   249.380   172.170
  8        W-     -24 [9] (10,15)   
                               143.052   -48.770    77.785   187.795    79.838
  9      tbar      -6 [4,5] (8,12)   {-3}
                               108.300   -45.820    78.108   222.926   172.531
--- outgoing:
 10  nu_mubar     -14 [8]    
                                80.051   -23.773    -1.458    83.519    -0.000
 11        e+     -11 [6]    
                               -17.073    38.897   -85.417    95.396     0.001
 12      bbar      -5 [9]   17> {-3}
                               -34.752     2.949     0.323    35.131     4.200
 13         b       5 [7]   >16 {+1}
                               -30.671   -49.787   -38.202    69.975     4.200
 14      nu_e      12 [6]    
                               -60.556    56.711   -13.201    84.009    -0.000
 15       mu-      13 [8]    
                                63.001   -24.996    79.244   104.276     0.106
------------------------------------------------------------------------------
Step 1
--- intermediates:
  3         g      21 [1] (5,7)   {+1,-2}
                                 0.000     0.000   206.797   206.797     0.000
  4         g      21 [2] (9)   {+2,-3}
                                 0.000     0.000  -265.509   265.509     0.000
  5      tbar      -6 [3] (9)   {-2}
                               108.300   -45.820   343.617   -42.583  -360.677
  6        W+      24 [7] (11,14)   
                               -77.629    95.608   -98.618   179.405    85.403
  7         t       6 [3] (6,13)   {+1}
                              -108.300    45.820  -136.820   249.380   172.170
  8        W-     -24 [9] (10,15)   
                               143.052   -48.770    77.785   187.795    79.838
  9      tbar      -6 [4,5] (8,12)   {-3}
                               108.300   -45.820    78.108   222.926   172.531
--- final:
 10  nu_mubar     -14 [8]    
                                80.051   -23.773    -1.458    83.519    -0.000
 11        e+     -11 [6]    
                               -17.073    38.897   -85.417    95.396     0.001
 12      bbar      -5 [9]   17> {-3}
                               -34.752     2.949     0.323    35.131     4.200
 13         b       5 [7]   >16 {+1}
                               -30.671   -49.787   -38.202    69.975     4.200
 14      nu_e      12 [6]    
                               -60.556    56.711   -13.201    84.009    -0.000
 15       mu-      13 [8]    
                                63.001   -24.996    79.244   104.276     0.106
 16    Rem:p+      82 [1]   13>>17 {+2,-1}
                                 0.000     0.000  3293.202  3293.203     0.910
 17    Rem:p+      82 [2]   16>>12 {+3,-2}
                                -0.000     0.000 -3234.491  3234.491     0.902
------------------------------------------------------------------------------
     Sum of momenta:                 0         0         0     7e+03     7e+03
******************************************************************************
Event number 9 (id: MThalf2) performed by EventHandler
==============================================================================

--- Colliding particles:
  1        p+    2212  (3,16)   
                                 0.000     0.000  3500.000  3500.000     0.938
  2        p+    2212  (4,17)   
                                 0.000     0.000 -3500.000  3500.000     0.938
------------------------------------------------------------------------------
Primary sub-process performed by MEGenericProcesses[g,g->nu_mubar,e+,bbar,b,nu_e,mu-]
--- incoming:
  3         g      21 [1] (9)   {+1,-2}
                                -0.000     0.000    23.113    23.113     0.000
  4         g      21 [2] (9)   {+2,-3}
                                 0.000    -0.000 -1521.324  1521.324     0.000
--- intermediates:
  5        W+      24 [6] (11,14)   
                               -61.552   -74.821  -702.459   713.718    80.989
  6         t       6 [9] (5,13)   {+1}
                               -12.056   -69.991  -833.393   853.843   171.635
  7        W-     -24 [8] (10,15)   
                               -18.053   -10.900  -467.183   474.893    82.579
  8      tbar      -6 [9] (7,12)   {-3}
                                12.056    69.991  -664.818   690.595   172.901
  9         g      21 [3,4] (6,8)   {+1,-3}
                                 0.000     0.000 -1498.211  1544.438   375.034
--- outgoing:
 10  nu_mubar     -14 [7]    
                                18.984   -34.768  -176.530   180.920     0.000
 11        e+     -11 [5]    
                               -12.791   -52.703  -538.831   541.553     0.001
 12      bbar      -5 [8]   17> {-3}
                                30.109    80.891  -197.635   215.702     4.200
 13         b       5 [6]   >16 {+1}
                                49.496     4.830  -130.935   140.124     4.200
 14      nu_e      12 [5]    
                               -48.761   -22.117  -163.628   172.165     0.000
 15       mu-      13 [7]    
                               -37.037    23.868  -290.653   293.973     0.106
------------------------------------------------------------------------------
Step 1
--- intermediates:
  3         g      21 [1] (9)   {+1,-2}
                                -0.000     0.000    23.113    23.113     0.000
  4         g      21 [2] (9)   {+2,-3}
                                 0.000    -0.000 -1521.324  1521.324     0.000
  5        W+      24 [6] (11,14)   
                               -61.552   -74.821  -702.459   713.718    80.989
  6         t       6 [9] (5,13)   {+1}
                               -12.056   -69.991  -833.393   853.843   171.635
  7        W-     -24 [8] (10,15)   
                               -18.053   -10.900  -467.183   474.893    82.579
  8      tbar      -6 [9] (7,12)   {-3}
                                12.056    69.991  -664.818   690.595   172.901
  9         g      21 [3,4] (6,8)   {+1,-3}
                                 0.000     0.000 -1498.211  1544.438   375.034
--- final:
 10  nu_mubar     -14 [7]    
                                18.984   -34.768  -176.530   180.920     0.000
 11        e+     -11 [5]    
                               -12.791   -52.703  -538.831   541.553     0.001
 12      bbar      -5 [8]   17> {-3}
                                30.109    80.891  -197.635   215.702     4.200
 13         b       5 [6]   >16 {+1}
                                49.496     4.830  -130.935   140.124     4.200
 14      nu_e      12 [5]    
                               -48.761   -22.117  -163.628   172.165     0.000
 15       mu-      13 [7]    
                               -37.037    23.868  -290.653   293.973     0.106
 16    Rem:p+      82 [1]   13>>17 {+2,-1}
                                 0.000     0.000  3476.887  3476.887     0.935
 17    Rem:p+      82 [2]   16>>12 {+3,-2}
                                -0.000     0.000 -1978.676  1978.676     0.705
------------------------------------------------------------------------------
     Sum of momenta:                 0         0         0     7e+03     7e+03
final integrated cross section is ( 0.00089284 +/- 1.53803e-05 ) nb



Note: In this run 3 of the 3368 accepted events
were found with a weight W larger than the expected Wmax.
This corresponds to a cross section difference between:
   UnitWeights:       0.00089284nb
   AlmostUnweighted:  0.000893651nb
 use 'set Sampler:AlmostUnweighted On' to switch to non-unit weights.

The maximum weight determined in the read/integrate step has been enhanced by 
   set /Herwig/Samplers/Sampler:MaxEnhancement 1.1.
If the rate of excessions (0.0890736%) or the change of the cross section is large,
you can try to:

Enhance the number of points used in the read/integrate step
   set /Herwig/Samplers/Sampler:BinSampler:InitialPoints ...

and/or enhance the reference weight found in the read/integrate step
   set /Herwig/Samplers/Sampler:MaxEnhancement 1.x

If this does not help (and your process is well defined by cuts)
don't hesitate to contact herwig@projects.hepforge.org.

No exceptions reported in this run.
