>>>>>>>>>>>>>>>>>>>>>>>>>>>>>>>>>>>>>>>>>>>>>>>>>>>>>>>>>>>>>>>>>>>>>>>>>>>>>>
>>>> Toolkit for HEP Event Generation - ThePEG 2.0.2 <<<<<<<<<<<<<<<<<<<<<<<<<
<<<<<<<<<<<<<<<<<<<<<<<<<<<<<<<<<<<<<<<<<<<<<<<<<<<<<<<<<<<<<<<<<<<<<<<<<<<<<<

>> Herwig 7.0.2 / ThePEG 2.0.2

/Herwig/Cuts/Cuts:
MHat  = 0 .. 7000 GeV
Scale = 2 .. 1e+12 GeV2
YHat  = -100 .. 100
X1    = 1e-05 .. 1
X2    = 1e-05 .. 1

IdentifiedParticleCut 'BJetCut' matching 'BJetMatcher' within:
pt  = 30 .. 1e+06 GeV
IdentifiedParticleCut 'PhotonCut' matching 'Photon' within:
pt  = 0 .. 1e+06 GeV
IdentifiedParticleCut 'LeptonCut' matching 'Lepton' within:
pt  = 20 .. 1e+06 GeV
IdentifiedParticleCut 'TopQuarkCut' matching 'Top' within:
pt  = 0 .. 1e+06 GeV
IdentifiedParticleCut 'WBosonCut' matching 'WBoson' within:
pt  = 0 .. 1e+06 GeV
IdentifiedParticleCut 'ZBosonCut' matching 'ZBoson' within:
pt  = 0 .. 1e+06 GeV
IdentifiedParticleCut 'HiggsBosonCut' matching 'HiggsBoson' within:
pt  = 0 .. 1e+06 GeV
IdentifiedParticleCut 'ChargedLeptonCut' matching 'ChargedLepton' within:
pt  = 0 .. 1e+06 GeV
/Herwig/Cuts/LeptonPairMassCut
matching distances between: 'Lepton' and 'Lepton':
M = 0 .. 1e+06 GeV
same flavour only = false 
opposite sign only = false 

/Herwig/Cuts/ChargedLeptonPairMassCut
matching distances between: 'ChargedLepton' and 'ChargedLepton':
M = 0 .. 1e+06 GeV
same flavour only = false 
opposite sign only = false 

/Herwig/Cuts/LeptonDeltaRCut
matching distances between: 'Lepton' and 'Lepton':
DeltaRMin = 0 
DeltaRMax = 100 
DeltaPhiMin = 0 
DeltaPhiMax = 6.28319 
DeltaYMin = 0 
DeltaYMax = 100 

/Herwig/Cuts/ChargedLeptonDeltaRCut
matching distances between: 'ChargedLepton' and 'ChargedLepton':
DeltaRMin = 0 
DeltaRMax = 100 
DeltaPhiMin = 0 
DeltaPhiMax = 6.28319 
DeltaYMin = 0 
DeltaYMax = 100 

/Herwig/Cuts/PhotonIsolationCut matching unresolved particles from 'MatchboxJetMatcher':
DeltaZero = 0 
Exponent n = 1 
Efficiency = 0 
Cut Type = 1 

MissingPtCut 'MissingPtCut' matching 'Neutrino' within:
ptMiss  = 20 .. 1e+06 GeV
******************************************************************************
Event number 1 (id: MThalf_cuts) performed by EventHandler
==============================================================================

--- Colliding particles:
  1        p+    2212  (3,16)   
                                 0.000     0.000  3500.000  3500.000     0.938
  2        p+    2212  (4,17)   
                                 0.000     0.000 -3500.000  3500.000     0.938
------------------------------------------------------------------------------
Primary sub-process performed by MEGenericProcesses[ubar,u->nu_mubar,e+,bbar,b,nu_e,mu-]
--- incoming:
  3      ubar      -2 [1] (9)   {-1}
                                 0.000     0.000    48.573    48.573     0.000
  4         u       2 [2] (9)   {+2}
                                 0.000    -0.000 -1404.797  1404.797     0.000
--- intermediates:
  5        W+      24 [6] (11,14)   
                               -91.280    55.788  -210.773   249.626    80.272
  6         t       6 [9] (5,13)   {+2}
                              -179.453    81.875  -690.286   737.894   170.545
  7        W-     -24 [8] (10,15)   
                                52.004   -88.092  -264.826   294.536    78.448
  8      tbar      -6 [9] (7,12)   {-1}
                               179.453   -81.875  -665.938   715.476   171.829
  9         g      21 [3,4] (6,8)   {+2,-1}
                                 0.000     0.000 -1356.224  1453.370   522.435
--- outgoing:
 10  nu_mubar     -14 [7]    
                                23.408     9.211   -32.979    41.478     0.000
 11        e+     -11 [5]    
                               -36.681    68.376  -127.596   149.337     0.001
 12      bbar      -5 [8]   16> {-1}
                               127.448     6.217  -401.112   420.940     4.200
 13         b       5 [6]   >17 {+2}
                               -88.173    26.087  -479.513   488.268     4.200
 14      nu_e      12 [5]    
                               -54.599   -12.588   -83.177   100.289     0.000
 15       mu-      13 [7]    
                                28.596   -97.302  -231.847   253.058     0.000
------------------------------------------------------------------------------
Step 1
--- intermediates:
  3      ubar      -2 [1] (9)   {-1}
                                 0.000     0.000    48.573    48.573     0.000
  4         u       2 [2] (9)   {+2}
                                 0.000    -0.000 -1404.797  1404.797     0.000
  5        W+      24 [6] (11,14)   
                               -91.280    55.788  -210.773   249.626    80.272
  6         t       6 [9] (5,13)   {+2}
                              -179.453    81.875  -690.286   737.894   170.545
  7        W-     -24 [8] (10,15)   
                                52.004   -88.092  -264.826   294.536    78.448
  8      tbar      -6 [9] (7,12)   {-1}
                               179.453   -81.875  -665.938   715.476   171.829
  9         g      21 [3,4] (6,8)   {+2,-1}
                                 0.000     0.000 -1356.224  1453.370   522.435
--- final:
 10  nu_mubar     -14 [7]    
                                23.408     9.211   -32.979    41.478     0.000
 11        e+     -11 [5]    
                               -36.681    68.376  -127.596   149.337     0.001
 12      bbar      -5 [8]   16> {-1}
                               127.448     6.217  -401.112   420.940     4.200
 13         b       5 [6]   >17 {+2}
                               -88.173    26.087  -479.513   488.268     4.200
 14      nu_e      12 [5]    
                               -54.599   -12.588   -83.177   100.289     0.000
 15       mu-      13 [7]    
                                28.596   -97.302  -231.847   253.058     0.000
 16    Rem:p+      82 [1]   >12 {+1}
                                 0.000     0.000  3451.427  3451.427     0.932
 17    Rem:p+      82 [2]   13> {-2}
                                -0.000     0.000 -2095.203  2095.203     0.726
------------------------------------------------------------------------------
     Sum of momenta:                 0         0         0     7e+03     7e+03
******************************************************************************
Event number 2 (id: MThalf_cuts) performed by EventHandler
==============================================================================

--- Colliding particles:
  1        p+    2212  (3,16)   
                                 0.000     0.000  3500.000  3500.000     0.938
  2        p+    2212  (4,17)   
                                 0.000     0.000 -3500.000  3500.000     0.938
------------------------------------------------------------------------------
Primary sub-process performed by MEGenericProcesses[g,g->nu_mubar,e+,bbar,b,nu_e,mu-]
--- incoming:
  3         g      21 [1] (5,7)   {+1,-2}
                                -0.000     0.000   404.865   404.865     0.000
  4         g      21 [2] (9)   {+3,-1}
                                 0.000     0.000  -150.462   150.462     0.000
--- intermediates:
  5         t       6 [3] (9)   {+1}
                               -35.883  -119.824   418.859   191.988  -392.720
  6        W-     -24 [7] (10,15)   
                                56.851    38.752   -55.317   119.403    80.396
  7      tbar      -6 [3] (6,12)   {-2}
                                35.883   119.824   -13.994   212.877   171.684
  8        W+      24 [9] (11,14)   
                               -83.800   -79.320   228.060   267.742    79.750
  9         t       6 [4,5] (8,13)   {+3}
                               -35.883  -119.824   268.398   342.449   172.014
--- outgoing:
 10  nu_mubar     -14 [6]    
                                26.146    23.706   -72.871    80.967    -0.000
 11        e+     -11 [8]    
                                 0.774   -36.589    27.024    45.494     0.001
 12      bbar      -5 [7]   16> {-2}
                               -20.968    81.071    41.322    93.474     4.200
 13         b       5 [9]   >17 {+3}
                                47.916   -40.503    40.337    74.708     4.200
 14      nu_e      12 [8]    
                               -84.574   -42.731   201.036   222.248    -0.000
 15       mu-      13 [6]    
                                30.705    15.046    17.554    38.436     0.000
------------------------------------------------------------------------------
Step 1
--- intermediates:
  3         g      21 [1] (5,7)   {+1,-2}
                                -0.000     0.000   404.865   404.865     0.000
  4         g      21 [2] (9)   {+3,-1}
                                 0.000     0.000  -150.462   150.462     0.000
  5         t       6 [3] (9)   {+1}
                               -35.883  -119.824   418.859   191.988  -392.720
  6        W-     -24 [7] (10,15)   
                                56.851    38.752   -55.317   119.403    80.396
  7      tbar      -6 [3] (6,12)   {-2}
                                35.883   119.824   -13.994   212.877   171.684
  8        W+      24 [9] (11,14)   
                               -83.800   -79.320   228.060   267.742    79.750
  9         t       6 [4,5] (8,13)   {+3}
                               -35.883  -119.824   268.398   342.449   172.014
--- final:
 10  nu_mubar     -14 [6]    
                                26.146    23.706   -72.871    80.967    -0.000
 11        e+     -11 [8]    
                                 0.774   -36.589    27.024    45.494     0.001
 12      bbar      -5 [7]   16> {-2}
                               -20.968    81.071    41.322    93.474     4.200
 13         b       5 [9]   >17 {+3}
                                47.916   -40.503    40.337    74.708     4.200
 14      nu_e      12 [8]    
                               -84.574   -42.731   201.036   222.248    -0.000
 15       mu-      13 [6]    
                                30.705    15.046    17.554    38.436     0.000
 16    Rem:p+      82 [1]   17>>12 {+2,-1}
                                 0.000     0.000  3095.135  3095.135     0.882
 17    Rem:p+      82 [2]   13>>16 {+1,-3}
                                -0.000     0.000 -3349.538  3349.538     0.918
------------------------------------------------------------------------------
     Sum of momenta:                 0         0         0     7e+03     7e+03
******************************************************************************
Event number 3 (id: MThalf_cuts) performed by EventHandler
==============================================================================

--- Colliding particles:
  1        p+    2212  (3,16)   
                                 0.000     0.000  3500.000  3500.000     0.938
  2        p+    2212  (4,17)   
                                 0.000     0.000 -3500.000  3500.000     0.938
------------------------------------------------------------------------------
Primary sub-process performed by MEGenericProcesses[g,g->nu_mubar,e+,bbar,b,nu_e,mu-]
--- incoming:
  3         g      21 [1] (5,7)   {+1,-2}
                                -0.000     0.000   210.702   210.702     0.000
  4         g      21 [2] (9)   {+3,-1}
                                 0.000    -0.000  -256.191   256.191     0.000
--- intermediates:
  5         t       6 [3] (9)   {+1}
                               -42.906   149.272   247.580   -24.201  -291.261
  6        W-     -24 [7] (10,15)   
                               -24.882   -22.061   -16.615    89.279    81.172
  7      tbar      -6 [3] (6,12)   {-2}
                                42.906  -149.272   -36.878   234.903   172.326
  8        W+      24 [9] (11,14)   
                                -8.013   169.407   -22.816   189.068    80.393
  9         t       6 [4,5] (8,13)   {+3}
                               -42.906   149.272    -8.611   231.990   172.111
--- outgoing:
 10  nu_mubar     -14 [6]    
                               -47.519     5.853     3.657    48.017     0.000
 11        e+     -11 [8]    
                               -26.395    71.953    22.723    79.939     0.001
 12      bbar      -5 [7]   16> {-2}
                                67.788  -127.212   -20.263   145.624     4.200
 13         b       5 [9]   >17 {+3}
                               -34.893   -20.135    14.205    42.923     4.200
 14      nu_e      12 [8]    
                                18.383    97.455   -45.539   109.129    -0.000
 15       mu-      13 [6]    
                                22.636   -27.914   -20.272    41.262     0.000
------------------------------------------------------------------------------
Step 1
--- intermediates:
  3         g      21 [1] (5,7)   {+1,-2}
                                -0.000     0.000   210.702   210.702     0.000
  4         g      21 [2] (9)   {+3,-1}
                                 0.000    -0.000  -256.191   256.191     0.000
  5         t       6 [3] (9)   {+1}
                               -42.906   149.272   247.580   -24.201  -291.261
  6        W-     -24 [7] (10,15)   
                               -24.882   -22.061   -16.615    89.279    81.172
  7      tbar      -6 [3] (6,12)   {-2}
                                42.906  -149.272   -36.878   234.903   172.326
  8        W+      24 [9] (11,14)   
                                -8.013   169.407   -22.816   189.068    80.393
  9         t       6 [4,5] (8,13)   {+3}
                               -42.906   149.272    -8.611   231.990   172.111
--- final:
 10  nu_mubar     -14 [6]    
                               -47.519     5.853     3.657    48.017     0.000
 11        e+     -11 [8]    
                               -26.395    71.953    22.723    79.939     0.001
 12      bbar      -5 [7]   16> {-2}
                                67.788  -127.212   -20.263   145.624     4.200
 13         b       5 [9]   >17 {+3}
                               -34.893   -20.135    14.205    42.923     4.200
 14      nu_e      12 [8]    
                                18.383    97.455   -45.539   109.129    -0.000
 15       mu-      13 [6]    
                                22.636   -27.914   -20.272    41.262     0.000
 16    Rem:p+      82 [1]   17>>12 {+2,-1}
                                 0.000     0.000  3289.298  3289.298     0.910
 17    Rem:p+      82 [2]   13>>16 {+1,-3}
                                -0.000     0.000 -3243.809  3243.809     0.903
------------------------------------------------------------------------------
     Sum of momenta:                 0         0         0     7e+03     7e+03
******************************************************************************
Event number 4 (id: MThalf_cuts) performed by EventHandler
==============================================================================

--- Colliding particles:
  1        p+    2212  (3,16)   
                                 0.000     0.000  3500.000  3500.000     0.938
  2        p+    2212  (4,17)   
                                 0.000     0.000 -3500.000  3500.000     0.938
------------------------------------------------------------------------------
Primary sub-process performed by MEGenericProcesses[g,g->nu_mubar,e+,bbar,b,nu_e,mu-]
--- incoming:
  3         g      21 [1] (6,13)   {+1,-2}
                                 0.000     0.000   481.711   481.711     0.000
  4         g      21 [2] (9)   {+2,-3}
                                 0.000    -0.000 -1059.168  1059.168     0.000
--- intermediates:
  5      tbar      -6 [6] (9)   {-2}
                               271.692   -50.455   354.918  -283.136  -349.518
  6      bbar      -5 [3] (5,7)   {-2}
                              -128.669   -33.408   187.312   158.663  -166.084
  7        W+      24 [6] (11,14)   
                              -400.362    17.047  -167.606   441.799    80.712
  8        W-     -24 [9] (10,15)   
                               182.766   -99.506  -510.222   556.992    81.291
  9      tbar      -6 [4,5] (8,12)   {-3}
                               271.692   -50.455  -704.251   776.032   172.900
--- outgoing:
 10  nu_mubar     -14 [8]    
                               127.240   -42.148  -236.253   271.629     0.000
 11        e+     -11 [7]    
                              -342.164    -7.072  -161.732   378.528     0.001
 12      bbar      -5 [9]   17> {-3}
                                88.926    49.051  -194.028   219.040     4.200
 13         b       5 [3]   >16 {+1}
                               128.669    33.408   294.399   323.048     4.200
 14      nu_e      12 [7]    
                               -58.197    24.119    -5.874    63.271    -0.000
 15       mu-      13 [8]    
                                55.526   -57.359  -273.969   285.363    -0.000
------------------------------------------------------------------------------
Step 1
--- intermediates:
  3         g      21 [1] (6,13)   {+1,-2}
                                 0.000     0.000   481.711   481.711     0.000
  4         g      21 [2] (9)   {+2,-3}
                                 0.000    -0.000 -1059.168  1059.168     0.000
  5      tbar      -6 [6] (9)   {-2}
                               271.692   -50.455   354.918  -283.136  -349.518
  6      bbar      -5 [3] (5,7)   {-2}
                              -128.669   -33.408   187.312   158.663  -166.084
  7        W+      24 [6] (11,14)   
                              -400.362    17.047  -167.606   441.799    80.712
  8        W-     -24 [9] (10,15)   
                               182.766   -99.506  -510.222   556.992    81.291
  9      tbar      -6 [4,5] (8,12)   {-3}
                               271.692   -50.455  -704.251   776.032   172.900
--- final:
 10  nu_mubar     -14 [8]    
                               127.240   -42.148  -236.253   271.629     0.000
 11        e+     -11 [7]    
                              -342.164    -7.072  -161.732   378.528     0.001
 12      bbar      -5 [9]   17> {-3}
                                88.926    49.051  -194.028   219.040     4.200
 13         b       5 [3]   >16 {+1}
                               128.669    33.408   294.399   323.048     4.200
 14      nu_e      12 [7]    
                               -58.197    24.119    -5.874    63.271    -0.000
 15       mu-      13 [8]    
                                55.526   -57.359  -273.969   285.363    -0.000
 16    Rem:p+      82 [1]   13>>17 {+2,-1}
                                 0.000     0.000  3018.289  3018.289     0.871
 17    Rem:p+      82 [2]   16>>12 {+3,-2}
                                -0.000     0.000 -2440.832  2440.832     0.784
------------------------------------------------------------------------------
     Sum of momenta:                 0         0         0     7e+03     7e+03
******************************************************************************
Event number 5 (id: MThalf_cuts) performed by EventHandler
==============================================================================

--- Colliding particles:
  1        p+    2212  (3,16)   
                                 0.000     0.000  3500.000  3500.000     0.938
  2        p+    2212  (4,17)   
                                 0.000     0.000 -3500.000  3500.000     0.938
------------------------------------------------------------------------------
Primary sub-process performed by MEGenericProcesses[g,g->nu_mubar,e+,bbar,b,nu_e,mu-]
--- incoming:
  3         g      21 [1] (9)   {+1,-2}
                                 0.000     0.000   234.208   234.208     0.000
  4         g      21 [2] (9)   {+2,-3}
                                 0.000    -0.000  -259.065   259.065     0.000
--- intermediates:
  5        W+      24 [6] (11,14)   
                               115.178    38.659   103.618   178.646    80.109
  6         t       6 [9] (5,13)   {+1}
                                89.363    -0.510   139.989   238.153   170.686
  7        W-     -24 [8] (10,15)   
                               -42.588    25.218    -5.728    87.387    71.792
  8      tbar      -6 [9] (7,12)   {-3}
                               -89.363     0.510  -164.846   255.120   172.992
  9         g      21 [3,4] (6,8)   {+1,-3}
                                 0.000     0.000   -24.857   493.273   492.647
--- outgoing:
 10  nu_mubar     -14 [7]    
                               -15.374   -25.349    -4.191    29.942    -0.000
 11        e+     -11 [5]    
                                25.872    28.379    75.078    84.329     0.001
 12      bbar      -5 [8]   17> {-3}
                               -46.775   -24.708  -159.118   167.733     4.200
 13         b       5 [6]   >16 {+1}
                               -25.815   -39.168    36.371    59.507     4.200
 14      nu_e      12 [5]    
                                89.305    10.280    28.540    94.317    -0.000
 15       mu-      13 [7]    
                               -27.214    50.567    -1.538    57.446     0.000
------------------------------------------------------------------------------
Step 1
--- intermediates:
  3         g      21 [1] (9)   {+1,-2}
                                 0.000     0.000   234.208   234.208     0.000
  4         g      21 [2] (9)   {+2,-3}
                                 0.000    -0.000  -259.065   259.065     0.000
  5        W+      24 [6] (11,14)   
                               115.178    38.659   103.618   178.646    80.109
  6         t       6 [9] (5,13)   {+1}
                                89.363    -0.510   139.989   238.153   170.686
  7        W-     -24 [8] (10,15)   
                               -42.588    25.218    -5.728    87.387    71.792
  8      tbar      -6 [9] (7,12)   {-3}
                               -89.363     0.510  -164.846   255.120   172.992
  9         g      21 [3,4] (6,8)   {+1,-3}
                                 0.000     0.000   -24.857   493.273   492.647
--- final:
 10  nu_mubar     -14 [7]    
                               -15.374   -25.349    -4.191    29.942    -0.000
 11        e+     -11 [5]    
                                25.872    28.379    75.078    84.329     0.001
 12      bbar      -5 [8]   17> {-3}
                               -46.775   -24.708  -159.118   167.733     4.200
 13         b       5 [6]   >16 {+1}
                               -25.815   -39.168    36.371    59.507     4.200
 14      nu_e      12 [5]    
                                89.305    10.280    28.540    94.317    -0.000
 15       mu-      13 [7]    
                               -27.214    50.567    -1.538    57.446     0.000
 16    Rem:p+      82 [1]   13>>17 {+2,-1}
                                 0.000     0.000  3265.792  3265.792     0.906
 17    Rem:p+      82 [2]   16>>12 {+3,-2}
                                -0.000     0.000 -3240.935  3240.935     0.903
------------------------------------------------------------------------------
     Sum of momenta:                 0         0         0     7e+03     7e+03
******************************************************************************
Event number 6 (id: MThalf_cuts) performed by EventHandler
==============================================================================

--- Colliding particles:
  1        p+    2212  (3,16)   
                                 0.000     0.000  3500.000  3500.000     0.938
  2        p+    2212  (4,17)   
                                 0.000     0.000 -3500.000  3500.000     0.938
------------------------------------------------------------------------------
Primary sub-process performed by MEGenericProcesses[d,dbar->nu_mubar,e+,bbar,b,nu_e,mu-]
--- incoming:
  3         d       1 [1] (9)   {+1}
                                 0.000     0.000   254.390   254.390     0.000
  4      dbar      -1 [2] (9)   {-2}
                                 0.000     0.000  -347.541   347.541     0.000
--- intermediates:
  5        W+      24 [6] (11,14)   
                                67.484   -17.846    42.130   113.953    79.610
  6         t       6 [9] (5,13)   {+1}
                               144.716    96.147   124.545   274.480   172.165
  7        W-     -24 [8] (10,15)   
                              -111.702  -127.227  -206.584   280.578    85.927
  8      tbar      -6 [9] (7,12)   {-2}
                              -144.716   -96.147  -217.695   327.451   172.179
  9         g      21 [3,4] (6,8)   {+1,-2}
                                 0.000     0.000   -93.151   601.931   594.679
--- outgoing:
 10  nu_mubar     -14 [7]    
                               -33.512     6.557   -28.178    44.273    -0.000
 11        e+     -11 [5]    
                                48.268     6.228   -13.376    50.473     0.001
 12      bbar      -5 [8]   17> {-2}
                               -33.014    31.080   -11.112    46.872     4.200
 13         b       5 [6]   >16 {+1}
                                77.232   113.993    82.415   160.527     4.200
 14      nu_e      12 [5]    
                                19.216   -24.074    55.506    63.480    -0.000
 15       mu-      13 [7]    
                               -78.190  -133.784  -178.406   236.306     0.000
------------------------------------------------------------------------------
Step 1
--- intermediates:
  3         d       1 [1] (9)   {+1}
                                 0.000     0.000   254.390   254.390     0.000
  4      dbar      -1 [2] (9)   {-2}
                                 0.000     0.000  -347.541   347.541     0.000
  5        W+      24 [6] (11,14)   
                                67.484   -17.846    42.130   113.953    79.610
  6         t       6 [9] (5,13)   {+1}
                               144.716    96.147   124.545   274.480   172.165
  7        W-     -24 [8] (10,15)   
                              -111.702  -127.227  -206.584   280.578    85.927
  8      tbar      -6 [9] (7,12)   {-2}
                              -144.716   -96.147  -217.695   327.451   172.179
  9         g      21 [3,4] (6,8)   {+1,-2}
                                 0.000     0.000   -93.151   601.931   594.679
--- final:
 10  nu_mubar     -14 [7]    
                               -33.512     6.557   -28.178    44.273    -0.000
 11        e+     -11 [5]    
                                48.268     6.228   -13.376    50.473     0.001
 12      bbar      -5 [8]   17> {-2}
                               -33.014    31.080   -11.112    46.872     4.200
 13         b       5 [6]   >16 {+1}
                                77.232   113.993    82.415   160.527     4.200
 14      nu_e      12 [5]    
                                19.216   -24.074    55.506    63.480    -0.000
 15       mu-      13 [7]    
                               -78.190  -133.784  -178.406   236.306     0.000
 16    Rem:p+      82 [1]   13> {-1}
                                 0.000     0.000  3245.610  3245.610     0.904
 17    Rem:p+      82 [2]   >12 {+2}
                                -0.000     0.000 -3152.459  3152.459     0.890
------------------------------------------------------------------------------
     Sum of momenta:                 0         0         0     7e+03     7e+03
******************************************************************************
Event number 7 (id: MThalf_cuts) performed by EventHandler
==============================================================================

--- Colliding particles:
  1        p+    2212  (3,16)   
                                 0.000     0.000  3500.000  3500.000     0.938
  2        p+    2212  (4,17)   
                                 0.000     0.000 -3500.000  3500.000     0.938
------------------------------------------------------------------------------
Primary sub-process performed by MEGenericProcesses[g,g->nu_mubar,e+,bbar,b,nu_e,mu-]
--- incoming:
  3         g      21 [1] (5,7)   {+1,-2}
                                -0.000     0.000   156.819   156.819     0.000
  4         g      21 [2] (9)   {+3,-1}
                                 0.000     0.000  -482.454   482.454     0.000
--- intermediates:
  5         t       6 [3] (9)   {+1}
                               -66.753   -56.683    92.802   -46.682  -118.752
  6        W-     -24 [7] (10,15)   
                                 6.421    -4.011    85.093   115.265    77.381
  7      tbar      -6 [3] (6,12)   {-2}
                                66.753    56.683    64.016   203.501   172.179
  8        W+      24 [9] (11,14)   
                               -43.400    30.536  -272.128   287.509    76.101
  9         t       6 [4,5] (8,13)   {+3}
                               -66.753   -56.683  -389.652   435.772   174.354
--- outgoing:
 10  nu_mubar     -14 [6]    
                               -34.191     4.951    27.139    43.932    -0.000
 11        e+     -11 [8]    
                                -7.661    47.205   -98.996   109.942     0.001
 12      bbar      -5 [7]   16> {-2}
                                60.332    60.694   -21.077    88.236     4.200
 13         b       5 [9]   >17 {+3}
                               -23.353   -87.219  -117.524   148.263     4.200
 14      nu_e      12 [8]    
                               -35.739   -16.670  -173.132   177.566     0.000
 15       mu-      13 [6]    
                                40.612    -8.962    57.954    71.333    -0.000
------------------------------------------------------------------------------
Step 1
--- intermediates:
  3         g      21 [1] (5,7)   {+1,-2}
                                -0.000     0.000   156.819   156.819     0.000
  4         g      21 [2] (9)   {+3,-1}
                                 0.000     0.000  -482.454   482.454     0.000
  5         t       6 [3] (9)   {+1}
                               -66.753   -56.683    92.802   -46.682  -118.752
  6        W-     -24 [7] (10,15)   
                                 6.421    -4.011    85.093   115.265    77.381
  7      tbar      -6 [3] (6,12)   {-2}
                                66.753    56.683    64.016   203.501   172.179
  8        W+      24 [9] (11,14)   
                               -43.400    30.536  -272.128   287.509    76.101
  9         t       6 [4,5] (8,13)   {+3}
                               -66.753   -56.683  -389.652   435.772   174.354
--- final:
 10  nu_mubar     -14 [6]    
                               -34.191     4.951    27.139    43.932    -0.000
 11        e+     -11 [8]    
                                -7.661    47.205   -98.996   109.942     0.001
 12      bbar      -5 [7]   16> {-2}
                                60.332    60.694   -21.077    88.236     4.200
 13         b       5 [9]   >17 {+3}
                               -23.353   -87.219  -117.524   148.263     4.200
 14      nu_e      12 [8]    
                               -35.739   -16.670  -173.132   177.566     0.000
 15       mu-      13 [6]    
                                40.612    -8.962    57.954    71.333    -0.000
 16    Rem:p+      82 [1]   17>>12 {+2,-1}
                                 0.000     0.000  3343.181  3343.181     0.917
 17    Rem:p+      82 [2]   13>>16 {+1,-3}
                                -0.000     0.000 -3017.546  3017.546     0.871
------------------------------------------------------------------------------
     Sum of momenta:                 0         0         0     7e+03     7e+03
******************************************************************************
Event number 8 (id: MThalf_cuts) performed by EventHandler
==============================================================================

--- Colliding particles:
  1        p+    2212  (3,16)   
                                 0.000     0.000  3500.000  3500.000     0.938
  2        p+    2212  (4,17)   
                                 0.000     0.000 -3500.000  3500.000     0.938
------------------------------------------------------------------------------
Primary sub-process performed by MEGenericProcesses[g,g->nu_mubar,e+,bbar,b,nu_e,mu-]
--- incoming:
  3         g      21 [1] (9)   {+1,-2}
                                 0.000     0.000   156.786   156.786     0.000
  4         g      21 [2] (9)   {+2,-3}
                                 0.000     0.000  -407.392   407.392     0.000
--- intermediates:
  5        W+      24 [6] (11,14)   
                               142.934   -12.555  -132.895   211.191    79.705
  6         t       6 [9] (5,13)   {+1}
                               172.696    62.651  -154.729   295.072   171.398
  7        W-     -24 [8] (10,15)   
                               -23.545   -26.096   -55.092   110.161    88.685
  8      tbar      -6 [9] (7,12)   {-3}
                              -172.696   -62.651   -95.877   269.106   171.687
  9         g      21 [3,4] (6,8)   {+1,-3}
                                 0.000    -0.000  -250.606   564.177   505.463
--- outgoing:
 10  nu_mubar     -14 [7]    
                                19.315   -24.442     9.550    32.584    -0.000
 11        e+     -11 [5]    
                                 5.534   -22.586   -35.640    42.555     0.001
 12      bbar      -5 [8]   17> {-3}
                              -149.151   -36.555   -40.786   158.944     4.200
 13         b       5 [6]   >16 {+1}
                                29.762    75.205   -21.834    83.881     4.200
 14      nu_e      12 [5]    
                               137.400    10.032   -97.255   168.636    -0.000
 15       mu-      13 [7]    
                               -42.861    -1.653   -64.641    77.577     0.000
------------------------------------------------------------------------------
Step 1
--- intermediates:
  3         g      21 [1] (9)   {+1,-2}
                                 0.000     0.000   156.786   156.786     0.000
  4         g      21 [2] (9)   {+2,-3}
                                 0.000     0.000  -407.392   407.392     0.000
  5        W+      24 [6] (11,14)   
                               142.934   -12.555  -132.895   211.191    79.705
  6         t       6 [9] (5,13)   {+1}
                               172.696    62.651  -154.729   295.072   171.398
  7        W-     -24 [8] (10,15)   
                               -23.545   -26.096   -55.092   110.161    88.685
  8      tbar      -6 [9] (7,12)   {-3}
                              -172.696   -62.651   -95.877   269.106   171.687
  9         g      21 [3,4] (6,8)   {+1,-3}
                                 0.000    -0.000  -250.606   564.177   505.463
--- final:
 10  nu_mubar     -14 [7]    
                                19.315   -24.442     9.550    32.584    -0.000
 11        e+     -11 [5]    
                                 5.534   -22.586   -35.640    42.555     0.001
 12      bbar      -5 [8]   17> {-3}
                              -149.151   -36.555   -40.786   158.944     4.200
 13         b       5 [6]   >16 {+1}
                                29.762    75.205   -21.834    83.881     4.200
 14      nu_e      12 [5]    
                               137.400    10.032   -97.255   168.636    -0.000
 15       mu-      13 [7]    
                               -42.861    -1.653   -64.641    77.577     0.000
 16    Rem:p+      82 [1]   13>>17 {+2,-1}
                                 0.000     0.000  3343.214  3343.214     0.917
 17    Rem:p+      82 [2]   16>>12 {+3,-2}
                                -0.000     0.000 -3092.608  3092.608     0.882
------------------------------------------------------------------------------
     Sum of momenta:                 0         0         0     7e+03     7e+03
******************************************************************************
Event number 9 (id: MThalf_cuts) performed by EventHandler
==============================================================================

--- Colliding particles:
  1        p+    2212  (3,16)   
                                 0.000     0.000  3500.000  3500.000     0.938
  2        p+    2212  (4,17)   
                                 0.000     0.000 -3500.000  3500.000     0.938
------------------------------------------------------------------------------
Primary sub-process performed by MEGenericProcesses[d,dbar->nu_mubar,e+,bbar,b,nu_e,mu-]
--- incoming:
  3         d       1 [1] (9)   {+1}
                                 0.000     0.000   595.333   595.333     0.000
  4      dbar      -1 [2] (9)   {-2}
                                 0.000    -0.000  -226.244   226.244     0.000
--- intermediates:
  5        W+      24 [8] (11,14)   
                               185.305   127.866    75.116   250.578    80.370
  6        W-     -24 [7] (10,15)   
                               -46.468     1.368    65.975   113.768    80.183
  7      tbar      -6 [8] (6,12)   {-2}
                               -22.302   104.188    91.447   222.499   172.600
  8      bbar      -5 [9] (5,7)   {-2}
                               163.003   232.053   166.563   473.077   340.058
  9         g      21 [3,4] (8,13)   {+1,-2}
                                 0.000     0.000   369.089   821.578   734.005
--- outgoing:
 10  nu_mubar     -14 [6]    
                               -63.528    17.489    34.125    74.203     0.000
 11        e+     -11 [5]    
                               169.417   115.589    91.582   224.611     0.001
 12      bbar      -5 [7]   17> {-2}
                                24.167   102.820    25.471   108.731     4.200
 13         b       5 [9]   >16 {+1}
                              -163.003  -232.053   202.526   348.501     4.200
 14      nu_e      12 [5]    
                                15.888    12.276   -16.466    25.966    -0.000
 15       mu-      13 [6]    
                                17.059   -16.121    31.851    39.565    -0.000
------------------------------------------------------------------------------
Step 1
--- intermediates:
  3         d       1 [1] (9)   {+1}
                                 0.000     0.000   595.333   595.333     0.000
  4      dbar      -1 [2] (9)   {-2}
                                 0.000    -0.000  -226.244   226.244     0.000
  5        W+      24 [8] (11,14)   
                               185.305   127.866    75.116   250.578    80.370
  6        W-     -24 [7] (10,15)   
                               -46.468     1.368    65.975   113.768    80.183
  7      tbar      -6 [8] (6,12)   {-2}
                               -22.302   104.188    91.447   222.499   172.600
  8      bbar      -5 [9] (5,7)   {-2}
                               163.003   232.053   166.563   473.077   340.058
  9         g      21 [3,4] (8,13)   {+1,-2}
                                 0.000     0.000   369.089   821.578   734.005
--- final:
 10  nu_mubar     -14 [6]    
                               -63.528    17.489    34.125    74.203     0.000
 11        e+     -11 [5]    
                               169.417   115.589    91.582   224.611     0.001
 12      bbar      -5 [7]   17> {-2}
                                24.167   102.820    25.471   108.731     4.200
 13         b       5 [9]   >16 {+1}
                              -163.003  -232.053   202.526   348.501     4.200
 14      nu_e      12 [5]    
                                15.888    12.276   -16.466    25.966    -0.000
 15       mu-      13 [6]    
                                17.059   -16.121    31.851    39.565    -0.000
 16    Rem:p+      82 [1]   13> {-1}
                                 0.000     0.000  2904.667  2904.667     0.855
 17    Rem:p+      82 [2]   >12 {+2}
                                -0.000     0.000 -3273.755  3273.756     0.907
------------------------------------------------------------------------------
     Sum of momenta:                 0         0         0     7e+03     7e+03
final integrated cross section is ( 0.000726517 +/- 1.02608e-05 ) nb



Note: In this run 16 of the 5000 accepted events
were found with a weight W larger than the expected Wmax.
This corresponds to a cross section difference between:
   UnitWeights:       0.000726517nb
   AlmostUnweighted:  0.000737881nb
 use 'set Sampler:AlmostUnweighted On' to switch to non-unit weights.

The maximum weight determined in the read/integrate step has been enhanced by 
   set /Herwig/Samplers/Sampler:MaxEnhancement 1.1.
If the rate of excessions (0.32%) or the change of the cross section is large,
you can try to:

Enhance the number of points used in the read/integrate step
   set /Herwig/Samplers/Sampler:BinSampler:InitialPoints ...

and/or enhance the reference weight found in the read/integrate step
   set /Herwig/Samplers/Sampler:MaxEnhancement 1.x

If this does not help (and your process is well defined by cuts)
don't hesitate to contact herwig@projects.hepforge.org.

No exceptions reported in this run.
