>>>>>>>>>>>>>>>>>>>>>>>>>>>>>>>>>>>>>>>>>>>>>>>>>>>>>>>>>>>>>>>>>>>>>>>>>>>>>>
>>>> Toolkit for HEP Event Generation - ThePEG 2.0.2 <<<<<<<<<<<<<<<<<<<<<<<<<
<<<<<<<<<<<<<<<<<<<<<<<<<<<<<<<<<<<<<<<<<<<<<<<<<<<<<<<<<<<<<<<<<<<<<<<<<<<<<<

>> Herwig 7.0.2 / ThePEG 2.0.2

==============================================================================
Statistics for event handler 'EventHandler':
                                       generated    number of    Cross-section
                                          events     attempts             (nb)
==============================================================================
Total (from   weighted events): including vetoed events            2.08(5)e-03
==============================================================================
Total (from unweighted events):             2000         2000      2.08(5)e-03
==============================================================================
Per matrix element breakdown:
MEGenericProcesses[d,dbar->nu_mubar,e         68           68        71(9)e-06
MEGenericProcesses[dbar,d->nu_mubar,e         73           73        76(9)e-06
MEGenericProcesses[ubar,u->nu_mubar,e        134          134      0.14(1)e-03
MEGenericProcesses[u,ubar->nu_mubar,e        130          130      0.14(1)e-03
MEGenericProcesses[c,cbar->nu_mubar,e          5            5         5(2)e-06
MEGenericProcesses[cbar,c->nu_mubar,e          3            3         3(2)e-06
MEGenericProcesses[sbar,s->nu_mubar,e          7            7         7(3)e-06
MEGenericProcesses[s,sbar->nu_mubar,e          5            5         5(2)e-06
MEGenericProcesses[b,bbar->nu_mubar,e         21           21        22(5)e-06
MEGenericProcesses[bbar,b->nu_mubar,e         23           23        24(5)e-06
MEGenericProcesses[g,g->nu_mubar,e+,b       1531         1531      1.59(4)e-03
==============================================================================
