>>>>>>>>>>>>>>>>>>>>>>>>>>>>>>>>>>>>>>>>>>>>>>>>>>>>>>>>>>>>>>>>>>>>>>>>>>>>>
>>>> Toolkit for HEP Event Generation - ThePEG 2.0.2 <<<<<<<<<<<<<<<<<<<<<<<<<
<<<<<<<<<<<<<<<<<<<<<<<<<<<<<<<<<<<<<<<<<<<<<<<<<<<<<<<<<<<<<<<<<<<<<<<<<<<<<<

>> Herwig 7.0.2 / ThePEG 2.0.2

==============================================================================
Statistics for event handler 'EventHandler':
                                       generated    number of    Cross-section
                                          events     attempts             (nb)
==============================================================================
Total (from   weighted events): including vetoed events            0.73(1)e-03
==============================================================================
Total (from unweighted events):             5000         5000      0.73(1)e-03
==============================================================================
Per matrix element breakdown:
MEGenericProcesses[d,dbar->nu_mubar,e        179          179        26(2)e-06
MEGenericProcesses[dbar,d->nu_mubar,e        202          202        29(2)e-06
MEGenericProcesses[ubar,u->nu_mubar,e        365          365        53(3)e-06
MEGenericProcesses[u,ubar->nu_mubar,e        304          304        44(3)e-06
MEGenericProcesses[c,cbar->nu_mubar,e         10           10       1.5(5)e-06
MEGenericProcesses[cbar,c->nu_mubar,e          8            8       1.2(4)e-06
MEGenericProcesses[sbar,s->nu_mubar,e         14           14       2.0(5)e-06
MEGenericProcesses[s,sbar->nu_mubar,e         16           16       2.3(6)e-06
MEGenericProcesses[b,bbar->nu_mubar,e          4            4       0.6(3)e-06
MEGenericProcesses[bbar,b->nu_mubar,e          6            6       0.9(4)e-06
MEGenericProcesses[g,g->nu_mubar,e+,b       3892         3892     0.566(9)e-03
==============================================================================
