>>>>>>>>>>>>>>>>>>>>>>>>>>>>>>>>>>>>>>>>>>>>>>>>>>>>>>>>>>>>>>>>>>>>>>>>>>>>>>
>>>> Toolkit for HEP Event Generation - ThePEG 2.0.2 <<<<<<<<<<<<<<<<<<<<<<<<<
<<<<<<<<<<<<<<<<<<<<<<<<<<<<<<<<<<<<<<<<<<<<<<<<<<<<<<<<<<<<<<<<<<<<<<<<<<<<<<

>> Herwig 7.0.2 / ThePEG 2.0.2

==============================================================================
Statistics for event handler 'EventHandler':
                                       generated    number of    Cross-section
                                          events     attempts             (nb)
==============================================================================
Total (from   weighted events): including vetoed events            0.89(2)e-03
==============================================================================
Total (from unweighted events):             3368         3368      0.89(2)e-03
==============================================================================
Per matrix element breakdown:
MEGenericProcesses[d,dbar->nu_mubar,e        121          121        32(3)e-06
MEGenericProcesses[dbar,d->nu_mubar,e        145          145        38(3)e-06
MEGenericProcesses[ubar,u->nu_mubar,e        192          192        51(4)e-06
MEGenericProcesses[u,ubar->nu_mubar,e        226          226        60(4)e-06
MEGenericProcesses[c,cbar->nu_mubar,e          2            2       0.5(4)e-06
MEGenericProcesses[cbar,c->nu_mubar,e          3            3       0.8(5)e-06
MEGenericProcesses[sbar,s->nu_mubar,e          8            8       2.1(7)e-06
MEGenericProcesses[s,sbar->nu_mubar,e         10           10       2.7(8)e-06
MEGenericProcesses[b,bbar->nu_mubar,e          2            2       0.5(4)e-06
MEGenericProcesses[bbar,b->nu_mubar,e          5            5       1.3(6)e-06
MEGenericProcesses[g,g->nu_mubar,e+,b       2654         2654      0.70(1)e-03
==============================================================================
