>>>>>>>>>>>>>>>>>>>>>>>>>>>>>>>>>>>>>>>>>>>>>>>>>>>>>>>>>>>>>>>>>>>>>>>>>>>>>>
>>>> Toolkit for HEP Event Generation - ThePEG 2.0.2 <<<<<<<<<<<<<<<<<<<<<<<<<
<<<<<<<<<<<<<<<<<<<<<<<<<<<<<<<<<<<<<<<<<<<<<<<<<<<<<<<<<<<<<<<<<<<<<<<<<<<<<<

>> Herwig 7.0.2 / ThePEG 2.0.2

/Herwig/Cuts/Cuts:
MHat  = 0 .. 13000 GeV
Scale = 1 .. 1e+12 GeV2
YHat  = -100 .. 100
X1    = 1e-06 .. 1
X2    = 1e-06 .. 1

IdentifiedParticleCut 'PhotonCut' matching 'Photon' within:
pt  = 0 .. 1e+06 GeV
IdentifiedParticleCut 'LeptonCut' matching 'Lepton' within:
pt  = 0 .. 1e+06 GeV
IdentifiedParticleCut 'TopQuarkCut' matching 'Top' within:
pt  = 0 .. 1e+06 GeV
IdentifiedParticleCut 'WBosonCut' matching 'WBoson' within:
pt  = 0 .. 1e+06 GeV
IdentifiedParticleCut 'ZBosonCut' matching 'ZBoson' within:
pt  = 0 .. 1e+06 GeV
IdentifiedParticleCut 'HiggsBosonCut' matching 'HiggsBoson' within:
pt  = 0 .. 1e+06 GeV
IdentifiedParticleCut 'ChargedLeptonCut' matching 'ChargedLepton' within:
pt  = 0 .. 1e+06 GeV
/Herwig/Cuts/LeptonPairMassCut
matching distances between: 'Lepton' and 'Lepton':
M = 0 .. 1e+06 GeV
same flavour only = false 
opposite sign only = false 

/Herwig/Cuts/ChargedLeptonPairMassCut
matching distances between: 'ChargedLepton' and 'ChargedLepton':
M = 0 .. 1e+06 GeV
same flavour only = false 
opposite sign only = false 

/Herwig/Cuts/LeptonDeltaRCut
matching distances between: 'Lepton' and 'Lepton':
DeltaRMin = 0 
DeltaRMax = 100 
DeltaPhiMin = 0 
DeltaPhiMax = 6.28319 
DeltaYMin = 0 
DeltaYMax = 100 

/Herwig/Cuts/ChargedLeptonDeltaRCut
matching distances between: 'ChargedLepton' and 'ChargedLepton':
DeltaRMin = 0 
DeltaRMax = 100 
DeltaPhiMin = 0 
DeltaPhiMax = 6.28319 
DeltaYMin = 0 
DeltaYMax = 100 

/Herwig/Cuts/PhotonIsolationCut matching unresolved particles from 'MatchboxJetMatcher':
DeltaZero = 0 
Exponent n = 1 
Efficiency = 0 
Cut Type = 1 

MissingPtCut 'MissingPtCut' matching 'Neutrino' within:
ptMiss  = 0 .. 1e+06 GeV
******************************************************************************
Event number 1 (id: tT) performed by EventHandler
==============================================================================

--- Colliding particles:
  1        p+    2212  (3,8)   
                                 0.000     0.000  6500.000  6500.000     0.938
  2        p+    2212  (4,9)   
                                 0.000     0.000 -6500.000  6500.000     0.938
------------------------------------------------------------------------------
Primary sub-process performed by MEMadGraph[g,g->tbar,t]
--- incoming:
  3         g      21 [1] (5)   {+1,-2}
                                 0.000    -0.000   289.185   289.185     0.000
  4         g      21 [2] (5)   {+3,-1}
                                 0.000     0.000  -587.769   587.769     0.000
--- intermediates:
  5         g      21 [3,4] (6,7)   {+3,-2}
                                 0.000    -0.000  -298.584   876.954   824.559
--- outgoing:
  6      tbar      -6 [5] (14,15)  8> {-2}
                              -336.005    93.177  -295.152   488.139   172.000
  7         t       6 [5] (10,11)  >9 {+3}
                               336.005   -93.177    -3.432   388.815   172.000
------------------------------------------------------------------------------
Step 1
--- intermediates:
  3         g      21 [1] (5)   {+1,-2}
                                 0.000    -0.000   289.185   289.185     0.000
  4         g      21 [2] (5)   {+3,-1}
                                 0.000     0.000  -587.769   587.769     0.000
  5         g      21 [3,4] (6,7)   {+3,-2}
                                 0.000    -0.000  -298.584   876.954   824.559
--- final:
  6      tbar      -6 [5] (14,15)  8> {-2}
                              -336.005    93.177  -295.152   488.139   172.000
  7         t       6 [5] (10,11)  >9 {+3}
                               336.005   -93.177    -3.432   388.815   172.000
  8    Rem:p+      82 [1]   9>>6 {+2,-1}
                                 0.000     0.000  6210.814  6210.815     0.917
  9    Rem:p+      82 [2]   7>>8 {+1,-3}
                                -0.000     0.000 -5912.231  5912.231     0.895
------------------------------------------------------------------------------
     Sum of momenta:                 0         0         0   1.3e+04   1.3e+04
------------------------------------------------------------------------------
Step 2 performed by DecayHandler
--- intermediates:
 10        W+      24 [7] (12,13)   
                               335.996   -80.201   -33.298   356.251    80.502
 14        W-     -24 [6] (16,17)   
                              -111.996     6.565  -161.556   213.313    82.559
 16      tau-      15 [14] (18,19)   
                               -10.435    10.878   -84.245    85.602     1.777
 18      a_1-  -20213 [16] (20,21)   
                                -7.212     6.618   -54.719    55.596     0.969
 20      rho-    -213 [18] (22,23)   
                                -6.389     5.981   -48.889    49.673     0.784
 21       pi0     111 [18] (26,27)   
                                -0.823     0.636    -5.829     5.923     0.135
 23       pi0     111 [20] (24,25)   
                                -2.007     1.435   -13.811    14.030     0.135
--- final:
  8    Rem:p+      82 [1]   9>>15 {+2,-1}
                                 0.000     0.000  6210.814  6210.815     0.917
  9    Rem:p+      82 [2]   11>>8 {+1,-3}
                                -0.000     0.000 -5912.231  5912.231     0.895
 11         b       5 [7]   >9 {+3}
                                 0.009   -12.976    29.867    32.564     0.000
 12      dbar      -1 [10]   13> {-4}
                               195.503   -12.353     3.613   195.927     0.000
 13         u       2 [10]   >12 {+4}
                               140.493   -67.848   -36.911   160.325     0.000
 15      bbar      -5 [6]   8> {-2}
                              -224.009    86.611  -133.596   274.826     0.000
 17 nu_taubar     -16 [14]    
                              -101.561    -4.313   -77.311   127.711     0.000
 19    nu_tau      16 [16]    
                                -3.223     4.261   -29.526    30.006     0.000
 22       pi-    -211 [20]    
                                -4.382     4.547   -35.079    35.643     0.140
 24     gamma      22 [23]    
                                -0.590     0.488    -4.108     4.179     0.000
 25     gamma      22 [23]    
                                -1.417     0.946    -9.703     9.851     0.000
 26     gamma      22 [21]    
                                -0.222     0.181    -1.967     1.988     0.000
 27     gamma      22 [21]    
                                -0.601     0.455    -3.862     3.935     0.000
------------------------------------------------------------------------------
     Sum of momenta:                 0         0         0   1.3e+04   1.3e+04
******************************************************************************
Event number 2 (id: tT) performed by EventHandler
==============================================================================

--- Colliding particles:
  1        p+    2212  (3,8)   
                                 0.000     0.000  6500.000  6500.000     0.938
  2        p+    2212  (4,9)   
                                 0.000     0.000 -6500.000  6500.000     0.938
------------------------------------------------------------------------------
Primary sub-process performed by MEMadGraph[dbar,d->tbar,t]
--- incoming:
  3      dbar      -1 [1] (5)   {-1}
                                 0.000     0.000   523.023   523.023     0.000
  4         d       1 [2] (5)   {+2}
                                 0.000    -0.000 -1175.436  1175.436     0.000
--- intermediates:
  5         g      21 [3,4] (6,7)   {+2,-1}
                                 0.000    -0.000  -652.413  1698.460  1568.159
--- outgoing:
  6      tbar      -6 [5] (14,15)  8> {-1}
                              -657.273   390.437  -355.831   860.609   172.000
  7         t       6 [5] (10,11)  >9 {+2}
                               657.273  -390.437  -296.581   837.850   172.000
------------------------------------------------------------------------------
Step 1
--- intermediates:
  3      dbar      -1 [1] (5)   {-1}
                                 0.000     0.000   523.023   523.023     0.000
  4         d       1 [2] (5)   {+2}
                                 0.000    -0.000 -1175.436  1175.436     0.000
  5         g      21 [3,4] (6,7)   {+2,-1}
                                 0.000    -0.000  -652.413  1698.460  1568.159
--- final:
  6      tbar      -6 [5] (14,15)  8> {-1}
                              -657.273   390.437  -355.831   860.609   172.000
  7         t       6 [5] (10,11)  >9 {+2}
                               657.273  -390.437  -296.581   837.850   172.000
  8    Rem:p+      82 [1]   >6 {+1}
                                 0.000     0.000  5976.977  5976.977     0.900
  9    Rem:p+      82 [2]   7> {-2}
                                -0.000     0.000 -5324.564  5324.564     0.849
------------------------------------------------------------------------------
     Sum of momenta:                 0         0         0   1.3e+04   1.3e+04
------------------------------------------------------------------------------
Step 2 performed by DecayHandler
--- intermediates:
 10        W+      24 [7] (12,13)   
                               323.886  -263.347  -193.536   466.478    76.761
 14        W-     -24 [6] (16,17)   
                              -314.894   207.869  -244.972   457.070    80.832
--- final:
  8    Rem:p+      82 [1]   >15 {+1}
                                 0.000     0.000  5976.977  5976.977     0.900
  9    Rem:p+      82 [2]   11> {-2}
                                -0.000     0.000 -5324.564  5324.564     0.849
 11         b       5 [7]   >9 {+2}
                               333.387  -127.090  -103.046   371.372     0.000
 12      sbar      -3 [10]   13> {-3}
                               327.106  -261.292  -186.373   458.265     0.000
 13         c       4 [10]   >12 {+3}
                                -3.220    -2.054    -7.163     8.213     1.250
 15      bbar      -5 [6]   8> {-1}
                              -342.379   182.567  -110.859   403.539     0.000
 16         s       3 [14]   >17 {+4}
                              -131.332    42.264   -74.815   156.944     0.000
 17      cbar      -4 [14]   16> {-4}
                              -183.562   165.606  -170.158   300.126     1.250
------------------------------------------------------------------------------
     Sum of momenta:                 0         0         0   1.3e+04   1.3e+04
******************************************************************************
Event number 3 (id: tT) performed by EventHandler
==============================================================================

--- Colliding particles:
  1        p+    2212  (3,8)   
                                 0.000     0.000  6500.000  6500.000     0.938
  2        p+    2212  (4,9)   
                                 0.000     0.000 -6500.000  6500.000     0.938
------------------------------------------------------------------------------
Primary sub-process performed by MEMadGraph[g,g->tbar,t]
--- incoming:
  3         g      21 [1] (5,7)   {+1,-2}
                                 0.000     0.000    94.916    94.916     0.000
  4         g      21 [2] (6)   {+2,-3}
                                 0.000     0.000  -829.044   829.044     0.000
--- intermediates:
  5      tbar      -6 [3] (6)   {-2}
                               218.925    -6.401   406.471  -322.960  -329.977
--- outgoing:
  6      tbar      -6 [4,5] (14,15)  9> {-3}
                               218.925    -6.401  -422.573   506.084   172.000
  7         t       6 [3] (10,11)  >8 {+1}
                              -218.925     6.401  -311.555   417.876   172.000
------------------------------------------------------------------------------
Step 1
--- intermediates:
  3         g      21 [1] (5,7)   {+1,-2}
                                 0.000     0.000    94.916    94.916     0.000
  4         g      21 [2] (6)   {+2,-3}
                                 0.000     0.000  -829.044   829.044     0.000
  5      tbar      -6 [3] (6)   {-2}
                               218.925    -6.401   406.471  -322.960  -329.977
--- final:
  6      tbar      -6 [4,5] (14,15)  9> {-3}
                               218.925    -6.401  -422.573   506.084   172.000
  7         t       6 [3] (10,11)  >8 {+1}
                              -218.925     6.401  -311.555   417.876   172.000
  8    Rem:p+      82 [1]   7>>9 {+2,-1}
                                 0.000     0.000  6405.084  6405.084     0.931
  9    Rem:p+      82 [2]   8>>6 {+3,-2}
                                -0.000     0.000 -5670.956  5670.956     0.876
------------------------------------------------------------------------------
     Sum of momenta:                 0         0         0   1.3e+04   1.3e+04
------------------------------------------------------------------------------
Step 2 performed by DecayHandler
--- intermediates:
 10        W+      24 [7] (12,13)   
                              -103.117    66.942  -155.570   214.386    81.515
 14        W-     -24 [6] (16,17)   
                               139.400    56.936  -212.653   272.841    80.913
--- final:
  8    Rem:p+      82 [1]   11>>9 {+2,-1}
                                 0.000     0.000  6405.084  6405.084     0.931
  9    Rem:p+      82 [2]   8>>15 {+3,-2}
                                -0.000     0.000 -5670.956  5670.956     0.876
 11         b       5 [7]   >8 {+1}
                              -115.808   -60.541  -155.985   203.490     0.000
 12      dbar      -1 [10]   13> {-4}
                                 7.227    29.425   -24.277    38.826     0.000
 13         u       2 [10]   >12 {+4}
                              -110.344    37.517  -131.293   175.559     0.000
 15      bbar      -5 [6]   9> {-3}
                                79.525   -63.337  -209.920   233.243     0.000
 16       mu-      13 [14]    
                               105.099    38.764  -204.508   233.178     0.106
 17  nu_mubar     -14 [14]    
                                34.301    18.172    -8.144    39.663     0.000
------------------------------------------------------------------------------
     Sum of momenta:                 0         0         0   1.3e+04   1.3e+04
******************************************************************************
Event number 4 (id: tT) performed by EventHandler
==============================================================================

--- Colliding particles:
  1        p+    2212  (3,8)   
                                 0.000     0.000  6500.000  6500.000     0.938
  2        p+    2212  (4,9)   
                                 0.000     0.000 -6500.000  6500.000     0.938
------------------------------------------------------------------------------
Primary sub-process performed by MEMadGraph[g,g->tbar,t]
--- incoming:
  3         g      21 [1] (5,6)   {+1,-2}
                                -0.000    -0.000  1658.448  1658.448     0.000
  4         g      21 [2] (7)   {+3,-1}
                                 0.000    -0.000   -33.171    33.171     0.000
--- intermediates:
  5         t       6 [3] (7)   {+1}
                               105.885    83.578  1152.471  1107.273  -346.889
--- outgoing:
  6      tbar      -6 [3] (14,15)  8> {-2}
                              -105.885   -83.578   505.977   551.175   172.000
  7         t       6 [4,5] (10,11)  >9 {+3}
                               105.885    83.578  1119.300  1140.444   172.000
------------------------------------------------------------------------------
Step 1
--- intermediates:
  3         g      21 [1] (5,6)   {+1,-2}
                                -0.000    -0.000  1658.448  1658.448     0.000
  4         g      21 [2] (7)   {+3,-1}
                                 0.000    -0.000   -33.171    33.171     0.000
  5         t       6 [3] (7)   {+1}
                               105.885    83.578  1152.471  1107.273  -346.889
--- final:
  6      tbar      -6 [3] (14,15)  8> {-2}
                              -105.885   -83.578   505.977   551.175   172.000
  7         t       6 [4,5] (10,11)  >9 {+3}
                               105.885    83.578  1119.300  1140.444   172.000
  8    Rem:p+      82 [1]   9>>6 {+2,-1}
                                 0.000     0.000  4841.552  4841.552     0.810
  9    Rem:p+      82 [2]   7>>8 {+1,-3}
                                -0.000     0.000 -6466.829  6466.829     0.936
------------------------------------------------------------------------------
     Sum of momenta:                 0         0         0   1.3e+04   1.3e+04
------------------------------------------------------------------------------
Step 2 performed by DecayHandler
--- intermediates:
 10        W+      24 [7] (12,13)   
                                45.730    97.745   962.572   971.971    80.864
 14        W-     -24 [6] (16,17)   
                                13.063   -19.445   214.348   229.757    79.339
--- final:
  8    Rem:p+      82 [1]   9>>15 {+2,-1}
                                 0.000     0.000  4841.552  4841.552     0.810
  9    Rem:p+      82 [2]   11>>8 {+1,-3}
                                -0.000     0.000 -6466.829  6466.829     0.936
 11         b       5 [7]   >9 {+3}
                                60.155   -14.167   156.728   168.472     0.000
 12      sbar      -3 [10]   13> {-4}
                                67.370    55.397   635.959   641.912     0.000
 13         c       4 [10]   >12 {+4}
                               -21.640    42.348   326.613   330.060     1.250
 15      bbar      -5 [6]   8> {-2}
                              -118.947   -64.133   291.629   321.417     0.000
 16         s       3 [14]   >17 {+5}
                               -27.088   -26.177   140.047   145.025     0.000
 17      cbar      -4 [14]   16> {-5}
                                40.151     6.733    74.301    84.732     1.250
------------------------------------------------------------------------------
     Sum of momenta:                 0         0         0   1.3e+04   1.3e+04
******************************************************************************
Event number 5 (id: tT) performed by EventHandler
==============================================================================

--- Colliding particles:
  1        p+    2212  (3,8)   
                                 0.000     0.000  6500.000  6500.000     0.938
  2        p+    2212  (4,9)   
                                 0.000     0.000 -6500.000  6500.000     0.938
------------------------------------------------------------------------------
Primary sub-process performed by MEMadGraph[g,g->tbar,t]
--- incoming:
  3         g      21 [1] (5,7)   {+1,-2}
                                -0.000     0.000   104.269   104.269     0.000
  4         g      21 [2] (6)   {+2,-3}
                                 0.000     0.000  -715.629   715.629     0.000
--- intermediates:
  5      tbar      -6 [3] (6)   {-2}
                               -97.854  -156.456   567.207  -422.940  -420.594
--- outgoing:
  6      tbar      -6 [4,5] (14,15)  9> {-3}
                               -97.854  -156.456  -148.422   292.689   172.000
  7         t       6 [3] (10,11)  >8 {+1}
                                97.854   156.456  -462.938   527.209   172.000
------------------------------------------------------------------------------
Step 1
--- intermediates:
  3         g      21 [1] (5,7)   {+1,-2}
                                -0.000     0.000   104.269   104.269     0.000
  4         g      21 [2] (6)   {+2,-3}
                                 0.000     0.000  -715.629   715.629     0.000
  5      tbar      -6 [3] (6)   {-2}
                               -97.854  -156.456   567.207  -422.940  -420.594
--- final:
  6      tbar      -6 [4,5] (14,15)  9> {-3}
                               -97.854  -156.456  -148.422   292.689   172.000
  7         t       6 [3] (10,11)  >8 {+1}
                                97.854   156.456  -462.938   527.209   172.000
  8    Rem:p+      82 [1]   7>>9 {+2,-1}
                                 0.000     0.000  6395.731  6395.731     0.931
  9    Rem:p+      82 [2]   8>>6 {+3,-2}
                                -0.000     0.000 -5784.371  5784.371     0.885
------------------------------------------------------------------------------
     Sum of momenta:                 0         0         0   1.3e+04   1.3e+04
------------------------------------------------------------------------------
Step 2 performed by DecayHandler
--- intermediates:
 10        W+      24 [7] (12,13)   
                                90.373    67.467  -382.584   407.077    81.377
 14        W-     -24 [6] (16,17)   
                                13.443   -75.096   -94.345   144.599    78.662
--- final:
  8    Rem:p+      82 [1]   11>>9 {+2,-1}
                                 0.000     0.000  6395.731  6395.731     0.931
  9    Rem:p+      82 [2]   8>>15 {+3,-2}
                                -0.000     0.000 -5784.371  5784.371     0.885
 11         b       5 [7]   >8 {+1}
                                 7.481    88.988   -80.354   120.132     0.000
 12      dbar      -1 [10]   13> {-4}
                                65.580    19.859  -112.608   131.817     0.000
 13         u       2 [10]   >12 {+4}
                                24.793    47.608  -269.976   275.260     0.000
 15      bbar      -5 [6]   9> {-3}
                              -111.297   -81.360   -54.077   148.090     0.000
 16        e-      11 [14]    
                                -4.755   -86.641   -83.707   120.566     0.001
 17   nu_ebar     -12 [14]    
                                18.197    11.545   -10.638    24.033     0.000
------------------------------------------------------------------------------
     Sum of momenta:                 0         0         0   1.3e+04   1.3e+04
******************************************************************************
Event number 6 (id: tT) performed by EventHandler
==============================================================================

--- Colliding particles:
  1        p+    2212  (3,8)   
                                 0.000     0.000  6500.000  6500.000     0.938
  2        p+    2212  (4,9)   
                                 0.000     0.000 -6500.000  6500.000     0.938
------------------------------------------------------------------------------
Primary sub-process performed by MEMadGraph[g,g->tbar,t]
--- incoming:
  3         g      21 [1] (5)   {+1,-2}
                                 0.000    -0.000    58.343    58.343     0.000
  4         g      21 [2] (5)   {+2,-3}
                                 0.000    -0.000  -752.460   752.460     0.000
--- intermediates:
  5         g      21 [3,4] (6,7)   {+1,-3}
                                 0.000    -0.000  -694.117   810.802   419.048
--- outgoing:
  6      tbar      -6 [5] (17,18)  9> {-3}
                                -1.589   -49.024  -558.220   586.174   172.000
  7         t       6 [5] (10,11)  >8 {+1}
                                 1.589    49.024  -135.897   224.628   172.000
------------------------------------------------------------------------------
Step 1
--- intermediates:
  3         g      21 [1] (5)   {+1,-2}
                                 0.000    -0.000    58.343    58.343     0.000
  4         g      21 [2] (5)   {+2,-3}
                                 0.000    -0.000  -752.460   752.460     0.000
  5         g      21 [3,4] (6,7)   {+1,-3}
                                 0.000    -0.000  -694.117   810.802   419.048
--- final:
  6      tbar      -6 [5] (17,18)  9> {-3}
                                -1.589   -49.024  -558.220   586.174   172.000
  7         t       6 [5] (10,11)  >8 {+1}
                                 1.589    49.024  -135.897   224.628   172.000
  8    Rem:p+      82 [1]   7>>9 {+2,-1}
                                 0.000     0.000  6441.657  6441.657     0.934
  9    Rem:p+      82 [2]   8>>6 {+3,-2}
                                -0.000     0.000 -5747.540  5747.540     0.882
------------------------------------------------------------------------------
     Sum of momenta:                 0         0         0   1.3e+04   1.3e+04
------------------------------------------------------------------------------
Step 2 performed by DecayHandler
--- intermediates:
 10        W+      24 [7] (12,13)   
                               -37.158    -7.854  -128.070   155.363    79.329
 12      tau+     -15 [10] (14..16)   
                                -4.838   -39.722   -78.647    88.259     1.777
 17        W-     -24 [6] (19,20)   
                               -21.654     8.515  -130.169   153.807    78.557
--- final:
  8    Rem:p+      82 [1]   11>>9 {+2,-1}
                                 0.000     0.000  6441.657  6441.657     0.934
  9    Rem:p+      82 [2]   8>>18 {+3,-2}
                                -0.000     0.000 -5747.540  5747.540     0.882
 11         b       5 [7]   >8 {+1}
                                38.747    56.878    -7.826    69.265     0.000
 13    nu_tau      16 [10]    
                               -32.320    31.868   -49.424    67.104     0.000
 14 nu_taubar     -16 [12]    
                                -2.372   -16.330   -33.425    37.277     0.000
 15       mu+     -13 [12]    
                                -0.665    -6.911   -14.320    15.915     0.106
 16     nu_mu      14 [12]    
                                -1.801   -16.481   -30.901    35.068     0.000
 18      bbar      -5 [6]   9> {-3}
                                20.066   -57.540  -428.051   432.367     0.000
 19         d       1 [17]   >20 {+4}
                                -8.792    42.965   -57.017    71.933     0.000
 20      ubar      -2 [17]   19> {-4}
                               -12.862   -34.450   -73.152    81.874     0.000
------------------------------------------------------------------------------
     Sum of momenta:                 0         0         0   1.3e+04   1.3e+04
******************************************************************************
Event number 7 (id: tT) performed by EventHandler
==============================================================================

--- Colliding particles:
  1        p+    2212  (3,8)   
                                 0.000     0.000  6500.000  6500.000     0.938
  2        p+    2212  (4,9)   
                                 0.000     0.000 -6500.000  6500.000     0.938
------------------------------------------------------------------------------
Primary sub-process performed by MEMadGraph[g,g->tbar,t]
--- incoming:
  3         g      21 [1] (5,6)   {+1,-2}
                                 0.000    -0.000  1992.105  1992.105     0.000
  4         g      21 [2] (7)   {+3,-1}
                                 0.000     0.000   -17.505    17.505     0.000
--- intermediates:
  5         t       6 [3] (7)   {+1}
                               -42.683   -57.836   945.480   929.008  -189.850
--- outgoing:
  6      tbar      -6 [3] (14,15)  8> {-2}
                                42.683    57.836  1046.626  1063.097   172.000
  7         t       6 [4,5] (10,11)  >9 {+3}
                               -42.683   -57.836   927.974   946.513   172.000
------------------------------------------------------------------------------
Step 1
--- intermediates:
  3         g      21 [1] (5,6)   {+1,-2}
                                 0.000    -0.000  1992.105  1992.105     0.000
  4         g      21 [2] (7)   {+3,-1}
                                 0.000     0.000   -17.505    17.505     0.000
  5         t       6 [3] (7)   {+1}
                               -42.683   -57.836   945.480   929.008  -189.850
--- final:
  6      tbar      -6 [3] (14,15)  8> {-2}
                                42.683    57.836  1046.626  1063.097   172.000
  7         t       6 [4,5] (10,11)  >9 {+3}
                               -42.683   -57.836   927.974   946.513   172.000
  8    Rem:p+      82 [1]   9>>6 {+2,-1}
                                 0.000     0.000  4507.895  4507.895     0.781
  9    Rem:p+      82 [2]   7>>8 {+1,-3}
                                -0.000     0.000 -6482.495  6482.495     0.937
------------------------------------------------------------------------------
     Sum of momenta:                 0         0         0   1.3e+04   1.3e+04
------------------------------------------------------------------------------
Step 2 performed by DecayHandler
--- intermediates:
 10        W+      24 [7] (12,13)   
                               -50.929    30.687   503.614   512.940    77.101
 14        W-     -24 [6] (16,17)   
                               -20.019    31.436   265.896   279.409    77.329
--- final:
  8    Rem:p+      82 [1]   9>>15 {+2,-1}
                                 0.000     0.000  4507.895  4507.895     0.781
  9    Rem:p+      82 [2]   11>>8 {+1,-3}
                                -0.000     0.000 -6482.495  6482.495     0.937
 11         b       5 [7]   >9 {+3}
                                 8.246   -88.523   424.360   433.573     0.000
 12      sbar      -3 [10]   13> {-4}
                               -33.161   -20.019   294.209   296.748     0.000
 13         c       4 [10]   >12 {+4}
                               -17.768    50.706   209.405   216.192     1.250
 15      bbar      -5 [6]   8> {-2}
                                62.702    26.400   780.729   783.688     0.000
 16         d       1 [14]   >17 {+5}
                                -2.510    17.016   252.461   253.047     0.000
 17      ubar      -2 [14]   16> {-5}
                               -17.509    14.420    13.435    26.363     0.000
------------------------------------------------------------------------------
     Sum of momenta:                 0         0         0   1.3e+04   1.3e+04
******************************************************************************
Event number 8 (id: tT) performed by EventHandler
==============================================================================

--- Colliding particles:
  1        p+    2212  (3,8)   
                                 0.000     0.000  6500.000  6500.000     0.938
  2        p+    2212  (4,9)   
                                 0.000     0.000 -6500.000  6500.000     0.938
------------------------------------------------------------------------------
Primary sub-process performed by MEMadGraph[g,g->tbar,t]
--- incoming:
  3         g      21 [1] (5,6)   {+1,-2}
                                -0.000     0.000   170.842   170.842     0.000
  4         g      21 [2] (7)   {+3,-1}
                                 0.000    -0.000  -390.375   390.375     0.000
--- intermediates:
  5         t       6 [3] (7)   {+1}
                              -116.703  -119.505   176.346   -68.982  -232.895
--- outgoing:
  6      tbar      -6 [3] (17,18)  8> {-2}
                               116.703   119.505    -5.504   239.823   172.000
  7         t       6 [4,5] (10,11)  >9 {+3}
                              -116.703  -119.505  -214.029   321.393   172.000
------------------------------------------------------------------------------
Step 1
--- intermediates:
  3         g      21 [1] (5,6)   {+1,-2}
                                -0.000     0.000   170.842   170.842     0.000
  4         g      21 [2] (7)   {+3,-1}
                                 0.000    -0.000  -390.375   390.375     0.000
  5         t       6 [3] (7)   {+1}
                              -116.703  -119.505   176.346   -68.982  -232.895
--- final:
  6      tbar      -6 [3] (17,18)  8> {-2}
                               116.703   119.505    -5.504   239.823   172.000
  7         t       6 [4,5] (10,11)  >9 {+3}
                              -116.703  -119.505  -214.029   321.393   172.000
  8    Rem:p+      82 [1]   9>>6 {+2,-1}
                                 0.000     0.000  6329.158  6329.158     0.926
  9    Rem:p+      82 [2]   7>>8 {+1,-3}
                                -0.000     0.000 -6109.625  6109.625     0.910
------------------------------------------------------------------------------
     Sum of momenta:                 0         0         0   1.3e+04   1.3e+04
------------------------------------------------------------------------------
Step 2 performed by DecayHandler
--- intermediates:
 10        W+      24 [7] (12,13)   
                              -141.672   -67.865  -190.588   259.429    79.392
 12      tau+     -15 [10] (14..16)   
                               -11.130   -10.565   -73.034    74.650     1.777
 17        W-     -24 [6] (19,20)   
                                88.405   138.798   -43.794   188.451    80.720
--- final:
  8    Rem:p+      82 [1]   9>>18 {+2,-1}
                                 0.000     0.000  6329.158  6329.158     0.926
  9    Rem:p+      82 [2]   11>>8 {+1,-3}
                                -0.000     0.000 -6109.625  6109.625     0.910
 11         b       5 [7]   >9 {+3}
                                24.969   -51.639   -23.441    61.964     0.000
 13    nu_tau      16 [10]    
                              -130.542   -57.301  -117.555   184.780     0.000
 14 nu_taubar     -16 [12]    
                                -3.626    -3.116   -25.151    25.601     0.000
 15        e+     -11 [12]    
                                -7.193    -7.324   -46.892    48.003     0.001
 16      nu_e      12 [12]    
                                -0.311    -0.125    -0.990     1.045     0.000
 18      bbar      -5 [6]   8> {-2}
                                28.298   -19.293    38.290    51.372     0.000
 19        e-      11 [17]    
                                60.158    27.955    -1.061    66.344     0.001
 20   nu_ebar     -12 [17]    
                                28.248   110.843   -42.733   122.107     0.000
------------------------------------------------------------------------------
     Sum of momenta:                 0         0         0   1.3e+04   1.3e+04
******************************************************************************
Event number 9 (id: tT) performed by EventHandler
==============================================================================

--- Colliding particles:
  1        p+    2212  (3,8)   
                                 0.000     0.000  6500.000  6500.000     0.938
  2        p+    2212  (4,9)   
                                 0.000     0.000 -6500.000  6500.000     0.938
------------------------------------------------------------------------------
Primary sub-process performed by MEMadGraph[g,g->tbar,t]
--- incoming:
  3         g      21 [1] (5,6)   {+1,-2}
                                 0.000    -0.000   100.291   100.291     0.000
  4         g      21 [2] (7)   {+3,-1}
                                 0.000     0.000  -653.708   653.708     0.000
--- intermediates:
  5         t       6 [3] (7)   {+1}
                              -100.927    32.878   145.552  -106.831  -145.050
--- outgoing:
  6      tbar      -6 [3] (14,15)  8> {-2}
                               100.927   -32.878   -45.261   207.123   172.000
  7         t       6 [4,5] (10,11)  >9 {+3}
                              -100.927    32.878  -508.156   546.876   172.000
------------------------------------------------------------------------------
Step 1
--- intermediates:
  3         g      21 [1] (5,6)   {+1,-2}
                                 0.000    -0.000   100.291   100.291     0.000
  4         g      21 [2] (7)   {+3,-1}
                                 0.000     0.000  -653.708   653.708     0.000
  5         t       6 [3] (7)   {+1}
                              -100.927    32.878   145.552  -106.831  -145.050
--- final:
  6      tbar      -6 [3] (14,15)  8> {-2}
                               100.927   -32.878   -45.261   207.123   172.000
  7         t       6 [4,5] (10,11)  >9 {+3}
                              -100.927    32.878  -508.156   546.876   172.000
  8    Rem:p+      82 [1]   9>>6 {+2,-1}
                                 0.000     0.000  6399.709  6399.709     0.931
  9    Rem:p+      82 [2]   7>>8 {+1,-3}
                                -0.000     0.000 -5846.292  5846.292     0.890
------------------------------------------------------------------------------
     Sum of momenta:                 0         0         0   1.3e+04   1.3e+04
------------------------------------------------------------------------------
Step 2 performed by DecayHandler
--- intermediates:
 10        W+      24 [7] (12,13)   
                               -52.165    86.380  -343.364   366.886    80.769
 14        W-     -24 [6] (16,17)   
                                -3.027   -57.833     8.882    87.287    64.702
--- final:
  8    Rem:p+      82 [1]   9>>15 {+2,-1}
                                 0.000     0.000  6399.709  6399.709     0.931
  9    Rem:p+      82 [2]   11>>8 {+1,-3}
                                -0.000     0.000 -5846.292  5846.292     0.890
 11         b       5 [7]   >9 {+3}
                               -48.762   -53.502  -164.791   179.990     0.000
 12       mu+     -13 [10]    
                               -30.571     4.650   -33.036    45.250     0.106
 13     nu_mu      14 [10]    
                               -21.595    81.731  -310.328   321.636     0.000
 15      bbar      -5 [6]   8> {-2}
                               103.954    24.954   -54.143   119.835     0.000
 16         d       1 [14]   >17 {+4}
                               -30.814   -12.316    -0.237    33.185     0.000
 17      ubar      -2 [14]   16> {-4}
                                27.787   -45.517     9.119    54.102     0.000
------------------------------------------------------------------------------
     Sum of momenta:                 0         0         0   1.3e+04   1.3e+04
final integrated cross section is ( 0.793167 +/- 0.0004784 ) nb
No exceptions reported in this run.
