>>>>>>>>>>>>>>>>>>>>>>>>>>>>>>>>>>>>>>>>>>>>>>>>>>>>>>>>>>>>>>>>>>>>>>>>>>>>>>
>>>> Toolkit for HEP Event Generation - ThePEG 2.0.2 <<<<<<<<<<<<<<<<<<<<<<<<<
<<<<<<<<<<<<<<<<<<<<<<<<<<<<<<<<<<<<<<<<<<<<<<<<<<<<<<<<<<<<<<<<<<<<<<<<<<<<<<

>> Herwig 7.0.2 / ThePEG 2.0.2

==============================================================================
Statistics for event handler 'EventHandler':
                                       generated    number of    Cross-section
                                          events     attempts             (nb)
==============================================================================
Total (from   weighted events): including vetoed events          0.7932(5)e+00
==============================================================================
Total (from   weighted events):            1e+06        1e+06    0.7932(5)e+00
==============================================================================
Per matrix element breakdown:
MEMadGraph[d,dbar->tbar,t]                 16044        16044      18.3(2)e-03
MEMadGraph[dbar,d->tbar,t]                 15860        15860      18.5(2)e-03
MEMadGraph[ubar,u->tbar,t]                 25456        25456      29.3(3)e-03
MEMadGraph[u,ubar->tbar,t]                 25616        25616      29.0(3)e-03
MEMadGraph[c,cbar->tbar,t]                  1261         1261      1.49(6)e-03
MEMadGraph[cbar,c->tbar,t]                  1163         1163      1.32(6)e-03
MEMadGraph[sbar,s->tbar,t]                  2413         2413      2.92(9)e-03
MEMadGraph[s,sbar->tbar,t]                  2346         2346      2.84(9)e-03
MEMadGraph[g,g->tbar,t]                   909841       909841    0.6896(4)e+00
==============================================================================
