>>>>>>>>>>>>>>>>>>>>>>>>>>>>>>>>>>>>>>>>>>>>>>>>>>>>>>>>>>>>>>>>>>>>>>>>>>>>>>
>>>> Toolkit for HEP Event Generation - ThePEG 2.0.2 <<<<<<<<<<<<<<<<<<<<<<<<<
<<<<<<<<<<<<<<<<<<<<<<<<<<<<<<<<<<<<<<<<<<<<<<<<<<<<<<<<<<<<<<<<<<<<<<<<<<<<<<

>> Herwig 7.0.2 / ThePEG 2.0.2

** An event exception of type ThePEG::Exception occurred while generating event number 1: 
boostVector computed for a non-timelike LorentzVector
The event will be discarded.
The decay pi0 ->   gamma  e-  e+  0.0267854 500 is too inefficient for the particle 1509       pi0     111 [1506]    
                                 0.054     0.105     0.020     0.180     0.135
vetoing the decay 
** An event exception of type ThePEG::Exception occurred while generating event number 3: 
boostVector computed for a non-timelike LorentzVector
The event will be discarded.
** An event exception of type ThePEG::Exception occurred while generating event number 3: 
boostVector computed for a non-timelike LorentzVector
The event will be discarded.
** An event exception of type ThePEG::Exception occurred while generating event number 3: 
boostVector computed for a non-timelike LorentzVector
The event will be discarded.
** An event exception of type ThePEG::Exception occurred while generating event number 4: 
boostVector computed for a non-timelike LorentzVector
The event will be discarded.
The decay pi0 ->   gamma  e-  e+  0.0267854 500 is too inefficient for the particle 795       pi0     111 [793]    
                                -0.193    -0.043     0.987     1.016     0.135
vetoing the decay 
** An event exception of type ThePEG::Exception occurred while generating event number 4: 
boostVector computed for a non-timelike LorentzVector
The event will be discarded.
** An event exception of type ThePEG::Exception occurred while generating event number 4: 
boostVector computed for a non-timelike LorentzVector
The event will be discarded.
** An event exception of type ThePEG::Exception occurred while generating event number 4: 
boostVector computed for a non-timelike LorentzVector
The event will be discarded.
The decay pi0 ->   gamma  e-  e+  0.0267854 500 is too inefficient for the particle 428       pi0     111 [425]    
                                -0.403     0.527    -1.168     1.350     0.135
vetoing the decay 
** An event exception of type ThePEG::Exception occurred while generating event number 5: 
boostVector computed for a non-timelike LorentzVector
The event will be discarded.
Resetting max weight for decay t ->   b  sbar  c  5  23.5747  172500
** An event exception of type ThePEG::Exception occurred while generating event number 6: 
boostVector computed for a non-timelike LorentzVector
The event will be discarded.
No more warnings of this kind will be reported.
Too many (10) exceptions of this kind has occurred. Execution will be stopped.
******************************************************************************
Event number 6 (id: tT_homemadeNLO) performed by LHCHandler
==============================================================================

--- Colliding particles:
  1        p+    2212  (8,10,79,104,123,138)   
                                 0.000     0.000  3500.000  3500.000     0.938
  2        p+    2212  (9,29,86,107,126,141)   
                                 0.000     0.000 -3500.000  3500.000     0.938
------------------------------------------------------------------------------
Primary sub-process performed by MEGoSam[g,g->tbar,t].BornVirtual
--- incoming:
  3         g      21 [25] (5,6)   {+1,-2}
                                 0.000    -0.000   795.235   795.235     0.000
  4         g      21 [32] (7)   {+3,-1}
                                 0.000     0.000   -77.028    77.028     0.000
--- intermediates:
  5         t       6 [3] (7)   {+1}
                               -28.511    62.108   147.498   121.448  -108.058
--- outgoing:
  6      tbar      -6 [3] (35)  8> {-2}
                                28.511   -62.108   647.737   673.787   172.500
  7         t       6 [4,5] (34)  >9 {+3}
                               -28.511    62.108    70.471   198.476   172.500
------------------------------------------------------------------------------
Step 1
--- intermediates:
  3         g      21 [25] (5,6)   {+1,-2}
                                 0.000    -0.000   795.235   795.235     0.000
  4         g      21 [32] (7)   {+3,-1}
                                 0.000     0.000   -77.028    77.028     0.000
  5         t       6 [3] (7)   {+1}
                               -28.511    62.108   147.498   121.448  -108.058
--- final:
  6      tbar      -6 [3] (35)  8> {-2}
                                28.511   -62.108   647.737   673.787   172.500
  7         t       6 [4,5] (34)  >9 {+3}
                               -28.511    62.108    70.471   198.476   172.500
  8    Rem:p+      82 [1] (70)  9>>6 {+2,-1}
                                 0.000     0.000  2704.765  2704.765     0.825
  9    Rem:p+      82 [2] (71)  7>>8 {+1,-3}
                                -0.000     0.000 -3422.972  3422.972     0.928
------------------------------------------------------------------------------
     Sum of momenta:                 0         0         0     7e+03     7e+03
------------------------------------------------------------------------------
Secondary sub-process 1 performed by MEQCD2to2Fast
--- incoming:
 74         g      21 [84] (76,77)   {+4,-5}
                                 0.000     0.000     0.792     0.792     0.000
 75         g      21 [89] (78)   {+6,-7}
                                 0.000    -0.000  -128.233   128.233     0.000
--- intermediates:
 76         g      21 [74] (78)   {+7,-5}
                                 1.477     4.974     9.209    -9.096    -5.384
--- outgoing:
 77         g      21 [74] (92)   {+4,-7}
                                -1.477    -4.974    -8.417     9.888     0.000
 78         g      21 [75,76] (91)   {+6,-5}
                                 1.477     4.974  -119.024   119.137     0.000
------------------------------------------------------------------------------
Secondary sub-process 2 performed by MEQCD2to2Fast
--- incoming:
 99         g      21 [105] (101,102)   {+8,-9}
                                 0.000     0.000     2.802     2.802     0.000
100         g      21 [107] (103)   {+9,-10}
                                 0.000     0.000  -372.645   372.645     0.000
--- intermediates:
101         g      21 [99] (103)   {+11,-9}
                                 4.848    -1.684     2.383    -2.347    -5.148
--- outgoing:
102         g      21 [99] (115)   {+8,-11}
                                -4.848     1.684     0.419     5.149     0.000
103         g      21 [100,101] (108)   {+11,-10}
                                 4.848    -1.684  -370.262   370.298     0.000
------------------------------------------------------------------------------
Secondary sub-process 3 performed by MEQCD2to2Fast
--- incoming:
118         u       2 [124] (120,122)   {+12}
                                -0.000     0.000   317.784   317.784     0.000
119         g      21 [127] (121)   {+13,-9}
                                 0.000    -0.000    -0.346     0.346     0.000
--- intermediates:
120         u       2 [118] (121)   {+9}
                                 2.801     4.799   293.939   293.300   -20.149
--- outgoing:
121         u       2 [119,120] (130)   {+13}
                                 2.801     4.799   293.593   293.645     0.000
122         g      21 [118] (129)   {+12,-9}
                                -2.801    -4.799    23.846    24.484     0.000
------------------------------------------------------------------------------
Secondary sub-process 4 performed by MEQCD2to2Fast
--- incoming:
133         g      21 [139] (135)   {+14,-12}
                                 0.000     0.000    26.434    26.434     0.000
134      ubar      -2 [141] (135)   {-14}
                                 0.000     0.000    -1.070     1.070     0.000
--- intermediates:
135      ubar      -2 [133,134] (136,137)   {-12}
                                 0.000     0.000    25.364    27.504    10.637
--- outgoing:
136         g      21 [135] (142)   {+15,-12}
                                -0.636     4.480    19.909    20.417     0.000
137      ubar      -2 [135] (143)   {-15}
                                 0.636    -4.480     5.455     7.087     0.000
------------------------------------------------------------------------------
Step 2 performed by ShowerHandler
--- intermediates:
 10         g      21 [1] (11,12)   {+16,-17}
                                -0.638     0.781  1685.821  1685.821    -0.000
 11         g      21 [10] (13,14)   {+18,-17}
                                -2.013     0.012  1424.712  1424.705    -4.654
 13         g      21 [11] (15,16)   {+19,-17}
                                -0.207     0.323  1359.257  1359.218   -10.267
 15         g      21 [13] (17,18)   {+19,-20}
                                 2.402     0.523  1322.635  1322.490   -19.693
 17         g      21 [15] (21,22)   {+21,-20}
                                22.001    29.588   900.125   898.507   -65.343
 18         g      21 [15] (19,20)   {+19,-21}
                               -19.599   -29.065   422.509   423.983     4.315
 21         g      21 [17] (23,24)   {+22,-20}
                                23.871    30.885   874.286   872.550   -67.493
 23         g      21 [21] (25,26)   {+22,-2}
                                25.626    32.592   857.136   855.201   -70.943
 25         g      21 [23] (3)   {+1,-2}
                                23.633    20.167   830.596   825.417   -97.678
 26         g      21 [23] (27,28)   {+22,-1}
                                 1.992    12.426    26.540    29.784     4.930
 29         g      21 [2] (30,31)   {+23,-1}
                                 0.827     0.111   -97.699    97.703     0.000
 30         g      21 [29] (32,33)   {+24,-1}
                                 3.148     1.863   -81.514    81.231    -7.708
 32         g      21 [30] (4)   {+3,-1}
                                -2.517    -0.089   -79.287    74.769   -26.500
 34         t       6 [7] (36)   {+3}
                               -23.779    66.607    77.938   202.070   172.500
 35      tbar      -6 [6] (54)   {-2}
                                44.896   -46.529   673.371   698.116   172.500
 36         t       6 [34] (37,40)   {+3}
                               -23.779    66.607    77.938   202.070   172.500
 37        W+      24 [36] (38)   
                                13.690   -17.157    71.801   110.103    80.533
 38        W+      24 [37] (39)   
                                13.690   -17.157    71.801   110.103    80.533
 39        W+      24 [38] (45)   
                                13.013   -15.905    70.471   108.968    80.533
 40         b       5 [36] (41)   {+25}
                               -37.469    83.764     6.137    91.967     0.000
 41         b       5 [40] (42)   {+3}
                               -37.469    83.764     6.137    91.967     0.000
 42         b       5 [41] (43,44)   {+3}
                               -36.792    82.512     7.467    93.102    21.224
 45        W+      24 [39] (46,49)   
                                13.013   -15.905    70.471   108.968    80.533
 46      sbar      -3 [45] (47)   {-26}
                                 3.512   -12.429    88.800    89.734     0.000
 47      sbar      -3 [46] (48)   {-27}
                                 3.104   -11.718    87.767    88.600     0.000
 49         c       4 [45] (50)   {+26}
                                10.178    -4.728   -16.999    20.369     0.000
 50         c       4 [49] (51)   {+27}
                                 9.909    -4.187   -17.296    20.368     0.000
 51         c       4 [50] (52,53)   {+27}
                                 9.948    -4.337   -16.171    21.502     9.112
 54      tbar      -6 [35] (55,58)   {-2}
                                44.896   -46.529   673.371   698.116   172.500
 55        W-     -24 [54] (56)   
                                39.617   -28.824   175.115   199.518    82.107
 56        W-     -24 [55] (57)   
                                39.617   -28.824   175.115   199.518    82.107
 57        W-     -24 [56] (63)   
                                39.318   -28.672   176.084   200.288    82.107
 58      bbar      -5 [54] (59)   {-28}
                                 5.279   -17.705   498.256   498.598     0.000
 59      bbar      -5 [58] (60)   {-2}
                                 5.279   -17.705   498.256   498.598     0.000
 60      bbar      -5 [59] (61,62)   {-2}
                                 5.578   -17.856   497.287   497.828    13.731
 63        W-     -24 [57] (64,67)   
                                39.318   -28.672   176.084   200.288    82.107
 64        e-      11 [63] (65)   
                                62.593    -9.935   138.745   152.534     0.000
 65        e-      11 [64] (66)   
                                62.424    -9.846   139.146   152.824     0.000
 67   nu_ebar     -12 [63] (68)   
                               -22.975   -18.888    36.371    46.984     0.000
 68   nu_ebar     -12 [67] (69)   
                               -23.106   -18.826    36.939    47.464     0.000
 70    Rem:p+      82 [8] (72,145)   
                                 0.472    -0.803   754.243  1704.008  1527.991
 71    Rem:p+      82 [9] (73,144,146)   
                                -0.661    -0.089 -1887.846  1887.847     2.044
 74         g      21 [84] (76,77)   {+4,-5}
                                 0.000     0.000     0.792     0.792     0.000
 75         g      21 [89] (78)   {+6,-7}
                                 0.000    -0.000  -128.233   128.233     0.000
 76         g      21 [74] (78)   {+7,-5}
                                 1.477     4.974     9.209    -9.096    -5.384
 77         g      21 [74] (92)   {+4,-7}
                                -1.477    -4.974    -8.417     9.888     0.000
 78         g      21 [75,76] (91)   {+6,-5}
                                 1.477     4.974  -119.024   119.137     0.000
 79         g      21 [1] (80,81)   {+9,-16}
                                 0.000     0.000     7.775     7.775     0.000
 80         g      21 [79] (82,83)   {+4,-16}
                                -3.097     1.126     2.570     1.541    -3.885
 82         g      21 [80] (84,85)   {+4,-29}
                                -4.168     1.170     2.593     0.109    -5.045
 84         g      21 [82] (74)   {+4,-5}
                                 0.288    -3.537    19.861   -18.360    -8.364
 86         g      21 [2] (87,88)   {+10,-23}
                                 0.000    -0.000  -665.121   665.121    -0.000
 87         g      21 [86] (89,90)   {+6,-23}
                                -1.465    -0.670  -313.374   313.369    -2.390
 89         g      21 [87] (75)   {+6,-7}
                                -1.511    -1.911  -150.971   150.959    -3.116
 92         g      21 [77] (93,98)   {+4,-7}
                                -2.989    -6.885   -31.155    32.613     6.054
 93         g      21 [92] (94,95)   {+4,-30}
                                -2.345    -5.494   -26.459    27.583     5.006
 95         g      21 [93] (96,97)   {+31,-30}
                                -1.621    -5.250   -21.143    22.129     3.532
 99         g      21 [105] (101,102)   {+8,-9}
                                 0.000     0.000     2.802     2.802     0.000
100         g      21 [107] (103)   {+9,-10}
                                 0.000     0.000  -372.645   372.645     0.000
101         g      21 [99] (103)   {+11,-9}
                                 4.848    -1.684     2.383    -2.347    -5.148
102         g      21 [99] (115)   {+8,-11}
                                -4.848     1.684     0.419     5.149     0.000
103         g      21 [100,101] (108)   {+11,-10}
                                 4.848    -1.684  -370.262   370.298     0.000
104         g      21 [1] (105,106)   {+32,-9}
                                 0.000     0.000    11.051    11.051     0.000
105         g      21 [104] (99)   {+8,-9}
                                -2.589     1.954     3.158     2.465    -3.797
107         g      21 [2] (100)   {+9,-10}
                                 0.000     0.000  -372.645   372.645     0.000
108         g      21 [103] (109,110)   {+11,-10}
                                 2.070     0.309  -365.530   365.764    12.923
110         g      21 [108] (111,114)   {+33,-10}
                                 3.723    -1.913  -332.010   332.117     7.305
111         g      21 [110] (112,113)   {+34,-10}
                                 4.890    -1.672  -304.080   304.145     3.597
115         g      21 [102] (116,117)   {+8,-11}
                                -4.659     1.644    -3.957     9.346     6.876
118         u       2 [124] (120,122)   {+12}
                                -0.000     0.000   317.784   317.784     0.000
119         g      21 [127] (121)   {+13,-9}
                                 0.000    -0.000    -0.346     0.346     0.000
120         u       2 [118] (121)   {+9}
                                 2.801     4.799   293.939   293.300   -20.149
121         u       2 [119,120] (130)   {+13}
                                 2.801     4.799   293.593   293.645     0.000
122         g      21 [118] (129)   {+12,-9}
                                -2.801    -4.799    23.846    24.484     0.000
123         g      21 [1] (124,125)   {+12,-32}
                                -0.000    -0.000   500.125   500.125    -0.000
124         u       2 [123] (118)   {+12}
                                 1.688     0.117   312.694   312.686    -2.796
126         g      21 [2] (127,128)   {+14,-9}
                                -0.000     0.000    -0.734     0.734     0.000
127         g      21 [126] (119)   {+13,-9}
                                 2.540     1.083    -7.020    -6.197    -4.301
130         u       2 [121] (131,132)   {+13}
                                 5.341     5.882   286.919   287.103     6.523
133         g      21 [139] (135)   {+14,-12}
                                 0.000     0.000    26.434    26.434     0.000
134      ubar      -2 [141] (135)   {-14}
                                 0.000     0.000    -1.070     1.070     0.000
135      ubar      -2 [133,134] (136,137)   {-12}
                                 0.000     0.000    25.364    27.504    10.637
136         g      21 [135] (142)   {+15,-12}
                                -0.636     4.480    19.909    20.417     0.000
137      ubar      -2 [135] (143)   {-15}
                                 0.636    -4.480     5.455     7.087     0.000
138         g      21 [1] (139,140)   {+35,-12}
                                 0.000     0.000    66.099    66.099     0.000
139         g      21 [138] (133)   {+14,-12}
                                 2.895     2.502    33.730    33.491    -5.543
141      ubar      -2 [2] (134)   {-14}
                                 0.000     0.000    -1.070     1.070     0.000
--- final:
 12         g      21 [10] (155,156)  14>>83 {+16,-18}
                                 1.375     0.769   261.110   261.116     0.950
 14         g      21 [11] (153,154)  20>>12 {+18,-19}
                                -1.806    -0.311    65.455    65.488     0.950
 16         g      21 [13] (151,152)  72>>24 {+20,-17}
                                -2.608    -0.201    36.622    36.728     0.950
 19         g      21 [18] (157,158)  22>>20 {+36,-21}
                               -14.008   -21.259   325.280   326.276     0.950
 20         g      21 [18] (159,160)  19>>14 {+19,-36}
                                -5.591    -7.805    97.229    97.706     0.950
 22         g      21 [17] (149,150)  28>>19 {+21,-22}
                                -1.870    -1.298    25.840    25.957     0.950
 24         g      21 [21] (147,148)  16>>62 {+2,-20}
                                -1.755    -1.707    17.150    17.350     0.950
 27         g      21 [26] (161,162)  73>>28 {+37,-1}
                                 2.716     8.094    13.605    16.090     0.950
 28         g      21 [26] (163,164)  27>>22 {+22,-37}
                                -0.724     4.332    12.935    13.693     0.950
 31         g      21 [29] (167,168)  33>>90 {+23,-24}
                                -2.320    -1.752   -16.185    16.472     0.950
 33         g      21 [30] (165,166)  44>>31 {+24,-3}
                                 5.664     1.952    -2.227     6.462     0.950
 43         b       5 [42] (222)  >44 {+38}
                               -33.871    67.658    13.044    76.942     5.000
 44         g      21 [42] (169,170)  43>>33 {+3,-38}
                                -2.921    14.853    -5.578    16.161     0.950
 48      sbar      -3 [47] (241)  53> {-27}
                                 3.065   -11.568    86.642    87.466     0.500
 52         c       4 [51] (223)  >53 {+39}
                                 8.764    -1.762   -16.132    18.513     1.600
 53         g      21 [51] (171,172)  52>>48 {+27,-39}
                                 1.184    -2.575    -0.040     2.989     0.950
 61      bbar      -5 [60] (224)  62> {-40}
                                 4.543   -19.542   418.374   418.885     5.000
 62         g      21 [60] (173,174)  24>>61 {+40,-2}
                                 1.036     1.686    78.913    78.943     0.950
 66        e-      11 [65]    
                                62.424    -9.846   139.146   152.824     0.000
 69   nu_ebar     -12 [68]    
                               -23.106   -18.826    36.939    47.464     0.000
 72         u       2 [70] (217)  >16 {+17}
                                -0.280    -0.710  1229.125  1229.125     0.325
 73         d       1 [71] (244)  >27 {+1}
                                 0.206    -0.145  -891.198   891.198     0.325
 81         g      21 [79] (181,182)  94>>129 {+9,-4}
                                 3.097    -1.126     5.206     6.234     0.950
 83         g      21 [80] (179,180)  12>>85 {+29,-16}
                                 1.071    -0.045    -0.023     1.432     0.950
 85         g      21 [82] (177,178)  83>>91 {+5,-29}
                                -4.456     4.707   -17.268    18.469     0.950
 88         g      21 [86] (193,194)  91>>113 {+10,-6}
                                 1.465     0.670  -351.748   351.753     0.950
 90         g      21 [87] (191,192)  31>>98 {+7,-23}
                                 0.046     1.241  -162.402   162.410     0.950
 91         g      21 [78] (175,176)  85>>88 {+6,-5}
                                 1.765     1.436   -99.955    99.986     0.950
 94         g      21 [93] (185,186)  96>>81 {+4,-31}
                                -0.724    -0.244    -5.316     5.454     0.950
 96         g      21 [95] (187,188)  97>>94 {+31,-41}
                                -1.516    -4.947   -14.798    15.705     0.950
 97         g      21 [95] (189,190)  98>>96 {+41,-30}
                                -0.104    -0.303    -6.345     6.424     0.950
 98         g      21 [92] (183,184)  90>>97 {+30,-7}
                                -0.644    -1.391    -4.696     5.030     0.950
106         g      21 [104] (195,196)  116>>125 {+32,-8}
                                 2.589    -1.954     7.893     8.586     0.950
109         g      21 [108] (197,198)  114>>117 {+11,-33}
                                -1.653     2.222   -33.520    33.648     0.950
112         g      21 [111] (201,202)  113>>114 {+34,-42}
                                 1.854    -2.177  -125.812   125.848     0.950
113         g      21 [111] (203,204)  88>>112 {+42,-10}
                                 3.036     0.506  -178.268   178.297     0.950
114         g      21 [110] (199,200)  112>>109 {+33,-34}
                                -1.167    -0.241   -27.930    27.972     0.950
116         s       3 [115] (247)  >106 {+8}
                                -0.725    -2.165    -2.935     3.752     0.500
117      sbar      -3 [115] (248)  109> {-11}
                                -3.934     3.810    -1.021     5.593     0.500
125      ubar      -2 [123] (237)  106> {-32}
                                -1.688    -0.117   187.431   187.439     0.325
128         g      21 [126] (207,208)  132>>140 {+14,-13}
                                -2.540    -1.083     6.286     6.931     0.950
129         g      21 [122] (205,206)  81>>142 {+12,-9}
                                -1.112    -4.682    18.756    19.386     0.950
131         u       2 [130] (253)  >132 {+43}
                                 6.709     4.674   238.688   238.828     0.325
132         g      21 [130] (209,210)  131>>128 {+13,-43}
                                -1.368     1.208    48.231    48.275     0.950
140         g      21 [138] (213,214)  128>>145 {+35,-14}
                                -2.895    -2.502    32.369    32.608     0.950
142         g      21 [136] (211,212)  129>>143 {+15,-12}
                                 1.556     6.329    25.390    26.230     0.950
143      ubar      -2 [137] (231)  142> {-15}
                                 1.339    -3.827     7.270     8.331     0.325
144         u       2 [71] (232)  >146 {+44}
                                 0.071     0.023  -158.300   158.300     0.325
145      ud_0    2101 [70] (244)  140> {-35}
                                 0.752    -0.093  -474.881   474.882     0.650
146      uu_1    2203 [71] (232)  144> {-44}
                                -0.938     0.032  -838.348   838.349     0.650
------------------------------------------------------------------------------
     Sum of momenta:                 0         0         0     7e+03     7e+03
------------------------------------------------------------------------------
Step 3 performed by ClusterHadHandler
--- intermediates:
147         u       2 [24] (252)   {+2}
                                -1.037    -0.965     7.511     7.651     0.325
148      ubar      -2 [24] (215)   {-20}
                                -0.718    -0.742     9.638     9.699     0.325
149         d       1 [22] (250)   {+21}
                                -0.540    -0.150     8.879     8.903     0.325
150      dbar      -1 [22] (216)   {-22}
                                -1.330    -1.148    16.960    17.054     0.325
151         d       1 [16] (215)   {+20}
                                -0.788    -0.195    15.571    15.596     0.325
152      dbar      -1 [16] (217)   {-17}
                                -1.821    -0.006    21.051    21.132     0.325
153         d       1 [14] (218)   {+18}
                                -0.814    -0.252    20.359    20.380     0.325
154      dbar      -1 [14] (250)   {-19}
                                -0.992    -0.058    45.096    45.108     0.325
155         d       1 [12] (219)   {+16}
                                 0.677     0.042   131.829   131.831     0.325
156      dbar      -1 [12] (218)   {-18}
                                 0.698     0.726   129.281   129.285     0.325
157         d       1 [19] (220)   {+36}
                                -8.601   -12.454   192.565   193.159     0.325
158      dbar      -1 [19] (251)   {-21}
                                -5.407    -8.805   132.715   133.117     0.325
159         d       1 [20] (251)   {+19}
                                -3.885    -5.359    63.872    64.215     0.325
160      dbar      -1 [20] (220)   {-36}
                                -1.706    -2.446    33.357    33.492     0.325
161         u       2 [27] (221)   {+37}
                                 1.438     5.215     8.829    10.359     0.325
162      ubar      -2 [27] (245)   {-1}
                                 1.278     2.878     4.777     5.731     0.325
163         u       2 [28] (216)   {+22}
                                -0.122     2.727     7.935     8.398     0.325
164      ubar      -2 [28] (221)   {-37}
                                -0.602     1.605     5.000     5.295     0.325
165         u       2 [33] (238)   {+24}
                                 4.779     1.496    -1.868     5.355     0.325
166      ubar      -2 [33] (249)   {-3}
                                 0.885     0.456    -0.360     1.107     0.325
167         u       2 [31] (236)   {+23}
                                -0.942    -0.328    -5.795     5.890     0.325
168      ubar      -2 [31] (239)   {-24}
                                -1.378    -1.423   -10.390    10.582     0.325
169         d       1 [44] (248)   {+3}
                                -0.697     4.793    -1.978     5.242     0.325
170      dbar      -1 [44] (222)   {-38}
                                -2.225    10.060    -3.599    10.918     0.325
171         d       1 [53] (240)   {+27}
                                 0.214    -0.777    -0.265     0.908     0.325
172      dbar      -1 [53] (223)   {-39}
                                 0.970    -1.798     0.225     2.081     0.325
173         d       1 [62] (224)   {+40}
                                 0.068     0.644    30.154    30.163     0.325
174      dbar      -1 [62] (253)   {-2}
                                 0.968     1.042    48.759    48.781     0.325
175         d       1 [91] (225)   {+6}
                                 0.412     0.502   -20.803    20.816     0.325
176      dbar      -1 [91] (234)   {-5}
                                 1.353     0.935   -79.152    79.170     0.325
177         d       1 [85] (233)   {+5}
                                -3.162     3.579   -13.219    14.059     0.325
178      dbar      -1 [85] (243)   {-29}
                                -1.294     1.129    -4.049     4.410     0.325
179         d       1 [83] (235)   {+29}
                                 0.701    -0.355    -0.002     0.851     0.325
180      dbar      -1 [83] (219)   {-16}
                                 0.369     0.310    -0.021     0.582     0.325
181         u       2 [81] (226)   {+9}
                                 2.466    -1.050     4.346     5.117     0.325
182      ubar      -2 [81] (235)   {-4}
                                 0.632    -0.076     0.859     1.117     0.325
183         u       2 [98] (243)   {+30}
                                -0.006    -0.126    -0.838     0.908     0.325
184      ubar      -2 [98] (233)   {-7}
                                -0.638    -1.265    -3.858     4.123     0.325
185         u       2 [94] (249)   {+4}
                                -0.460     0.171    -1.956     2.042     0.325
186      ubar      -2 [94] (238)   {-31}
                                -0.264    -0.415    -3.360     3.412     0.325
187         d       1 [96] (239)   {+31}
                                -0.118    -0.780    -2.438     2.583     0.325
188      dbar      -1 [96] (247)   {-41}
                                -1.398    -4.166   -12.360    13.122     0.325
189         u       2 [97] (246)   {+41}
                                 0.158    -0.208    -1.413     1.473     0.325
190      ubar      -2 [97] (242)   {-30}
                                -0.262    -0.095    -4.932     4.950     0.325
191         u       2 [90] (234)   {+7}
                                 0.017     0.051   -35.886    35.887     0.325
192      ubar      -2 [90] (254)   {-23}
                                 0.029     1.190  -126.516   126.522     0.325
193         u       2 [88] (254)   {+10}
                                 1.096     0.673  -215.369   215.373     0.325
194      ubar      -2 [88] (225)   {-6}
                                 0.370    -0.003  -136.379   136.380     0.325
195         d       1 [106] (241)   {+32}
                                 0.666    -0.398     1.439     1.667     0.325
196      dbar      -1 [106] (246)   {-8}
                                 1.923    -1.556     6.454     6.919     0.325
197         d       1 [109] (242)   {+11}
                                -0.497     0.499    -6.499     6.545     0.325
198      dbar      -1 [109] (236)   {-33}
                                -1.156     1.723   -27.021    27.102     0.325
199         d       1 [114] (255)   {+33}
                                -0.992    -0.048   -15.888    15.923     0.325
200      dbar      -1 [114] (227)   {-34}
                                -0.175    -0.193   -12.042    12.049     0.325
201         u       2 [112] (227)   {+34}
                                 0.304    -0.223   -20.219    20.226     0.325
202      ubar      -2 [112] (228)   {-42}
                                 1.550    -1.954  -105.592   105.622     0.325
203         d       1 [113] (228)   {+42}
                                 1.606     0.499   -81.614    81.632     0.325
204      dbar      -1 [113] (255)   {-10}
                                 1.430     0.006   -96.654    96.665     0.325
205         u       2 [129] (229)   {+12}
                                -0.633    -3.265    13.855    14.253     0.325
206      ubar      -2 [129] (226)   {-9}
                                -0.479    -1.417     4.900     5.134     0.325
207         u       2 [128] (230)   {+14}
                                -0.657    -0.476     2.476     2.626     0.325
208      ubar      -2 [128] (240)   {-13}
                                -1.883    -0.607     3.809     4.305     0.325
209         u       2 [132] (237)   {+13}
                                -0.348     0.269     7.999     8.018     0.325
210      ubar      -2 [132] (252)   {-43}
                                -1.020     0.939    40.232    40.257     0.325
211         d       1 [142] (231)   {+15}
                                 0.400     3.074    11.944    12.344     0.325
212      dbar      -1 [142] (229)   {-12}
                                 1.155     3.255    13.446    13.887     0.325
213         d       1 [140] (245)   {+35}
                                -2.042    -1.854    25.160    25.313     0.325
214      dbar      -1 [140] (230)   {-14}
                                -0.853    -0.649     7.208     7.295     0.325
215   Cluster      81 [148,151] (316,317)   
                                -1.505    -0.937    25.209    25.294     1.074
216   Cluster      81 [150,163] (276,277)   
                                -1.452     1.579    24.895    25.452     4.840
217   Cluster      81 [72,152] (258,259)   
                                -2.101    -0.716  1250.176  1250.257    14.092
218   Cluster      81 [153,156] (322,323)   
                                -0.116     0.474   149.640   149.664     2.678
219   Cluster      81 [155,180] (274,275)   
                                 1.046     0.352   131.808   132.413    12.595
220   Cluster      81 [157,160] (288,289)   
                               -10.308   -14.900   225.922   226.651     1.259
221   Cluster      81 [161,164] (312,313)   
                                 0.836     6.820    13.829    15.655     2.576
222   Cluster      81 [43,170] (282,283)   
                               -36.095    77.718     9.445    87.860    16.947
223   Cluster      81 [52,172] (256,257)   
                                 9.735    -3.560   -15.907    20.594     7.978
224   Cluster      81 [61,173] (320,321)   
                                 4.611   -18.898   448.528   449.047     9.368
225   Cluster      81 [175,194] (298,299)   
                                 0.781     0.499  -157.182   157.195     1.844
226   Cluster      81 [181,206] (284,285)   
                                 1.987    -2.467     9.247    10.250     3.088
227   Cluster      81 [200,201] (328,329)   
                                 0.129    -0.416   -32.261    32.275     0.819
228   Cluster      81 [202,203] (334,335)   
                                 3.156    -1.455  -187.206   187.254     2.423
229   Cluster      81 [205,212] (262,263)   
                                 0.522    -0.009    27.302    28.139     6.794
230   Cluster      81 [207,214] (286,287)   
                                -1.510    -1.125     9.685     9.921     1.041
231   Cluster      81 [143,211] (268,269)   
                                 1.739    -0.753    19.214    20.674     7.394
232   Cluster      81 [144,146] (306,307)   
                                -0.867     0.056  -996.648   996.649     1.223
233   Cluster      81 [177,184] (278,279)   
                                -3.800     2.314   -17.078    18.182     4.376
234   Cluster      81 [176,191] (336,337)   
                                 1.370     0.986  -115.038   115.058     1.258
235   Cluster      81 [179,182] (290,291)   
                                 1.333    -0.430     0.857     1.968     1.084
236   Cluster      81 [167,198] (310,311)   
                                -2.098     1.395   -32.816    32.992     2.284
237   Cluster      81 [125,209] (314,315)   
                                -2.036     0.152   195.430   195.457     2.495
238   Cluster      81 [165,186] (270,271)   
                                 4.515     1.081    -5.228     8.766     5.288
239   Cluster      81 [168,187] (294,295)   
                                -1.496    -2.204   -12.828    13.166     1.293
240   Cluster      81 [171,208] (300,301)   
                                -1.670    -1.384     3.545     5.213     3.148
241   Cluster      81 [48,195] (272,273)   
                                 3.730   -11.966    88.082    89.133     5.410
242   Cluster      81 [190,197] (302,303)   
                                -0.759     0.404   -11.431    11.496     0.862
243   Cluster      81 [178,183] (318,319)   
                                -1.300     1.003    -4.886     5.317     1.303
244   Cluster      81 [73,145] (304,305)   
                                 0.958    -0.238 -1366.079  1366.081     1.466
245   Cluster      81 [162,213] (280,281)   
                                -0.764     1.025    29.937    31.044     8.116
246   Cluster      81 [189,196] (266,267)   
                                 2.081    -1.764     5.041     8.392     6.130
247   Cluster      81 [116,188] (332,333)   
                                -2.123    -6.332   -15.295    16.874     2.490
248   Cluster      81 [117,169] (308,309)   
                                -4.631     8.603    -3.000    10.836     3.599
249   Cluster      81 [166,185] (296,297)   
                                 0.425     0.627    -2.315     3.149     1.996
250   Cluster      81 [149,154] (326,327)   
                                -1.532    -0.208    53.975    54.011     1.211
251   Cluster      81 [158,159] (340,341)   
                                -9.291   -14.164   196.587   197.332     2.543
252   Cluster      81 [147,210] (330,331)   
                                -2.058    -0.026    47.743    47.908     3.391
253   Cluster      81 [131,174] (324,325)   
                                 7.677     5.715   287.447   287.609     1.257
254   Cluster      81 [192,193] (338,339)   
                                 1.125     1.863  -341.885   341.895     1.473
255   Cluster      81 [199,204] (292,293)   
                                 0.438    -0.042  -112.542   112.588     3.169
256   Cluster      81 [223] (342,343)   
                                 6.772    -1.484   -12.311    14.306     2.248
257   Cluster      81 [223] (344,345)   
                                 2.963    -2.076    -3.596     6.288     3.676
258   Cluster      81 [217] (346,347)   
                                -1.610    -0.016    37.820    37.892     1.680
259   Cluster      81 [217] (260,261)   
                                -0.491    -0.700  1212.356  1212.365     4.814
260   Cluster      81 [259] (348,349)   
                                -0.355    -0.577   999.317   999.324     3.774
261   Cluster      81 [259] (350,351)   
                                -0.135    -0.123   213.038   213.041     1.016
262   Cluster      81 [229] (352,353)   
                                -0.336    -1.871     9.342     9.613     1.231
263   Cluster      81 [229] (264,265)   
                                 0.858     1.862    17.960    18.527     4.060
264   Cluster      81 [263] (354,355)   
                                 0.692     1.715    11.409    11.821     2.480
265   Cluster      81 [263] (356,357)   
                                 0.166     0.147     6.551     6.706     1.416
266   Cluster      81 [246] (358,359)   
                                 0.216    -0.245    -0.964     1.565     1.189
267   Cluster      81 [246] (360,361)   
                                 1.865    -1.519     6.004     6.827     2.185
268   Cluster      81 [231] (362,363)   
                                 0.427     2.448    10.811    11.222     1.693
269   Cluster      81 [231] (364,365)   
                                 1.313    -3.200     8.402     9.453     2.606
270   Cluster      81 [238] (366,367)   
                                 4.680     1.442    -2.066     5.497     1.403
271   Cluster      81 [238] (368,369)   
                                -0.165    -0.361    -3.162     3.269     0.727
272   Cluster      81 [241] (370,371)   
                                 1.104    -3.032    21.880    22.203     1.956
273   Cluster      81 [241] (372,373)   
                                 2.626    -8.934    66.202    66.931     3.207
274   Cluster      81 [219] (374,375)   
                                 0.685     0.066   127.504   127.555     3.550
275   Cluster      81 [219] (376,377)   
                                 0.361     0.286     4.304     4.858     2.205
276   Cluster      81 [216] (378,379)   
                                -0.827    -0.172    11.771    11.916     1.652
277   Cluster      81 [216] (380,381)   
                                -0.625     1.751    13.124    13.536     2.740
278   Cluster      81 [233] (382,383)   
                                -2.860     2.323   -12.503    13.306     2.676
279   Cluster      81 [233] (384,385)   
                                -0.940    -0.009    -4.575     4.876     1.401
280   Cluster      81 [245] (386,387)   
                                -1.947    -1.725    24.490    24.661     1.288
281   Cluster      81 [245] (388,389)   
                                 1.183     2.750     5.447     6.383     1.451
282   Cluster      81 [222] (390,391)   
                               -33.519    67.496    12.480    76.707     6.998
283   Cluster      81 [222] (392,393)   
                                -2.577    10.222    -3.035    11.153     2.013
--- final:
 66        e-      11 [65]    
                                62.424    -9.846   139.146   152.824     0.000
 69   nu_ebar     -12 [68]    
                               -23.106   -18.826    36.939    47.464     0.000
284    rho_30     117 [226]    
                                 1.804    -0.774     4.642     5.301     1.642
285      rho0     113 [226]    
                                 0.182    -1.693     4.605     4.950     0.628
286       pi+     211 [230]    
                                -0.850    -1.193     6.870     7.026     0.140
287       pi0     111 [230]    
                                -0.659     0.069     2.815     2.895     0.135
288        K0     311 [220]    
                                -2.294    -3.646    53.100    53.277     0.498
289     Kbar0    -311 [220]    
                                -8.014   -11.254   172.822   173.374     0.498
290      rho0     113 [235]    
                                 0.766    -0.013     0.738     1.240     0.637
291       pi-    -211 [235]    
                                 0.567    -0.418     0.119     0.728     0.140
292     pi_2-  -10215 [255]    
                                -0.521     0.114   -56.392    56.415     1.523
293      b_1+   10213 [255]    
                                 0.959    -0.155   -56.150    56.173     1.255
294        K0     311 [239]    
                                -1.126    -1.797   -10.470    10.694     0.498
295        K-    -321 [239]    
                                -0.370    -0.407    -2.358     2.471     0.494
296    rho''+   30213 [249]    
                                 0.506     0.703    -1.773     2.578     1.660
297       pi-    -211 [249]    
                                -0.081    -0.076    -0.542     0.571     0.140
298        K0     311 [225]    
                                 0.002     0.720   -71.801    71.806     0.498
299       K*-    -323 [225]    
                                 0.780    -0.222   -85.381    85.389     0.864
300       K*0     313 [240]    
                                -0.396     0.116     2.364     2.566     0.910
301     K'_1-  -20323 [240]    
                                -1.274    -1.499     1.181     2.647     1.319
302       eta     221 [242]    
                                -0.300     0.247    -4.996     5.041     0.548
303       pi-    -211 [242]    
                                -0.459     0.157    -6.435     6.455     0.140
304       pi0     111 [244]    
                                 0.286    -0.236  -721.921   721.921     0.135
305        n0    2112 [244]    
                                 0.672    -0.001  -644.159   644.160     0.940
306       pi+     211 [232]    
                                -0.381    -0.130  -267.121   267.121     0.140
307        p+    2212 [232]    
                                -0.486     0.186  -729.527   729.528     0.938
308        n0    2112 [248]    
                                -0.097     1.963    -0.567     2.251     0.940
309Sigmabar(1750)0  -23212 [248]    
                                -4.534     6.640    -2.433     8.584     1.769
310     a'_00   10111 [236]    
                                -1.014     1.109   -24.929    25.025     1.582
311       pi+     211 [236]    
                                -1.084     0.286    -7.887     7.967     0.140
312     omega     223 [221]    
                                 0.275     3.413     8.212     8.933     0.797
313       f_2     225 [221]    
                                 0.562     3.407     5.617     6.722     1.310
314     pi_2+   10215 [237]    
                                -1.356     0.332   126.002   126.022     1.723
315      rho-    -213 [237]    
                                -0.680    -0.179    69.428    69.435     0.699
316       pi-    -211 [215]    
                                -1.025    -0.324    15.763    15.801     0.140
317       eta     221 [215]    
                                -0.480    -0.614     9.446     9.494     0.548
318     omega     223 [243]    
                                -1.126     0.421    -2.888     3.223     0.779
319       pi+     211 [243]    
                                -0.174     0.582    -1.999     2.094     0.140
320Sigma_b*bar-   -5224 [224]    
                                 4.335   -18.472   403.763   404.251     5.823
321  p(1535)+   22212 [224]    
                                 0.276    -0.426    44.765    44.797     1.611
322      rho-    -213 [218]    
                                 0.606    -0.052    44.958    44.965     0.524
323    rho_3+     217 [218]    
                                -0.722     0.526   104.682   104.699     1.699
324       pi+     211 [253]    
                                 4.298     2.605   149.251   149.336     0.140
325       eta     221 [253]    
                                 3.378     3.111   138.196   138.273     0.548
326       pi-    -211 [250]    
                                -1.583     0.083    48.437    48.463     0.140
327       pi+     211 [250]    
                                 0.050    -0.291     5.538     5.548     0.140
328       pi+     211 [227]    
                                -0.085    -0.308    -5.079     5.091     0.140
329       pi0     111 [227]    
                                 0.214    -0.109   -27.182    27.183     0.135
330      a_1+   20213 [252]    
                                -1.019    -1.132    26.222    26.287     1.032
331      a_1-  -20213 [252]    
                                -1.039     1.106    21.521    21.621     1.419
332      K'*- -100323 [247]    
                                -2.025    -4.864   -10.642    11.992     1.674
333       pi+     211 [247]    
                                -0.099    -1.468    -4.653     4.882     0.140
334     omega     223 [228]    
                                 0.760    -0.842   -43.357    43.379     0.781
335      b_1-  -10213 [228]    
                                 2.396    -0.613  -143.850   143.876     1.176
336       pi+     211 [234]    
                                 0.965     0.596   -48.434    48.447     0.140
337      rho0     113 [234]    
                                 0.406     0.390   -66.605    66.610     0.675
338        K+     321 [254]    
                                 0.204     0.871  -134.857   134.861     0.494
339       K*-    -323 [254]    
                                 0.921     0.992  -207.029   207.035     0.864
340     omega     223 [251]    
                                -4.675    -7.912   109.576   109.963     0.781
341      a_20     115 [251]    
                                -4.617    -6.252    87.011    87.369     1.387
342       D*+     413 [256]    
                                 6.563    -1.376   -12.009    13.900     2.010
343       pi0     111 [256]    
                                 0.209    -0.108    -0.302     0.406     0.135
344      rho+     213 [257]    
                                 1.687     0.197    -2.384     3.021     0.745
345     pi_2-  -10215 [257]    
                                 1.275    -2.274    -1.212     3.267     1.552
346       eta     221 [258]    
                                -1.637     0.268    27.237    27.293     0.548
347     Kbar0    -311 [258]    
                                 0.027    -0.284    10.583    10.599     0.498
348     pi_2+   10215 [260]    
                                -0.077    -1.035   630.067   630.071     1.898
349    omega'  100223 [260]    
                                -0.279     0.458   369.250   369.254     1.550
350        K+     321 [261]    
                                -0.004    -0.024    51.801    51.803     0.494
351       pi-    -211 [261]    
                                -0.132    -0.099   161.238   161.238     0.140
352       pi+     211 [262]    
                                -0.202    -1.173     5.617     5.744     0.140
353      rho-    -213 [262]    
                                -0.134    -0.698     3.725     3.869     0.768
354     rho'0  100113 [264]    
                                 0.435     1.245     8.038     8.325     1.720
355      rho+     213 [264]    
                                 0.257     0.470     3.371     3.496     0.755
356       pi+     211 [265]    
                                -0.061    -0.430     2.468     2.510     0.140
357      rho-    -213 [265]    
                                 0.228     0.577     4.082     4.196     0.743
358       pi+     211 [266]    
                                 0.127     0.100    -0.638     0.673     0.140
359      rho-    -213 [266]    
                                 0.089    -0.344    -0.326     0.892     0.751
360     eta_2   10225 [267]    
                                 1.367    -1.101     5.437     5.954     1.673
361       pi+     211 [267]    
                                 0.498    -0.418     0.567     0.874     0.140
362      rho-    -213 [268]    
                                 0.259     1.091     5.765     5.937     0.868
363      rho+     213 [268]    
                                 0.167     1.357     5.046     5.284     0.771
364       pi-    -211 [269]    
                                 0.631     0.051     1.322     1.472     0.140
365   omega_3     227 [269]    
                                 0.681    -3.251     7.080     7.980     1.588
366      rho0     113 [270]    
                                 3.076     1.100    -0.869     3.462     0.749
367       pi0     111 [270]    
                                 1.604     0.343    -1.197     2.035     0.135
368       pi-    -211 [271]    
                                -0.030    -0.357    -0.698     0.797     0.140
369       pi+     211 [271]    
                                -0.135    -0.004    -2.464     2.472     0.140
370       pi-    -211 [272]    
                                 0.095    -0.073     2.621     2.628     0.140
371     K''*+   30323 [272]    
                                 1.009    -2.959    19.258    19.575     1.588
372     K*_20     315 [273]    
                                 2.442    -7.341    53.018    53.598     1.398
373   K'*bar0 -100313 [273]    
                                 0.184    -1.593    13.184    13.333     1.173
374    Delta-    1114 [274]    
                                -0.123    -0.857    76.335    76.350     1.229
375nbar(1535)  -22112 [274]    
                                 0.808     0.923    51.169    51.205     1.493
376      pi'+  100211 [275]    
                                 0.628     0.204     3.387     3.753     1.478
377       eta     221 [275]    
                                -0.267     0.082     0.918     1.104     0.548
378       pi+     211 [276]    
                                -0.185    -0.072     1.659     1.676     0.140
379     K'_1-  -20323 [276]    
                                -0.642    -0.100    10.112    10.240     1.475
380       pi+     211 [277]    
                                 0.413     0.778     1.211     1.504     0.140
381       K*0     313 [277]    
                                -1.038     0.973    11.913    12.031     0.899
382     omega     223 [278]    
                                -1.966     1.432    -6.749     7.217     0.786
383      K'*0  100313 [278]    
                                -0.893     0.891    -5.754     6.089     1.543
384       pi-    -211 [279]    
                                -0.796    -0.246    -3.911     4.001     0.140
385     Kbar0    -311 [279]    
                                -0.145     0.237    -0.664     0.875     0.498
386       pi-    -211 [280]    
                                -0.988    -0.359     9.440     9.499     0.140
387     omega     223 [280]    
                                -0.959    -1.366    15.050    15.162     0.774
388       pi0     111 [281]    
                                 0.027     1.079     1.949     2.232     0.135
389      pi'0  100111 [281]    
                                 1.156     1.671     3.498     4.151     0.929
390  B_s2bar0    -535 [282]    
                               -32.140    64.138    12.428    73.042     5.838
391     Kbar0    -311 [282]    
                                -1.379     3.358     0.052     3.664     0.498
392       pi+     211 [283]    
                                 0.054     0.570     0.154     0.609     0.140
393      pi'- -100211 [283]    
                                -2.630     9.652    -3.189    10.544     0.961
------------------------------------------------------------------------------
     Sum of momenta:                 0         0         0     7e+03     7e+03
final integrated cross section is ( 0.310734 +/- 0.0808295 ) nb

The following exception classes were reported in this run:
ThePEG::Exception eventerror (10 times)

Miscellaneous output from modules to the standard output:

Statistics for the UE process: 
                                       generated    number of    Cross-section
                                          events     attempts             (nb)
==============================================================================
Total:                                    100057       100057      4.57594e+07
==============================================================================
Per matrix element breakdown:
MEQCD2to2Fast                             100057       100057      4.57594e+07
==============================================================================

==============================================================================
Eikonalized and soft cross sections:

Model parameters:                    ptmin:   4.39 GeV, mu2: 2.3 GeV2
                                     DL mode: 2, CMenergy: 7000 GeV
hard inclusive cross section (mb):   45.7572
soft inclusive cross section (mb):   162.29
total cross section (mb):            101.875
inelastic cross section (mb):        72.5761
soft inv radius (GeV2):              0.574447
slope of soft pt spectrum (1/GeV2):  0.085056
Average hard multiplicity:           3.0726
Average soft multiplicity:           4.55018
==============================================================================

