>>>>>>>>>>>>>>>>>>>>>>>>>>>>>>>>>>>>>>>>>>>>>>>>>>>>>>>>>>>>>>>>>>>>>>>>>>>>>>
>>>> Toolkit for HEP Event Generation - ThePEG 2.0.2 <<<<<<<<<<<<<<<<<<<<<<<<<
<<<<<<<<<<<<<<<<<<<<<<<<<<<<<<<<<<<<<<<<<<<<<<<<<<<<<<<<<<<<<<<<<<<<<<<<<<<<<<

>> Herwig 7.0.2 / ThePEG 2.0.2

The decay pi0 ->   gamma  e-  e+  0.0267854 500 is too inefficient for the particle  27       pi0     111 [24]    
                               -14.493    -7.410    26.293    30.925     0.135
vetoing the decay 
The decay pi0 ->   gamma  e-  e+  0.0267854 500 is too inefficient for the particle  22       pi0     111 [20]    
                                -0.951     2.222    -5.827     6.310     0.135
vetoing the decay 
** An event exception of type ThePEG::Exception occurred while generating event number 1460: 
boostVector computed for a non-timelike LorentzVector
The event will be discarded.
The decay pi0 ->   gamma  e-  e+  0.0267854 500 is too inefficient for the particle  21       pi0     111 [18]    
                                39.313    -4.394    45.426    60.236     0.135
vetoing the decay 
The decay pi0 ->   gamma  e-  e+  0.0267854 500 is too inefficient for the particle  17       pi0     111 [14]    
                                -1.729    -1.508     0.037     2.298     0.135
vetoing the decay 
The decay pi0 ->   gamma  e-  e+  0.0267854 500 is too inefficient for the particle  23       pi0     111 [20]    
                               -20.519   -10.171   -17.712    28.952     0.135
vetoing the decay 
final integrated cross section is ( 0.171684 +/- 0.00224375 ) nb

The following exception classes were reported in this run:
ThePEG::Exception eventerror (1 times)

Miscellaneous output from modules to the standard output:

Statistics for the UE process: 
                                       generated    number of    Cross-section
                                          events     attempts             (nb)
==============================================================================
Total:                                    100000       100000      4.59449e+07
==============================================================================
Per matrix element breakdown:
MEQCD2to2Fast                             100000       100000      4.59449e+07
==============================================================================

==============================================================================
Eikonalized and soft cross sections:

Model parameters:                    ptmin:   4.39 GeV, mu2: 2.3 GeV2
                                     DL mode: 2, CMenergy: 7000 GeV
hard inclusive cross section (mb):   45.9449
soft inclusive cross section (mb):   162.215
total cross section (mb):            101.875
inelastic cross section (mb):        72.5742
soft inv radius (GeV2):              0.574307
slope of soft pt spectrum (1/GeV2):  0.0826931
Average hard multiplicity:           3.08521
Average soft multiplicity:           4.54726
==============================================================================

