>>>>>>>>>>>>>>>>>>>>>>>>>>>>>>>>>>>>>>>>>>>>>>>>>>>>>>>>>>>>>>>>>>>>>>>>>>>>>>
>>>> Toolkit for HEP Event Generation - ThePEG 2.0.2 <<<<<<<<<<<<<<<<<<<<<<<<<
<<<<<<<<<<<<<<<<<<<<<<<<<<<<<<<<<<<<<<<<<<<<<<<<<<<<<<<<<<<<<<<<<<<<<<<<<<<<<<

>> Herwig 7.0.2 / ThePEG 2.0.2

==============================================================================
Statistics for event handler 'LHCHandler':
                                       generated    number of    Cross-section
                                          events     attempts             (nb)
==============================================================================
Total (from   weighted events): including vetoed events           0.172(2)e+00
==============================================================================
Total (from   weighted events):             7112         7113     0.172(2)e+00
==============================================================================
Per matrix element breakdown:
MEGoSam[d,dbar->tbar,t].BornVirtual          211          211       5.8(5)e-03
MEGoSam[dbar,d->tbar,t].BornVirtual          213          213       5.3(4)e-03
MEGoSam[ubar,u->tbar,t].BornVirtual          373          373       9.8(6)e-03
MEGoSam[u,ubar->tbar,t].BornVirtual          375          375       9.7(6)e-03
MEGoSam[c,cbar->tbar,t].BornVirtual           11           11       0.3(1)e-03
MEGoSam[cbar,c->tbar,t].BornVirtual           19           19       0.5(1)e-03
MEGoSam[sbar,s->tbar,t].BornVirtual           33           33       0.9(2)e-03
MEGoSam[s,sbar->tbar,t].BornVirtual           34           34       0.8(2)e-03
MEGoSam[b,bbar->tbar,t].BornVirtual            5            5      0.18(8)e-03
MEGoSam[bbar,b->tbar,t].BornVirtual            5            5      0.15(8)e-03
MEGoSam[g,g->tbar,t].BornVirtual            5486         5487     0.141(2)e+00
MEGoSam[d,dbar->tbar,t,g].SubtractedR          7            7       0.2(2)e-03
MEGoSam[d,g->tbar,d,t].SubtractedReal         23           23      -0.2(2)e-03
MEGoSam[dbar,d->tbar,t,g].SubtractedR         13           13       0.4(2)e-03
MEGoSam[dbar,g->tbar,dbar,t].Subtract          2            2         5(5)e-06
MEGoSam[ubar,u->tbar,t,g].SubtractedR          7            7      0.15(9)e-03
MEGoSam[ubar,g->tbar,ubar,t].Subtract          2            2      -0.6(6)e-06
MEGoSam[u,ubar->tbar,t,g].SubtractedR          8            8       0.3(2)e-03
MEGoSam[u,g->tbar,u,t].SubtractedReal         55           55      -1.5(8)e-03
MEGoSam[c,cbar->tbar,t,g].SubtractedR          0            0                0
MEGoSam[c,g->tbar,c,t].SubtractedReal          3            3       -99(8)e-06
MEGoSam[cbar,c->tbar,t,g].SubtractedR          0            0                0
MEGoSam[cbar,g->tbar,cbar,t].Subtract          2            2      -20(20)e-06
MEGoSam[sbar,s->tbar,t,g].SubtractedR          1            1        -1(1)e-06
MEGoSam[sbar,g->tbar,sbar,t].Subtract          1            1       30(30)e-09
MEGoSam[s,sbar->tbar,t,g].SubtractedR          1            1         4(4)e-06
MEGoSam[s,g->tbar,s,t].SubtractedReal          1            1      -0.1(1)e-06
MEGoSam[b,bbar->tbar,t,g].SubtractedR          0            0                0
MEGoSam[b,g->tbar,b,t].SubtractedReal          1            1      -60(60)e-06
MEGoSam[bbar,b->tbar,t,g].SubtractedR          0            0                0
MEGoSam[bbar,g->tbar,bbar,t].Subtract          4            4      -20(20)e-06
MEGoSam[g,d->tbar,d,t].SubtractedReal         19           19     -0.96(5)e-03
MEGoSam[g,dbar->tbar,dbar,t].Subtract          2            2       50(50)e-06
MEGoSam[g,ubar->tbar,ubar,t].Subtract          6            6      -20(20)e-06
MEGoSam[g,u->tbar,u,t].SubtractedReal         46           46      -1.8(7)e-03
MEGoSam[g,c->tbar,c,t].SubtractedReal          2            2      -0.2(2)e-03
MEGoSam[g,cbar->tbar,cbar,t].Subtract          1            1       0.3(3)e-03
MEGoSam[g,sbar->tbar,sbar,t].Subtract          5            5       50(50)e-06
MEGoSam[g,s->tbar,s,t].SubtractedReal          2            2      -30(30)e-06
MEGoSam[g,b->tbar,b,t].SubtractedReal          1            1         2(2)e-06
MEGoSam[g,bbar->tbar,bbar,t].Subtract          0            0                0
MEGoSam[g,g->tbar,t,g].SubtractedReal        132          132       0.6(6)e-03
==============================================================================
