>>>>>>>>>>>>>>>>>>>>>>>>>>>>>>>>>>>>>>>>>>>>>>>>>>>>>>>>>>>>>>>>>>>>>>>>>>>>>>
>>>> Toolkit for HEP Event Generation - ThePEG 2.0.2 <<<<<<<<<<<<<<<<<<<<<<<<<
<<<<<<<<<<<<<<<<<<<<<<<<<<<<<<<<<<<<<<<<<<<<<<<<<<<<<<<<<<<<<<<<<<<<<<<<<<<<<<

>> Herwig 7.0.2 / ThePEG 2.0.2

/Herwig/Cuts/Cuts:
MHat  = 0 .. 7000 GeV
Scale = 2 .. 1e+12 GeV2
YHat  = -100 .. 100
X1    = 1e-05 .. 1
X2    = 1e-05 .. 1

IdentifiedParticleCut 'PhotonCut' matching 'Photon' within:
pt  = 0 .. 1e+06 GeV
IdentifiedParticleCut 'LeptonCut' matching 'Lepton' within:
pt  = 0 .. 1e+06 GeV
IdentifiedParticleCut 'TopQuarkCut' matching 'Top' within:
pt  = 0 .. 1e+06 GeV
IdentifiedParticleCut 'WBosonCut' matching 'WBoson' within:
pt  = 0 .. 1e+06 GeV
IdentifiedParticleCut 'ZBosonCut' matching 'ZBoson' within:
pt  = 0 .. 1e+06 GeV
IdentifiedParticleCut 'HiggsBosonCut' matching 'HiggsBoson' within:
pt  = 0 .. 1e+06 GeV
IdentifiedParticleCut 'ChargedLeptonCut' matching 'ChargedLepton' within:
pt  = 0 .. 1e+06 GeV
/Herwig/Cuts/LeptonPairMassCut
matching distances between: 'Lepton' and 'Lepton':
M = 0 .. 1e+06 GeV
same flavour only = false 
opposite sign only = false 

/Herwig/Cuts/ChargedLeptonPairMassCut
matching distances between: 'ChargedLepton' and 'ChargedLepton':
M = 0 .. 1e+06 GeV
same flavour only = false 
opposite sign only = false 

/Herwig/Cuts/LeptonDeltaRCut
matching distances between: 'Lepton' and 'Lepton':
DeltaRMin = 0 
DeltaRMax = 100 
DeltaPhiMin = 0 
DeltaPhiMax = 6.28319 
DeltaYMin = 0 
DeltaYMax = 100 

/Herwig/Cuts/ChargedLeptonDeltaRCut
matching distances between: 'ChargedLepton' and 'ChargedLepton':
DeltaRMin = 0 
DeltaRMax = 100 
DeltaPhiMin = 0 
DeltaPhiMax = 6.28319 
DeltaYMin = 0 
DeltaYMax = 100 

/Herwig/Cuts/PhotonIsolationCut matching unresolved particles from 'MatchboxJetMatcher':
DeltaZero = 0 
Exponent n = 1 
Efficiency = 0 
Cut Type = 1 

MissingPtCut 'MissingPtCut' matching 'Neutrino' within:
ptMiss  = 0 .. 1e+06 GeV
******************************************************************************
Event number 1 (id: WWbB) performed by EventHandler
==============================================================================

--- Colliding particles:
  1        p+    2212  (3,12)   
                                 0.000     0.000  3500.000  3500.000     0.938
  2        p+    2212  (4,13)   
                                 0.000     0.000 -3500.000  3500.000     0.938
------------------------------------------------------------------------------
Primary sub-process performed by MEGenericProcesses[g,g->W-,bbar,b,W+]
--- incoming:
  3         g      21 [1] (5,6)   {+1,-2}
                                 0.000    -0.000    86.543    86.543     0.000
  4         g      21 [2] (7)   {+2,-3}
                                 0.000     0.000  -473.960   473.960     0.000
--- intermediates:
  5      tbar      -6 [3] (7)   {-2}
                              -101.150   -32.292   297.344  -205.168  -239.986
  6         t       6 [3] (10,11)   {+1}
                               101.150    32.292  -210.800   291.711   171.419
  7      tbar      -6 [4,5] (8,9)   {-3}
                              -101.150   -32.292  -176.617   268.793   172.575
--- outgoing:
  8        W-     -24 [7] (16..18)   
                              -104.084    -6.337   -52.278   141.670    80.399
  9      bbar      -5 [7]   13> {-3}
                                 2.934   -25.954  -124.339   127.122     4.200
 10         b       5 [6]   >12 {+1}
                                15.984    13.124    21.950    30.450     4.200
 11        W+      24 [6] (14,15)   
                                85.166    19.168  -232.751   261.262    80.399
------------------------------------------------------------------------------
Step 1
--- intermediates:
  3         g      21 [1] (5,6)   {+1,-2}
                                 0.000    -0.000    86.543    86.543     0.000
  4         g      21 [2] (7)   {+2,-3}
                                 0.000     0.000  -473.960   473.960     0.000
  5      tbar      -6 [3] (7)   {-2}
                              -101.150   -32.292   297.344  -205.168  -239.986
  6         t       6 [3] (10,11)   {+1}
                               101.150    32.292  -210.800   291.711   171.419
  7      tbar      -6 [4,5] (8,9)   {-3}
                              -101.150   -32.292  -176.617   268.793   172.575
--- final:
  8        W-     -24 [7] (16..18)   
                              -104.084    -6.337   -52.278   141.670    80.399
  9      bbar      -5 [7]   13> {-3}
                                 2.934   -25.954  -124.339   127.122     4.200
 10         b       5 [6]   >12 {+1}
                                15.984    13.124    21.950    30.450     4.200
 11        W+      24 [6] (14,15)   
                                85.166    19.168  -232.751   261.262    80.399
 12    Rem:p+      82 [1]   10>>13 {+2,-1}
                                 0.000     0.000  3413.457  3413.457     0.927
 13    Rem:p+      82 [2]   12>>9 {+3,-2}
                                -0.000     0.000 -3026.040  3026.040     0.872
------------------------------------------------------------------------------
     Sum of momenta:                 0         0         0     7e+03     7e+03
------------------------------------------------------------------------------
Step 2 performed by DecayHandler
--- final:
  9      bbar      -5 [7]   13> {-3}
                                 2.934   -25.954  -124.339   127.122     4.200
 10         b       5 [6]   >12 {+1}
                                15.984    13.124    21.950    30.450     4.200
 12    Rem:p+      82 [1]   10>>13 {+2,-1}
                                 0.000     0.000  3413.457  3413.457     0.927
 13    Rem:p+      82 [2]   12>>9 {+3,-2}
                                -0.000     0.000 -3026.040  3026.040     0.872
 14        e+     -11 [11]    
                                63.360    49.392  -174.550   192.150     0.001
 15      nu_e      12 [11]    
                                21.806   -30.224   -58.201    69.111     0.000
 16       mu-      13 [8]    
                               -12.602    22.407   -34.584    43.093     0.106
 17  nu_mubar     -14 [8]    
                               -91.245   -29.598   -16.929    97.408     0.000
 18     gamma      22 [8]    
                                -0.237     0.854    -0.765     1.170     0.000
------------------------------------------------------------------------------
     Sum of momenta:                 0         0         0     7e+03     7e+03
******************************************************************************
Event number 2 (id: WWbB) performed by EventHandler
==============================================================================

--- Colliding particles:
  1        p+    2212  (3,12)   
                                 0.000     0.000  3500.000  3500.000     0.938
  2        p+    2212  (4,13)   
                                 0.000     0.000 -3500.000  3500.000     0.938
------------------------------------------------------------------------------
Primary sub-process performed by MEGenericProcesses[g,g->W-,bbar,b,W+]
--- incoming:
  3         g      21 [1] (5,6)   {+1,-2}
                                 0.000    -0.000   464.983   464.983     0.000
  4         g      21 [2] (7)   {+2,-3}
                                 0.000    -0.000  -126.648   126.648     0.000
--- intermediates:
  5      tbar      -6 [3] (7)   {-2}
                               -19.317   167.220   256.515   146.607  -269.522
  6         t       6 [3] (10,11)   {+1}
                                19.317  -167.220   208.468   318.377   171.957
  7      tbar      -6 [4,5] (8,9)   {-3}
                               -19.317   167.220   129.867   273.255   171.659
--- outgoing:
  8        W-     -24 [7] (17..20)   
                               -71.813   141.875   117.722   213.560    80.399
  9      bbar      -5 [7]   13> {-3}
                                52.496    25.345    12.146    59.694     4.200
 10         b       5 [6]   >12 {+1}
                               -58.658   -75.873    87.949   130.193     4.200
 11        W+      24 [6] (14..16)   
                                77.975   -91.347   120.519   188.184    80.399
------------------------------------------------------------------------------
Step 1
--- intermediates:
  3         g      21 [1] (5,6)   {+1,-2}
                                 0.000    -0.000   464.983   464.983     0.000
  4         g      21 [2] (7)   {+2,-3}
                                 0.000    -0.000  -126.648   126.648     0.000
  5      tbar      -6 [3] (7)   {-2}
                               -19.317   167.220   256.515   146.607  -269.522
  6         t       6 [3] (10,11)   {+1}
                                19.317  -167.220   208.468   318.377   171.957
  7      tbar      -6 [4,5] (8,9)   {-3}
                               -19.317   167.220   129.867   273.255   171.659
--- final:
  8        W-     -24 [7] (17..20)   
                               -71.813   141.875   117.722   213.560    80.399
  9      bbar      -5 [7]   13> {-3}
                                52.496    25.345    12.146    59.694     4.200
 10         b       5 [6]   >12 {+1}
                               -58.658   -75.873    87.949   130.193     4.200
 11        W+      24 [6] (14..16)   
                                77.975   -91.347   120.519   188.184    80.399
 12    Rem:p+      82 [1]   10>>13 {+2,-1}
                                 0.000     0.000  3035.016  3035.017     0.874
 13    Rem:p+      82 [2]   12>>9 {+3,-2}
                                -0.000     0.000 -3373.352  3373.352     0.921
------------------------------------------------------------------------------
     Sum of momenta:                 0         0         0     7e+03     7e+03
------------------------------------------------------------------------------
Step 2 performed by DecayHandler
--- final:
  9      bbar      -5 [7]   13> {-3}
                                52.496    25.345    12.146    59.694     4.200
 10         b       5 [6]   >12 {+1}
                               -58.658   -75.873    87.949   130.193     4.200
 12    Rem:p+      82 [1]   10>>13 {+2,-1}
                                 0.000     0.000  3035.016  3035.017     0.874
 13    Rem:p+      82 [2]   12>>9 {+3,-2}
                                -0.000     0.000 -3373.352  3373.352     0.921
 14        e+     -11 [11]    
                                38.574    -1.846    62.655    73.600     0.001
 15      nu_e      12 [11]    
                                38.052   -89.435    55.672   112.009     0.000
 16     gamma      22 [11]    
                                 1.349    -0.066     2.192     2.575     0.000
 17       mu-      13 [8]    
                               -34.281    38.255    37.398    63.540     0.106
 18  nu_mubar     -14 [8]    
                                12.457    52.029    45.282    70.090     0.000
 19     gamma      22 [8]    
                               -49.895    51.486    34.940    79.756    -0.000
 20     gamma      22 [8]    
                                -0.094     0.105     0.102     0.174    -0.000
------------------------------------------------------------------------------
     Sum of momenta:          2.32e-06  6.62e-05         0     7e+03     7e+03
******************************************************************************
Event number 3 (id: WWbB) performed by EventHandler
==============================================================================

--- Colliding particles:
  1        p+    2212  (3,12)   
                                 0.000     0.000  3500.000  3500.000     0.938
  2        p+    2212  (4,13)   
                                 0.000     0.000 -3500.000  3500.000     0.938
------------------------------------------------------------------------------
Primary sub-process performed by MEGenericProcesses[g,g->W-,bbar,b,W+]
--- incoming:
  3         g      21 [1] (5,6)   {+1,-2}
                                 0.000    -0.000   163.964   163.964     0.000
  4         g      21 [2] (7)   {+3,-1}
                                 0.000     0.000  -433.368   433.368     0.000
--- intermediates:
  5         t       6 [3] (7)   {+1}
                                29.615  -162.784   431.690  -195.210  -419.076
  6      tbar      -6 [3] (8,9)   {-2}
                               -29.615   162.784  -267.725   359.174   173.071
  7         t       6 [4,5] (10,11)   {+3}
                                29.615  -162.784    -1.679   238.159   171.293
--- outgoing:
  8        W-     -24 [6] (17,18)   
                               -10.505   123.719  -277.445   314.414    80.399
  9      bbar      -5 [6]   12> {-2}
                               -19.110    39.065     9.720    44.759     4.200
 10         b       5 [7]   >13 {+3}
                                 9.734   -77.127   -66.617   102.463     4.200
 11        W+      24 [7] (14..16)   
                                19.881   -85.657    64.938   135.695    80.399
------------------------------------------------------------------------------
Step 1
--- intermediates:
  3         g      21 [1] (5,6)   {+1,-2}
                                 0.000    -0.000   163.964   163.964     0.000
  4         g      21 [2] (7)   {+3,-1}
                                 0.000     0.000  -433.368   433.368     0.000
  5         t       6 [3] (7)   {+1}
                                29.615  -162.784   431.690  -195.210  -419.076
  6      tbar      -6 [3] (8,9)   {-2}
                               -29.615   162.784  -267.725   359.174   173.071
  7         t       6 [4,5] (10,11)   {+3}
                                29.615  -162.784    -1.679   238.159   171.293
--- final:
  8        W-     -24 [6] (17,18)   
                               -10.505   123.719  -277.445   314.414    80.399
  9      bbar      -5 [6]   12> {-2}
                               -19.110    39.065     9.720    44.759     4.200
 10         b       5 [7]   >13 {+3}
                                 9.734   -77.127   -66.617   102.463     4.200
 11        W+      24 [7] (14..16)   
                                19.881   -85.657    64.938   135.695    80.399
 12    Rem:p+      82 [1]   13>>9 {+2,-1}
                                 0.000     0.000  3336.036  3336.036     0.916
 13    Rem:p+      82 [2]   10>>12 {+1,-3}
                                -0.000     0.000 -3066.631  3066.632     0.878
------------------------------------------------------------------------------
     Sum of momenta:                 0         0         0     7e+03     7e+03
------------------------------------------------------------------------------
Step 2 performed by DecayHandler
--- final:
  9      bbar      -5 [6]   12> {-2}
                               -19.110    39.065     9.720    44.759     4.200
 10         b       5 [7]   >13 {+3}
                                 9.734   -77.127   -66.617   102.463     4.200
 12    Rem:p+      82 [1]   13>>9 {+2,-1}
                                 0.000     0.000  3336.036  3336.036     0.916
 13    Rem:p+      82 [2]   10>>12 {+1,-3}
                                -0.000     0.000 -3066.631  3066.632     0.878
 14        e+     -11 [11]    
                               -18.608   -12.628    -9.503    24.414     0.001
 15      nu_e      12 [11]    
                                38.569   -72.975    74.481   111.177     0.000
 16     gamma      22 [11]    
                                -0.080    -0.054    -0.041     0.105     0.000
 17       mu-      13 [8]    
                               -25.175   124.632  -268.814   297.369     0.106
 18  nu_mubar     -14 [8]    
                                14.671    -0.913    -8.631    17.046     0.000
------------------------------------------------------------------------------
     Sum of momenta:          7.63e-06 -2.37e-05         0     7e+03     7e+03
******************************************************************************
Event number 4 (id: WWbB) performed by EventHandler
==============================================================================

--- Colliding particles:
  1        p+    2212  (3,12)   
                                 0.000     0.000  3500.000  3500.000     0.938
  2        p+    2212  (4,13)   
                                 0.000     0.000 -3500.000  3500.000     0.938
------------------------------------------------------------------------------
Primary sub-process performed by MEGenericProcesses[g,g->W-,bbar,b,W+]
--- incoming:
  3         g      21 [1] (5,6)   {+1,-2}
                                -0.000     0.000   371.082   371.082     0.000
  4         g      21 [2] (7)   {+2,-3}
                                 0.000     0.000  -366.474   366.474     0.000
--- intermediates:
  5      tbar      -6 [3] (7)   {-2}
                              -101.307   -16.714   234.189  -125.246  -222.935
  6         t       6 [3] (10,11)   {+1}
                               101.307    16.714   136.894   496.328   465.896
  7      tbar      -6 [4,5] (8,9)   {-3}
                              -101.307   -16.714  -132.285   241.228   173.635
--- outgoing:
  8        W-     -24 [7] (17,18)   
                               -73.116    42.960  -130.359   175.069    80.399
  9      bbar      -5 [7]   13> {-3}
                               -28.191   -59.674    -1.926    66.159     4.200
 10         b       5 [6]   >12 {+1}
                               256.408    22.732   -24.240   258.587     4.200
 11        W+      24 [6] (14..16)   
                              -155.102    -6.018   161.134   237.741    80.399
------------------------------------------------------------------------------
Step 1
--- intermediates:
  3         g      21 [1] (5,6)   {+1,-2}
                                -0.000     0.000   371.082   371.082     0.000
  4         g      21 [2] (7)   {+2,-3}
                                 0.000     0.000  -366.474   366.474     0.000
  5      tbar      -6 [3] (7)   {-2}
                              -101.307   -16.714   234.189  -125.246  -222.935
  6         t       6 [3] (10,11)   {+1}
                               101.307    16.714   136.894   496.328   465.896
  7      tbar      -6 [4,5] (8,9)   {-3}
                              -101.307   -16.714  -132.285   241.228   173.635
--- final:
  8        W-     -24 [7] (17,18)   
                               -73.116    42.960  -130.359   175.069    80.399
  9      bbar      -5 [7]   13> {-3}
                               -28.191   -59.674    -1.926    66.159     4.200
 10         b       5 [6]   >12 {+1}
                               256.408    22.732   -24.240   258.587     4.200
 11        W+      24 [6] (14..16)   
                              -155.102    -6.018   161.134   237.741    80.399
 12    Rem:p+      82 [1]   10>>13 {+2,-1}
                                 0.000     0.000  3128.918  3128.918     0.887
 13    Rem:p+      82 [2]   12>>9 {+3,-2}
                                -0.000     0.000 -3133.526  3133.526     0.888
------------------------------------------------------------------------------
     Sum of momenta:                 0         0         0     7e+03     7e+03
------------------------------------------------------------------------------
Step 2 performed by DecayHandler
--- final:
  9      bbar      -5 [7]   13> {-3}
                               -28.191   -59.674    -1.926    66.159     4.200
 10         b       5 [6]   >12 {+1}
                               256.408    22.732   -24.240   258.587     4.200
 12    Rem:p+      82 [1]   10>>13 {+2,-1}
                                 0.000     0.000  3128.918  3128.918     0.887
 13    Rem:p+      82 [2]   12>>9 {+3,-2}
                                -0.000     0.000 -3133.526  3133.526     0.888
 14        e+     -11 [11]    
                              -107.359   -17.416   153.099   187.800     0.001
 15      nu_e      12 [11]    
                               -47.404    11.453     7.552    49.349     0.000
 16     gamma      22 [11]    
                                -0.338    -0.055     0.483     0.592     0.000
 17       mu-      13 [8]    
                               -42.626    43.173   -25.404    65.774     0.106
 18  nu_mubar     -14 [8]    
                               -30.490    -0.213  -104.955   109.294     0.000
------------------------------------------------------------------------------
     Sum of momenta:          0.000121  8.58e-06 -0.000183     7e+03     7e+03
******************************************************************************
Event number 5 (id: WWbB) performed by EventHandler
==============================================================================

--- Colliding particles:
  1        p+    2212  (3,12)   
                                 0.000     0.000  3500.000  3500.000     0.938
  2        p+    2212  (4,13)   
                                 0.000     0.000 -3500.000  3500.000     0.938
------------------------------------------------------------------------------
Primary sub-process performed by MEGenericProcesses[g,g->W-,bbar,b,W+]
--- incoming:
  3         g      21 [1] (6,7)   {+1,-2}
                                 0.000     0.000   349.656   349.656     0.000
  4         g      21 [2] (9)   {+2,-3}
                                 0.000    -0.000  -176.424   176.424     0.000
--- intermediates:
  5      bbar      -5 [6] (9)   {-2}
                                -1.081     3.672   148.738  -148.161   -13.638
  6      tbar      -6 [3] (5,8)   {-2}
                                35.453    24.174    40.190    -6.733   -58.406
  7         t       6 [3] (10,11)   {+1}
                               -35.453   -24.174   309.466   356.390   171.474
--- outgoing:
  8        W-     -24 [6] (17..19)   
                                36.534    20.503  -108.547   141.427    80.399
  9      bbar      -5 [4,5]   13> {-3}
                                -1.081     3.672   -27.687    28.264     4.200
 10         b       5 [7]   >12 {+1}
                               -35.253    39.477   197.716   204.721     4.200
 11        W+      24 [7] (14..16)   
                                -0.200   -63.651   111.750   151.669    80.399
------------------------------------------------------------------------------
Step 1
--- intermediates:
  3         g      21 [1] (6,7)   {+1,-2}
                                 0.000     0.000   349.656   349.656     0.000
  4         g      21 [2] (9)   {+2,-3}
                                 0.000    -0.000  -176.424   176.424     0.000
  5      bbar      -5 [6] (9)   {-2}
                                -1.081     3.672   148.738  -148.161   -13.638
  6      tbar      -6 [3] (5,8)   {-2}
                                35.453    24.174    40.190    -6.733   -58.406
  7         t       6 [3] (10,11)   {+1}
                               -35.453   -24.174   309.466   356.390   171.474
--- final:
  8        W-     -24 [6] (17..19)   
                                36.534    20.503  -108.547   141.427    80.399
  9      bbar      -5 [4,5]   13> {-3}
                                -1.081     3.672   -27.687    28.264     4.200
 10         b       5 [7]   >12 {+1}
                               -35.253    39.477   197.716   204.721     4.200
 11        W+      24 [7] (14..16)   
                                -0.200   -63.651   111.750   151.669    80.399
 12    Rem:p+      82 [1]   10>>13 {+2,-1}
                                 0.000     0.000  3150.344  3150.344     0.890
 13    Rem:p+      82 [2]   12>>9 {+3,-2}
                                -0.000     0.000 -3323.576  3323.576     0.914
------------------------------------------------------------------------------
     Sum of momenta:                 0         0         0     7e+03     7e+03
------------------------------------------------------------------------------
Step 2 performed by DecayHandler
--- final:
  9      bbar      -5 [4,5]   13> {-3}
                                -1.081     3.672   -27.687    28.264     4.200
 10         b       5 [7]   >12 {+1}
                               -35.253    39.477   197.716   204.721     4.200
 12    Rem:p+      82 [1]   10>>13 {+2,-1}
                                 0.000     0.000  3150.344  3150.344     0.890
 13    Rem:p+      82 [2]   12>>9 {+3,-2}
                                -0.000     0.000 -3323.576  3323.576     0.914
 14        e+     -11 [11]    
                                -4.094   -49.978    13.128    51.835     0.001
 15      nu_e      12 [11]    
                                 3.919   -13.375    98.544    99.524     0.000
 16     gamma      22 [11]    
                                -0.024    -0.298     0.078     0.309     0.000
 17       mu-      13 [8]    
                                41.125    44.642   -88.110   106.993     0.106
 18  nu_mubar     -14 [8]    
                                -5.554   -25.424   -18.566    31.968     0.000
 19     gamma      22 [8]    
                                 0.963     1.286    -1.872     2.467    -0.000
------------------------------------------------------------------------------
     Sum of momenta:         -1.59e-06  1.95e-05         0     7e+03     7e+03
******************************************************************************
Event number 6 (id: WWbB) performed by EventHandler
==============================================================================

--- Colliding particles:
  1        p+    2212  (3,12)   
                                 0.000     0.000  3500.000  3500.000     0.938
  2        p+    2212  (4,13)   
                                 0.000     0.000 -3500.000  3500.000     0.938
------------------------------------------------------------------------------
Primary sub-process performed by MEGenericProcesses[g,g->W-,bbar,b,W+]
--- incoming:
  3         g      21 [1] (7)   {+1,-2}
                                 0.000     0.000    93.938    93.938     0.000
  4         g      21 [2] (7)   {+3,-1}
                                 0.000     0.000  -516.218   516.218     0.000
--- intermediates:
  5         t       6 [7] (10,11)   {+3}
                                82.898  -102.681  -256.894   337.960   175.519
  6      tbar      -6 [7] (8,9)   {-2}
                               -82.898   102.681  -165.386   272.196   171.238
  7         g      21 [3,4] (5,6)   {+3,-2}
                                 0.000    -0.000  -422.280   610.156   440.419
--- outgoing:
  8        W-     -24 [6] (18,19)   
                                20.310    33.958   -49.232   102.242    80.399
  9      bbar      -5 [6]   12> {-2}
                              -103.208    68.724  -116.154   169.954     4.200
 10         b       5 [5]   >13 {+3}
                               -17.787   -44.243  -158.651   165.715     4.200
 11        W+      24 [5] (14..17)   
                               100.685   -58.438   -98.243   172.245    80.399
------------------------------------------------------------------------------
Step 1
--- intermediates:
  3         g      21 [1] (7)   {+1,-2}
                                 0.000     0.000    93.938    93.938     0.000
  4         g      21 [2] (7)   {+3,-1}
                                 0.000     0.000  -516.218   516.218     0.000
  5         t       6 [7] (10,11)   {+3}
                                82.898  -102.681  -256.894   337.960   175.519
  6      tbar      -6 [7] (8,9)   {-2}
                               -82.898   102.681  -165.386   272.196   171.238
  7         g      21 [3,4] (5,6)   {+3,-2}
                                 0.000    -0.000  -422.280   610.156   440.419
--- final:
  8        W-     -24 [6] (18,19)   
                                20.310    33.958   -49.232   102.242    80.399
  9      bbar      -5 [6]   12> {-2}
                              -103.208    68.724  -116.154   169.954     4.200
 10         b       5 [5]   >13 {+3}
                               -17.787   -44.243  -158.651   165.715     4.200
 11        W+      24 [5] (14..17)   
                               100.685   -58.438   -98.243   172.245    80.399
 12    Rem:p+      82 [1]   13>>9 {+2,-1}
                                 0.000     0.000  3406.062  3406.062     0.926
 13    Rem:p+      82 [2]   10>>12 {+1,-3}
                                -0.000     0.000 -2983.782  2983.782     0.866
------------------------------------------------------------------------------
     Sum of momenta:                 0         0         0     7e+03     7e+03
------------------------------------------------------------------------------
Step 2 performed by DecayHandler
--- final:
  9      bbar      -5 [6]   12> {-2}
                              -103.208    68.724  -116.154   169.954     4.200
 10         b       5 [5]   >13 {+3}
                               -17.787   -44.243  -158.651   165.715     4.200
 12    Rem:p+      82 [1]   13>>9 {+2,-1}
                                 0.000     0.000  3406.062  3406.062     0.926
 13    Rem:p+      82 [2]   10>>12 {+1,-3}
                                -0.000     0.000 -2983.782  2983.782     0.866
 14        e+     -11 [11]    
                                13.518    19.845   -20.618    31.649     0.001
 15      nu_e      12 [11]    
                                87.015   -78.185   -77.271   140.197     0.000
 16     gamma      22 [11]    
                                 0.001     0.001    -0.001     0.002     0.000
 17     gamma      22 [11]    
                                 0.151    -0.099    -0.354     0.397     0.000
 18       mu-      13 [8]    
                                 7.429    58.311   -20.047    62.107     0.106
 19  nu_mubar     -14 [8]    
                                12.881   -24.354   -29.185    40.135     0.000
------------------------------------------------------------------------------
     Sum of momenta:         -2.15e-05  1.27e-05         0     7e+03     7e+03
******************************************************************************
Event number 7 (id: WWbB) performed by EventHandler
==============================================================================

--- Colliding particles:
  1        p+    2212  (3,12)   
                                 0.000     0.000  3500.000  3500.000     0.938
  2        p+    2212  (4,13)   
                                 0.000     0.000 -3500.000  3500.000     0.938
------------------------------------------------------------------------------
Primary sub-process performed by MEGenericProcesses[g,g->W-,bbar,b,W+]
--- incoming:
  3         g      21 [1] (5,6)   {+1,-2}
                                 0.000    -0.000   729.399   729.399     0.000
  4         g      21 [2] (7)   {+2,-3}
                                 0.000     0.000  -117.379   117.379     0.000
--- intermediates:
  5      tbar      -6 [3] (7)   {-2}
                               -75.035   -33.777   742.166   535.862  -520.032
  6         t       6 [3] (10,11)   {+1}
                                75.035    33.777   -12.767   193.537   174.707
  7      tbar      -6 [4,5] (8,9)   {-3}
                               -75.035   -33.777   624.787   653.242   172.032
--- outgoing:
  8        W-     -24 [7] (17,18)   
                              -101.480   -43.441   600.470   615.803    80.399
  9      bbar      -5 [7]   13> {-3}
                                26.444     9.664    24.317    37.438     4.200
 10         b       5 [6]   >12 {+1}
                               -32.611     7.625   -41.686    53.637     4.200
 11        W+      24 [6] (14..16)   
                               107.646    26.153    28.919   139.900    80.399
------------------------------------------------------------------------------
Step 1
--- intermediates:
  3         g      21 [1] (5,6)   {+1,-2}
                                 0.000    -0.000   729.399   729.399     0.000
  4         g      21 [2] (7)   {+2,-3}
                                 0.000     0.000  -117.379   117.379     0.000
  5      tbar      -6 [3] (7)   {-2}
                               -75.035   -33.777   742.166   535.862  -520.032
  6         t       6 [3] (10,11)   {+1}
                                75.035    33.777   -12.767   193.537   174.707
  7      tbar      -6 [4,5] (8,9)   {-3}
                               -75.035   -33.777   624.787   653.242   172.032
--- final:
  8        W-     -24 [7] (17,18)   
                              -101.480   -43.441   600.470   615.803    80.399
  9      bbar      -5 [7]   13> {-3}
                                26.444     9.664    24.317    37.438     4.200
 10         b       5 [6]   >12 {+1}
                               -32.611     7.625   -41.686    53.637     4.200
 11        W+      24 [6] (14..16)   
                               107.646    26.153    28.919   139.900    80.399
 12    Rem:p+      82 [1]   10>>13 {+2,-1}
                                 0.000     0.000  2770.601  2770.601     0.835
 13    Rem:p+      82 [2]   12>>9 {+3,-2}
                                -0.000     0.000 -3382.621  3382.621     0.922
------------------------------------------------------------------------------
     Sum of momenta:                 0         0         0     7e+03     7e+03
------------------------------------------------------------------------------
Step 2 performed by DecayHandler
--- final:
  9      bbar      -5 [7]   13> {-3}
                                26.444     9.664    24.317    37.438     4.200
 10         b       5 [6]   >12 {+1}
                               -32.611     7.625   -41.686    53.637     4.200
 12    Rem:p+      82 [1]   10>>13 {+2,-1}
                                 0.000     0.000  2770.601  2770.601     0.835
 13    Rem:p+      82 [2]   12>>9 {+3,-2}
                                -0.000     0.000 -3382.621  3382.621     0.922
 14        e+     -11 [11]    
                               -13.238     0.872     1.163    13.317     0.001
 15      nu_e      12 [11]    
                               120.883    25.281    27.759   126.579     0.000
 16     gamma      22 [11]    
                                 0.001    -0.001    -0.003     0.003    -0.000
 17       mu-      13 [8]    
                               -40.605    -2.941    75.601    85.865     0.106
 18  nu_mubar     -14 [8]    
                               -60.874   -40.499   524.870   529.938     0.000
------------------------------------------------------------------------------
     Sum of momenta:          6.36e-05   9.1e-06         0     7e+03     7e+03
******************************************************************************
Event number 8 (id: WWbB) performed by EventHandler
==============================================================================

--- Colliding particles:
  1        p+    2212  (3,12)   
                                 0.000     0.000  3500.000  3500.000     0.938
  2        p+    2212  (4,13)   
                                 0.000     0.000 -3500.000  3500.000     0.938
------------------------------------------------------------------------------
Primary sub-process performed by MEGenericProcesses[b,bbar->W-,bbar,b,W+]
--- incoming:
  3         b       5 [1] (6,10)   {+1}
                                 0.000    -0.000   120.520   120.520     0.000
  4      bbar      -5 [2] (11)   {-1}
                                 0.000     0.000  -337.634   337.634     0.000
--- intermediates:
  5         t       6 [6] (11)   {+1}
                              -110.532     2.306   189.456  -136.032  -172.080
  6         g      21 [3] (5,7)   {+1,-2}
                                 0.002     0.042    90.104    89.816    -7.207
  7      tbar      -6 [6] (8,9)   {-2}
                               110.534    -2.264   -99.351   225.847   170.039
--- outgoing:
  8        W-     -24 [7] (19,20)   
                                75.993    24.948  -129.674   172.269    80.399
  9      bbar      -5 [7]   10> {-2}
                                34.541   -27.212    30.322    53.578     4.200
 10         b       5 [3]   >9 {+2}
                                -0.002    -0.042    30.416    30.704     4.200
 11        W+      24 [4,5] (14..18)   
                              -110.532     2.306  -148.178   201.602    80.399
------------------------------------------------------------------------------
Step 1
--- intermediates:
  3         b       5 [1] (6,10)   {+1}
                                 0.000    -0.000   120.520   120.520     0.000
  4      bbar      -5 [2] (11)   {-1}
                                 0.000     0.000  -337.634   337.634     0.000
  5         t       6 [6] (11)   {+1}
                              -110.532     2.306   189.456  -136.032  -172.080
  6         g      21 [3] (5,7)   {+1,-2}
                                 0.002     0.042    90.104    89.816    -7.207
  7      tbar      -6 [6] (8,9)   {-2}
                               110.534    -2.264   -99.351   225.847   170.039
--- final:
  8        W-     -24 [7] (19,20)   
                                75.993    24.948  -129.674   172.269    80.399
  9      bbar      -5 [7]   10> {-2}
                                34.541   -27.212    30.322    53.578     4.200
 10         b       5 [3]   >9 {+2}
                                -0.002    -0.042    30.416    30.704     4.200
 11        W+      24 [4,5] (14..18)   
                              -110.532     2.306  -148.178   201.602    80.399
 12    Rem:p+      82 [1]   13> {-1}
                                 0.000     0.000  3379.480  3379.480     0.922
 13    Rem:p+      82 [2]   >12 {+1}
                                -0.000     0.000 -3162.366  3162.366     0.892
------------------------------------------------------------------------------
     Sum of momenta:                 0         0         0     7e+03     7e+03
------------------------------------------------------------------------------
Step 2 performed by DecayHandler
--- final:
  9      bbar      -5 [7]   10> {-2}
                                34.541   -27.212    30.322    53.578     4.200
 10         b       5 [3]   >9 {+2}
                                -0.002    -0.042    30.416    30.704     4.200
 12    Rem:p+      82 [1]   13> {-1}
                                 0.000     0.000  3379.480  3379.480     0.922
 13    Rem:p+      82 [2]   >12 {+1}
                                -0.000     0.000 -3162.366  3162.366     0.892
 14        e+     -11 [11]    
                               -12.735   -23.598   -47.741    54.757     0.001
 15      nu_e      12 [11]    
                               -94.361    31.668   -88.685   133.312     0.000
 16     gamma      22 [11]    
                                -0.938    -1.738    -3.516     4.033     0.000
 17     gamma      22 [11]    
                                -0.007    -0.013    -0.027     0.030    -0.000
 18     gamma      22 [11]    
                                -2.491    -4.013    -8.208     9.470     0.000
 19       mu-      13 [8]    
                                 8.182   -26.609   -38.273    47.327     0.106
 20  nu_mubar     -14 [8]    
                                67.810    51.557   -91.401   124.942     0.000
------------------------------------------------------------------------------
     Sum of momenta:         -4.67e-05 -1.11e-05         0     7e+03     7e+03
******************************************************************************
Event number 9 (id: WWbB) performed by EventHandler
==============================================================================

--- Colliding particles:
  1        p+    2212  (3,12)   
                                 0.000     0.000  3500.000  3500.000     0.938
  2        p+    2212  (4,13)   
                                 0.000     0.000 -3500.000  3500.000     0.938
------------------------------------------------------------------------------
Primary sub-process performed by MEGenericProcesses[g,g->W-,bbar,b,W+]
--- incoming:
  3         g      21 [1] (5,6)   {+1,-2}
                                -0.000     0.000   184.697   184.697     0.000
  4         g      21 [2] (7)   {+2,-3}
                                 0.000     0.000  -169.811   169.811     0.000
--- intermediates:
  5      tbar      -6 [3] (7)   {-2}
                                 0.752   -35.230   185.563     6.926  -188.752
  6         t       6 [3] (10,11)   {+1}
                                -0.752    35.230    -0.866   177.771   174.242
  7      tbar      -6 [4,5] (8,9)   {-3}
                                 0.752   -35.230    15.752   176.737   172.470
--- outgoing:
  8        W-     -24 [7] (16,17)   
                                61.935    -2.804    30.102   105.896    80.399
  9      bbar      -5 [7]   13> {-3}
                               -61.183   -32.427   -14.350    70.841     4.200
 10         b       5 [6]   >12 {+1}
                                -1.664   -23.058   -58.435    62.982     4.200
 11        W+      24 [6] (14,15)   
                                 0.912    58.288    57.570   114.789    80.399
------------------------------------------------------------------------------
Step 1
--- intermediates:
  3         g      21 [1] (5,6)   {+1,-2}
                                -0.000     0.000   184.697   184.697     0.000
  4         g      21 [2] (7)   {+2,-3}
                                 0.000     0.000  -169.811   169.811     0.000
  5      tbar      -6 [3] (7)   {-2}
                                 0.752   -35.230   185.563     6.926  -188.752
  6         t       6 [3] (10,11)   {+1}
                                -0.752    35.230    -0.866   177.771   174.242
  7      tbar      -6 [4,5] (8,9)   {-3}
                                 0.752   -35.230    15.752   176.737   172.470
--- final:
  8        W-     -24 [7] (16,17)   
                                61.935    -2.804    30.102   105.896    80.399
  9      bbar      -5 [7]   13> {-3}
                               -61.183   -32.427   -14.350    70.841     4.200
 10         b       5 [6]   >12 {+1}
                                -1.664   -23.058   -58.435    62.982     4.200
 11        W+      24 [6] (14,15)   
                                 0.912    58.288    57.570   114.789    80.399
 12    Rem:p+      82 [1]   10>>13 {+2,-1}
                                 0.000     0.000  3315.303  3315.303     0.913
 13    Rem:p+      82 [2]   12>>9 {+3,-2}
                                -0.000     0.000 -3330.189  3330.189     0.915
------------------------------------------------------------------------------
     Sum of momenta:                 0         0         0     7e+03     7e+03
------------------------------------------------------------------------------
Step 2 performed by DecayHandler
--- final:
  9      bbar      -5 [7]   13> {-3}
                               -61.183   -32.427   -14.350    70.841     4.200
 10         b       5 [6]   >12 {+1}
                                -1.664   -23.058   -58.435    62.982     4.200
 12    Rem:p+      82 [1]   10>>13 {+2,-1}
                                 0.000     0.000  3315.303  3315.303     0.913
 13    Rem:p+      82 [2]   12>>9 {+3,-2}
                                -0.000     0.000 -3330.189  3330.189     0.915
 14        e+     -11 [11]    
                                 2.247    43.137   -10.983    44.570     0.001
 15      nu_e      12 [11]    
                                -1.335    15.151    68.552    70.219     0.000
 16       mu-      13 [8]    
                                -0.240   -22.895   -14.209    26.947     0.106
 17  nu_mubar     -14 [8]    
                                62.175    20.091    44.311    78.949     0.000
------------------------------------------------------------------------------
     Sum of momenta:                 0         0         0     7e+03     7e+03
* A warning exception of type ThePEG::EventHandler::ConsistencyException occurred while generating event number 77: 
Event handler 'EventHandler' found energy-momentum non-conservation by (0.000151119,0.00010242,0.000338326;0.000382175) GeV after generating step number 2.

* A warning exception of type ThePEG::EventHandler::ConsistencyException occurred while generating event number 90: 
Event handler 'EventHandler' found energy-momentum non-conservation by (-2.49271e-05,1.1793e-05,0.000512627;0.000512179) GeV after generating step number 2.

* A warning exception of type ThePEG::EventHandler::ConsistencyException occurred while generating event number 96: 
Event handler 'EventHandler' found energy-momentum non-conservation by (6.48793e-05,-2.55946e-05,-0.000396967;-0.00039332) GeV after generating step number 2.

* A warning exception of type ThePEG::EventHandler::ConsistencyException occurred while generating event number 149: 
Event handler 'EventHandler' found energy-momentum non-conservation by (-0.00015822,-0.000155925,0.000260504;-0.000341037) GeV after generating step number 2.

* A warning exception of type ThePEG::EventHandler::ConsistencyException occurred while generating event number 154: 
Event handler 'EventHandler' found energy-momentum non-conservation by (0.000277126,1.18979e-05,0.000300291;0.000413525) GeV after generating step number 2.

* A warning exception of type ThePEG::EventHandler::ConsistencyException occurred while generating event number 197: 
Event handler 'EventHandler' found energy-momentum non-conservation by (-5.53189e-05,0.000146066,0.00044691;-0.000473427) GeV after generating step number 2.

* A warning exception of type ThePEG::EventHandler::ConsistencyException occurred while generating event number 274: 
Event handler 'EventHandler' found energy-momentum non-conservation by (-7.99698e-05,1.02261e-06,-0.00036867;0.00037882) GeV after generating step number 2.

* A warning exception of type ThePEG::EventHandler::ConsistencyException occurred while generating event number 443: 
Event handler 'EventHandler' found energy-momentum non-conservation by (-3.61303e-05,-1.28669e-05,0.000686734;0.000695335) GeV after generating step number 2.

* A warning exception of type ThePEG::EventHandler::ConsistencyException occurred while generating event number 451: 
Event handler 'EventHandler' found energy-momentum non-conservation by (3.73686e-05,-7.03569e-05,0.00034475;0.000357033) GeV after generating step number 2.

* A warning exception of type ThePEG::EventHandler::ConsistencyException occurred while generating event number 463: 
Event handler 'EventHandler' found energy-momentum non-conservation by (8.50569e-05,4.58767e-05,-0.000327928;-0.000335693) GeV after generating step number 2.

No more warnings of this kind will be reported.
IFDipole.cc:
Weight exceeds maximum for decay!
W- mu- nu_mubar
 Current Maximum = 2
 Current Weight  = 3.34949
Photon Multiplicity      : 1
Original Parent rest frame momenta: 
charged child: -3.71317-10.6304-38.590240.19960.105658
neutral child: 3.7131710.630438.590240.19940
Parent rest frame momenta: 
charged child: -2.10341-6.02182-21.860322.77210.105658
neutral child: -15.71053.73901-11.441119.79140
photons      : 17.81392.2828133.301337.83550
Weights      : 
_dipolewgt   : 0.047814
_yfswgt      : 1.08362
_jacobianwgt : 5.4571
_mewgt       : 11.8464
_cosphot[0]: -0.904371
_sinphot[0]: 0.426748
Resetting maximum weight
 New Maximum = 3.34949
