>>>>>>>>>>>>>>>>>>>>>>>>>>>>>>>>>>>>>>>>>>>>>>>>>>>>>>>>>>>>>>>>>>>>>>>>>>>>>>
>>>> Toolkit for HEP Event Generation - ThePEG 2.0.2 <<<<<<<<<<<<<<<<<<<<<<<<<
<<<<<<<<<<<<<<<<<<<<<<<<<<<<<<<<<<<<<<<<<<<<<<<<<<<<<<<<<<<<<<<<<<<<<<<<<<<<<<

>> Herwig 7.0.2 / ThePEG 2.0.2

==============================================================================
Statistics for event handler 'EventHandler':
                                       generated    number of    Cross-section
                                          events     attempts             (nb)
==============================================================================
Total (from   weighted events): including vetoed events            1.48(5)e-03
==============================================================================
Total (from unweighted events):             1000         1000      1.48(5)e-03
==============================================================================
Per matrix element breakdown:
MEGenericProcesses[d,dbar->nu_mubar,e         40           40        59(9)e-06
MEGenericProcesses[dbar,d->nu_mubar,e         42           42       60(10)e-06
MEGenericProcesses[ubar,u->nu_mubar,e         83           83      0.12(1)e-03
MEGenericProcesses[u,ubar->nu_mubar,e         84           84      0.12(1)e-03
MEGenericProcesses[c,cbar->nu_mubar,e          1            1         1(1)e-06
MEGenericProcesses[cbar,c->nu_mubar,e          0            0                0
MEGenericProcesses[sbar,s->nu_mubar,e          3            3         4(3)e-06
MEGenericProcesses[s,sbar->nu_mubar,e          6            6         9(4)e-06
MEGenericProcesses[b,bbar->nu_mubar,e         13           13        19(5)e-06
MEGenericProcesses[bbar,b->nu_mubar,e         12           12        18(5)e-06
MEGenericProcesses[g,g->nu_mubar,e+,b        716          716      1.06(4)e-03
==============================================================================
