>>>>>>>>>>>>>>>>>>>>>>>>>>>>>>>>>>>>>>>>>>>>>>>>>>>>>>>>>>>>>>>>>>>>>>>>>>>>>>
>>>> Toolkit for HEP Event Generation - ThePEG 2.0.2 <<<<<<<<<<<<<<<<<<<<<<<<<
<<<<<<<<<<<<<<<<<<<<<<<<<<<<<<<<<<<<<<<<<<<<<<<<<<<<<<<<<<<<<<<<<<<<<<<<<<<<<<

>> Herwig 7.0.2 / ThePEG 2.0.2

/Herwig/Cuts/Cuts:
MHat  = 0 .. 7000 GeV
Scale = 2 .. 1e+12 GeV2
YHat  = -100 .. 100
X1    = 1e-05 .. 1
X2    = 1e-05 .. 1

IdentifiedParticleCut 'PhotonCut' matching 'Photon' within:
pt  = 0 .. 1e+06 GeV
IdentifiedParticleCut 'LeptonCut' matching 'Lepton' within:
pt  = 0 .. 1e+06 GeV
IdentifiedParticleCut 'TopQuarkCut' matching 'Top' within:
pt  = 0 .. 1e+06 GeV
IdentifiedParticleCut 'WBosonCut' matching 'WBoson' within:
pt  = 0 .. 1e+06 GeV
IdentifiedParticleCut 'ZBosonCut' matching 'ZBoson' within:
pt  = 0 .. 1e+06 GeV
IdentifiedParticleCut 'HiggsBosonCut' matching 'HiggsBoson' within:
pt  = 0 .. 1e+06 GeV
IdentifiedParticleCut 'ChargedLeptonCut' matching 'ChargedLepton' within:
pt  = 0 .. 1e+06 GeV
/Herwig/Cuts/LeptonPairMassCut
matching distances between: 'Lepton' and 'Lepton':
M = 0 .. 1e+06 GeV
same flavour only = false 
opposite sign only = false 

/Herwig/Cuts/ChargedLeptonPairMassCut
matching distances between: 'ChargedLepton' and 'ChargedLepton':
M = 0 .. 1e+06 GeV
same flavour only = false 
opposite sign only = false 

/Herwig/Cuts/LeptonDeltaRCut
matching distances between: 'Lepton' and 'Lepton':
DeltaRMin = 0 
DeltaRMax = 100 
DeltaPhiMin = 0 
DeltaPhiMax = 6.28319 
DeltaYMin = 0 
DeltaYMax = 100 

/Herwig/Cuts/ChargedLeptonDeltaRCut
matching distances between: 'ChargedLepton' and 'ChargedLepton':
DeltaRMin = 0 
DeltaRMax = 100 
DeltaPhiMin = 0 
DeltaPhiMax = 6.28319 
DeltaYMin = 0 
DeltaYMax = 100 

/Herwig/Cuts/PhotonIsolationCut matching unresolved particles from 'MatchboxJetMatcher':
DeltaZero = 0 
Exponent n = 1 
Efficiency = 0 
Cut Type = 1 

MissingPtCut 'MissingPtCut' matching 'Neutrino' within:
ptMiss  = 0 .. 1e+06 GeV
******************************************************************************
Event number 1 (id: LHC-Matchbox-ttbar_LO_noshower) performed by EventHandler
==============================================================================

--- Colliding particles:
  1        p+    2212  (3,8)   
                                 0.000     0.000  3500.000  3500.000     0.938
  2        p+    2212  (4,9)   
                                 0.000     0.000 -3500.000  3500.000     0.938
------------------------------------------------------------------------------
Primary sub-process performed by MEAmplitudeqqbarttbar[dbar,d->tbar,t]
--- incoming:
  3      dbar      -1 [1] (5)   {-1}
                                 0.000     0.000   207.574   207.574     0.000
  4         d       1 [2] (5)   {+2}
                                 0.000    -0.000  -443.772   443.772     0.000
--- intermediates:
  5         g      21 [3,4] (6,7)   {+2,-1}
                                 0.000    -0.000  -236.198   651.347   607.012
--- outgoing:
  6      tbar      -6 [5]   8> {-1}
                              -235.909   -43.369  -193.959   353.183   172.000
  7         t       6 [5]   >9 {+2}
                               235.909    43.369   -42.239   298.164   172.000
------------------------------------------------------------------------------
Step 1
--- intermediates:
  3      dbar      -1 [1] (5)   {-1}
                                 0.000     0.000   207.574   207.574     0.000
  4         d       1 [2] (5)   {+2}
                                 0.000    -0.000  -443.772   443.772     0.000
  5         g      21 [3,4] (6,7)   {+2,-1}
                                 0.000    -0.000  -236.198   651.347   607.012
--- final:
  6      tbar      -6 [5]   8> {-1}
                              -235.909   -43.369  -193.959   353.183   172.000
  7         t       6 [5]   >9 {+2}
                               235.909    43.369   -42.239   298.164   172.000
  8    Rem:p+      82 [1]   >6 {+1}
                                 0.000     0.000  3292.425  3292.426     0.910
  9    Rem:p+      82 [2]   7> {-2}
                                -0.000     0.000 -3056.228  3056.228     0.877
------------------------------------------------------------------------------
     Sum of momenta:                 0         0         0     7e+03     7e+03
******************************************************************************
Event number 2 (id: LHC-Matchbox-ttbar_LO_noshower) performed by EventHandler
==============================================================================

--- Colliding particles:
  1        p+    2212  (3,8)   
                                 0.000     0.000  3500.000  3500.000     0.938
  2        p+    2212  (4,9)   
                                 0.000     0.000 -3500.000  3500.000     0.938
------------------------------------------------------------------------------
Primary sub-process performed by MEAmplitudeggttbar[g,g->tbar,t]
--- incoming:
  3         g      21 [1] (5)   {+1,-2}
                                 0.000     0.000   117.053   117.053     0.000
  4         g      21 [2] (5)   {+3,-1}
                                 0.000    -0.000  -291.169   291.169     0.000
--- intermediates:
  5         g      21 [3,4] (6,7)   {+3,-2}
                                 0.000    -0.000  -174.117   408.222   369.227
--- outgoing:
  6      tbar      -6 [5]   8> {-2}
                               -54.568   -29.689  -115.008   216.033   172.000
  7         t       6 [5]   >9 {+3}
                                54.568    29.689   -59.108   192.190   172.000
------------------------------------------------------------------------------
Step 1
--- intermediates:
  3         g      21 [1] (5)   {+1,-2}
                                 0.000     0.000   117.053   117.053     0.000
  4         g      21 [2] (5)   {+3,-1}
                                 0.000    -0.000  -291.169   291.169     0.000
  5         g      21 [3,4] (6,7)   {+3,-2}
                                 0.000    -0.000  -174.117   408.222   369.227
--- final:
  6      tbar      -6 [5]   8> {-2}
                               -54.568   -29.689  -115.008   216.033   172.000
  7         t       6 [5]   >9 {+3}
                                54.568    29.689   -59.108   192.190   172.000
  8    Rem:p+      82 [1]   9>>6 {+2,-1}
                                 0.000     0.000  3382.947  3382.947     0.922
  9    Rem:p+      82 [2]   7>>8 {+1,-3}
                                -0.000     0.000 -3208.830  3208.831     0.898
------------------------------------------------------------------------------
     Sum of momenta:                 0         0         0     7e+03     7e+03
******************************************************************************
Event number 3 (id: LHC-Matchbox-ttbar_LO_noshower) performed by EventHandler
==============================================================================

--- Colliding particles:
  1        p+    2212  (3,8)   
                                 0.000     0.000  3500.000  3500.000     0.938
  2        p+    2212  (4,9)   
                                 0.000     0.000 -3500.000  3500.000     0.938
------------------------------------------------------------------------------
Primary sub-process performed by MEAmplitudeggttbar[g,g->tbar,t]
--- incoming:
  3         g      21 [1] (5,6)   {+1,-2}
                                 0.000    -0.000   188.119   188.119     0.000
  4         g      21 [2] (7)   {+3,-1}
                                 0.000    -0.000  -172.606   172.606     0.000
--- intermediates:
  5         t       6 [3] (7)   {+1}
                               -39.738    35.707   186.058     8.002  -193.410
--- outgoing:
  6      tbar      -6 [3]   8> {-2}
                                39.738   -35.707     2.061   180.118   172.000
  7         t       6 [4,5]   >9 {+3}
                               -39.738    35.707    13.452   180.607   172.000
------------------------------------------------------------------------------
Step 1
--- intermediates:
  3         g      21 [1] (5,6)   {+1,-2}
                                 0.000    -0.000   188.119   188.119     0.000
  4         g      21 [2] (7)   {+3,-1}
                                 0.000    -0.000  -172.606   172.606     0.000
  5         t       6 [3] (7)   {+1}
                               -39.738    35.707   186.058     8.002  -193.410
--- final:
  6      tbar      -6 [3]   8> {-2}
                                39.738   -35.707     2.061   180.118   172.000
  7         t       6 [4,5]   >9 {+3}
                               -39.738    35.707    13.452   180.607   172.000
  8    Rem:p+      82 [1]   9>>6 {+2,-1}
                                 0.000     0.000  3311.880  3311.881     0.913
  9    Rem:p+      82 [2]   7>>8 {+1,-3}
                                -0.000     0.000 -3327.394  3327.394     0.915
------------------------------------------------------------------------------
     Sum of momenta:                 0         0         0     7e+03     7e+03
******************************************************************************
Event number 4 (id: LHC-Matchbox-ttbar_LO_noshower) performed by EventHandler
==============================================================================

--- Colliding particles:
  1        p+    2212  (3,8)   
                                 0.000     0.000  3500.000  3500.000     0.938
  2        p+    2212  (4,9)   
                                 0.000     0.000 -3500.000  3500.000     0.938
------------------------------------------------------------------------------
Primary sub-process performed by MEAmplitudeggttbar[g,g->tbar,t]
--- incoming:
  3         g      21 [1] (5,7)   {+1,-2}
                                 0.000    -0.000   322.938   322.938     0.000
  4         g      21 [2] (6)   {+2,-3}
                                 0.000    -0.000  -228.933   228.933     0.000
--- intermediates:
  5      tbar      -6 [3] (6)   {-2}
                               142.433   -88.778   146.854    25.015  -221.605
--- outgoing:
  6      tbar      -6 [4,5]   9> {-3}
                               142.433   -88.778   -82.080   253.948   172.000
  7         t       6 [3]   >8 {+1}
                              -142.433    88.778   176.084   297.923   172.000
------------------------------------------------------------------------------
Step 1
--- intermediates:
  3         g      21 [1] (5,7)   {+1,-2}
                                 0.000    -0.000   322.938   322.938     0.000
  4         g      21 [2] (6)   {+2,-3}
                                 0.000    -0.000  -228.933   228.933     0.000
  5      tbar      -6 [3] (6)   {-2}
                               142.433   -88.778   146.854    25.015  -221.605
--- final:
  6      tbar      -6 [4,5]   9> {-3}
                               142.433   -88.778   -82.080   253.948   172.000
  7         t       6 [3]   >8 {+1}
                              -142.433    88.778   176.084   297.923   172.000
  8    Rem:p+      82 [1]   7>>9 {+2,-1}
                                 0.000     0.000  3177.062  3177.062     0.894
  9    Rem:p+      82 [2]   8>>6 {+3,-2}
                                -0.000     0.000 -3271.066  3271.067     0.907
------------------------------------------------------------------------------
     Sum of momenta:                 0         0         0     7e+03     7e+03
******************************************************************************
Event number 5 (id: LHC-Matchbox-ttbar_LO_noshower) performed by EventHandler
==============================================================================

--- Colliding particles:
  1        p+    2212  (3,8)   
                                 0.000     0.000  3500.000  3500.000     0.938
  2        p+    2212  (4,9)   
                                 0.000     0.000 -3500.000  3500.000     0.938
------------------------------------------------------------------------------
Primary sub-process performed by MEAmplitudeqqbarttbar[dbar,d->tbar,t]
--- incoming:
  3      dbar      -1 [1] (5)   {-1}
                                 0.000    -0.000   206.703   206.703     0.000
  4         d       1 [2] (5)   {+2}
                                 0.000     0.000  -209.818   209.818     0.000
--- intermediates:
  5         g      21 [3,4] (6,7)   {+2,-1}
                                 0.000    -0.000    -3.114   416.521   416.509
--- outgoing:
  6      tbar      -6 [5]   8> {-1}
                                -9.747   -63.186  -100.041   208.997   172.000
  7         t       6 [5]   >9 {+2}
                                 9.747    63.186    96.927   207.524   172.000
------------------------------------------------------------------------------
Step 1
--- intermediates:
  3      dbar      -1 [1] (5)   {-1}
                                 0.000    -0.000   206.703   206.703     0.000
  4         d       1 [2] (5)   {+2}
                                 0.000     0.000  -209.818   209.818     0.000
  5         g      21 [3,4] (6,7)   {+2,-1}
                                 0.000    -0.000    -3.114   416.521   416.509
--- final:
  6      tbar      -6 [5]   8> {-1}
                                -9.747   -63.186  -100.041   208.997   172.000
  7         t       6 [5]   >9 {+2}
                                 9.747    63.186    96.927   207.524   172.000
  8    Rem:p+      82 [1]   >6 {+1}
                                 0.000     0.000  3293.297  3293.297     0.910
  9    Rem:p+      82 [2]   7> {-2}
                                -0.000     0.000 -3290.182  3290.182     0.910
------------------------------------------------------------------------------
     Sum of momenta:                 0         0         0     7e+03     7e+03
******************************************************************************
Event number 6 (id: LHC-Matchbox-ttbar_LO_noshower) performed by EventHandler
==============================================================================

--- Colliding particles:
  1        p+    2212  (3,8)   
                                 0.000     0.000  3500.000  3500.000     0.938
  2        p+    2212  (4,9)   
                                 0.000     0.000 -3500.000  3500.000     0.938
------------------------------------------------------------------------------
Primary sub-process performed by MEAmplitudeggttbar[g,g->tbar,t]
--- incoming:
  3         g      21 [1] (5,6)   {+1,-2}
                                -0.000     0.000   235.217   235.217     0.000
  4         g      21 [2] (7)   {+3,-1}
                                 0.000    -0.000  -231.468   231.468     0.000
--- intermediates:
  5         t       6 [3] (7)   {+1}
                               -99.632    94.800   156.218     1.255  -208.125
--- outgoing:
  6      tbar      -6 [3]   8> {-2}
                                99.632   -94.800    78.999   233.962   172.000
  7         t       6 [4,5]   >9 {+3}
                               -99.632    94.800   -75.250   232.723   172.000
------------------------------------------------------------------------------
Step 1
--- intermediates:
  3         g      21 [1] (5,6)   {+1,-2}
                                -0.000     0.000   235.217   235.217     0.000
  4         g      21 [2] (7)   {+3,-1}
                                 0.000    -0.000  -231.468   231.468     0.000
  5         t       6 [3] (7)   {+1}
                               -99.632    94.800   156.218     1.255  -208.125
--- final:
  6      tbar      -6 [3]   8> {-2}
                                99.632   -94.800    78.999   233.962   172.000
  7         t       6 [4,5]   >9 {+3}
                               -99.632    94.800   -75.250   232.723   172.000
  8    Rem:p+      82 [1]   9>>6 {+2,-1}
                                 0.000     0.000  3264.782  3264.783     0.906
  9    Rem:p+      82 [2]   7>>8 {+1,-3}
                                -0.000     0.000 -3268.532  3268.532     0.907
------------------------------------------------------------------------------
     Sum of momenta:                 0         0         0     7e+03     7e+03
******************************************************************************
Event number 7 (id: LHC-Matchbox-ttbar_LO_noshower) performed by EventHandler
==============================================================================

--- Colliding particles:
  1        p+    2212  (3,8)   
                                 0.000     0.000  3500.000  3500.000     0.938
  2        p+    2212  (4,9)   
                                 0.000     0.000 -3500.000  3500.000     0.938
------------------------------------------------------------------------------
Primary sub-process performed by MEAmplitudeggttbar[g,g->tbar,t]
--- incoming:
  3         g      21 [1] (5,7)   {+1,-2}
                                 0.000     0.000   310.101   310.101     0.000
  4         g      21 [2] (6)   {+2,-3}
                                 0.000     0.000  -328.097   328.097     0.000
--- intermediates:
  5      tbar      -6 [3] (6)   {-2}
                                49.784   150.665   102.262    -2.884  -188.753
--- outgoing:
  6      tbar      -6 [4,5]   9> {-3}
                                49.784   150.665  -225.835   325.213   172.000
  7         t       6 [3]   >8 {+1}
                               -49.784  -150.665   207.839   312.985   172.000
------------------------------------------------------------------------------
Step 1
--- intermediates:
  3         g      21 [1] (5,7)   {+1,-2}
                                 0.000     0.000   310.101   310.101     0.000
  4         g      21 [2] (6)   {+2,-3}
                                 0.000     0.000  -328.097   328.097     0.000
  5      tbar      -6 [3] (6)   {-2}
                                49.784   150.665   102.262    -2.884  -188.753
--- final:
  6      tbar      -6 [4,5]   9> {-3}
                                49.784   150.665  -225.835   325.213   172.000
  7         t       6 [3]   >8 {+1}
                               -49.784  -150.665   207.839   312.985   172.000
  8    Rem:p+      82 [1]   7>>9 {+2,-1}
                                 0.000     0.000  3189.899  3189.899     0.896
  9    Rem:p+      82 [2]   8>>6 {+3,-2}
                                -0.000     0.000 -3171.903  3171.903     0.893
------------------------------------------------------------------------------
     Sum of momenta:                 0         0         0     7e+03     7e+03
******************************************************************************
Event number 8 (id: LHC-Matchbox-ttbar_LO_noshower) performed by EventHandler
==============================================================================

--- Colliding particles:
  1        p+    2212  (3,8)   
                                 0.000     0.000  3500.000  3500.000     0.938
  2        p+    2212  (4,9)   
                                 0.000     0.000 -3500.000  3500.000     0.938
------------------------------------------------------------------------------
Primary sub-process performed by MEAmplitudeggttbar[g,g->tbar,t]
--- incoming:
  3         g      21 [1] (5,7)   {+1,-2}
                                -0.000     0.000   348.687   348.687     0.000
  4         g      21 [2] (6)   {+2,-3}
                                 0.000    -0.000  -275.794   275.794     0.000
--- intermediates:
  5      tbar      -6 [3] (6)   {-2}
                               -72.584    24.022    64.097     7.482   -99.488
--- outgoing:
  6      tbar      -6 [4,5]   9> {-3}
                               -72.584    24.022  -211.697   283.275   172.000
  7         t       6 [3]   >8 {+1}
                                72.584   -24.022   284.590   341.205   172.000
------------------------------------------------------------------------------
Step 1
--- intermediates:
  3         g      21 [1] (5,7)   {+1,-2}
                                -0.000     0.000   348.687   348.687     0.000
  4         g      21 [2] (6)   {+2,-3}
                                 0.000    -0.000  -275.794   275.794     0.000
  5      tbar      -6 [3] (6)   {-2}
                               -72.584    24.022    64.097     7.482   -99.488
--- final:
  6      tbar      -6 [4,5]   9> {-3}
                               -72.584    24.022  -211.697   283.275   172.000
  7         t       6 [3]   >8 {+1}
                                72.584   -24.022   284.590   341.205   172.000
  8    Rem:p+      82 [1]   7>>9 {+2,-1}
                                 0.000     0.000  3151.313  3151.313     0.890
  9    Rem:p+      82 [2]   8>>6 {+3,-2}
                                -0.000     0.000 -3224.206  3224.206     0.901
------------------------------------------------------------------------------
     Sum of momenta:                 0         0         0     7e+03     7e+03
******************************************************************************
Event number 9 (id: LHC-Matchbox-ttbar_LO_noshower) performed by EventHandler
==============================================================================

--- Colliding particles:
  1        p+    2212  (3,8)   
                                 0.000     0.000  3500.000  3500.000     0.938
  2        p+    2212  (4,9)   
                                 0.000     0.000 -3500.000  3500.000     0.938
------------------------------------------------------------------------------
Primary sub-process performed by MEAmplitudeggttbar[g,g->tbar,t]
--- incoming:
  3         g      21 [1] (5)   {+1,-2}
                                 0.000     0.000  1588.783  1588.783     0.000
  4         g      21 [2] (5)   {+3,-1}
                                 0.000     0.000   -78.040    78.040     0.000
--- intermediates:
  5         g      21 [3,4] (6,7)   {+3,-2}
                                 0.000     0.000  1510.743  1666.824   704.241
--- outgoing:
  6      tbar      -6 [5]   8> {-2}
                               254.401    49.358   364.674   479.299   172.000
  7         t       6 [5]   >9 {+3}
                              -254.401   -49.358  1146.069  1187.525   172.000
------------------------------------------------------------------------------
Step 1
--- intermediates:
  3         g      21 [1] (5)   {+1,-2}
                                 0.000     0.000  1588.783  1588.783     0.000
  4         g      21 [2] (5)   {+3,-1}
                                 0.000     0.000   -78.040    78.040     0.000
  5         g      21 [3,4] (6,7)   {+3,-2}
                                 0.000     0.000  1510.743  1666.824   704.241
--- final:
  6      tbar      -6 [5]   8> {-2}
                               254.401    49.358   364.674   479.299   172.000
  7         t       6 [5]   >9 {+3}
                              -254.401   -49.358  1146.069  1187.525   172.000
  8    Rem:p+      82 [1]   9>>6 {+2,-1}
                                 0.000     0.000  1911.216  1911.217     0.693
  9    Rem:p+      82 [2]   7>>8 {+1,-3}
                                -0.000     0.000 -3421.960  3421.960     0.928
------------------------------------------------------------------------------
     Sum of momenta:                 0         0         0     7e+03     7e+03



Note: In this run 2 of the 5000 accepted events
were found with a weight W larger than the expected Wmax.
This corresponds to a cross section difference between:
   UnitWeights:       0.159nb
   AlmostUnweighted:  0.159015nb
 use 'set Sampler:AlmostUnweighted On' to switch to non-unit weights.

The maximum weight determined in the read/integrate step has been enhanced by 
   set /Herwig/Samplers/Sampler:MaxEnhancement 1.1.
If the rate of excessions (0.04%) or the change of the cross section is large,
you can try to:

Enhance the number of points used in the read/integrate step
   set /Herwig/Samplers/Sampler:BinSampler:InitialPoints ...

and/or enhance the reference weight found in the read/integrate step
   set /Herwig/Samplers/Sampler:MaxEnhancement 1.x

If this does not help (and your process is well defined by cuts)
don't hesitate to contact herwig@projects.hepforge.org.

No exceptions reported in this run.
