>>>>>>>>>>>>>>>>>>>>>>>>>>>>>>>>>>>>>>>>>>>>>>>>>>>>>>>>>>>>>>>>>>>>>>>>>>>>>>
>>>> Toolkit for HEP Event Generation - ThePEG 2.0.2 <<<<<<<<<<<<<<<<<<<<<<<<<
<<<<<<<<<<<<<<<<<<<<<<<<<<<<<<<<<<<<<<<<<<<<<<<<<<<<<<<<<<<<<<<<<<<<<<<<<<<<<<

>> Herwig 7.0.2 / ThePEG 2.0.2

==============================================================================
Statistics for event handler 'EventHandler':
                                       generated    number of    Cross-section
                                          events     attempts             (nb)
==============================================================================
Total (from   weighted events): including vetoed events           0.145(3)e+00
==============================================================================
Total (from unweighted events):             2000         2000       6.8(1)e-03
==============================================================================
Per matrix element breakdown:
MEAmplitudeqqbarttbar[d,dbar->tbar,t]         74           74      0.25(3)e-03
MEAmplitudeqqbarttbar[dbar,d->tbar,t]         68           68      0.23(3)e-03
MEAmplitudeqqbarttbar[ubar,u->tbar,t]        114          114      0.39(4)e-03
MEAmplitudeqqbarttbar[u,ubar->tbar,t]        127          127      0.43(4)e-03
MEAmplitudeqqbarttbar[c,cbar->tbar,t]          2            2         7(5)e-06
MEAmplitudeqqbarttbar[cbar,c->tbar,t]          4            4        14(7)e-06
MEAmplitudeqqbarttbar[sbar,s->tbar,t]          9            9       30(10)e-06
MEAmplitudeqqbarttbar[s,sbar->tbar,t]          7            7        24(9)e-06
MEAmplitudeqqbarttbar[b,bbar->tbar,t]          1            1         3(3)e-06
MEAmplitudeqqbarttbar[bbar,b->tbar,t]          1            1         3(3)e-06
MEAmplitudeggttbar[g,g->tbar,t]             1593         1593       5.4(1)e-03
==============================================================================
